{
  "stats": {
    "suites": 1,
    "tests": 3,
    "passes": 0,
    "pending": 0,
    "failures": 3,
    "start": "2025-06-26T18:28:05.825Z",
    "end": "2025-06-26T18:28:24.868Z",
    "duration": 19043,
    "testsRegistered": 3,
    "passPercent": 0,
    "pendingPercent": 0,
    "other": 0,
    "hasOther": false,
    "skipped": 0,
    "hasSkipped": false
  },
  "results": [
    {
      "uuid": "ffb82796-9f1c-4c45-b47d-4b6ec70990d0",
      "title": "",
      "fullFile": "cypress/e2e/login.cy.js",
      "file": "cypress/e2e/login.cy.js",
      "beforeHooks": [],
      "afterHooks": [],
      "tests": [],
      "suites": [
        {
          "uuid": "b3fa26f2-a0e9-4a08-b5d2-254f8cd37002",
          "title": "Teste de Login no ACS Ticket",
          "fullFile": "",
          "file": "",
          "beforeHooks": [],
          "afterHooks": [],
          "tests": [
            {
              "title": "Deve fazer login com sucesso",
              "fullTitle": "Teste de Login no ACS Ticket Deve fazer login com sucesso",
              "timedOut": null,
              "duration": 6670,
              "state": "failed",
              "speed": null,
              "pass": false,
              "fail": true,
              "pending": false,
              "context": null,
              "code": "// Acessa a página de login\ncy.visit('/login'); // ou '/' se já cair direto na tela de login\ncy.wait(1000); // espera 1 segundo antes de continuar\n// Preenche o e-mail e a senha\ncy.get('input[type=\"email\"]').type('felipe.henrique@analytichem.com');\ncy.get('input[type=\"password\"]').type('iTsFKSSS.2025*');\n// Clica no botão de login\ncy.contains('button', 'Entrar').click();\n// Valida se foi redirecionado para o dashboard ou se há algum elemento pós-login\ncy.contains('Dashboard & Analytics').should('be.visible');",
              "err": {
                "message": "AssertionError: Timed out retrying after 4000ms: Expected to find content: 'Dashboard & Analytics' but never did.",
                "estack": "AssertionError: Timed out retrying after 4000ms: Expected to find content: 'Dashboard & Analytics' but never did.\n    at Context.eval (webpack://prj_acsticket/./cypress/e2e/login.cy.js:15:41)",
                "diff": null
              },
              "uuid": "8ea5dad1-731f-4808-8e9f-af3b10b9d196",
              "parentUUID": "b3fa26f2-a0e9-4a08-b5d2-254f8cd37002",
              "isHook": false,
              "skipped": false
            },
            {
              "title": "Deve fazer login com senha errada e receber notificacao de erro",
              "fullTitle": "Teste de Login no ACS Ticket Deve fazer login com senha errada e receber notificacao de erro",
              "timedOut": null,
              "duration": 6177,
              "state": "failed",
              "speed": null,
              "pass": false,
              "fail": true,
              "pending": false,
              "context": null,
              "code": "// Acessa a página de login\ncy.visit('/login'); // ou '/' se já cair direto na tela de login\ncy.wait(1000); // espera 1 segundo antes de continuar\n// Preenche o e-mail e a senha\ncy.get('input[type=\"email\"]').type('felipe.henrique@analytichem.com');\ncy.get('input[type=\"password\"]').type('Diferente');\n// Clica no botão de login\ncy.contains('button', 'Entrar').click();\n// valida notificacao de erro\ncy.contains('Invalid login credentials').should('be.visible');",
              "err": {
                "message": "AssertionError: Timed out retrying after 4000ms: Expected to find content: 'Invalid login credentials' but never did.",
                "estack": "AssertionError: Timed out retrying after 4000ms: Expected to find content: 'Invalid login credentials' but never did.\n    at Context.eval (webpack://prj_acsticket/./cypress/e2e/login.cy.js:31:45)",
                "diff": null
              },
              "uuid": "2cc58d7a-f7a4-44ec-8bac-5e390cf2006e",
              "parentUUID": "b3fa26f2-a0e9-4a08-b5d2-254f8cd37002",
              "isHook": false,
              "skipped": false
            },
            {
              "title": "Deve fazer login com email errada e receber notificacao de erro",
              "fullTitle": "Teste de Login no ACS Ticket Deve fazer login com email errada e receber notificacao de erro",
              "timedOut": null,
              "duration": 6147,
              "state": "failed",
              "speed": null,
              "pass": false,
              "fail": true,
              "pending": false,
              "context": null,
              "code": "// Acessa a página de login\ncy.visit('/login'); // ou '/' se já cair direto na tela de login\ncy.wait(1000); // espera 1 segundo antes de continuar\n// Preenche o e-mail e a senha\ncy.get('input[type=\"email\"]').type('felipe@analytichem.com');\ncy.get('input[type=\"password\"]').type('iTsFKSSS.2025*');\n// Clica no botão de login\ncy.contains('button', 'Entrar').click();\n// valida notificacao de erro\ncy.contains('Invalid login credentials').should('be.visible');",
              "err": {
                "message": "AssertionError: Timed out retrying after 4000ms: Expected to find content: 'Invalid login credentials' but never did.",
                "estack": "AssertionError: Timed out retrying after 4000ms: Expected to find content: 'Invalid login credentials' but never did.\n    at Context.eval (webpack://prj_acsticket/./cypress/e2e/login.cy.js:48:45)",
                "diff": null
              },
              "uuid": "96d5afc8-49c4-4423-86d7-6d4ffd6b776f",
              "parentUUID": "b3fa26f2-a0e9-4a08-b5d2-254f8cd37002",
              "isHook": false,
              "skipped": false
            }
          ],
          "suites": [],
          "passes": [],
          "failures": [
            "8ea5dad1-731f-4808-8e9f-af3b10b9d196",
            "2cc58d7a-f7a4-44ec-8bac-5e390cf2006e",
            "96d5afc8-49c4-4423-86d7-6d4ffd6b776f"
          ],
          "pending": [],
          "skipped": [],
          "duration": 18994,
          "root": false,
          "rootEmpty": false,
          "_timeout": 2000
        }
      ],
      "passes": [],
      "failures": [],
      "pending": [],
      "skipped": [],
      "duration": 0,
      "root": true,
      "rootEmpty": true,
      "_timeout": 2000
    }
  ],
  "meta": {
    "mocha": {
      "version": "7.2.0"
    },
    "mochawesome": {
      "options": {
        "quiet": false,
        "reportFilename": "mochawesome",
        "saveHtml": false,
        "saveJson": true,
        "consoleReporter": "spec",
        "useInlineDiffs": false,
        "code": true
      },
      "version": "7.1.3"
    },
    "marge": {
      "options": {
        "reportDir": "cypress/reports",
        "overwrite": false,
        "html": false,
        "json": true
      },
      "version": "6.2.0"
    }
  }
}