{
  "stats": {
    "suites": 1,
    "tests": 1,
    "passes": 0,
    "pending": 0,
    "failures": 1,
    "start": "2025-06-26T18:00:55.839Z",
    "end": "2025-06-26T18:01:04.103Z",
    "duration": 8264,
    "testsRegistered": 3,
    "passPercent": 0,
    "pendingPercent": 0,
    "other": 0,
    "hasOther": false,
    "skipped": 2,
    "hasSkipped": true
  },
  "results": [
    {
      "uuid": "f51b9255-41bd-4e52-a1b6-11f9b2ea0872",
      "title": "",
      "fullFile": "cypress/e2e/area-cliente.cy.js",
      "file": "cypress/e2e/area-cliente.cy.js",
      "beforeHooks": [],
      "afterHooks": [],
      "tests": [],
      "suites": [
        {
          "uuid": "a62faf37-1d52-43a4-ba76-d803ae65d076",
          "title": "Menu do Usuário - Perfil e Logout",
          "fullFile": "",
          "file": "",
          "beforeHooks": [],
          "afterHooks": [],
          "tests": [
            {
              "title": "Deve acessar o My Profile",
              "fullTitle": "Menu do Usuário - Perfil e Logout Deve acessar o My Profile",
              "timedOut": null,
              "duration": 8041,
              "state": "failed",
              "speed": null,
              "pass": false,
              "fail": true,
              "pending": false,
              "context": null,
              "code": "// Abre o menu de usuário (clicando na imagem/avatar)\ncy.get('#radix-\\\\:rf\\\\:').click();\n// Clica em \"My Profile\"\ncy.contains('Profile').click();\n// Verifica se a URL ou algum conteúdo da página de perfil foi carregado\ncy.url().should('include', '/profile');\ncy.wait(6000); // espera 1 segundo antes de continuar\ncy.contains('Informações Pessoais').should('exist');",
              "err": {
                "message": "AssertionError: Timed out retrying after 4000ms: Expected to find content: 'EN' within the selector: 'button' but never did.\n\nBecause this error occurred during a `before each` hook we are skipping the remaining tests in the current suite: `Menu do Usuário - Perfil e ...`",
                "estack": "AssertionError: Timed out retrying after 4000ms: Expected to find content: 'EN' within the selector: 'button' but never did.\n\nBecause this error occurred during a `before each` hook we are skipping the remaining tests in the current suite: `Menu do Usuário - Perfil e ...`\n    at Context.eval (webpack://prj_acsticket/./cypress/e2e/area-cliente.cy.js:13:7)",
                "diff": null
              },
              "uuid": "a90d6a7f-4be7-4e85-bf05-9fe9127de974",
              "parentUUID": "a62faf37-1d52-43a4-ba76-d803ae65d076",
              "isHook": false,
              "skipped": false
            },
            {
              "title": "Deve acessar Settings",
              "fullTitle": "Menu do Usuário - Perfil e Logout Deve acessar Settings",
              "timedOut": null,
              "duration": 0,
              "state": "skipped",
              "speed": null,
              "pass": false,
              "fail": false,
              "pending": false,
              "context": null,
              "code": "cy.get('#radix-\\\\:rf\\\\:').click();\ncy.wait(1000); // espera 1 segundo antes de continuar\ncy.contains('Settings').click();\ncy.url().should('include', '/settings');",
              "err": {},
              "uuid": "82b278c6-ed8e-4b93-99fc-35803c602f04",
              "parentUUID": "a62faf37-1d52-43a4-ba76-d803ae65d076",
              "isHook": false,
              "skipped": true
            },
            {
              "title": "Deve realizar Logout com sucesso",
              "fullTitle": "Menu do Usuário - Perfil e Logout Deve realizar Logout com sucesso",
              "timedOut": null,
              "duration": 0,
              "state": "skipped",
              "speed": null,
              "pass": false,
              "fail": false,
              "pending": false,
              "context": null,
              "code": "cy.get('#radix-\\\\:rf\\\\:').click();\ncy.wait(1000); // espera 1 segundo antes de continuar\ncy.contains('Log out').click();\n// cy.wait(6000) // espera 1 segundo antes de continuar\ncy.url().should('include', '/login');",
              "err": {},
              "uuid": "b0e31891-c29f-4960-86ae-2ab7be2fcfb6",
              "parentUUID": "a62faf37-1d52-43a4-ba76-d803ae65d076",
              "isHook": false,
              "skipped": true
            }
          ],
          "suites": [],
          "passes": [],
          "failures": [
            "a90d6a7f-4be7-4e85-bf05-9fe9127de974"
          ],
          "pending": [],
          "skipped": [
            "82b278c6-ed8e-4b93-99fc-35803c602f04",
            "b0e31891-c29f-4960-86ae-2ab7be2fcfb6"
          ],
          "duration": 8041,
          "root": false,
          "rootEmpty": false,
          "_timeout": 2000
        }
      ],
      "passes": [],
      "failures": [],
      "pending": [],
      "skipped": [],
      "duration": 0,
      "root": true,
      "rootEmpty": true,
      "_timeout": 2000
    }
  ],
  "meta": {
    "mocha": {
      "version": "7.2.0"
    },
    "mochawesome": {
      "options": {
        "quiet": false,
        "reportFilename": "mochawesome",
        "saveHtml": false,
        "saveJson": true,
        "consoleReporter": "spec",
        "useInlineDiffs": false,
        "code": true
      },
      "version": "7.1.3"
    },
    "marge": {
      "options": {
        "reportDir": "cypress/reports",
        "overwrite": false,
        "html": false,
        "json": true
      },
      "version": "6.2.0"
    }
  }
}