{
  "stats": {
    "suites": 1,
    "tests": 1,
    "passes": 0,
    "pending": 0,
    "failures": 1,
    "start": "2025-06-26T18:21:43.846Z",
    "end": "2025-06-26T18:21:50.940Z",
    "duration": 7094,
    "testsRegistered": 44,
    "passPercent": 0,
    "pendingPercent": 0,
    "other": 0,
    "hasOther": false,
    "skipped": 43,
    "hasSkipped": true
  },
  "results": [
    {
      "uuid": "223fa9f5-3aeb-4db6-9fc4-1f170dee5854",
      "title": "",
      "fullFile": "cypress/e2e/criar-ticket.cy.js",
      "file": "cypress/e2e/criar-ticket.cy.js",
      "beforeHooks": [],
      "afterHooks": [],
      "tests": [],
      "suites": [
        {
          "uuid": "0dfcf6ed-1731-428d-a0aa-7478c30631ff",
          "title": "Autenticar",
          "fullFile": "",
          "file": "",
          "beforeHooks": [],
          "afterHooks": [],
          "tests": [
            {
              "title": "Cria ticket - IT & Technical Support > Bug Report > 🟢 Low",
              "fullTitle": "Autenticar Cria ticket - IT & Technical Support > Bug Report > 🟢 Low",
              "timedOut": null,
              "duration": 6795,
              "state": "failed",
              "speed": null,
              "pass": false,
              "fail": true,
              "pending": false,
              "context": null,
              "code": "// Entrar em novo ticket\ncy.contains('Criar Ticket').click();\ncy.get('input[id=\"title\"]').should('be.visible');\n// Preenche título do ticket com prefixo padrão\nconst ticketTitle = `TESTE DE AUTOMAÇÃO QA - ${category.nome} > ${subcategory} > ${priority.label}`;\ncy.get('input[id=\"title\"]').type(ticketTitle);\n// Selecionar categoria\ncy.contains('button', 'Select category').click();\ncy.get('[role=\"option\"]').contains(category.nome).click();\n// Selecionar subcategoria\ncy.contains('button', 'Select subcategory (optional)').click();\ncy.get('[role=\"option\"]').contains(subcategory).click();\n// Selecionar prioridade\ncy.contains('button', 'Select priority').click();\ncy.get('[role=\"dialog\"][data-state=\"open\"]', {\n  timeout: 15000\n}).should('exist').then($dialog => {\n  if ($dialog.css('pointer-events') === 'none') {\n    cy.wrap($dialog).invoke('css', 'pointer-events', 'auto');\n  }\n});\ncy.get('[role=\"option\"]').contains(priority.label).then($option => {\n  const style = window.getComputedStyle($option[0]);\n  if (style.pointerEvents === 'none') {\n    cy.wrap($option).invoke('css', 'pointer-events', 'auto');\n  }\n}).click({\n  force: true\n});\n// Verificar prioridade selecionada\ncy.get('button[role=\"combobox\"]').should('contain', priority.label);\n// Preencher descrição\nconst ticketDescription = `TESTE DE AUTOMAÇÃO QA - Ticket gerado automaticamente:\n\nCategoria: ${category.nome}\nSubcategoria: ${subcategory}\nPrioridade: ${priority.label} (${priority.value})\n\nData/hora: ${new Date().toLocaleString()}\nAmbiente: ${Cypress.browser.name} ${Cypress.browser.version}\n\nPassos para reprodução:\n1. Passo 1 do teste\n2. Passo 2 do teste\n\nResultado esperado:\n- O sistema deve comportar-se conforme especificação`;\ncy.get('textarea#description').should('exist').then($textarea => {\n  const style = window.getComputedStyle($textarea[0]);\n  if (style.pointerEvents === 'none') {\n    cy.wrap($textarea).invoke('css', 'pointer-events', 'auto');\n  }\n}).clear({\n  force: true\n}).type(ticketDescription, {\n  delay: 20,\n  force: true\n});\n// Criar ticket\ncy.contains('Create Ticket').click();\ncy.contains('Novo ticket criado:', {\n  timeout: 15000\n}).should('be.visible');\n// Voltar para a lista de tickets\ncy.get('body').then($body => {\n  if ($body.find('button:contains(\"Back to tickets\")').length) {\n    cy.contains('button', 'Back to tickets').click();\n  } else if ($body.find('a:contains(\"Tickets\")').length) {\n    cy.contains('a', 'Tickets').click();\n  }\n});",
              "err": {
                "message": "AssertionError: Timed out retrying after 4000ms: Expected to find content: 'EN' within the selector: 'button' but never did.\n\nBecause this error occurred during a `before each` hook we are skipping the remaining tests in the current suite: `Autenticar`",
                "estack": "AssertionError: Timed out retrying after 4000ms: Expected to find content: 'EN' within the selector: 'button' but never did.\n\nBecause this error occurred during a `before each` hook we are skipping the remaining tests in the current suite: `Autenticar`\n    at Context.eval (webpack://prj_acsticket/./cypress/e2e/criar-ticket.cy.js:13:7)",
                "diff": null
              },
              "uuid": "0e07133a-6bb5-4d55-81ca-7b9356e5c961",
              "parentUUID": "0dfcf6ed-1731-428d-a0aa-7478c30631ff",
              "isHook": false,
              "skipped": false
            },
            {
              "title": "Cria ticket - IT & Technical Support > Bug Report > 🟡 Medium",
              "fullTitle": "Autenticar Cria ticket - IT & Technical Support > Bug Report > 🟡 Medium",
              "timedOut": null,
              "duration": 0,
              "state": "skipped",
              "speed": null,
              "pass": false,
              "fail": false,
              "pending": false,
              "context": null,
              "code": "// Entrar em novo ticket\ncy.contains('Criar Ticket').click();\ncy.get('input[id=\"title\"]').should('be.visible');\n// Preenche título do ticket com prefixo padrão\nconst ticketTitle = `TESTE DE AUTOMAÇÃO QA - ${category.nome} > ${subcategory} > ${priority.label}`;\ncy.get('input[id=\"title\"]').type(ticketTitle);\n// Selecionar categoria\ncy.contains('button', 'Select category').click();\ncy.get('[role=\"option\"]').contains(category.nome).click();\n// Selecionar subcategoria\ncy.contains('button', 'Select subcategory (optional)').click();\ncy.get('[role=\"option\"]').contains(subcategory).click();\n// Selecionar prioridade\ncy.contains('button', 'Select priority').click();\ncy.get('[role=\"dialog\"][data-state=\"open\"]', {\n  timeout: 15000\n}).should('exist').then($dialog => {\n  if ($dialog.css('pointer-events') === 'none') {\n    cy.wrap($dialog).invoke('css', 'pointer-events', 'auto');\n  }\n});\ncy.get('[role=\"option\"]').contains(priority.label).then($option => {\n  const style = window.getComputedStyle($option[0]);\n  if (style.pointerEvents === 'none') {\n    cy.wrap($option).invoke('css', 'pointer-events', 'auto');\n  }\n}).click({\n  force: true\n});\n// Verificar prioridade selecionada\ncy.get('button[role=\"combobox\"]').should('contain', priority.label);\n// Preencher descrição\nconst ticketDescription = `TESTE DE AUTOMAÇÃO QA - Ticket gerado automaticamente:\n\nCategoria: ${category.nome}\nSubcategoria: ${subcategory}\nPrioridade: ${priority.label} (${priority.value})\n\nData/hora: ${new Date().toLocaleString()}\nAmbiente: ${Cypress.browser.name} ${Cypress.browser.version}\n\nPassos para reprodução:\n1. Passo 1 do teste\n2. Passo 2 do teste\n\nResultado esperado:\n- O sistema deve comportar-se conforme especificação`;\ncy.get('textarea#description').should('exist').then($textarea => {\n  const style = window.getComputedStyle($textarea[0]);\n  if (style.pointerEvents === 'none') {\n    cy.wrap($textarea).invoke('css', 'pointer-events', 'auto');\n  }\n}).clear({\n  force: true\n}).type(ticketDescription, {\n  delay: 20,\n  force: true\n});\n// Criar ticket\ncy.contains('Create Ticket').click();\ncy.contains('Novo ticket criado:', {\n  timeout: 15000\n}).should('be.visible');\n// Voltar para a lista de tickets\ncy.get('body').then($body => {\n  if ($body.find('button:contains(\"Back to tickets\")').length) {\n    cy.contains('button', 'Back to tickets').click();\n  } else if ($body.find('a:contains(\"Tickets\")').length) {\n    cy.contains('a', 'Tickets').click();\n  }\n});",
              "err": {},
              "uuid": "f43de50e-9a5a-4367-912c-bd3c8bb2460c",
              "parentUUID": "0dfcf6ed-1731-428d-a0aa-7478c30631ff",
              "isHook": false,
              "skipped": true
            },
            {
              "title": "Cria ticket - IT & Technical Support > Bug Report > 🟠 High",
              "fullTitle": "Autenticar Cria ticket - IT & Technical Support > Bug Report > 🟠 High",
              "timedOut": null,
              "duration": 0,
              "state": "skipped",
              "speed": null,
              "pass": false,
              "fail": false,
              "pending": false,
              "context": null,
              "code": "// Entrar em novo ticket\ncy.contains('Criar Ticket').click();\ncy.get('input[id=\"title\"]').should('be.visible');\n// Preenche título do ticket com prefixo padrão\nconst ticketTitle = `TESTE DE AUTOMAÇÃO QA - ${category.nome} > ${subcategory} > ${priority.label}`;\ncy.get('input[id=\"title\"]').type(ticketTitle);\n// Selecionar categoria\ncy.contains('button', 'Select category').click();\ncy.get('[role=\"option\"]').contains(category.nome).click();\n// Selecionar subcategoria\ncy.contains('button', 'Select subcategory (optional)').click();\ncy.get('[role=\"option\"]').contains(subcategory).click();\n// Selecionar prioridade\ncy.contains('button', 'Select priority').click();\ncy.get('[role=\"dialog\"][data-state=\"open\"]', {\n  timeout: 15000\n}).should('exist').then($dialog => {\n  if ($dialog.css('pointer-events') === 'none') {\n    cy.wrap($dialog).invoke('css', 'pointer-events', 'auto');\n  }\n});\ncy.get('[role=\"option\"]').contains(priority.label).then($option => {\n  const style = window.getComputedStyle($option[0]);\n  if (style.pointerEvents === 'none') {\n    cy.wrap($option).invoke('css', 'pointer-events', 'auto');\n  }\n}).click({\n  force: true\n});\n// Verificar prioridade selecionada\ncy.get('button[role=\"combobox\"]').should('contain', priority.label);\n// Preencher descrição\nconst ticketDescription = `TESTE DE AUTOMAÇÃO QA - Ticket gerado automaticamente:\n\nCategoria: ${category.nome}\nSubcategoria: ${subcategory}\nPrioridade: ${priority.label} (${priority.value})\n\nData/hora: ${new Date().toLocaleString()}\nAmbiente: ${Cypress.browser.name} ${Cypress.browser.version}\n\nPassos para reprodução:\n1. Passo 1 do teste\n2. Passo 2 do teste\n\nResultado esperado:\n- O sistema deve comportar-se conforme especificação`;\ncy.get('textarea#description').should('exist').then($textarea => {\n  const style = window.getComputedStyle($textarea[0]);\n  if (style.pointerEvents === 'none') {\n    cy.wrap($textarea).invoke('css', 'pointer-events', 'auto');\n  }\n}).clear({\n  force: true\n}).type(ticketDescription, {\n  delay: 20,\n  force: true\n});\n// Criar ticket\ncy.contains('Create Ticket').click();\ncy.contains('Novo ticket criado:', {\n  timeout: 15000\n}).should('be.visible');\n// Voltar para a lista de tickets\ncy.get('body').then($body => {\n  if ($body.find('button:contains(\"Back to tickets\")').length) {\n    cy.contains('button', 'Back to tickets').click();\n  } else if ($body.find('a:contains(\"Tickets\")').length) {\n    cy.contains('a', 'Tickets').click();\n  }\n});",
              "err": {},
              "uuid": "9d4d1bf3-4a00-4408-844f-cd316cbeb0b1",
              "parentUUID": "0dfcf6ed-1731-428d-a0aa-7478c30631ff",
              "isHook": false,
              "skipped": true
            },
            {
              "title": "Cria ticket - IT & Technical Support > Bug Report > 🔴 Critical",
              "fullTitle": "Autenticar Cria ticket - IT & Technical Support > Bug Report > 🔴 Critical",
              "timedOut": null,
              "duration": 0,
              "state": "skipped",
              "speed": null,
              "pass": false,
              "fail": false,
              "pending": false,
              "context": null,
              "code": "// Entrar em novo ticket\ncy.contains('Criar Ticket').click();\ncy.get('input[id=\"title\"]').should('be.visible');\n// Preenche título do ticket com prefixo padrão\nconst ticketTitle = `TESTE DE AUTOMAÇÃO QA - ${category.nome} > ${subcategory} > ${priority.label}`;\ncy.get('input[id=\"title\"]').type(ticketTitle);\n// Selecionar categoria\ncy.contains('button', 'Select category').click();\ncy.get('[role=\"option\"]').contains(category.nome).click();\n// Selecionar subcategoria\ncy.contains('button', 'Select subcategory (optional)').click();\ncy.get('[role=\"option\"]').contains(subcategory).click();\n// Selecionar prioridade\ncy.contains('button', 'Select priority').click();\ncy.get('[role=\"dialog\"][data-state=\"open\"]', {\n  timeout: 15000\n}).should('exist').then($dialog => {\n  if ($dialog.css('pointer-events') === 'none') {\n    cy.wrap($dialog).invoke('css', 'pointer-events', 'auto');\n  }\n});\ncy.get('[role=\"option\"]').contains(priority.label).then($option => {\n  const style = window.getComputedStyle($option[0]);\n  if (style.pointerEvents === 'none') {\n    cy.wrap($option).invoke('css', 'pointer-events', 'auto');\n  }\n}).click({\n  force: true\n});\n// Verificar prioridade selecionada\ncy.get('button[role=\"combobox\"]').should('contain', priority.label);\n// Preencher descrição\nconst ticketDescription = `TESTE DE AUTOMAÇÃO QA - Ticket gerado automaticamente:\n\nCategoria: ${category.nome}\nSubcategoria: ${subcategory}\nPrioridade: ${priority.label} (${priority.value})\n\nData/hora: ${new Date().toLocaleString()}\nAmbiente: ${Cypress.browser.name} ${Cypress.browser.version}\n\nPassos para reprodução:\n1. Passo 1 do teste\n2. Passo 2 do teste\n\nResultado esperado:\n- O sistema deve comportar-se conforme especificação`;\ncy.get('textarea#description').should('exist').then($textarea => {\n  const style = window.getComputedStyle($textarea[0]);\n  if (style.pointerEvents === 'none') {\n    cy.wrap($textarea).invoke('css', 'pointer-events', 'auto');\n  }\n}).clear({\n  force: true\n}).type(ticketDescription, {\n  delay: 20,\n  force: true\n});\n// Criar ticket\ncy.contains('Create Ticket').click();\ncy.contains('Novo ticket criado:', {\n  timeout: 15000\n}).should('be.visible');\n// Voltar para a lista de tickets\ncy.get('body').then($body => {\n  if ($body.find('button:contains(\"Back to tickets\")').length) {\n    cy.contains('button', 'Back to tickets').click();\n  } else if ($body.find('a:contains(\"Tickets\")').length) {\n    cy.contains('a', 'Tickets').click();\n  }\n});",
              "err": {},
              "uuid": "bdfccb2f-192e-44a4-b574-649ebd0ad1b3",
              "parentUUID": "0dfcf6ed-1731-428d-a0aa-7478c30631ff",
              "isHook": false,
              "skipped": true
            },
            {
              "title": "Cria ticket - IT & Technical Support > Hardware - Desktop/Workstation > 🟢 Low",
              "fullTitle": "Autenticar Cria ticket - IT & Technical Support > Hardware - Desktop/Workstation > 🟢 Low",
              "timedOut": null,
              "duration": 0,
              "state": "skipped",
              "speed": null,
              "pass": false,
              "fail": false,
              "pending": false,
              "context": null,
              "code": "// Entrar em novo ticket\ncy.contains('Criar Ticket').click();\ncy.get('input[id=\"title\"]').should('be.visible');\n// Preenche título do ticket com prefixo padrão\nconst ticketTitle = `TESTE DE AUTOMAÇÃO QA - ${category.nome} > ${subcategory} > ${priority.label}`;\ncy.get('input[id=\"title\"]').type(ticketTitle);\n// Selecionar categoria\ncy.contains('button', 'Select category').click();\ncy.get('[role=\"option\"]').contains(category.nome).click();\n// Selecionar subcategoria\ncy.contains('button', 'Select subcategory (optional)').click();\ncy.get('[role=\"option\"]').contains(subcategory).click();\n// Selecionar prioridade\ncy.contains('button', 'Select priority').click();\ncy.get('[role=\"dialog\"][data-state=\"open\"]', {\n  timeout: 15000\n}).should('exist').then($dialog => {\n  if ($dialog.css('pointer-events') === 'none') {\n    cy.wrap($dialog).invoke('css', 'pointer-events', 'auto');\n  }\n});\ncy.get('[role=\"option\"]').contains(priority.label).then($option => {\n  const style = window.getComputedStyle($option[0]);\n  if (style.pointerEvents === 'none') {\n    cy.wrap($option).invoke('css', 'pointer-events', 'auto');\n  }\n}).click({\n  force: true\n});\n// Verificar prioridade selecionada\ncy.get('button[role=\"combobox\"]').should('contain', priority.label);\n// Preencher descrição\nconst ticketDescription = `TESTE DE AUTOMAÇÃO QA - Ticket gerado automaticamente:\n\nCategoria: ${category.nome}\nSubcategoria: ${subcategory}\nPrioridade: ${priority.label} (${priority.value})\n\nData/hora: ${new Date().toLocaleString()}\nAmbiente: ${Cypress.browser.name} ${Cypress.browser.version}\n\nPassos para reprodução:\n1. Passo 1 do teste\n2. Passo 2 do teste\n\nResultado esperado:\n- O sistema deve comportar-se conforme especificação`;\ncy.get('textarea#description').should('exist').then($textarea => {\n  const style = window.getComputedStyle($textarea[0]);\n  if (style.pointerEvents === 'none') {\n    cy.wrap($textarea).invoke('css', 'pointer-events', 'auto');\n  }\n}).clear({\n  force: true\n}).type(ticketDescription, {\n  delay: 20,\n  force: true\n});\n// Criar ticket\ncy.contains('Create Ticket').click();\ncy.contains('Novo ticket criado:', {\n  timeout: 15000\n}).should('be.visible');\n// Voltar para a lista de tickets\ncy.get('body').then($body => {\n  if ($body.find('button:contains(\"Back to tickets\")').length) {\n    cy.contains('button', 'Back to tickets').click();\n  } else if ($body.find('a:contains(\"Tickets\")').length) {\n    cy.contains('a', 'Tickets').click();\n  }\n});",
              "err": {},
              "uuid": "26c6acb0-6fb3-49d0-91a8-bc521cb46c83",
              "parentUUID": "0dfcf6ed-1731-428d-a0aa-7478c30631ff",
              "isHook": false,
              "skipped": true
            },
            {
              "title": "Cria ticket - IT & Technical Support > Hardware - Desktop/Workstation > 🟡 Medium",
              "fullTitle": "Autenticar Cria ticket - IT & Technical Support > Hardware - Desktop/Workstation > 🟡 Medium",
              "timedOut": null,
              "duration": 0,
              "state": "skipped",
              "speed": null,
              "pass": false,
              "fail": false,
              "pending": false,
              "context": null,
              "code": "// Entrar em novo ticket\ncy.contains('Criar Ticket').click();\ncy.get('input[id=\"title\"]').should('be.visible');\n// Preenche título do ticket com prefixo padrão\nconst ticketTitle = `TESTE DE AUTOMAÇÃO QA - ${category.nome} > ${subcategory} > ${priority.label}`;\ncy.get('input[id=\"title\"]').type(ticketTitle);\n// Selecionar categoria\ncy.contains('button', 'Select category').click();\ncy.get('[role=\"option\"]').contains(category.nome).click();\n// Selecionar subcategoria\ncy.contains('button', 'Select subcategory (optional)').click();\ncy.get('[role=\"option\"]').contains(subcategory).click();\n// Selecionar prioridade\ncy.contains('button', 'Select priority').click();\ncy.get('[role=\"dialog\"][data-state=\"open\"]', {\n  timeout: 15000\n}).should('exist').then($dialog => {\n  if ($dialog.css('pointer-events') === 'none') {\n    cy.wrap($dialog).invoke('css', 'pointer-events', 'auto');\n  }\n});\ncy.get('[role=\"option\"]').contains(priority.label).then($option => {\n  const style = window.getComputedStyle($option[0]);\n  if (style.pointerEvents === 'none') {\n    cy.wrap($option).invoke('css', 'pointer-events', 'auto');\n  }\n}).click({\n  force: true\n});\n// Verificar prioridade selecionada\ncy.get('button[role=\"combobox\"]').should('contain', priority.label);\n// Preencher descrição\nconst ticketDescription = `TESTE DE AUTOMAÇÃO QA - Ticket gerado automaticamente:\n\nCategoria: ${category.nome}\nSubcategoria: ${subcategory}\nPrioridade: ${priority.label} (${priority.value})\n\nData/hora: ${new Date().toLocaleString()}\nAmbiente: ${Cypress.browser.name} ${Cypress.browser.version}\n\nPassos para reprodução:\n1. Passo 1 do teste\n2. Passo 2 do teste\n\nResultado esperado:\n- O sistema deve comportar-se conforme especificação`;\ncy.get('textarea#description').should('exist').then($textarea => {\n  const style = window.getComputedStyle($textarea[0]);\n  if (style.pointerEvents === 'none') {\n    cy.wrap($textarea).invoke('css', 'pointer-events', 'auto');\n  }\n}).clear({\n  force: true\n}).type(ticketDescription, {\n  delay: 20,\n  force: true\n});\n// Criar ticket\ncy.contains('Create Ticket').click();\ncy.contains('Novo ticket criado:', {\n  timeout: 15000\n}).should('be.visible');\n// Voltar para a lista de tickets\ncy.get('body').then($body => {\n  if ($body.find('button:contains(\"Back to tickets\")').length) {\n    cy.contains('button', 'Back to tickets').click();\n  } else if ($body.find('a:contains(\"Tickets\")').length) {\n    cy.contains('a', 'Tickets').click();\n  }\n});",
              "err": {},
              "uuid": "ef67b606-ef65-4c7e-88fd-ba65a97d914a",
              "parentUUID": "0dfcf6ed-1731-428d-a0aa-7478c30631ff",
              "isHook": false,
              "skipped": true
            },
            {
              "title": "Cria ticket - IT & Technical Support > Hardware - Desktop/Workstation > 🟠 High",
              "fullTitle": "Autenticar Cria ticket - IT & Technical Support > Hardware - Desktop/Workstation > 🟠 High",
              "timedOut": null,
              "duration": 0,
              "state": "skipped",
              "speed": null,
              "pass": false,
              "fail": false,
              "pending": false,
              "context": null,
              "code": "// Entrar em novo ticket\ncy.contains('Criar Ticket').click();\ncy.get('input[id=\"title\"]').should('be.visible');\n// Preenche título do ticket com prefixo padrão\nconst ticketTitle = `TESTE DE AUTOMAÇÃO QA - ${category.nome} > ${subcategory} > ${priority.label}`;\ncy.get('input[id=\"title\"]').type(ticketTitle);\n// Selecionar categoria\ncy.contains('button', 'Select category').click();\ncy.get('[role=\"option\"]').contains(category.nome).click();\n// Selecionar subcategoria\ncy.contains('button', 'Select subcategory (optional)').click();\ncy.get('[role=\"option\"]').contains(subcategory).click();\n// Selecionar prioridade\ncy.contains('button', 'Select priority').click();\ncy.get('[role=\"dialog\"][data-state=\"open\"]', {\n  timeout: 15000\n}).should('exist').then($dialog => {\n  if ($dialog.css('pointer-events') === 'none') {\n    cy.wrap($dialog).invoke('css', 'pointer-events', 'auto');\n  }\n});\ncy.get('[role=\"option\"]').contains(priority.label).then($option => {\n  const style = window.getComputedStyle($option[0]);\n  if (style.pointerEvents === 'none') {\n    cy.wrap($option).invoke('css', 'pointer-events', 'auto');\n  }\n}).click({\n  force: true\n});\n// Verificar prioridade selecionada\ncy.get('button[role=\"combobox\"]').should('contain', priority.label);\n// Preencher descrição\nconst ticketDescription = `TESTE DE AUTOMAÇÃO QA - Ticket gerado automaticamente:\n\nCategoria: ${category.nome}\nSubcategoria: ${subcategory}\nPrioridade: ${priority.label} (${priority.value})\n\nData/hora: ${new Date().toLocaleString()}\nAmbiente: ${Cypress.browser.name} ${Cypress.browser.version}\n\nPassos para reprodução:\n1. Passo 1 do teste\n2. Passo 2 do teste\n\nResultado esperado:\n- O sistema deve comportar-se conforme especificação`;\ncy.get('textarea#description').should('exist').then($textarea => {\n  const style = window.getComputedStyle($textarea[0]);\n  if (style.pointerEvents === 'none') {\n    cy.wrap($textarea).invoke('css', 'pointer-events', 'auto');\n  }\n}).clear({\n  force: true\n}).type(ticketDescription, {\n  delay: 20,\n  force: true\n});\n// Criar ticket\ncy.contains('Create Ticket').click();\ncy.contains('Novo ticket criado:', {\n  timeout: 15000\n}).should('be.visible');\n// Voltar para a lista de tickets\ncy.get('body').then($body => {\n  if ($body.find('button:contains(\"Back to tickets\")').length) {\n    cy.contains('button', 'Back to tickets').click();\n  } else if ($body.find('a:contains(\"Tickets\")').length) {\n    cy.contains('a', 'Tickets').click();\n  }\n});",
              "err": {},
              "uuid": "d03d6b6b-33b7-4b9c-843f-3fe8f60dd952",
              "parentUUID": "0dfcf6ed-1731-428d-a0aa-7478c30631ff",
              "isHook": false,
              "skipped": true
            },
            {
              "title": "Cria ticket - IT & Technical Support > Hardware - Desktop/Workstation > 🔴 Critical",
              "fullTitle": "Autenticar Cria ticket - IT & Technical Support > Hardware - Desktop/Workstation > 🔴 Critical",
              "timedOut": null,
              "duration": 0,
              "state": "skipped",
              "speed": null,
              "pass": false,
              "fail": false,
              "pending": false,
              "context": null,
              "code": "// Entrar em novo ticket\ncy.contains('Criar Ticket').click();\ncy.get('input[id=\"title\"]').should('be.visible');\n// Preenche título do ticket com prefixo padrão\nconst ticketTitle = `TESTE DE AUTOMAÇÃO QA - ${category.nome} > ${subcategory} > ${priority.label}`;\ncy.get('input[id=\"title\"]').type(ticketTitle);\n// Selecionar categoria\ncy.contains('button', 'Select category').click();\ncy.get('[role=\"option\"]').contains(category.nome).click();\n// Selecionar subcategoria\ncy.contains('button', 'Select subcategory (optional)').click();\ncy.get('[role=\"option\"]').contains(subcategory).click();\n// Selecionar prioridade\ncy.contains('button', 'Select priority').click();\ncy.get('[role=\"dialog\"][data-state=\"open\"]', {\n  timeout: 15000\n}).should('exist').then($dialog => {\n  if ($dialog.css('pointer-events') === 'none') {\n    cy.wrap($dialog).invoke('css', 'pointer-events', 'auto');\n  }\n});\ncy.get('[role=\"option\"]').contains(priority.label).then($option => {\n  const style = window.getComputedStyle($option[0]);\n  if (style.pointerEvents === 'none') {\n    cy.wrap($option).invoke('css', 'pointer-events', 'auto');\n  }\n}).click({\n  force: true\n});\n// Verificar prioridade selecionada\ncy.get('button[role=\"combobox\"]').should('contain', priority.label);\n// Preencher descrição\nconst ticketDescription = `TESTE DE AUTOMAÇÃO QA - Ticket gerado automaticamente:\n\nCategoria: ${category.nome}\nSubcategoria: ${subcategory}\nPrioridade: ${priority.label} (${priority.value})\n\nData/hora: ${new Date().toLocaleString()}\nAmbiente: ${Cypress.browser.name} ${Cypress.browser.version}\n\nPassos para reprodução:\n1. Passo 1 do teste\n2. Passo 2 do teste\n\nResultado esperado:\n- O sistema deve comportar-se conforme especificação`;\ncy.get('textarea#description').should('exist').then($textarea => {\n  const style = window.getComputedStyle($textarea[0]);\n  if (style.pointerEvents === 'none') {\n    cy.wrap($textarea).invoke('css', 'pointer-events', 'auto');\n  }\n}).clear({\n  force: true\n}).type(ticketDescription, {\n  delay: 20,\n  force: true\n});\n// Criar ticket\ncy.contains('Create Ticket').click();\ncy.contains('Novo ticket criado:', {\n  timeout: 15000\n}).should('be.visible');\n// Voltar para a lista de tickets\ncy.get('body').then($body => {\n  if ($body.find('button:contains(\"Back to tickets\")').length) {\n    cy.contains('button', 'Back to tickets').click();\n  } else if ($body.find('a:contains(\"Tickets\")').length) {\n    cy.contains('a', 'Tickets').click();\n  }\n});",
              "err": {},
              "uuid": "94998574-9695-4a80-9bc7-c782fda83eaa",
              "parentUUID": "0dfcf6ed-1731-428d-a0aa-7478c30631ff",
              "isHook": false,
              "skipped": true
            },
            {
              "title": "Cria ticket - IT & Technical Support > Feature Request > 🟢 Low",
              "fullTitle": "Autenticar Cria ticket - IT & Technical Support > Feature Request > 🟢 Low",
              "timedOut": null,
              "duration": 0,
              "state": "skipped",
              "speed": null,
              "pass": false,
              "fail": false,
              "pending": false,
              "context": null,
              "code": "// Entrar em novo ticket\ncy.contains('Criar Ticket').click();\ncy.get('input[id=\"title\"]').should('be.visible');\n// Preenche título do ticket com prefixo padrão\nconst ticketTitle = `TESTE DE AUTOMAÇÃO QA - ${category.nome} > ${subcategory} > ${priority.label}`;\ncy.get('input[id=\"title\"]').type(ticketTitle);\n// Selecionar categoria\ncy.contains('button', 'Select category').click();\ncy.get('[role=\"option\"]').contains(category.nome).click();\n// Selecionar subcategoria\ncy.contains('button', 'Select subcategory (optional)').click();\ncy.get('[role=\"option\"]').contains(subcategory).click();\n// Selecionar prioridade\ncy.contains('button', 'Select priority').click();\ncy.get('[role=\"dialog\"][data-state=\"open\"]', {\n  timeout: 15000\n}).should('exist').then($dialog => {\n  if ($dialog.css('pointer-events') === 'none') {\n    cy.wrap($dialog).invoke('css', 'pointer-events', 'auto');\n  }\n});\ncy.get('[role=\"option\"]').contains(priority.label).then($option => {\n  const style = window.getComputedStyle($option[0]);\n  if (style.pointerEvents === 'none') {\n    cy.wrap($option).invoke('css', 'pointer-events', 'auto');\n  }\n}).click({\n  force: true\n});\n// Verificar prioridade selecionada\ncy.get('button[role=\"combobox\"]').should('contain', priority.label);\n// Preencher descrição\nconst ticketDescription = `TESTE DE AUTOMAÇÃO QA - Ticket gerado automaticamente:\n\nCategoria: ${category.nome}\nSubcategoria: ${subcategory}\nPrioridade: ${priority.label} (${priority.value})\n\nData/hora: ${new Date().toLocaleString()}\nAmbiente: ${Cypress.browser.name} ${Cypress.browser.version}\n\nPassos para reprodução:\n1. Passo 1 do teste\n2. Passo 2 do teste\n\nResultado esperado:\n- O sistema deve comportar-se conforme especificação`;\ncy.get('textarea#description').should('exist').then($textarea => {\n  const style = window.getComputedStyle($textarea[0]);\n  if (style.pointerEvents === 'none') {\n    cy.wrap($textarea).invoke('css', 'pointer-events', 'auto');\n  }\n}).clear({\n  force: true\n}).type(ticketDescription, {\n  delay: 20,\n  force: true\n});\n// Criar ticket\ncy.contains('Create Ticket').click();\ncy.contains('Novo ticket criado:', {\n  timeout: 15000\n}).should('be.visible');\n// Voltar para a lista de tickets\ncy.get('body').then($body => {\n  if ($body.find('button:contains(\"Back to tickets\")').length) {\n    cy.contains('button', 'Back to tickets').click();\n  } else if ($body.find('a:contains(\"Tickets\")').length) {\n    cy.contains('a', 'Tickets').click();\n  }\n});",
              "err": {},
              "uuid": "a8922fcd-1a11-4d36-9662-81a4407ca588",
              "parentUUID": "0dfcf6ed-1731-428d-a0aa-7478c30631ff",
              "isHook": false,
              "skipped": true
            },
            {
              "title": "Cria ticket - IT & Technical Support > Feature Request > 🟡 Medium",
              "fullTitle": "Autenticar Cria ticket - IT & Technical Support > Feature Request > 🟡 Medium",
              "timedOut": null,
              "duration": 0,
              "state": "skipped",
              "speed": null,
              "pass": false,
              "fail": false,
              "pending": false,
              "context": null,
              "code": "// Entrar em novo ticket\ncy.contains('Criar Ticket').click();\ncy.get('input[id=\"title\"]').should('be.visible');\n// Preenche título do ticket com prefixo padrão\nconst ticketTitle = `TESTE DE AUTOMAÇÃO QA - ${category.nome} > ${subcategory} > ${priority.label}`;\ncy.get('input[id=\"title\"]').type(ticketTitle);\n// Selecionar categoria\ncy.contains('button', 'Select category').click();\ncy.get('[role=\"option\"]').contains(category.nome).click();\n// Selecionar subcategoria\ncy.contains('button', 'Select subcategory (optional)').click();\ncy.get('[role=\"option\"]').contains(subcategory).click();\n// Selecionar prioridade\ncy.contains('button', 'Select priority').click();\ncy.get('[role=\"dialog\"][data-state=\"open\"]', {\n  timeout: 15000\n}).should('exist').then($dialog => {\n  if ($dialog.css('pointer-events') === 'none') {\n    cy.wrap($dialog).invoke('css', 'pointer-events', 'auto');\n  }\n});\ncy.get('[role=\"option\"]').contains(priority.label).then($option => {\n  const style = window.getComputedStyle($option[0]);\n  if (style.pointerEvents === 'none') {\n    cy.wrap($option).invoke('css', 'pointer-events', 'auto');\n  }\n}).click({\n  force: true\n});\n// Verificar prioridade selecionada\ncy.get('button[role=\"combobox\"]').should('contain', priority.label);\n// Preencher descrição\nconst ticketDescription = `TESTE DE AUTOMAÇÃO QA - Ticket gerado automaticamente:\n\nCategoria: ${category.nome}\nSubcategoria: ${subcategory}\nPrioridade: ${priority.label} (${priority.value})\n\nData/hora: ${new Date().toLocaleString()}\nAmbiente: ${Cypress.browser.name} ${Cypress.browser.version}\n\nPassos para reprodução:\n1. Passo 1 do teste\n2. Passo 2 do teste\n\nResultado esperado:\n- O sistema deve comportar-se conforme especificação`;\ncy.get('textarea#description').should('exist').then($textarea => {\n  const style = window.getComputedStyle($textarea[0]);\n  if (style.pointerEvents === 'none') {\n    cy.wrap($textarea).invoke('css', 'pointer-events', 'auto');\n  }\n}).clear({\n  force: true\n}).type(ticketDescription, {\n  delay: 20,\n  force: true\n});\n// Criar ticket\ncy.contains('Create Ticket').click();\ncy.contains('Novo ticket criado:', {\n  timeout: 15000\n}).should('be.visible');\n// Voltar para a lista de tickets\ncy.get('body').then($body => {\n  if ($body.find('button:contains(\"Back to tickets\")').length) {\n    cy.contains('button', 'Back to tickets').click();\n  } else if ($body.find('a:contains(\"Tickets\")').length) {\n    cy.contains('a', 'Tickets').click();\n  }\n});",
              "err": {},
              "uuid": "a92cb23f-2bad-457b-a9fe-57d45fcb63e4",
              "parentUUID": "0dfcf6ed-1731-428d-a0aa-7478c30631ff",
              "isHook": false,
              "skipped": true
            },
            {
              "title": "Cria ticket - IT & Technical Support > Feature Request > 🟠 High",
              "fullTitle": "Autenticar Cria ticket - IT & Technical Support > Feature Request > 🟠 High",
              "timedOut": null,
              "duration": 0,
              "state": "skipped",
              "speed": null,
              "pass": false,
              "fail": false,
              "pending": false,
              "context": null,
              "code": "// Entrar em novo ticket\ncy.contains('Criar Ticket').click();\ncy.get('input[id=\"title\"]').should('be.visible');\n// Preenche título do ticket com prefixo padrão\nconst ticketTitle = `TESTE DE AUTOMAÇÃO QA - ${category.nome} > ${subcategory} > ${priority.label}`;\ncy.get('input[id=\"title\"]').type(ticketTitle);\n// Selecionar categoria\ncy.contains('button', 'Select category').click();\ncy.get('[role=\"option\"]').contains(category.nome).click();\n// Selecionar subcategoria\ncy.contains('button', 'Select subcategory (optional)').click();\ncy.get('[role=\"option\"]').contains(subcategory).click();\n// Selecionar prioridade\ncy.contains('button', 'Select priority').click();\ncy.get('[role=\"dialog\"][data-state=\"open\"]', {\n  timeout: 15000\n}).should('exist').then($dialog => {\n  if ($dialog.css('pointer-events') === 'none') {\n    cy.wrap($dialog).invoke('css', 'pointer-events', 'auto');\n  }\n});\ncy.get('[role=\"option\"]').contains(priority.label).then($option => {\n  const style = window.getComputedStyle($option[0]);\n  if (style.pointerEvents === 'none') {\n    cy.wrap($option).invoke('css', 'pointer-events', 'auto');\n  }\n}).click({\n  force: true\n});\n// Verificar prioridade selecionada\ncy.get('button[role=\"combobox\"]').should('contain', priority.label);\n// Preencher descrição\nconst ticketDescription = `TESTE DE AUTOMAÇÃO QA - Ticket gerado automaticamente:\n\nCategoria: ${category.nome}\nSubcategoria: ${subcategory}\nPrioridade: ${priority.label} (${priority.value})\n\nData/hora: ${new Date().toLocaleString()}\nAmbiente: ${Cypress.browser.name} ${Cypress.browser.version}\n\nPassos para reprodução:\n1. Passo 1 do teste\n2. Passo 2 do teste\n\nResultado esperado:\n- O sistema deve comportar-se conforme especificação`;\ncy.get('textarea#description').should('exist').then($textarea => {\n  const style = window.getComputedStyle($textarea[0]);\n  if (style.pointerEvents === 'none') {\n    cy.wrap($textarea).invoke('css', 'pointer-events', 'auto');\n  }\n}).clear({\n  force: true\n}).type(ticketDescription, {\n  delay: 20,\n  force: true\n});\n// Criar ticket\ncy.contains('Create Ticket').click();\ncy.contains('Novo ticket criado:', {\n  timeout: 15000\n}).should('be.visible');\n// Voltar para a lista de tickets\ncy.get('body').then($body => {\n  if ($body.find('button:contains(\"Back to tickets\")').length) {\n    cy.contains('button', 'Back to tickets').click();\n  } else if ($body.find('a:contains(\"Tickets\")').length) {\n    cy.contains('a', 'Tickets').click();\n  }\n});",
              "err": {},
              "uuid": "06f11524-5619-4f51-8d18-04995140ebf5",
              "parentUUID": "0dfcf6ed-1731-428d-a0aa-7478c30631ff",
              "isHook": false,
              "skipped": true
            },
            {
              "title": "Cria ticket - IT & Technical Support > Feature Request > 🔴 Critical",
              "fullTitle": "Autenticar Cria ticket - IT & Technical Support > Feature Request > 🔴 Critical",
              "timedOut": null,
              "duration": 0,
              "state": "skipped",
              "speed": null,
              "pass": false,
              "fail": false,
              "pending": false,
              "context": null,
              "code": "// Entrar em novo ticket\ncy.contains('Criar Ticket').click();\ncy.get('input[id=\"title\"]').should('be.visible');\n// Preenche título do ticket com prefixo padrão\nconst ticketTitle = `TESTE DE AUTOMAÇÃO QA - ${category.nome} > ${subcategory} > ${priority.label}`;\ncy.get('input[id=\"title\"]').type(ticketTitle);\n// Selecionar categoria\ncy.contains('button', 'Select category').click();\ncy.get('[role=\"option\"]').contains(category.nome).click();\n// Selecionar subcategoria\ncy.contains('button', 'Select subcategory (optional)').click();\ncy.get('[role=\"option\"]').contains(subcategory).click();\n// Selecionar prioridade\ncy.contains('button', 'Select priority').click();\ncy.get('[role=\"dialog\"][data-state=\"open\"]', {\n  timeout: 15000\n}).should('exist').then($dialog => {\n  if ($dialog.css('pointer-events') === 'none') {\n    cy.wrap($dialog).invoke('css', 'pointer-events', 'auto');\n  }\n});\ncy.get('[role=\"option\"]').contains(priority.label).then($option => {\n  const style = window.getComputedStyle($option[0]);\n  if (style.pointerEvents === 'none') {\n    cy.wrap($option).invoke('css', 'pointer-events', 'auto');\n  }\n}).click({\n  force: true\n});\n// Verificar prioridade selecionada\ncy.get('button[role=\"combobox\"]').should('contain', priority.label);\n// Preencher descrição\nconst ticketDescription = `TESTE DE AUTOMAÇÃO QA - Ticket gerado automaticamente:\n\nCategoria: ${category.nome}\nSubcategoria: ${subcategory}\nPrioridade: ${priority.label} (${priority.value})\n\nData/hora: ${new Date().toLocaleString()}\nAmbiente: ${Cypress.browser.name} ${Cypress.browser.version}\n\nPassos para reprodução:\n1. Passo 1 do teste\n2. Passo 2 do teste\n\nResultado esperado:\n- O sistema deve comportar-se conforme especificação`;\ncy.get('textarea#description').should('exist').then($textarea => {\n  const style = window.getComputedStyle($textarea[0]);\n  if (style.pointerEvents === 'none') {\n    cy.wrap($textarea).invoke('css', 'pointer-events', 'auto');\n  }\n}).clear({\n  force: true\n}).type(ticketDescription, {\n  delay: 20,\n  force: true\n});\n// Criar ticket\ncy.contains('Create Ticket').click();\ncy.contains('Novo ticket criado:', {\n  timeout: 15000\n}).should('be.visible');\n// Voltar para a lista de tickets\ncy.get('body').then($body => {\n  if ($body.find('button:contains(\"Back to tickets\")').length) {\n    cy.contains('button', 'Back to tickets').click();\n  } else if ($body.find('a:contains(\"Tickets\")').length) {\n    cy.contains('a', 'Tickets').click();\n  }\n});",
              "err": {},
              "uuid": "df0147b1-cd97-499d-8a30-8e9829ae08ec",
              "parentUUID": "0dfcf6ed-1731-428d-a0aa-7478c30631ff",
              "isHook": false,
              "skipped": true
            },
            {
              "title": "Cria ticket - IT & Technical Support > Hardware - Laptop > 🟢 Low",
              "fullTitle": "Autenticar Cria ticket - IT & Technical Support > Hardware - Laptop > 🟢 Low",
              "timedOut": null,
              "duration": 0,
              "state": "skipped",
              "speed": null,
              "pass": false,
              "fail": false,
              "pending": false,
              "context": null,
              "code": "// Entrar em novo ticket\ncy.contains('Criar Ticket').click();\ncy.get('input[id=\"title\"]').should('be.visible');\n// Preenche título do ticket com prefixo padrão\nconst ticketTitle = `TESTE DE AUTOMAÇÃO QA - ${category.nome} > ${subcategory} > ${priority.label}`;\ncy.get('input[id=\"title\"]').type(ticketTitle);\n// Selecionar categoria\ncy.contains('button', 'Select category').click();\ncy.get('[role=\"option\"]').contains(category.nome).click();\n// Selecionar subcategoria\ncy.contains('button', 'Select subcategory (optional)').click();\ncy.get('[role=\"option\"]').contains(subcategory).click();\n// Selecionar prioridade\ncy.contains('button', 'Select priority').click();\ncy.get('[role=\"dialog\"][data-state=\"open\"]', {\n  timeout: 15000\n}).should('exist').then($dialog => {\n  if ($dialog.css('pointer-events') === 'none') {\n    cy.wrap($dialog).invoke('css', 'pointer-events', 'auto');\n  }\n});\ncy.get('[role=\"option\"]').contains(priority.label).then($option => {\n  const style = window.getComputedStyle($option[0]);\n  if (style.pointerEvents === 'none') {\n    cy.wrap($option).invoke('css', 'pointer-events', 'auto');\n  }\n}).click({\n  force: true\n});\n// Verificar prioridade selecionada\ncy.get('button[role=\"combobox\"]').should('contain', priority.label);\n// Preencher descrição\nconst ticketDescription = `TESTE DE AUTOMAÇÃO QA - Ticket gerado automaticamente:\n\nCategoria: ${category.nome}\nSubcategoria: ${subcategory}\nPrioridade: ${priority.label} (${priority.value})\n\nData/hora: ${new Date().toLocaleString()}\nAmbiente: ${Cypress.browser.name} ${Cypress.browser.version}\n\nPassos para reprodução:\n1. Passo 1 do teste\n2. Passo 2 do teste\n\nResultado esperado:\n- O sistema deve comportar-se conforme especificação`;\ncy.get('textarea#description').should('exist').then($textarea => {\n  const style = window.getComputedStyle($textarea[0]);\n  if (style.pointerEvents === 'none') {\n    cy.wrap($textarea).invoke('css', 'pointer-events', 'auto');\n  }\n}).clear({\n  force: true\n}).type(ticketDescription, {\n  delay: 20,\n  force: true\n});\n// Criar ticket\ncy.contains('Create Ticket').click();\ncy.contains('Novo ticket criado:', {\n  timeout: 15000\n}).should('be.visible');\n// Voltar para a lista de tickets\ncy.get('body').then($body => {\n  if ($body.find('button:contains(\"Back to tickets\")').length) {\n    cy.contains('button', 'Back to tickets').click();\n  } else if ($body.find('a:contains(\"Tickets\")').length) {\n    cy.contains('a', 'Tickets').click();\n  }\n});",
              "err": {},
              "uuid": "8339278d-0b0e-47a8-9cd3-1998c4cac52b",
              "parentUUID": "0dfcf6ed-1731-428d-a0aa-7478c30631ff",
              "isHook": false,
              "skipped": true
            },
            {
              "title": "Cria ticket - IT & Technical Support > Hardware - Laptop > 🟡 Medium",
              "fullTitle": "Autenticar Cria ticket - IT & Technical Support > Hardware - Laptop > 🟡 Medium",
              "timedOut": null,
              "duration": 0,
              "state": "skipped",
              "speed": null,
              "pass": false,
              "fail": false,
              "pending": false,
              "context": null,
              "code": "// Entrar em novo ticket\ncy.contains('Criar Ticket').click();\ncy.get('input[id=\"title\"]').should('be.visible');\n// Preenche título do ticket com prefixo padrão\nconst ticketTitle = `TESTE DE AUTOMAÇÃO QA - ${category.nome} > ${subcategory} > ${priority.label}`;\ncy.get('input[id=\"title\"]').type(ticketTitle);\n// Selecionar categoria\ncy.contains('button', 'Select category').click();\ncy.get('[role=\"option\"]').contains(category.nome).click();\n// Selecionar subcategoria\ncy.contains('button', 'Select subcategory (optional)').click();\ncy.get('[role=\"option\"]').contains(subcategory).click();\n// Selecionar prioridade\ncy.contains('button', 'Select priority').click();\ncy.get('[role=\"dialog\"][data-state=\"open\"]', {\n  timeout: 15000\n}).should('exist').then($dialog => {\n  if ($dialog.css('pointer-events') === 'none') {\n    cy.wrap($dialog).invoke('css', 'pointer-events', 'auto');\n  }\n});\ncy.get('[role=\"option\"]').contains(priority.label).then($option => {\n  const style = window.getComputedStyle($option[0]);\n  if (style.pointerEvents === 'none') {\n    cy.wrap($option).invoke('css', 'pointer-events', 'auto');\n  }\n}).click({\n  force: true\n});\n// Verificar prioridade selecionada\ncy.get('button[role=\"combobox\"]').should('contain', priority.label);\n// Preencher descrição\nconst ticketDescription = `TESTE DE AUTOMAÇÃO QA - Ticket gerado automaticamente:\n\nCategoria: ${category.nome}\nSubcategoria: ${subcategory}\nPrioridade: ${priority.label} (${priority.value})\n\nData/hora: ${new Date().toLocaleString()}\nAmbiente: ${Cypress.browser.name} ${Cypress.browser.version}\n\nPassos para reprodução:\n1. Passo 1 do teste\n2. Passo 2 do teste\n\nResultado esperado:\n- O sistema deve comportar-se conforme especificação`;\ncy.get('textarea#description').should('exist').then($textarea => {\n  const style = window.getComputedStyle($textarea[0]);\n  if (style.pointerEvents === 'none') {\n    cy.wrap($textarea).invoke('css', 'pointer-events', 'auto');\n  }\n}).clear({\n  force: true\n}).type(ticketDescription, {\n  delay: 20,\n  force: true\n});\n// Criar ticket\ncy.contains('Create Ticket').click();\ncy.contains('Novo ticket criado:', {\n  timeout: 15000\n}).should('be.visible');\n// Voltar para a lista de tickets\ncy.get('body').then($body => {\n  if ($body.find('button:contains(\"Back to tickets\")').length) {\n    cy.contains('button', 'Back to tickets').click();\n  } else if ($body.find('a:contains(\"Tickets\")').length) {\n    cy.contains('a', 'Tickets').click();\n  }\n});",
              "err": {},
              "uuid": "5e7377d2-0d13-47d3-9ee5-e77fc8a9fff8",
              "parentUUID": "0dfcf6ed-1731-428d-a0aa-7478c30631ff",
              "isHook": false,
              "skipped": true
            },
            {
              "title": "Cria ticket - IT & Technical Support > Hardware - Laptop > 🟠 High",
              "fullTitle": "Autenticar Cria ticket - IT & Technical Support > Hardware - Laptop > 🟠 High",
              "timedOut": null,
              "duration": 0,
              "state": "skipped",
              "speed": null,
              "pass": false,
              "fail": false,
              "pending": false,
              "context": null,
              "code": "// Entrar em novo ticket\ncy.contains('Criar Ticket').click();\ncy.get('input[id=\"title\"]').should('be.visible');\n// Preenche título do ticket com prefixo padrão\nconst ticketTitle = `TESTE DE AUTOMAÇÃO QA - ${category.nome} > ${subcategory} > ${priority.label}`;\ncy.get('input[id=\"title\"]').type(ticketTitle);\n// Selecionar categoria\ncy.contains('button', 'Select category').click();\ncy.get('[role=\"option\"]').contains(category.nome).click();\n// Selecionar subcategoria\ncy.contains('button', 'Select subcategory (optional)').click();\ncy.get('[role=\"option\"]').contains(subcategory).click();\n// Selecionar prioridade\ncy.contains('button', 'Select priority').click();\ncy.get('[role=\"dialog\"][data-state=\"open\"]', {\n  timeout: 15000\n}).should('exist').then($dialog => {\n  if ($dialog.css('pointer-events') === 'none') {\n    cy.wrap($dialog).invoke('css', 'pointer-events', 'auto');\n  }\n});\ncy.get('[role=\"option\"]').contains(priority.label).then($option => {\n  const style = window.getComputedStyle($option[0]);\n  if (style.pointerEvents === 'none') {\n    cy.wrap($option).invoke('css', 'pointer-events', 'auto');\n  }\n}).click({\n  force: true\n});\n// Verificar prioridade selecionada\ncy.get('button[role=\"combobox\"]').should('contain', priority.label);\n// Preencher descrição\nconst ticketDescription = `TESTE DE AUTOMAÇÃO QA - Ticket gerado automaticamente:\n\nCategoria: ${category.nome}\nSubcategoria: ${subcategory}\nPrioridade: ${priority.label} (${priority.value})\n\nData/hora: ${new Date().toLocaleString()}\nAmbiente: ${Cypress.browser.name} ${Cypress.browser.version}\n\nPassos para reprodução:\n1. Passo 1 do teste\n2. Passo 2 do teste\n\nResultado esperado:\n- O sistema deve comportar-se conforme especificação`;\ncy.get('textarea#description').should('exist').then($textarea => {\n  const style = window.getComputedStyle($textarea[0]);\n  if (style.pointerEvents === 'none') {\n    cy.wrap($textarea).invoke('css', 'pointer-events', 'auto');\n  }\n}).clear({\n  force: true\n}).type(ticketDescription, {\n  delay: 20,\n  force: true\n});\n// Criar ticket\ncy.contains('Create Ticket').click();\ncy.contains('Novo ticket criado:', {\n  timeout: 15000\n}).should('be.visible');\n// Voltar para a lista de tickets\ncy.get('body').then($body => {\n  if ($body.find('button:contains(\"Back to tickets\")').length) {\n    cy.contains('button', 'Back to tickets').click();\n  } else if ($body.find('a:contains(\"Tickets\")').length) {\n    cy.contains('a', 'Tickets').click();\n  }\n});",
              "err": {},
              "uuid": "61dbc18e-5d60-42b4-ba71-ad0dad1b705d",
              "parentUUID": "0dfcf6ed-1731-428d-a0aa-7478c30631ff",
              "isHook": false,
              "skipped": true
            },
            {
              "title": "Cria ticket - IT & Technical Support > Hardware - Laptop > 🔴 Critical",
              "fullTitle": "Autenticar Cria ticket - IT & Technical Support > Hardware - Laptop > 🔴 Critical",
              "timedOut": null,
              "duration": 0,
              "state": "skipped",
              "speed": null,
              "pass": false,
              "fail": false,
              "pending": false,
              "context": null,
              "code": "// Entrar em novo ticket\ncy.contains('Criar Ticket').click();\ncy.get('input[id=\"title\"]').should('be.visible');\n// Preenche título do ticket com prefixo padrão\nconst ticketTitle = `TESTE DE AUTOMAÇÃO QA - ${category.nome} > ${subcategory} > ${priority.label}`;\ncy.get('input[id=\"title\"]').type(ticketTitle);\n// Selecionar categoria\ncy.contains('button', 'Select category').click();\ncy.get('[role=\"option\"]').contains(category.nome).click();\n// Selecionar subcategoria\ncy.contains('button', 'Select subcategory (optional)').click();\ncy.get('[role=\"option\"]').contains(subcategory).click();\n// Selecionar prioridade\ncy.contains('button', 'Select priority').click();\ncy.get('[role=\"dialog\"][data-state=\"open\"]', {\n  timeout: 15000\n}).should('exist').then($dialog => {\n  if ($dialog.css('pointer-events') === 'none') {\n    cy.wrap($dialog).invoke('css', 'pointer-events', 'auto');\n  }\n});\ncy.get('[role=\"option\"]').contains(priority.label).then($option => {\n  const style = window.getComputedStyle($option[0]);\n  if (style.pointerEvents === 'none') {\n    cy.wrap($option).invoke('css', 'pointer-events', 'auto');\n  }\n}).click({\n  force: true\n});\n// Verificar prioridade selecionada\ncy.get('button[role=\"combobox\"]').should('contain', priority.label);\n// Preencher descrição\nconst ticketDescription = `TESTE DE AUTOMAÇÃO QA - Ticket gerado automaticamente:\n\nCategoria: ${category.nome}\nSubcategoria: ${subcategory}\nPrioridade: ${priority.label} (${priority.value})\n\nData/hora: ${new Date().toLocaleString()}\nAmbiente: ${Cypress.browser.name} ${Cypress.browser.version}\n\nPassos para reprodução:\n1. Passo 1 do teste\n2. Passo 2 do teste\n\nResultado esperado:\n- O sistema deve comportar-se conforme especificação`;\ncy.get('textarea#description').should('exist').then($textarea => {\n  const style = window.getComputedStyle($textarea[0]);\n  if (style.pointerEvents === 'none') {\n    cy.wrap($textarea).invoke('css', 'pointer-events', 'auto');\n  }\n}).clear({\n  force: true\n}).type(ticketDescription, {\n  delay: 20,\n  force: true\n});\n// Criar ticket\ncy.contains('Create Ticket').click();\ncy.contains('Novo ticket criado:', {\n  timeout: 15000\n}).should('be.visible');\n// Voltar para a lista de tickets\ncy.get('body').then($body => {\n  if ($body.find('button:contains(\"Back to tickets\")').length) {\n    cy.contains('button', 'Back to tickets').click();\n  } else if ($body.find('a:contains(\"Tickets\")').length) {\n    cy.contains('a', 'Tickets').click();\n  }\n});",
              "err": {},
              "uuid": "775ed7b9-d04c-4990-9d4d-171e170d48d3",
              "parentUUID": "0dfcf6ed-1731-428d-a0aa-7478c30631ff",
              "isHook": false,
              "skipped": true
            },
            {
              "title": "Cria ticket - IT & Technical Support > Account Issues > 🟢 Low",
              "fullTitle": "Autenticar Cria ticket - IT & Technical Support > Account Issues > 🟢 Low",
              "timedOut": null,
              "duration": 0,
              "state": "skipped",
              "speed": null,
              "pass": false,
              "fail": false,
              "pending": false,
              "context": null,
              "code": "// Entrar em novo ticket\ncy.contains('Criar Ticket').click();\ncy.get('input[id=\"title\"]').should('be.visible');\n// Preenche título do ticket com prefixo padrão\nconst ticketTitle = `TESTE DE AUTOMAÇÃO QA - ${category.nome} > ${subcategory} > ${priority.label}`;\ncy.get('input[id=\"title\"]').type(ticketTitle);\n// Selecionar categoria\ncy.contains('button', 'Select category').click();\ncy.get('[role=\"option\"]').contains(category.nome).click();\n// Selecionar subcategoria\ncy.contains('button', 'Select subcategory (optional)').click();\ncy.get('[role=\"option\"]').contains(subcategory).click();\n// Selecionar prioridade\ncy.contains('button', 'Select priority').click();\ncy.get('[role=\"dialog\"][data-state=\"open\"]', {\n  timeout: 15000\n}).should('exist').then($dialog => {\n  if ($dialog.css('pointer-events') === 'none') {\n    cy.wrap($dialog).invoke('css', 'pointer-events', 'auto');\n  }\n});\ncy.get('[role=\"option\"]').contains(priority.label).then($option => {\n  const style = window.getComputedStyle($option[0]);\n  if (style.pointerEvents === 'none') {\n    cy.wrap($option).invoke('css', 'pointer-events', 'auto');\n  }\n}).click({\n  force: true\n});\n// Verificar prioridade selecionada\ncy.get('button[role=\"combobox\"]').should('contain', priority.label);\n// Preencher descrição\nconst ticketDescription = `TESTE DE AUTOMAÇÃO QA - Ticket gerado automaticamente:\n\nCategoria: ${category.nome}\nSubcategoria: ${subcategory}\nPrioridade: ${priority.label} (${priority.value})\n\nData/hora: ${new Date().toLocaleString()}\nAmbiente: ${Cypress.browser.name} ${Cypress.browser.version}\n\nPassos para reprodução:\n1. Passo 1 do teste\n2. Passo 2 do teste\n\nResultado esperado:\n- O sistema deve comportar-se conforme especificação`;\ncy.get('textarea#description').should('exist').then($textarea => {\n  const style = window.getComputedStyle($textarea[0]);\n  if (style.pointerEvents === 'none') {\n    cy.wrap($textarea).invoke('css', 'pointer-events', 'auto');\n  }\n}).clear({\n  force: true\n}).type(ticketDescription, {\n  delay: 20,\n  force: true\n});\n// Criar ticket\ncy.contains('Create Ticket').click();\ncy.contains('Novo ticket criado:', {\n  timeout: 15000\n}).should('be.visible');\n// Voltar para a lista de tickets\ncy.get('body').then($body => {\n  if ($body.find('button:contains(\"Back to tickets\")').length) {\n    cy.contains('button', 'Back to tickets').click();\n  } else if ($body.find('a:contains(\"Tickets\")').length) {\n    cy.contains('a', 'Tickets').click();\n  }\n});",
              "err": {},
              "uuid": "16edc455-6540-4f2f-b430-27c08f95d385",
              "parentUUID": "0dfcf6ed-1731-428d-a0aa-7478c30631ff",
              "isHook": false,
              "skipped": true
            },
            {
              "title": "Cria ticket - IT & Technical Support > Account Issues > 🟡 Medium",
              "fullTitle": "Autenticar Cria ticket - IT & Technical Support > Account Issues > 🟡 Medium",
              "timedOut": null,
              "duration": 0,
              "state": "skipped",
              "speed": null,
              "pass": false,
              "fail": false,
              "pending": false,
              "context": null,
              "code": "// Entrar em novo ticket\ncy.contains('Criar Ticket').click();\ncy.get('input[id=\"title\"]').should('be.visible');\n// Preenche título do ticket com prefixo padrão\nconst ticketTitle = `TESTE DE AUTOMAÇÃO QA - ${category.nome} > ${subcategory} > ${priority.label}`;\ncy.get('input[id=\"title\"]').type(ticketTitle);\n// Selecionar categoria\ncy.contains('button', 'Select category').click();\ncy.get('[role=\"option\"]').contains(category.nome).click();\n// Selecionar subcategoria\ncy.contains('button', 'Select subcategory (optional)').click();\ncy.get('[role=\"option\"]').contains(subcategory).click();\n// Selecionar prioridade\ncy.contains('button', 'Select priority').click();\ncy.get('[role=\"dialog\"][data-state=\"open\"]', {\n  timeout: 15000\n}).should('exist').then($dialog => {\n  if ($dialog.css('pointer-events') === 'none') {\n    cy.wrap($dialog).invoke('css', 'pointer-events', 'auto');\n  }\n});\ncy.get('[role=\"option\"]').contains(priority.label).then($option => {\n  const style = window.getComputedStyle($option[0]);\n  if (style.pointerEvents === 'none') {\n    cy.wrap($option).invoke('css', 'pointer-events', 'auto');\n  }\n}).click({\n  force: true\n});\n// Verificar prioridade selecionada\ncy.get('button[role=\"combobox\"]').should('contain', priority.label);\n// Preencher descrição\nconst ticketDescription = `TESTE DE AUTOMAÇÃO QA - Ticket gerado automaticamente:\n\nCategoria: ${category.nome}\nSubcategoria: ${subcategory}\nPrioridade: ${priority.label} (${priority.value})\n\nData/hora: ${new Date().toLocaleString()}\nAmbiente: ${Cypress.browser.name} ${Cypress.browser.version}\n\nPassos para reprodução:\n1. Passo 1 do teste\n2. Passo 2 do teste\n\nResultado esperado:\n- O sistema deve comportar-se conforme especificação`;\ncy.get('textarea#description').should('exist').then($textarea => {\n  const style = window.getComputedStyle($textarea[0]);\n  if (style.pointerEvents === 'none') {\n    cy.wrap($textarea).invoke('css', 'pointer-events', 'auto');\n  }\n}).clear({\n  force: true\n}).type(ticketDescription, {\n  delay: 20,\n  force: true\n});\n// Criar ticket\ncy.contains('Create Ticket').click();\ncy.contains('Novo ticket criado:', {\n  timeout: 15000\n}).should('be.visible');\n// Voltar para a lista de tickets\ncy.get('body').then($body => {\n  if ($body.find('button:contains(\"Back to tickets\")').length) {\n    cy.contains('button', 'Back to tickets').click();\n  } else if ($body.find('a:contains(\"Tickets\")').length) {\n    cy.contains('a', 'Tickets').click();\n  }\n});",
              "err": {},
              "uuid": "aaa61a27-969c-4adc-b0c0-758056add760",
              "parentUUID": "0dfcf6ed-1731-428d-a0aa-7478c30631ff",
              "isHook": false,
              "skipped": true
            },
            {
              "title": "Cria ticket - IT & Technical Support > Account Issues > 🟠 High",
              "fullTitle": "Autenticar Cria ticket - IT & Technical Support > Account Issues > 🟠 High",
              "timedOut": null,
              "duration": 0,
              "state": "skipped",
              "speed": null,
              "pass": false,
              "fail": false,
              "pending": false,
              "context": null,
              "code": "// Entrar em novo ticket\ncy.contains('Criar Ticket').click();\ncy.get('input[id=\"title\"]').should('be.visible');\n// Preenche título do ticket com prefixo padrão\nconst ticketTitle = `TESTE DE AUTOMAÇÃO QA - ${category.nome} > ${subcategory} > ${priority.label}`;\ncy.get('input[id=\"title\"]').type(ticketTitle);\n// Selecionar categoria\ncy.contains('button', 'Select category').click();\ncy.get('[role=\"option\"]').contains(category.nome).click();\n// Selecionar subcategoria\ncy.contains('button', 'Select subcategory (optional)').click();\ncy.get('[role=\"option\"]').contains(subcategory).click();\n// Selecionar prioridade\ncy.contains('button', 'Select priority').click();\ncy.get('[role=\"dialog\"][data-state=\"open\"]', {\n  timeout: 15000\n}).should('exist').then($dialog => {\n  if ($dialog.css('pointer-events') === 'none') {\n    cy.wrap($dialog).invoke('css', 'pointer-events', 'auto');\n  }\n});\ncy.get('[role=\"option\"]').contains(priority.label).then($option => {\n  const style = window.getComputedStyle($option[0]);\n  if (style.pointerEvents === 'none') {\n    cy.wrap($option).invoke('css', 'pointer-events', 'auto');\n  }\n}).click({\n  force: true\n});\n// Verificar prioridade selecionada\ncy.get('button[role=\"combobox\"]').should('contain', priority.label);\n// Preencher descrição\nconst ticketDescription = `TESTE DE AUTOMAÇÃO QA - Ticket gerado automaticamente:\n\nCategoria: ${category.nome}\nSubcategoria: ${subcategory}\nPrioridade: ${priority.label} (${priority.value})\n\nData/hora: ${new Date().toLocaleString()}\nAmbiente: ${Cypress.browser.name} ${Cypress.browser.version}\n\nPassos para reprodução:\n1. Passo 1 do teste\n2. Passo 2 do teste\n\nResultado esperado:\n- O sistema deve comportar-se conforme especificação`;\ncy.get('textarea#description').should('exist').then($textarea => {\n  const style = window.getComputedStyle($textarea[0]);\n  if (style.pointerEvents === 'none') {\n    cy.wrap($textarea).invoke('css', 'pointer-events', 'auto');\n  }\n}).clear({\n  force: true\n}).type(ticketDescription, {\n  delay: 20,\n  force: true\n});\n// Criar ticket\ncy.contains('Create Ticket').click();\ncy.contains('Novo ticket criado:', {\n  timeout: 15000\n}).should('be.visible');\n// Voltar para a lista de tickets\ncy.get('body').then($body => {\n  if ($body.find('button:contains(\"Back to tickets\")').length) {\n    cy.contains('button', 'Back to tickets').click();\n  } else if ($body.find('a:contains(\"Tickets\")').length) {\n    cy.contains('a', 'Tickets').click();\n  }\n});",
              "err": {},
              "uuid": "9d04d7c6-db28-4b3b-8a00-0cc6bdc063b8",
              "parentUUID": "0dfcf6ed-1731-428d-a0aa-7478c30631ff",
              "isHook": false,
              "skipped": true
            },
            {
              "title": "Cria ticket - IT & Technical Support > Account Issues > 🔴 Critical",
              "fullTitle": "Autenticar Cria ticket - IT & Technical Support > Account Issues > 🔴 Critical",
              "timedOut": null,
              "duration": 0,
              "state": "skipped",
              "speed": null,
              "pass": false,
              "fail": false,
              "pending": false,
              "context": null,
              "code": "// Entrar em novo ticket\ncy.contains('Criar Ticket').click();\ncy.get('input[id=\"title\"]').should('be.visible');\n// Preenche título do ticket com prefixo padrão\nconst ticketTitle = `TESTE DE AUTOMAÇÃO QA - ${category.nome} > ${subcategory} > ${priority.label}`;\ncy.get('input[id=\"title\"]').type(ticketTitle);\n// Selecionar categoria\ncy.contains('button', 'Select category').click();\ncy.get('[role=\"option\"]').contains(category.nome).click();\n// Selecionar subcategoria\ncy.contains('button', 'Select subcategory (optional)').click();\ncy.get('[role=\"option\"]').contains(subcategory).click();\n// Selecionar prioridade\ncy.contains('button', 'Select priority').click();\ncy.get('[role=\"dialog\"][data-state=\"open\"]', {\n  timeout: 15000\n}).should('exist').then($dialog => {\n  if ($dialog.css('pointer-events') === 'none') {\n    cy.wrap($dialog).invoke('css', 'pointer-events', 'auto');\n  }\n});\ncy.get('[role=\"option\"]').contains(priority.label).then($option => {\n  const style = window.getComputedStyle($option[0]);\n  if (style.pointerEvents === 'none') {\n    cy.wrap($option).invoke('css', 'pointer-events', 'auto');\n  }\n}).click({\n  force: true\n});\n// Verificar prioridade selecionada\ncy.get('button[role=\"combobox\"]').should('contain', priority.label);\n// Preencher descrição\nconst ticketDescription = `TESTE DE AUTOMAÇÃO QA - Ticket gerado automaticamente:\n\nCategoria: ${category.nome}\nSubcategoria: ${subcategory}\nPrioridade: ${priority.label} (${priority.value})\n\nData/hora: ${new Date().toLocaleString()}\nAmbiente: ${Cypress.browser.name} ${Cypress.browser.version}\n\nPassos para reprodução:\n1. Passo 1 do teste\n2. Passo 2 do teste\n\nResultado esperado:\n- O sistema deve comportar-se conforme especificação`;\ncy.get('textarea#description').should('exist').then($textarea => {\n  const style = window.getComputedStyle($textarea[0]);\n  if (style.pointerEvents === 'none') {\n    cy.wrap($textarea).invoke('css', 'pointer-events', 'auto');\n  }\n}).clear({\n  force: true\n}).type(ticketDescription, {\n  delay: 20,\n  force: true\n});\n// Criar ticket\ncy.contains('Create Ticket').click();\ncy.contains('Novo ticket criado:', {\n  timeout: 15000\n}).should('be.visible');\n// Voltar para a lista de tickets\ncy.get('body').then($body => {\n  if ($body.find('button:contains(\"Back to tickets\")').length) {\n    cy.contains('button', 'Back to tickets').click();\n  } else if ($body.find('a:contains(\"Tickets\")').length) {\n    cy.contains('a', 'Tickets').click();\n  }\n});",
              "err": {},
              "uuid": "eba85de8-d61b-4af0-b59b-f2bc777d1163",
              "parentUUID": "0dfcf6ed-1731-428d-a0aa-7478c30631ff",
              "isHook": false,
              "skipped": true
            },
            {
              "title": "Cria ticket - IT & Technical Support > Hardware - Server > 🟢 Low",
              "fullTitle": "Autenticar Cria ticket - IT & Technical Support > Hardware - Server > 🟢 Low",
              "timedOut": null,
              "duration": 0,
              "state": "skipped",
              "speed": null,
              "pass": false,
              "fail": false,
              "pending": false,
              "context": null,
              "code": "// Entrar em novo ticket\ncy.contains('Criar Ticket').click();\ncy.get('input[id=\"title\"]').should('be.visible');\n// Preenche título do ticket com prefixo padrão\nconst ticketTitle = `TESTE DE AUTOMAÇÃO QA - ${category.nome} > ${subcategory} > ${priority.label}`;\ncy.get('input[id=\"title\"]').type(ticketTitle);\n// Selecionar categoria\ncy.contains('button', 'Select category').click();\ncy.get('[role=\"option\"]').contains(category.nome).click();\n// Selecionar subcategoria\ncy.contains('button', 'Select subcategory (optional)').click();\ncy.get('[role=\"option\"]').contains(subcategory).click();\n// Selecionar prioridade\ncy.contains('button', 'Select priority').click();\ncy.get('[role=\"dialog\"][data-state=\"open\"]', {\n  timeout: 15000\n}).should('exist').then($dialog => {\n  if ($dialog.css('pointer-events') === 'none') {\n    cy.wrap($dialog).invoke('css', 'pointer-events', 'auto');\n  }\n});\ncy.get('[role=\"option\"]').contains(priority.label).then($option => {\n  const style = window.getComputedStyle($option[0]);\n  if (style.pointerEvents === 'none') {\n    cy.wrap($option).invoke('css', 'pointer-events', 'auto');\n  }\n}).click({\n  force: true\n});\n// Verificar prioridade selecionada\ncy.get('button[role=\"combobox\"]').should('contain', priority.label);\n// Preencher descrição\nconst ticketDescription = `TESTE DE AUTOMAÇÃO QA - Ticket gerado automaticamente:\n\nCategoria: ${category.nome}\nSubcategoria: ${subcategory}\nPrioridade: ${priority.label} (${priority.value})\n\nData/hora: ${new Date().toLocaleString()}\nAmbiente: ${Cypress.browser.name} ${Cypress.browser.version}\n\nPassos para reprodução:\n1. Passo 1 do teste\n2. Passo 2 do teste\n\nResultado esperado:\n- O sistema deve comportar-se conforme especificação`;\ncy.get('textarea#description').should('exist').then($textarea => {\n  const style = window.getComputedStyle($textarea[0]);\n  if (style.pointerEvents === 'none') {\n    cy.wrap($textarea).invoke('css', 'pointer-events', 'auto');\n  }\n}).clear({\n  force: true\n}).type(ticketDescription, {\n  delay: 20,\n  force: true\n});\n// Criar ticket\ncy.contains('Create Ticket').click();\ncy.contains('Novo ticket criado:', {\n  timeout: 15000\n}).should('be.visible');\n// Voltar para a lista de tickets\ncy.get('body').then($body => {\n  if ($body.find('button:contains(\"Back to tickets\")').length) {\n    cy.contains('button', 'Back to tickets').click();\n  } else if ($body.find('a:contains(\"Tickets\")').length) {\n    cy.contains('a', 'Tickets').click();\n  }\n});",
              "err": {},
              "uuid": "57f2b5bd-e09b-40ef-b110-882ffd308a12",
              "parentUUID": "0dfcf6ed-1731-428d-a0aa-7478c30631ff",
              "isHook": false,
              "skipped": true
            },
            {
              "title": "Cria ticket - IT & Technical Support > Hardware - Server > 🟡 Medium",
              "fullTitle": "Autenticar Cria ticket - IT & Technical Support > Hardware - Server > 🟡 Medium",
              "timedOut": null,
              "duration": 0,
              "state": "skipped",
              "speed": null,
              "pass": false,
              "fail": false,
              "pending": false,
              "context": null,
              "code": "// Entrar em novo ticket\ncy.contains('Criar Ticket').click();\ncy.get('input[id=\"title\"]').should('be.visible');\n// Preenche título do ticket com prefixo padrão\nconst ticketTitle = `TESTE DE AUTOMAÇÃO QA - ${category.nome} > ${subcategory} > ${priority.label}`;\ncy.get('input[id=\"title\"]').type(ticketTitle);\n// Selecionar categoria\ncy.contains('button', 'Select category').click();\ncy.get('[role=\"option\"]').contains(category.nome).click();\n// Selecionar subcategoria\ncy.contains('button', 'Select subcategory (optional)').click();\ncy.get('[role=\"option\"]').contains(subcategory).click();\n// Selecionar prioridade\ncy.contains('button', 'Select priority').click();\ncy.get('[role=\"dialog\"][data-state=\"open\"]', {\n  timeout: 15000\n}).should('exist').then($dialog => {\n  if ($dialog.css('pointer-events') === 'none') {\n    cy.wrap($dialog).invoke('css', 'pointer-events', 'auto');\n  }\n});\ncy.get('[role=\"option\"]').contains(priority.label).then($option => {\n  const style = window.getComputedStyle($option[0]);\n  if (style.pointerEvents === 'none') {\n    cy.wrap($option).invoke('css', 'pointer-events', 'auto');\n  }\n}).click({\n  force: true\n});\n// Verificar prioridade selecionada\ncy.get('button[role=\"combobox\"]').should('contain', priority.label);\n// Preencher descrição\nconst ticketDescription = `TESTE DE AUTOMAÇÃO QA - Ticket gerado automaticamente:\n\nCategoria: ${category.nome}\nSubcategoria: ${subcategory}\nPrioridade: ${priority.label} (${priority.value})\n\nData/hora: ${new Date().toLocaleString()}\nAmbiente: ${Cypress.browser.name} ${Cypress.browser.version}\n\nPassos para reprodução:\n1. Passo 1 do teste\n2. Passo 2 do teste\n\nResultado esperado:\n- O sistema deve comportar-se conforme especificação`;\ncy.get('textarea#description').should('exist').then($textarea => {\n  const style = window.getComputedStyle($textarea[0]);\n  if (style.pointerEvents === 'none') {\n    cy.wrap($textarea).invoke('css', 'pointer-events', 'auto');\n  }\n}).clear({\n  force: true\n}).type(ticketDescription, {\n  delay: 20,\n  force: true\n});\n// Criar ticket\ncy.contains('Create Ticket').click();\ncy.contains('Novo ticket criado:', {\n  timeout: 15000\n}).should('be.visible');\n// Voltar para a lista de tickets\ncy.get('body').then($body => {\n  if ($body.find('button:contains(\"Back to tickets\")').length) {\n    cy.contains('button', 'Back to tickets').click();\n  } else if ($body.find('a:contains(\"Tickets\")').length) {\n    cy.contains('a', 'Tickets').click();\n  }\n});",
              "err": {},
              "uuid": "6562746b-829c-41aa-89ac-6a66d17209b6",
              "parentUUID": "0dfcf6ed-1731-428d-a0aa-7478c30631ff",
              "isHook": false,
              "skipped": true
            },
            {
              "title": "Cria ticket - IT & Technical Support > Hardware - Server > 🟠 High",
              "fullTitle": "Autenticar Cria ticket - IT & Technical Support > Hardware - Server > 🟠 High",
              "timedOut": null,
              "duration": 0,
              "state": "skipped",
              "speed": null,
              "pass": false,
              "fail": false,
              "pending": false,
              "context": null,
              "code": "// Entrar em novo ticket\ncy.contains('Criar Ticket').click();\ncy.get('input[id=\"title\"]').should('be.visible');\n// Preenche título do ticket com prefixo padrão\nconst ticketTitle = `TESTE DE AUTOMAÇÃO QA - ${category.nome} > ${subcategory} > ${priority.label}`;\ncy.get('input[id=\"title\"]').type(ticketTitle);\n// Selecionar categoria\ncy.contains('button', 'Select category').click();\ncy.get('[role=\"option\"]').contains(category.nome).click();\n// Selecionar subcategoria\ncy.contains('button', 'Select subcategory (optional)').click();\ncy.get('[role=\"option\"]').contains(subcategory).click();\n// Selecionar prioridade\ncy.contains('button', 'Select priority').click();\ncy.get('[role=\"dialog\"][data-state=\"open\"]', {\n  timeout: 15000\n}).should('exist').then($dialog => {\n  if ($dialog.css('pointer-events') === 'none') {\n    cy.wrap($dialog).invoke('css', 'pointer-events', 'auto');\n  }\n});\ncy.get('[role=\"option\"]').contains(priority.label).then($option => {\n  const style = window.getComputedStyle($option[0]);\n  if (style.pointerEvents === 'none') {\n    cy.wrap($option).invoke('css', 'pointer-events', 'auto');\n  }\n}).click({\n  force: true\n});\n// Verificar prioridade selecionada\ncy.get('button[role=\"combobox\"]').should('contain', priority.label);\n// Preencher descrição\nconst ticketDescription = `TESTE DE AUTOMAÇÃO QA - Ticket gerado automaticamente:\n\nCategoria: ${category.nome}\nSubcategoria: ${subcategory}\nPrioridade: ${priority.label} (${priority.value})\n\nData/hora: ${new Date().toLocaleString()}\nAmbiente: ${Cypress.browser.name} ${Cypress.browser.version}\n\nPassos para reprodução:\n1. Passo 1 do teste\n2. Passo 2 do teste\n\nResultado esperado:\n- O sistema deve comportar-se conforme especificação`;\ncy.get('textarea#description').should('exist').then($textarea => {\n  const style = window.getComputedStyle($textarea[0]);\n  if (style.pointerEvents === 'none') {\n    cy.wrap($textarea).invoke('css', 'pointer-events', 'auto');\n  }\n}).clear({\n  force: true\n}).type(ticketDescription, {\n  delay: 20,\n  force: true\n});\n// Criar ticket\ncy.contains('Create Ticket').click();\ncy.contains('Novo ticket criado:', {\n  timeout: 15000\n}).should('be.visible');\n// Voltar para a lista de tickets\ncy.get('body').then($body => {\n  if ($body.find('button:contains(\"Back to tickets\")').length) {\n    cy.contains('button', 'Back to tickets').click();\n  } else if ($body.find('a:contains(\"Tickets\")').length) {\n    cy.contains('a', 'Tickets').click();\n  }\n});",
              "err": {},
              "uuid": "1ece8127-19bf-4076-86cf-c5b9be5f868b",
              "parentUUID": "0dfcf6ed-1731-428d-a0aa-7478c30631ff",
              "isHook": false,
              "skipped": true
            },
            {
              "title": "Cria ticket - IT & Technical Support > Hardware - Server > 🔴 Critical",
              "fullTitle": "Autenticar Cria ticket - IT & Technical Support > Hardware - Server > 🔴 Critical",
              "timedOut": null,
              "duration": 0,
              "state": "skipped",
              "speed": null,
              "pass": false,
              "fail": false,
              "pending": false,
              "context": null,
              "code": "// Entrar em novo ticket\ncy.contains('Criar Ticket').click();\ncy.get('input[id=\"title\"]').should('be.visible');\n// Preenche título do ticket com prefixo padrão\nconst ticketTitle = `TESTE DE AUTOMAÇÃO QA - ${category.nome} > ${subcategory} > ${priority.label}`;\ncy.get('input[id=\"title\"]').type(ticketTitle);\n// Selecionar categoria\ncy.contains('button', 'Select category').click();\ncy.get('[role=\"option\"]').contains(category.nome).click();\n// Selecionar subcategoria\ncy.contains('button', 'Select subcategory (optional)').click();\ncy.get('[role=\"option\"]').contains(subcategory).click();\n// Selecionar prioridade\ncy.contains('button', 'Select priority').click();\ncy.get('[role=\"dialog\"][data-state=\"open\"]', {\n  timeout: 15000\n}).should('exist').then($dialog => {\n  if ($dialog.css('pointer-events') === 'none') {\n    cy.wrap($dialog).invoke('css', 'pointer-events', 'auto');\n  }\n});\ncy.get('[role=\"option\"]').contains(priority.label).then($option => {\n  const style = window.getComputedStyle($option[0]);\n  if (style.pointerEvents === 'none') {\n    cy.wrap($option).invoke('css', 'pointer-events', 'auto');\n  }\n}).click({\n  force: true\n});\n// Verificar prioridade selecionada\ncy.get('button[role=\"combobox\"]').should('contain', priority.label);\n// Preencher descrição\nconst ticketDescription = `TESTE DE AUTOMAÇÃO QA - Ticket gerado automaticamente:\n\nCategoria: ${category.nome}\nSubcategoria: ${subcategory}\nPrioridade: ${priority.label} (${priority.value})\n\nData/hora: ${new Date().toLocaleString()}\nAmbiente: ${Cypress.browser.name} ${Cypress.browser.version}\n\nPassos para reprodução:\n1. Passo 1 do teste\n2. Passo 2 do teste\n\nResultado esperado:\n- O sistema deve comportar-se conforme especificação`;\ncy.get('textarea#description').should('exist').then($textarea => {\n  const style = window.getComputedStyle($textarea[0]);\n  if (style.pointerEvents === 'none') {\n    cy.wrap($textarea).invoke('css', 'pointer-events', 'auto');\n  }\n}).clear({\n  force: true\n}).type(ticketDescription, {\n  delay: 20,\n  force: true\n});\n// Criar ticket\ncy.contains('Create Ticket').click();\ncy.contains('Novo ticket criado:', {\n  timeout: 15000\n}).should('be.visible');\n// Voltar para a lista de tickets\ncy.get('body').then($body => {\n  if ($body.find('button:contains(\"Back to tickets\")').length) {\n    cy.contains('button', 'Back to tickets').click();\n  } else if ($body.find('a:contains(\"Tickets\")').length) {\n    cy.contains('a', 'Tickets').click();\n  }\n});",
              "err": {},
              "uuid": "4a4af149-3148-441d-be3f-34b82e2e091e",
              "parentUUID": "0dfcf6ed-1731-428d-a0aa-7478c30631ff",
              "isHook": false,
              "skipped": true
            },
            {
              "title": "Cria ticket - IT & Technical Support > Hardware - Printer/Scanner > 🟢 Low",
              "fullTitle": "Autenticar Cria ticket - IT & Technical Support > Hardware - Printer/Scanner > 🟢 Low",
              "timedOut": null,
              "duration": 0,
              "state": "skipped",
              "speed": null,
              "pass": false,
[...]
              "err": {},
              "uuid": "82c5e10c-a4f5-427e-bbd2-984d12cad705",
              "parentUUID": "0dfcf6ed-1731-428d-a0aa-7478c30631ff",
              "isHook": false,
              "skipped": true
            },
            {
              "title": "Cria ticket - Users & Passwords > Forgot my password > 🔴 Critical",
              "fullTitle": "Autenticar Cria ticket - Users & Passwords > Forgot my password > 🔴 Critical",
              "timedOut": null,
              "duration": 0,
              "state": "skipped",
              "speed": null,
              "pass": false,
              "fail": false,
              "pending": false,
              "context": null,
              "code": "// Entrar em novo ticket\ncy.contains('Criar Ticket').click();\ncy.get('input[id=\"title\"]').should('be.visible');\n// Preenche título do ticket com prefixo padrão\nconst ticketTitle = `TESTE DE AUTOMAÇÃO QA - ${category.nome} > ${subcategory} > ${priority.label}`;\ncy.get('input[id=\"title\"]').type(ticketTitle);\n// Selecionar categoria\ncy.contains('button', 'Select category').click();\ncy.get('[role=\"option\"]').contains(category.nome).click();\n// Selecionar subcategoria\ncy.contains('button', 'Select subcategory (optional)').click();\ncy.get('[role=\"option\"]').contains(subcategory).click();\n// Selecionar prioridade\ncy.contains('button', 'Select priority').click();\ncy.get('[role=\"dialog\"][data-state=\"open\"]', {\n  timeout: 15000\n}).should('exist').then($dialog => {\n  if ($dialog.css('pointer-events') === 'none') {\n    cy.wrap($dialog).invoke('css', 'pointer-events', 'auto');\n  }\n});\ncy.get('[role=\"option\"]').contains(priority.label).then($option => {\n  const style = window.getComputedStyle($option[0]);\n  if (style.pointerEvents === 'none') {\n    cy.wrap($option).invoke('css', 'pointer-events', 'auto');\n  }\n}).click({\n  force: true\n});\n// Verificar prioridade selecionada\ncy.get('button[role=\"combobox\"]').should('contain', priority.label);\n// Preencher descrição\nconst ticketDescription = `TESTE DE AUTOMAÇÃO QA - Ticket gerado automaticamente:\n\nCategoria: ${category.nome}\nSubcategoria: ${subcategory}\nPrioridade: ${priority.label} (${priority.value})\n\nData/hora: ${new Date().toLocaleString()}\nAmbiente: ${Cypress.browser.name} ${Cypress.browser.version}\n\nPassos para reprodução:\n1. Passo 1 do teste\n2. Passo 2 do teste\n\nResultado esperado:\n- O sistema deve comportar-se conforme especificação`;\ncy.get('textarea#description').should('exist').then($textarea => {\n  const style = window.getComputedStyle($textarea[0]);\n  if (style.pointerEvents === 'none') {\n    cy.wrap($textarea).invoke('css', 'pointer-events', 'auto');\n  }\n}).clear({\n  force: true\n}).type(ticketDescription, {\n  delay: 20,\n  force: true\n});\n// Criar ticket\ncy.contains('Create Ticket').click();\ncy.contains('Novo ticket criado:', {\n  timeout: 15000\n}).should('be.visible');\n// Voltar para a lista de tickets\ncy.get('body').then($body => {\n  if ($body.find('button:contains(\"Back to tickets\")').length) {\n    cy.contains('button', 'Back to tickets').click();\n  } else if ($body.find('a:contains(\"Tickets\")').length) {\n    cy.contains('a', 'Tickets').click();\n  }\n});",
              "err": {},
              "uuid": "cb95116f-a43e-41c8-8fda-2b1c9f13fb4d",
              "parentUUID": "0dfcf6ed-1731-428d-a0aa-7478c30631ff",
              "isHook": false,
              "skipped": true
            },
            {
              "title": "Cria ticket - Users & Passwords > Multi factor authentication > 🟢 Low",
              "fullTitle": "Autenticar Cria ticket - Users & Passwords > Multi factor authentication > 🟢 Low",
              "timedOut": null,
              "duration": 0,
              "state": "skipped",
              "speed": null,
              "pass": false,
              "fail": false,
              "pending": false,
              "context": null,
              "code": "// Entrar em novo ticket\ncy.contains('Criar Ticket').click();\ncy.get('input[id=\"title\"]').should('be.visible');\n// Preenche título do ticket com prefixo padrão\nconst ticketTitle = `TESTE DE AUTOMAÇÃO QA - ${category.nome} > ${subcategory} > ${priority.label}`;\ncy.get('input[id=\"title\"]').type(ticketTitle);\n// Selecionar categoria\ncy.contains('button', 'Select category').click();\ncy.get('[role=\"option\"]').contains(category.nome).click();\n// Selecionar subcategoria\ncy.contains('button', 'Select subcategory (optional)').click();\ncy.get('[role=\"option\"]').contains(subcategory).click();\n// Selecionar prioridade\ncy.contains('button', 'Select priority').click();\ncy.get('[role=\"dialog\"][data-state=\"open\"]', {\n  timeout: 15000\n}).should('exist').then($dialog => {\n  if ($dialog.css('pointer-events') === 'none') {\n    cy.wrap($dialog).invoke('css', 'pointer-events', 'auto');\n  }\n});\ncy.get('[role=\"option\"]').contains(priority.label).then($option => {\n  const style = window.getComputedStyle($option[0]);\n  if (style.pointerEvents === 'none') {\n    cy.wrap($option).invoke('css', 'pointer-events', 'auto');\n  }\n}).click({\n  force: true\n});\n// Verificar prioridade selecionada\ncy.get('button[role=\"combobox\"]').should('contain', priority.label);\n// Preencher descrição\nconst ticketDescription = `TESTE DE AUTOMAÇÃO QA - Ticket gerado automaticamente:\n\nCategoria: ${category.nome}\nSubcategoria: ${subcategory}\nPrioridade: ${priority.label} (${priority.value})\n\nData/hora: ${new Date().toLocaleString()}\nAmbiente: ${Cypress.browser.name} ${Cypress.browser.version}\n\nPassos para reprodução:\n1. Passo 1 do teste\n2. Passo 2 do teste\n\nResultado esperado:\n- O sistema deve comportar-se conforme especificação`;\ncy.get('textarea#description').should('exist').then($textarea => {\n  const style = window.getComputedStyle($textarea[0]);\n  if (style.pointerEvents === 'none') {\n    cy.wrap($textarea).invoke('css', 'pointer-events', 'auto');\n  }\n}).clear({\n  force: true\n}).type(ticketDescription, {\n  delay: 20,\n  force: true\n});\n// Criar ticket\ncy.contains('Create Ticket').click();\ncy.contains('Novo ticket criado:', {\n  timeout: 15000\n}).should('be.visible');\n// Voltar para a lista de tickets\ncy.get('body').then($body => {\n  if ($body.find('button:contains(\"Back to tickets\")').length) {\n    cy.contains('button', 'Back to tickets').click();\n  } else if ($body.find('a:contains(\"Tickets\")').length) {\n    cy.contains('a', 'Tickets').click();\n  }\n});",
              "err": {},
              "uuid": "dbf04784-0109-4b1f-8c60-028d72afdd15",
              "parentUUID": "0dfcf6ed-1731-428d-a0aa-7478c30631ff",
              "isHook": false,
              "skipped": true
            },
            {
              "title": "Cria ticket - Users & Passwords > Multi factor authentication > 🟡 Medium",
              "fullTitle": "Autenticar Cria ticket - Users & Passwords > Multi factor authentication > 🟡 Medium",
              "timedOut": null,
              "duration": 0,
              "state": "skipped",
              "speed": null,
              "pass": false,
              "fail": false,
              "pending": false,
              "context": null,
              "code": "// Entrar em novo ticket\ncy.contains('Criar Ticket').click();\ncy.get('input[id=\"title\"]').should('be.visible');\n// Preenche título do ticket com prefixo padrão\nconst ticketTitle = `TESTE DE AUTOMAÇÃO QA - ${category.nome} > ${subcategory} > ${priority.label}`;\ncy.get('input[id=\"title\"]').type(ticketTitle);\n// Selecionar categoria\ncy.contains('button', 'Select category').click();\ncy.get('[role=\"option\"]').contains(category.nome).click();\n// Selecionar subcategoria\ncy.contains('button', 'Select subcategory (optional)').click();\ncy.get('[role=\"option\"]').contains(subcategory).click();\n// Selecionar prioridade\ncy.contains('button', 'Select priority').click();\ncy.get('[role=\"dialog\"][data-state=\"open\"]', {\n  timeout: 15000\n}).should('exist').then($dialog => {\n  if ($dialog.css('pointer-events') === 'none') {\n    cy.wrap($dialog).invoke('css', 'pointer-events', 'auto');\n  }\n});\ncy.get('[role=\"option\"]').contains(priority.label).then($option => {\n  const style = window.getComputedStyle($option[0]);\n  if (style.pointerEvents === 'none') {\n    cy.wrap($option).invoke('css', 'pointer-events', 'auto');\n  }\n}).click({\n  force: true\n});\n// Verificar prioridade selecionada\ncy.get('button[role=\"combobox\"]').should('contain', priority.label);\n// Preencher descrição\nconst ticketDescription = `TESTE DE AUTOMAÇÃO QA - Ticket gerado automaticamente:\n\nCategoria: ${category.nome}\nSubcategoria: ${subcategory}\nPrioridade: ${priority.label} (${priority.value})\n\nData/hora: ${new Date().toLocaleString()}\nAmbiente: ${Cypress.browser.name} ${Cypress.browser.version}\n\nPassos para reprodução:\n1. Passo 1 do teste\n2. Passo 2 do teste\n\nResultado esperado:\n- O sistema deve comportar-se conforme especificação`;\ncy.get('textarea#description').should('exist').then($textarea => {\n  const style = window.getComputedStyle($textarea[0]);\n  if (style.pointerEvents === 'none') {\n    cy.wrap($textarea).invoke('css', 'pointer-events', 'auto');\n  }\n}).clear({\n  force: true\n}).type(ticketDescription, {\n  delay: 20,\n  force: true\n});\n// Criar ticket\ncy.contains('Create Ticket').click();\ncy.contains('Novo ticket criado:', {\n  timeout: 15000\n}).should('be.visible');\n// Voltar para a lista de tickets\ncy.get('body').then($body => {\n  if ($body.find('button:contains(\"Back to tickets\")').length) {\n    cy.contains('button', 'Back to tickets').click();\n  } else if ($body.find('a:contains(\"Tickets\")').length) {\n    cy.contains('a', 'Tickets').click();\n  }\n});",
              "err": {},
              "uuid": "1763004e-dc5c-4856-b858-3d9395b6b8e2",
              "parentUUID": "0dfcf6ed-1731-428d-a0aa-7478c30631ff",
              "isHook": false,
              "skipped": true
            },
            {
              "title": "Cria ticket - Users & Passwords > Multi factor authentication > 🟠 High",
              "fullTitle": "Autenticar Cria ticket - Users & Passwords > Multi factor authentication > 🟠 High",
              "timedOut": null,
              "duration": 0,
              "state": "skipped",
              "speed": null,
              "pass": false,
              "fail": false,
              "pending": false,
              "context": null,
              "code": "// Entrar em novo ticket\ncy.contains('Criar Ticket').click();\ncy.get('input[id=\"title\"]').should('be.visible');\n// Preenche título do ticket com prefixo padrão\nconst ticketTitle = `TESTE DE AUTOMAÇÃO QA - ${category.nome} > ${subcategory} > ${priority.label}`;\ncy.get('input[id=\"title\"]').type(ticketTitle);\n// Selecionar categoria\ncy.contains('button', 'Select category').click();\ncy.get('[role=\"option\"]').contains(category.nome).click();\n// Selecionar subcategoria\ncy.contains('button', 'Select subcategory (optional)').click();\ncy.get('[role=\"option\"]').contains(subcategory).click();\n// Selecionar prioridade\ncy.contains('button', 'Select priority').click();\ncy.get('[role=\"dialog\"][data-state=\"open\"]', {\n  timeout: 15000\n}).should('exist').then($dialog => {\n  if ($dialog.css('pointer-events') === 'none') {\n    cy.wrap($dialog).invoke('css', 'pointer-events', 'auto');\n  }\n});\ncy.get('[role=\"option\"]').contains(priority.label).then($option => {\n  const style = window.getComputedStyle($option[0]);\n  if (style.pointerEvents === 'none') {\n    cy.wrap($option).invoke('css', 'pointer-events', 'auto');\n  }\n}).click({\n  force: true\n});\n// Verificar prioridade selecionada\ncy.get('button[role=\"combobox\"]').should('contain', priority.label);\n// Preencher descrição\nconst ticketDescription = `TESTE DE AUTOMAÇÃO QA - Ticket gerado automaticamente:\n\nCategoria: ${category.nome}\nSubcategoria: ${subcategory}\nPrioridade: ${priority.label} (${priority.value})\n\nData/hora: ${new Date().toLocaleString()}\nAmbiente: ${Cypress.browser.name} ${Cypress.browser.version}\n\nPassos para reprodução:\n1. Passo 1 do teste\n2. Passo 2 do teste\n\nResultado esperado:\n- O sistema deve comportar-se conforme especificação`;\ncy.get('textarea#description').should('exist').then($textarea => {\n  const style = window.getComputedStyle($textarea[0]);\n  if (style.pointerEvents === 'none') {\n    cy.wrap($textarea).invoke('css', 'pointer-events', 'auto');\n  }\n}).clear({\n  force: true\n}).type(ticketDescription, {\n  delay: 20,\n  force: true\n});\n// Criar ticket\ncy.contains('Create Ticket').click();\ncy.contains('Novo ticket criado:', {\n  timeout: 15000\n}).should('be.visible');\n// Voltar para a lista de tickets\ncy.get('body').then($body => {\n  if ($body.find('button:contains(\"Back to tickets\")').length) {\n    cy.contains('button', 'Back to tickets').click();\n  } else if ($body.find('a:contains(\"Tickets\")').length) {\n    cy.contains('a', 'Tickets').click();\n  }\n});",
              "err": {},
              "uuid": "e8e355c3-08ec-4956-8874-2b1e28cf9aa2",
              "parentUUID": "0dfcf6ed-1731-428d-a0aa-7478c30631ff",
              "isHook": false,
              "skipped": true
            },
            {
              "title": "Cria ticket - Users & Passwords > Multi factor authentication > 🔴 Critical",
              "fullTitle": "Autenticar Cria ticket - Users & Passwords > Multi factor authentication > 🔴 Critical",
              "timedOut": null,
              "duration": 0,
              "state": "skipped",
              "speed": null,
              "pass": false,
              "fail": false,
              "pending": false,
              "context": null,
              "code": "// Entrar em novo ticket\ncy.contains('Criar Ticket').click();\ncy.get('input[id=\"title\"]').should('be.visible');\n// Preenche título do ticket com prefixo padrão\nconst ticketTitle = `TESTE DE AUTOMAÇÃO QA - ${category.nome} > ${subcategory} > ${priority.label}`;\ncy.get('input[id=\"title\"]').type(ticketTitle);\n// Selecionar categoria\ncy.contains('button', 'Select category').click();\ncy.get('[role=\"option\"]').contains(category.nome).click();\n// Selecionar subcategoria\ncy.contains('button', 'Select subcategory (optional)').click();\ncy.get('[role=\"option\"]').contains(subcategory).click();\n// Selecionar prioridade\ncy.contains('button', 'Select priority').click();\ncy.get('[role=\"dialog\"][data-state=\"open\"]', {\n  timeout: 15000\n}).should('exist').then($dialog => {\n  if ($dialog.css('pointer-events') === 'none') {\n    cy.wrap($dialog).invoke('css', 'pointer-events', 'auto');\n  }\n});\ncy.get('[role=\"option\"]').contains(priority.label).then($option => {\n  const style = window.getComputedStyle($option[0]);\n  if (style.pointerEvents === 'none') {\n    cy.wrap($option).invoke('css', 'pointer-events', 'auto');\n  }\n}).click({\n  force: true\n});\n// Verificar prioridade selecionada\ncy.get('button[role=\"combobox\"]').should('contain', priority.label);\n// Preencher descrição\nconst ticketDescription = `TESTE DE AUTOMAÇÃO QA - Ticket gerado automaticamente:\n\nCategoria: ${category.nome}\nSubcategoria: ${subcategory}\nPrioridade: ${priority.label} (${priority.value})\n\nData/hora: ${new Date().toLocaleString()}\nAmbiente: ${Cypress.browser.name} ${Cypress.browser.version}\n\nPassos para reprodução:\n1. Passo 1 do teste\n2. Passo 2 do teste\n\nResultado esperado:\n- O sistema deve comportar-se conforme especificação`;\ncy.get('textarea#description').should('exist').then($textarea => {\n  const style = window.getComputedStyle($textarea[0]);\n  if (style.pointerEvents === 'none') {\n    cy.wrap($textarea).invoke('css', 'pointer-events', 'auto');\n  }\n}).clear({\n  force: true\n}).type(ticketDescription, {\n  delay: 20,\n  force: true\n});\n// Criar ticket\ncy.contains('Create Ticket').click();\ncy.contains('Novo ticket criado:', {\n  timeout: 15000\n}).should('be.visible');\n// Voltar para a lista de tickets\ncy.get('body').then($body => {\n  if ($body.find('button:contains(\"Back to tickets\")').length) {\n    cy.contains('button', 'Back to tickets').click();\n  } else if ($body.find('a:contains(\"Tickets\")').length) {\n    cy.contains('a', 'Tickets').click();\n  }\n});",
              "err": {},
              "uuid": "4f0bfef5-8e89-4382-a549-22c97985340b",
              "parentUUID": "0dfcf6ed-1731-428d-a0aa-7478c30631ff",
              "isHook": false,
              "skipped": true
            }
          ],
          "suites": [],
          "passes": [],
          "failures": [
            "0e07133a-6bb5-4d55-81ca-7b9356e5c961"
          ],
          "pending": [],
          "skipped": [
            "f43de50e-9a5a-4367-912c-bd3c8bb2460c",
            "9d4d1bf3-4a00-4408-844f-cd316cbeb0b1",
            "bdfccb2f-192e-44a4-b574-649ebd0ad1b3",
            "26c6acb0-6fb3-49d0-91a8-bc521cb46c83",
            "ef67b606-ef65-4c7e-88fd-ba65a97d914a",
            "d03d6b6b-33b7-4b9c-843f-3fe8f60dd952",
            "94998574-9695-4a80-9bc7-c782fda83eaa",
            "a8922fcd-1a11-4d36-9662-81a4407ca588",
            "a92cb23f-2bad-457b-a9fe-57d45fcb63e4",
            "06f11524-5619-4f51-8d18-04995140ebf5",
            "df0147b1-cd97-499d-8a30-8e9829ae08ec",
            "8339278d-0b0e-47a8-9cd3-1998c4cac52b",
            "5e7377d2-0d13-47d3-9ee5-e77fc8a9fff8",
            "61dbc18e-5d60-42b4-ba71-ad0dad1b705d",
            "775ed7b9-d04c-4990-9d4d-171e170d48d3",
            "16edc455-6540-4f2f-b430-27c08f95d385",
            "aaa61a27-969c-4adc-b0c0-758056add760",
            "9d04d7c6-db28-4b3b-8a00-0cc6bdc063b8",
            "eba85de8-d61b-4af0-b59b-f2bc777d1163",
            "57f2b5bd-e09b-40ef-b110-882ffd308a12",
            "6562746b-829c-41aa-89ac-6a66d17209b6",
            "1ece8127-19bf-4076-86cf-c5b9be5f868b",
            "4a4af149-3148-441d-be3f-34b82e2e091e",
            "165838a8-1acd-43c5-b111-78a789355f8a",
            "a8a7763b-1b02-4a5b-827a-686925059d33",
            "1362b2f7-4c0b-4aaa-a676-8892cf852603",
            "2cdd9077-be5a-4a00-a145-db440dc2b23d",
            "acca0199-3f00-483b-82d5-ecab8b751142",
            "3d7c2c97-bacd-4720-9fa2-bf57c1c0bab9",
            "c3834bf8-8177-4aae-9ac2-266c8e2c423d",
            "7b8c4808-a607-4a70-9767-9c3cad481775",
            "87635c14-03e1-43db-aca9-dc9e08b9a459",
            "fe426420-457b-4dc0-8657-fcf2be629144",
            "03e99a32-581d-42fc-baa0-0a8b8ba965f0",
            "2ce22f5d-bc93-441b-b7d3-6a7ea7ac508c",
            "b9d72856-51e3-4408-87df-daeffe4d5c61",
            "11fdd8f1-cf3a-4fd9-accf-41387f18779d",
            "82c5e10c-a4f5-427e-bbd2-984d12cad705",
            "cb95116f-a43e-41c8-8fda-2b1c9f13fb4d",
            "dbf04784-0109-4b1f-8c60-028d72afdd15",
            "1763004e-dc5c-4856-b858-3d9395b6b8e2",
            "e8e355c3-08ec-4956-8874-2b1e28cf9aa2",
            "4f0bfef5-8e89-4382-a549-22c97985340b"
          ],
          "duration": 6795,
          "root": false,
          "rootEmpty": false,
          "_timeout": 2000
        }
      ],
      "passes": [],
      "failures": [],
      "pending": [],
      "skipped": [],
      "duration": 0,
      "root": true,
      "rootEmpty": true,
      "_timeout": 2000
    }
  ],
  "meta": {
    "mocha": {
      "version": "7.2.0"
    },
    "mochawesome": {
      "options": {
        "quiet": false,
        "reportFilename": "mochawesome",
        "saveHtml": false,
        "saveJson": true,
        "consoleReporter": "spec",
        "useInlineDiffs": false,
        "code": true
      },
      "version": "7.1.3"
    },
    "marge": {
      "options": {
        "reportDir": "cypress/reports",
        "overwrite": false,
        "html": false,
        "json": true
      },
      "version": "6.2.0"
    }
  }
}