{
  "stats": {
    "suites": 1,
    "tests": 44,
    "passes": 39,
    "pending": 0,
    "failures": 5,
    "start": "2025-06-26T19:10:52.108Z",
    "end": "2025-06-26T19:24:17.726Z",
    "duration": 805618,
    "testsRegistered": 44,
    "passPercent": 88.63636363636364,
    "pendingPercent": 0,
    "other": 0,
    "hasOther": false,
    "skipped": 0,
    "hasSkipped": false
  },
  "results": [
    {
      "uuid": "98ad7110-a485-4093-a2a3-714a50074e7c",
      "title": "",
      "fullFile": "cypress/e2e/criar-ticket.cy.js",
      "file": "cypress/e2e/criar-ticket.cy.js",
      "beforeHooks": [],
      "afterHooks": [],
      "tests": [],
      "suites": [
        {
          "uuid": "6f666820-31d3-46c5-b3ae-ccc49797771a",
          "title": "Autenticar",
          "fullFile": "",
          "file": "",
          "beforeHooks": [],
          "afterHooks": [],
          "tests": [
            {
              "title": "Cria ticket - IT & Technical Support > Bug Report > 🟢 Low",
              "fullTitle": "Autenticar Cria ticket - IT & Technical Support > Bug Report > 🟢 Low",
              "timedOut": null,
              "duration": 17419,
              "state": "passed",
              "speed": "slow",
              "pass": true,
              "fail": false,
              "pending": false,
              "context": null,
              "code": "// Entrar em novo ticket\ncy.contains('Criar Ticket').click();\ncy.get('input[id=\"title\"]').should('be.visible');\n// Preenche título do ticket com prefixo padrão\nconst ticketTitle = `TESTE DE AUTOMAÇÃO QA - ${category.nome} > ${subcategory} > ${priority.label}`;\ncy.get('input[id=\"title\"]').type(ticketTitle);\n// Selecionar categoria\ncy.contains('button', 'Select category').click();\ncy.get('[role=\"option\"]').contains(category.nome).click();\n// Selecionar subcategoria\ncy.contains('button', 'Select subcategory (optional)').click();\ncy.get('[role=\"option\"]').contains(subcategory).click();\n// Selecionar prioridade\ncy.contains('button', 'Select priority').click();\ncy.get('[role=\"dialog\"][data-state=\"open\"]', {\n  timeout: 15000\n}).should('exist').then($dialog => {\n  if ($dialog.css('pointer-events') === 'none') {\n    cy.wrap($dialog).invoke('css', 'pointer-events', 'auto');\n  }\n});\ncy.get('[role=\"option\"]').contains(priority.label).then($option => {\n  const style = window.getComputedStyle($option[0]);\n  if (style.pointerEvents === 'none') {\n    cy.wrap($option).invoke('css', 'pointer-events', 'auto');\n  }\n}).click({\n  force: true\n});\n// Verificar prioridade selecionada\ncy.get('button[role=\"combobox\"]').should('contain', priority.label);\n// Preencher descrição\nconst ticketDescription = `TESTE DE AUTOMAÇÃO QA - Ticket gerado automaticamente:\n\nCategoria: ${category.nome}\nSubcategoria: ${subcategory}\nPrioridade: ${priority.label} (${priority.value})\n\nData/hora: ${new Date().toLocaleString()}\nAmbiente: ${Cypress.browser.name} ${Cypress.browser.version}\n\nPassos para reprodução:\n1. Passo 1 do teste\n2. Passo 2 do teste\n\nResultado esperado:\n- O sistema deve comportar-se conforme especificação`;\ncy.get('textarea#description').should('exist').then($textarea => {\n  const style = window.getComputedStyle($textarea[0]);\n  if (style.pointerEvents === 'none') {\n    cy.wrap($textarea).invoke('css', 'pointer-events', 'auto');\n  }\n}).clear({\n  force: true\n}).type(ticketDescription, {\n  delay: 20,\n  force: true\n});\n// Criar ticket\ncy.contains('Create Ticket').click();\ncy.contains('Novo ticket criado:', {\n  timeout: 15000\n}).should('be.visible');\n// Voltar para a lista de tickets\ncy.get('body').then($body => {\n  if ($body.find('button:contains(\"Back to tickets\")').length) {\n    cy.contains('button', 'Back to tickets').click();\n  } else if ($body.find('a:contains(\"Tickets\")').length) {\n    cy.contains('a', 'Tickets').click();\n  }\n});",
              "err": {},
              "uuid": "85358895-9559-44a0-b5bd-0955f19a338f",
              "parentUUID": "6f666820-31d3-46c5-b3ae-ccc49797771a",
              "isHook": false,
              "skipped": false
            },
            {
              "title": "Cria ticket - IT & Technical Support > Bug Report > 🟡 Medium",
              "fullTitle": "Autenticar Cria ticket - IT & Technical Support > Bug Report > 🟡 Medium",
              "timedOut": null,
              "duration": 16662,
              "state": "passed",
              "speed": "slow",
              "pass": true,
              "fail": false,
              "pending": false,
              "context": null,
              "code": "// Entrar em novo ticket\ncy.contains('Criar Ticket').click();\ncy.get('input[id=\"title\"]').should('be.visible');\n// Preenche título do ticket com prefixo padrão\nconst ticketTitle = `TESTE DE AUTOMAÇÃO QA - ${category.nome} > ${subcategory} > ${priority.label}`;\ncy.get('input[id=\"title\"]').type(ticketTitle);\n// Selecionar categoria\ncy.contains('button', 'Select category').click();\ncy.get('[role=\"option\"]').contains(category.nome).click();\n// Selecionar subcategoria\ncy.contains('button', 'Select subcategory (optional)').click();\ncy.get('[role=\"option\"]').contains(subcategory).click();\n// Selecionar prioridade\ncy.contains('button', 'Select priority').click();\ncy.get('[role=\"dialog\"][data-state=\"open\"]', {\n  timeout: 15000\n}).should('exist').then($dialog => {\n  if ($dialog.css('pointer-events') === 'none') {\n    cy.wrap($dialog).invoke('css', 'pointer-events', 'auto');\n  }\n});\ncy.get('[role=\"option\"]').contains(priority.label).then($option => {\n  const style = window.getComputedStyle($option[0]);\n  if (style.pointerEvents === 'none') {\n    cy.wrap($option).invoke('css', 'pointer-events', 'auto');\n  }\n}).click({\n  force: true\n});\n// Verificar prioridade selecionada\ncy.get('button[role=\"combobox\"]').should('contain', priority.label);\n// Preencher descrição\nconst ticketDescription = `TESTE DE AUTOMAÇÃO QA - Ticket gerado automaticamente:\n\nCategoria: ${category.nome}\nSubcategoria: ${subcategory}\nPrioridade: ${priority.label} (${priority.value})\n\nData/hora: ${new Date().toLocaleString()}\nAmbiente: ${Cypress.browser.name} ${Cypress.browser.version}\n\nPassos para reprodução:\n1. Passo 1 do teste\n2. Passo 2 do teste\n\nResultado esperado:\n- O sistema deve comportar-se conforme especificação`;\ncy.get('textarea#description').should('exist').then($textarea => {\n  const style = window.getComputedStyle($textarea[0]);\n  if (style.pointerEvents === 'none') {\n    cy.wrap($textarea).invoke('css', 'pointer-events', 'auto');\n  }\n}).clear({\n  force: true\n}).type(ticketDescription, {\n  delay: 20,\n  force: true\n});\n// Criar ticket\ncy.contains('Create Ticket').click();\ncy.contains('Novo ticket criado:', {\n  timeout: 15000\n}).should('be.visible');\n// Voltar para a lista de tickets\ncy.get('body').then($body => {\n  if ($body.find('button:contains(\"Back to tickets\")').length) {\n    cy.contains('button', 'Back to tickets').click();\n  } else if ($body.find('a:contains(\"Tickets\")').length) {\n    cy.contains('a', 'Tickets').click();\n  }\n});",
              "err": {},
              "uuid": "102f70b2-598a-45ba-a5db-c8fb556afe32",
              "parentUUID": "6f666820-31d3-46c5-b3ae-ccc49797771a",
              "isHook": false,
              "skipped": false
            },
            {
              "title": "Cria ticket - IT & Technical Support > Bug Report > 🟠 High",
              "fullTitle": "Autenticar Cria ticket - IT & Technical Support > Bug Report > 🟠 High",
              "timedOut": null,
              "duration": 16672,
              "state": "passed",
              "speed": "slow",
              "pass": true,
              "fail": false,
              "pending": false,
              "context": null,
              "code": "// Entrar em novo ticket\ncy.contains('Criar Ticket').click();\ncy.get('input[id=\"title\"]').should('be.visible');\n// Preenche título do ticket com prefixo padrão\nconst ticketTitle = `TESTE DE AUTOMAÇÃO QA - ${category.nome} > ${subcategory} > ${priority.label}`;\ncy.get('input[id=\"title\"]').type(ticketTitle);\n// Selecionar categoria\ncy.contains('button', 'Select category').click();\ncy.get('[role=\"option\"]').contains(category.nome).click();\n// Selecionar subcategoria\ncy.contains('button', 'Select subcategory (optional)').click();\ncy.get('[role=\"option\"]').contains(subcategory).click();\n// Selecionar prioridade\ncy.contains('button', 'Select priority').click();\ncy.get('[role=\"dialog\"][data-state=\"open\"]', {\n  timeout: 15000\n}).should('exist').then($dialog => {\n  if ($dialog.css('pointer-events') === 'none') {\n    cy.wrap($dialog).invoke('css', 'pointer-events', 'auto');\n  }\n});\ncy.get('[role=\"option\"]').contains(priority.label).then($option => {\n  const style = window.getComputedStyle($option[0]);\n  if (style.pointerEvents === 'none') {\n    cy.wrap($option).invoke('css', 'pointer-events', 'auto');\n  }\n}).click({\n  force: true\n});\n// Verificar prioridade selecionada\ncy.get('button[role=\"combobox\"]').should('contain', priority.label);\n// Preencher descrição\nconst ticketDescription = `TESTE DE AUTOMAÇÃO QA - Ticket gerado automaticamente:\n\nCategoria: ${category.nome}\nSubcategoria: ${subcategory}\nPrioridade: ${priority.label} (${priority.value})\n\nData/hora: ${new Date().toLocaleString()}\nAmbiente: ${Cypress.browser.name} ${Cypress.browser.version}\n\nPassos para reprodução:\n1. Passo 1 do teste\n2. Passo 2 do teste\n\nResultado esperado:\n- O sistema deve comportar-se conforme especificação`;\ncy.get('textarea#description').should('exist').then($textarea => {\n  const style = window.getComputedStyle($textarea[0]);\n  if (style.pointerEvents === 'none') {\n    cy.wrap($textarea).invoke('css', 'pointer-events', 'auto');\n  }\n}).clear({\n  force: true\n}).type(ticketDescription, {\n  delay: 20,\n  force: true\n});\n// Criar ticket\ncy.contains('Create Ticket').click();\ncy.contains('Novo ticket criado:', {\n  timeout: 15000\n}).should('be.visible');\n// Voltar para a lista de tickets\ncy.get('body').then($body => {\n  if ($body.find('button:contains(\"Back to tickets\")').length) {\n    cy.contains('button', 'Back to tickets').click();\n  } else if ($body.find('a:contains(\"Tickets\")').length) {\n    cy.contains('a', 'Tickets').click();\n  }\n});",
              "err": {},
              "uuid": "9fb1db6c-0c20-4e57-be13-f67969915b6a",
              "parentUUID": "6f666820-31d3-46c5-b3ae-ccc49797771a",
              "isHook": false,
              "skipped": false
            },
            {
              "title": "Cria ticket - IT & Technical Support > Bug Report > 🔴 Critical",
              "fullTitle": "Autenticar Cria ticket - IT & Technical Support > Bug Report > 🔴 Critical",
              "timedOut": null,
              "duration": 16316,
              "state": "passed",
              "speed": "slow",
              "pass": true,
              "fail": false,
              "pending": false,
              "context": null,
              "code": "// Entrar em novo ticket\ncy.contains('Criar Ticket').click();\ncy.get('input[id=\"title\"]').should('be.visible');\n// Preenche título do ticket com prefixo padrão\nconst ticketTitle = `TESTE DE AUTOMAÇÃO QA - ${category.nome} > ${subcategory} > ${priority.label}`;\ncy.get('input[id=\"title\"]').type(ticketTitle);\n// Selecionar categoria\ncy.contains('button', 'Select category').click();\ncy.get('[role=\"option\"]').contains(category.nome).click();\n// Selecionar subcategoria\ncy.contains('button', 'Select subcategory (optional)').click();\ncy.get('[role=\"option\"]').contains(subcategory).click();\n// Selecionar prioridade\ncy.contains('button', 'Select priority').click();\ncy.get('[role=\"dialog\"][data-state=\"open\"]', {\n  timeout: 15000\n}).should('exist').then($dialog => {\n  if ($dialog.css('pointer-events') === 'none') {\n    cy.wrap($dialog).invoke('css', 'pointer-events', 'auto');\n  }\n});\ncy.get('[role=\"option\"]').contains(priority.label).then($option => {\n  const style = window.getComputedStyle($option[0]);\n  if (style.pointerEvents === 'none') {\n    cy.wrap($option).invoke('css', 'pointer-events', 'auto');\n  }\n}).click({\n  force: true\n});\n// Verificar prioridade selecionada\ncy.get('button[role=\"combobox\"]').should('contain', priority.label);\n// Preencher descrição\nconst ticketDescription = `TESTE DE AUTOMAÇÃO QA - Ticket gerado automaticamente:\n\nCategoria: ${category.nome}\nSubcategoria: ${subcategory}\nPrioridade: ${priority.label} (${priority.value})\n\nData/hora: ${new Date().toLocaleString()}\nAmbiente: ${Cypress.browser.name} ${Cypress.browser.version}\n\nPassos para reprodução:\n1. Passo 1 do teste\n2. Passo 2 do teste\n\nResultado esperado:\n- O sistema deve comportar-se conforme especificação`;\ncy.get('textarea#description').should('exist').then($textarea => {\n  const style = window.getComputedStyle($textarea[0]);\n  if (style.pointerEvents === 'none') {\n    cy.wrap($textarea).invoke('css', 'pointer-events', 'auto');\n  }\n}).clear({\n  force: true\n}).type(ticketDescription, {\n  delay: 20,\n  force: true\n});\n// Criar ticket\ncy.contains('Create Ticket').click();\ncy.contains('Novo ticket criado:', {\n  timeout: 15000\n}).should('be.visible');\n// Voltar para a lista de tickets\ncy.get('body').then($body => {\n  if ($body.find('button:contains(\"Back to tickets\")').length) {\n    cy.contains('button', 'Back to tickets').click();\n  } else if ($body.find('a:contains(\"Tickets\")').length) {\n    cy.contains('a', 'Tickets').click();\n  }\n});",
              "err": {},
              "uuid": "e028022b-ab35-46a5-8b58-81a02630bde9",
              "parentUUID": "6f666820-31d3-46c5-b3ae-ccc49797771a",
              "isHook": false,
              "skipped": false
            },
            {
              "title": "Cria ticket - IT & Technical Support > Hardware - Desktop/Workstation > 🟢 Low",
              "fullTitle": "Autenticar Cria ticket - IT & Technical Support > Hardware - Desktop/Workstation > 🟢 Low",
              "timedOut": null,
              "duration": 16810,
              "state": "passed",
              "speed": "slow",
              "pass": true,
              "fail": false,
              "pending": false,
              "context": null,
              "code": "// Entrar em novo ticket\ncy.contains('Criar Ticket').click();\ncy.get('input[id=\"title\"]').should('be.visible');\n// Preenche título do ticket com prefixo padrão\nconst ticketTitle = `TESTE DE AUTOMAÇÃO QA - ${category.nome} > ${subcategory} > ${priority.label}`;\ncy.get('input[id=\"title\"]').type(ticketTitle);\n// Selecionar categoria\ncy.contains('button', 'Select category').click();\ncy.get('[role=\"option\"]').contains(category.nome).click();\n// Selecionar subcategoria\ncy.contains('button', 'Select subcategory (optional)').click();\ncy.get('[role=\"option\"]').contains(subcategory).click();\n// Selecionar prioridade\ncy.contains('button', 'Select priority').click();\ncy.get('[role=\"dialog\"][data-state=\"open\"]', {\n  timeout: 15000\n}).should('exist').then($dialog => {\n  if ($dialog.css('pointer-events') === 'none') {\n    cy.wrap($dialog).invoke('css', 'pointer-events', 'auto');\n  }\n});\ncy.get('[role=\"option\"]').contains(priority.label).then($option => {\n  const style = window.getComputedStyle($option[0]);\n  if (style.pointerEvents === 'none') {\n    cy.wrap($option).invoke('css', 'pointer-events', 'auto');\n  }\n}).click({\n  force: true\n});\n// Verificar prioridade selecionada\ncy.get('button[role=\"combobox\"]').should('contain', priority.label);\n// Preencher descrição\nconst ticketDescription = `TESTE DE AUTOMAÇÃO QA - Ticket gerado automaticamente:\n\nCategoria: ${category.nome}\nSubcategoria: ${subcategory}\nPrioridade: ${priority.label} (${priority.value})\n\nData/hora: ${new Date().toLocaleString()}\nAmbiente: ${Cypress.browser.name} ${Cypress.browser.version}\n\nPassos para reprodução:\n1. Passo 1 do teste\n2. Passo 2 do teste\n\nResultado esperado:\n- O sistema deve comportar-se conforme especificação`;\ncy.get('textarea#description').should('exist').then($textarea => {\n  const style = window.getComputedStyle($textarea[0]);\n  if (style.pointerEvents === 'none') {\n    cy.wrap($textarea).invoke('css', 'pointer-events', 'auto');\n  }\n}).clear({\n  force: true\n}).type(ticketDescription, {\n  delay: 20,\n  force: true\n});\n// Criar ticket\ncy.contains('Create Ticket').click();\ncy.contains('Novo ticket criado:', {\n  timeout: 15000\n}).should('be.visible');\n// Voltar para a lista de tickets\ncy.get('body').then($body => {\n  if ($body.find('button:contains(\"Back to tickets\")').length) {\n    cy.contains('button', 'Back to tickets').click();\n  } else if ($body.find('a:contains(\"Tickets\")').length) {\n    cy.contains('a', 'Tickets').click();\n  }\n});",
              "err": {},
              "uuid": "1abad9b5-18be-4789-a564-efc63a945838",
              "parentUUID": "6f666820-31d3-46c5-b3ae-ccc49797771a",
              "isHook": false,
              "skipped": false
            },
            {
              "title": "Cria ticket - IT & Technical Support > Hardware - Desktop/Workstation > 🟡 Medium",
              "fullTitle": "Autenticar Cria ticket - IT & Technical Support > Hardware - Desktop/Workstation > 🟡 Medium",
              "timedOut": null,
              "duration": 16899,
              "state": "passed",
              "speed": "slow",
              "pass": true,
              "fail": false,
              "pending": false,
              "context": null,
              "code": "// Entrar em novo ticket\ncy.contains('Criar Ticket').click();\ncy.get('input[id=\"title\"]').should('be.visible');\n// Preenche título do ticket com prefixo padrão\nconst ticketTitle = `TESTE DE AUTOMAÇÃO QA - ${category.nome} > ${subcategory} > ${priority.label}`;\ncy.get('input[id=\"title\"]').type(ticketTitle);\n// Selecionar categoria\ncy.contains('button', 'Select category').click();\ncy.get('[role=\"option\"]').contains(category.nome).click();\n// Selecionar subcategoria\ncy.contains('button', 'Select subcategory (optional)').click();\ncy.get('[role=\"option\"]').contains(subcategory).click();\n// Selecionar prioridade\ncy.contains('button', 'Select priority').click();\ncy.get('[role=\"dialog\"][data-state=\"open\"]', {\n  timeout: 15000\n}).should('exist').then($dialog => {\n  if ($dialog.css('pointer-events') === 'none') {\n    cy.wrap($dialog).invoke('css', 'pointer-events', 'auto');\n  }\n});\ncy.get('[role=\"option\"]').contains(priority.label).then($option => {\n  const style = window.getComputedStyle($option[0]);\n  if (style.pointerEvents === 'none') {\n    cy.wrap($option).invoke('css', 'pointer-events', 'auto');\n  }\n}).click({\n  force: true\n});\n// Verificar prioridade selecionada\ncy.get('button[role=\"combobox\"]').should('contain', priority.label);\n// Preencher descrição\nconst ticketDescription = `TESTE DE AUTOMAÇÃO QA - Ticket gerado automaticamente:\n\nCategoria: ${category.nome}\nSubcategoria: ${subcategory}\nPrioridade: ${priority.label} (${priority.value})\n\nData/hora: ${new Date().toLocaleString()}\nAmbiente: ${Cypress.browser.name} ${Cypress.browser.version}\n\nPassos para reprodução:\n1. Passo 1 do teste\n2. Passo 2 do teste\n\nResultado esperado:\n- O sistema deve comportar-se conforme especificação`;\ncy.get('textarea#description').should('exist').then($textarea => {\n  const style = window.getComputedStyle($textarea[0]);\n  if (style.pointerEvents === 'none') {\n    cy.wrap($textarea).invoke('css', 'pointer-events', 'auto');\n  }\n}).clear({\n  force: true\n}).type(ticketDescription, {\n  delay: 20,\n  force: true\n});\n// Criar ticket\ncy.contains('Create Ticket').click();\ncy.contains('Novo ticket criado:', {\n  timeout: 15000\n}).should('be.visible');\n// Voltar para a lista de tickets\ncy.get('body').then($body => {\n  if ($body.find('button:contains(\"Back to tickets\")').length) {\n    cy.contains('button', 'Back to tickets').click();\n  } else if ($body.find('a:contains(\"Tickets\")').length) {\n    cy.contains('a', 'Tickets').click();\n  }\n});",
              "err": {},
              "uuid": "0368d573-18ba-4a22-a315-c743c7c059f9",
              "parentUUID": "6f666820-31d3-46c5-b3ae-ccc49797771a",
              "isHook": false,
              "skipped": false
            },
            {
              "title": "Cria ticket - IT & Technical Support > Hardware - Desktop/Workstation > 🟠 High",
              "fullTitle": "Autenticar Cria ticket - IT & Technical Support > Hardware - Desktop/Workstation > 🟠 High",
              "timedOut": null,
              "duration": 17114,
              "state": "passed",
              "speed": "slow",
              "pass": true,
              "fail": false,
              "pending": false,
              "context": null,
              "code": "// Entrar em novo ticket\ncy.contains('Criar Ticket').click();\ncy.get('input[id=\"title\"]').should('be.visible');\n// Preenche título do ticket com prefixo padrão\nconst ticketTitle = `TESTE DE AUTOMAÇÃO QA - ${category.nome} > ${subcategory} > ${priority.label}`;\ncy.get('input[id=\"title\"]').type(ticketTitle);\n// Selecionar categoria\ncy.contains('button', 'Select category').click();\ncy.get('[role=\"option\"]').contains(category.nome).click();\n// Selecionar subcategoria\ncy.contains('button', 'Select subcategory (optional)').click();\ncy.get('[role=\"option\"]').contains(subcategory).click();\n// Selecionar prioridade\ncy.contains('button', 'Select priority').click();\ncy.get('[role=\"dialog\"][data-state=\"open\"]', {\n  timeout: 15000\n}).should('exist').then($dialog => {\n  if ($dialog.css('pointer-events') === 'none') {\n    cy.wrap($dialog).invoke('css', 'pointer-events', 'auto');\n  }\n});\ncy.get('[role=\"option\"]').contains(priority.label).then($option => {\n  const style = window.getComputedStyle($option[0]);\n  if (style.pointerEvents === 'none') {\n    cy.wrap($option).invoke('css', 'pointer-events', 'auto');\n  }\n}).click({\n  force: true\n});\n// Verificar prioridade selecionada\ncy.get('button[role=\"combobox\"]').should('contain', priority.label);\n// Preencher descrição\nconst ticketDescription = `TESTE DE AUTOMAÇÃO QA - Ticket gerado automaticamente:\n\nCategoria: ${category.nome}\nSubcategoria: ${subcategory}\nPrioridade: ${priority.label} (${priority.value})\n\nData/hora: ${new Date().toLocaleString()}\nAmbiente: ${Cypress.browser.name} ${Cypress.browser.version}\n\nPassos para reprodução:\n1. Passo 1 do teste\n2. Passo 2 do teste\n\nResultado esperado:\n- O sistema deve comportar-se conforme especificação`;\ncy.get('textarea#description').should('exist').then($textarea => {\n  const style = window.getComputedStyle($textarea[0]);\n  if (style.pointerEvents === 'none') {\n    cy.wrap($textarea).invoke('css', 'pointer-events', 'auto');\n  }\n}).clear({\n  force: true\n}).type(ticketDescription, {\n  delay: 20,\n  force: true\n});\n// Criar ticket\ncy.contains('Create Ticket').click();\ncy.contains('Novo ticket criado:', {\n  timeout: 15000\n}).should('be.visible');\n// Voltar para a lista de tickets\ncy.get('body').then($body => {\n  if ($body.find('button:contains(\"Back to tickets\")').length) {\n    cy.contains('button', 'Back to tickets').click();\n  } else if ($body.find('a:contains(\"Tickets\")').length) {\n    cy.contains('a', 'Tickets').click();\n  }\n});",
              "err": {},
              "uuid": "f0448a75-c1af-415c-93a7-c4a7fce57d5b",
              "parentUUID": "6f666820-31d3-46c5-b3ae-ccc49797771a",
              "isHook": false,
              "skipped": false
            },
            {
              "title": "Cria ticket - IT & Technical Support > Hardware - Desktop/Workstation > 🔴 Critical",
              "fullTitle": "Autenticar Cria ticket - IT & Technical Support > Hardware - Desktop/Workstation > 🔴 Critical",
              "timedOut": null,
              "duration": 16901,
              "state": "passed",
              "speed": "slow",
              "pass": true,
              "fail": false,
              "pending": false,
              "context": null,
              "code": "// Entrar em novo ticket\ncy.contains('Criar Ticket').click();\ncy.get('input[id=\"title\"]').should('be.visible');\n// Preenche título do ticket com prefixo padrão\nconst ticketTitle = `TESTE DE AUTOMAÇÃO QA - ${category.nome} > ${subcategory} > ${priority.label}`;\ncy.get('input[id=\"title\"]').type(ticketTitle);\n// Selecionar categoria\ncy.contains('button', 'Select category').click();\ncy.get('[role=\"option\"]').contains(category.nome).click();\n// Selecionar subcategoria\ncy.contains('button', 'Select subcategory (optional)').click();\ncy.get('[role=\"option\"]').contains(subcategory).click();\n// Selecionar prioridade\ncy.contains('button', 'Select priority').click();\ncy.get('[role=\"dialog\"][data-state=\"open\"]', {\n  timeout: 15000\n}).should('exist').then($dialog => {\n  if ($dialog.css('pointer-events') === 'none') {\n    cy.wrap($dialog).invoke('css', 'pointer-events', 'auto');\n  }\n});\ncy.get('[role=\"option\"]').contains(priority.label).then($option => {\n  const style = window.getComputedStyle($option[0]);\n  if (style.pointerEvents === 'none') {\n    cy.wrap($option).invoke('css', 'pointer-events', 'auto');\n  }\n}).click({\n  force: true\n});\n// Verificar prioridade selecionada\ncy.get('button[role=\"combobox\"]').should('contain', priority.label);\n// Preencher descrição\nconst ticketDescription = `TESTE DE AUTOMAÇÃO QA - Ticket gerado automaticamente:\n\nCategoria: ${category.nome}\nSubcategoria: ${subcategory}\nPrioridade: ${priority.label} (${priority.value})\n\nData/hora: ${new Date().toLocaleString()}\nAmbiente: ${Cypress.browser.name} ${Cypress.browser.version}\n\nPassos para reprodução:\n1. Passo 1 do teste\n2. Passo 2 do teste\n\nResultado esperado:\n- O sistema deve comportar-se conforme especificação`;\ncy.get('textarea#description').should('exist').then($textarea => {\n  const style = window.getComputedStyle($textarea[0]);\n  if (style.pointerEvents === 'none') {\n    cy.wrap($textarea).invoke('css', 'pointer-events', 'auto');\n  }\n}).clear({\n  force: true\n}).type(ticketDescription, {\n  delay: 20,\n  force: true\n});\n// Criar ticket\ncy.contains('Create Ticket').click();\ncy.contains('Novo ticket criado:', {\n  timeout: 15000\n}).should('be.visible');\n// Voltar para a lista de tickets\ncy.get('body').then($body => {\n  if ($body.find('button:contains(\"Back to tickets\")').length) {\n    cy.contains('button', 'Back to tickets').click();\n  } else if ($body.find('a:contains(\"Tickets\")').length) {\n    cy.contains('a', 'Tickets').click();\n  }\n});",
              "err": {},
              "uuid": "94027df0-33fe-4f00-85df-3c64c2fa4e8b",
              "parentUUID": "6f666820-31d3-46c5-b3ae-ccc49797771a",
              "isHook": false,
              "skipped": false
            },
            {
              "title": "Cria ticket - IT & Technical Support > Feature Request > 🟢 Low",
              "fullTitle": "Autenticar Cria ticket - IT & Technical Support > Feature Request > 🟢 Low",
              "timedOut": null,
              "duration": 17967,
              "state": "passed",
              "speed": "slow",
              "pass": true,
              "fail": false,
              "pending": false,
              "context": null,
              "code": "// Entrar em novo ticket\ncy.contains('Criar Ticket').click();\ncy.get('input[id=\"title\"]').should('be.visible');\n// Preenche título do ticket com prefixo padrão\nconst ticketTitle = `TESTE DE AUTOMAÇÃO QA - ${category.nome} > ${subcategory} > ${priority.label}`;\ncy.get('input[id=\"title\"]').type(ticketTitle);\n// Selecionar categoria\ncy.contains('button', 'Select category').click();\ncy.get('[role=\"option\"]').contains(category.nome).click();\n// Selecionar subcategoria\ncy.contains('button', 'Select subcategory (optional)').click();\ncy.get('[role=\"option\"]').contains(subcategory).click();\n// Selecionar prioridade\ncy.contains('button', 'Select priority').click();\ncy.get('[role=\"dialog\"][data-state=\"open\"]', {\n  timeout: 15000\n}).should('exist').then($dialog => {\n  if ($dialog.css('pointer-events') === 'none') {\n    cy.wrap($dialog).invoke('css', 'pointer-events', 'auto');\n  }\n});\ncy.get('[role=\"option\"]').contains(priority.label).then($option => {\n  const style = window.getComputedStyle($option[0]);\n  if (style.pointerEvents === 'none') {\n    cy.wrap($option).invoke('css', 'pointer-events', 'auto');\n  }\n}).click({\n  force: true\n});\n// Verificar prioridade selecionada\ncy.get('button[role=\"combobox\"]').should('contain', priority.label);\n// Preencher descrição\nconst ticketDescription = `TESTE DE AUTOMAÇÃO QA - Ticket gerado automaticamente:\n\nCategoria: ${category.nome}\nSubcategoria: ${subcategory}\nPrioridade: ${priority.label} (${priority.value})\n\nData/hora: ${new Date().toLocaleString()}\nAmbiente: ${Cypress.browser.name} ${Cypress.browser.version}\n\nPassos para reprodução:\n1. Passo 1 do teste\n2. Passo 2 do teste\n\nResultado esperado:\n- O sistema deve comportar-se conforme especificação`;\ncy.get('textarea#description').should('exist').then($textarea => {\n  const style = window.getComputedStyle($textarea[0]);\n  if (style.pointerEvents === 'none') {\n    cy.wrap($textarea).invoke('css', 'pointer-events', 'auto');\n  }\n}).clear({\n  force: true\n}).type(ticketDescription, {\n  delay: 20,\n  force: true\n});\n// Criar ticket\ncy.contains('Create Ticket').click();\ncy.contains('Novo ticket criado:', {\n  timeout: 15000\n}).should('be.visible');\n// Voltar para a lista de tickets\ncy.get('body').then($body => {\n  if ($body.find('button:contains(\"Back to tickets\")').length) {\n    cy.contains('button', 'Back to tickets').click();\n  } else if ($body.find('a:contains(\"Tickets\")').length) {\n    cy.contains('a', 'Tickets').click();\n  }\n});",
              "err": {},
              "uuid": "1195cca4-cac9-44cc-9a22-2e2b8ca5e31c",
              "parentUUID": "6f666820-31d3-46c5-b3ae-ccc49797771a",
              "isHook": false,
              "skipped": false
            },
            {
              "title": "Cria ticket - IT & Technical Support > Feature Request > 🟡 Medium",
              "fullTitle": "Autenticar Cria ticket - IT & Technical Support > Feature Request > 🟡 Medium",
              "timedOut": null,
              "duration": 17580,
              "state": "passed",
              "speed": "slow",
              "pass": true,
              "fail": false,
              "pending": false,
              "context": null,
              "code": "// Entrar em novo ticket\ncy.contains('Criar Ticket').click();\ncy.get('input[id=\"title\"]').should('be.visible');\n// Preenche título do ticket com prefixo padrão\nconst ticketTitle = `TESTE DE AUTOMAÇÃO QA - ${category.nome} > ${subcategory} > ${priority.label}`;\ncy.get('input[id=\"title\"]').type(ticketTitle);\n// Selecionar categoria\ncy.contains('button', 'Select category').click();\ncy.get('[role=\"option\"]').contains(category.nome).click();\n// Selecionar subcategoria\ncy.contains('button', 'Select subcategory (optional)').click();\ncy.get('[role=\"option\"]').contains(subcategory).click();\n// Selecionar prioridade\ncy.contains('button', 'Select priority').click();\ncy.get('[role=\"dialog\"][data-state=\"open\"]', {\n  timeout: 15000\n}).should('exist').then($dialog => {\n  if ($dialog.css('pointer-events') === 'none') {\n    cy.wrap($dialog).invoke('css', 'pointer-events', 'auto');\n  }\n});\ncy.get('[role=\"option\"]').contains(priority.label).then($option => {\n  const style = window.getComputedStyle($option[0]);\n  if (style.pointerEvents === 'none') {\n    cy.wrap($option).invoke('css', 'pointer-events', 'auto');\n  }\n}).click({\n  force: true\n});\n// Verificar prioridade selecionada\ncy.get('button[role=\"combobox\"]').should('contain', priority.label);\n// Preencher descrição\nconst ticketDescription = `TESTE DE AUTOMAÇÃO QA - Ticket gerado automaticamente:\n\nCategoria: ${category.nome}\nSubcategoria: ${subcategory}\nPrioridade: ${priority.label} (${priority.value})\n\nData/hora: ${new Date().toLocaleString()}\nAmbiente: ${Cypress.browser.name} ${Cypress.browser.version}\n\nPassos para reprodução:\n1. Passo 1 do teste\n2. Passo 2 do teste\n\nResultado esperado:\n- O sistema deve comportar-se conforme especificação`;\ncy.get('textarea#description').should('exist').then($textarea => {\n  const style = window.getComputedStyle($textarea[0]);\n  if (style.pointerEvents === 'none') {\n    cy.wrap($textarea).invoke('css', 'pointer-events', 'auto');\n  }\n}).clear({\n  force: true\n}).type(ticketDescription, {\n  delay: 20,\n  force: true\n});\n// Criar ticket\ncy.contains('Create Ticket').click();\ncy.contains('Novo ticket criado:', {\n  timeout: 15000\n}).should('be.visible');\n// Voltar para a lista de tickets\ncy.get('body').then($body => {\n  if ($body.find('button:contains(\"Back to tickets\")').length) {\n    cy.contains('button', 'Back to tickets').click();\n  } else if ($body.find('a:contains(\"Tickets\")').length) {\n    cy.contains('a', 'Tickets').click();\n  }\n});",
              "err": {},
              "uuid": "5aa85477-0272-4e0f-a970-cb081a874cc2",
              "parentUUID": "6f666820-31d3-46c5-b3ae-ccc49797771a",
              "isHook": false,
              "skipped": false
            },
            {
              "title": "Cria ticket - IT & Technical Support > Feature Request > 🟠 High",
              "fullTitle": "Autenticar Cria ticket - IT & Technical Support > Feature Request > 🟠 High",
              "timedOut": null,
              "duration": 16626,
              "state": "passed",
              "speed": "slow",
              "pass": true,
              "fail": false,
              "pending": false,
              "context": null,
              "code": "// Entrar em novo ticket\ncy.contains('Criar Ticket').click();\ncy.get('input[id=\"title\"]').should('be.visible');\n// Preenche título do ticket com prefixo padrão\nconst ticketTitle = `TESTE DE AUTOMAÇÃO QA - ${category.nome} > ${subcategory} > ${priority.label}`;\ncy.get('input[id=\"title\"]').type(ticketTitle);\n// Selecionar categoria\ncy.contains('button', 'Select category').click();\ncy.get('[role=\"option\"]').contains(category.nome).click();\n// Selecionar subcategoria\ncy.contains('button', 'Select subcategory (optional)').click();\ncy.get('[role=\"option\"]').contains(subcategory).click();\n// Selecionar prioridade\ncy.contains('button', 'Select priority').click();\ncy.get('[role=\"dialog\"][data-state=\"open\"]', {\n  timeout: 15000\n}).should('exist').then($dialog => {\n  if ($dialog.css('pointer-events') === 'none') {\n    cy.wrap($dialog).invoke('css', 'pointer-events', 'auto');\n  }\n});\ncy.get('[role=\"option\"]').contains(priority.label).then($option => {\n  const style = window.getComputedStyle($option[0]);\n  if (style.pointerEvents === 'none') {\n    cy.wrap($option).invoke('css', 'pointer-events', 'auto');\n  }\n}).click({\n  force: true\n});\n// Verificar prioridade selecionada\ncy.get('button[role=\"combobox\"]').should('contain', priority.label);\n// Preencher descrição\nconst ticketDescription = `TESTE DE AUTOMAÇÃO QA - Ticket gerado automaticamente:\n\nCategoria: ${category.nome}\nSubcategoria: ${subcategory}\nPrioridade: ${priority.label} (${priority.value})\n\nData/hora: ${new Date().toLocaleString()}\nAmbiente: ${Cypress.browser.name} ${Cypress.browser.version}\n\nPassos para reprodução:\n1. Passo 1 do teste\n2. Passo 2 do teste\n\nResultado esperado:\n- O sistema deve comportar-se conforme especificação`;\ncy.get('textarea#description').should('exist').then($textarea => {\n  const style = window.getComputedStyle($textarea[0]);\n  if (style.pointerEvents === 'none') {\n    cy.wrap($textarea).invoke('css', 'pointer-events', 'auto');\n  }\n}).clear({\n  force: true\n}).type(ticketDescription, {\n  delay: 20,\n  force: true\n});\n// Criar ticket\ncy.contains('Create Ticket').click();\ncy.contains('Novo ticket criado:', {\n  timeout: 15000\n}).should('be.visible');\n// Voltar para a lista de tickets\ncy.get('body').then($body => {\n  if ($body.find('button:contains(\"Back to tickets\")').length) {\n    cy.contains('button', 'Back to tickets').click();\n  } else if ($body.find('a:contains(\"Tickets\")').length) {\n    cy.contains('a', 'Tickets').click();\n  }\n});",
              "err": {},
              "uuid": "d6a5bdbe-08d6-4a1a-90d9-8e372bbe095e",
              "parentUUID": "6f666820-31d3-46c5-b3ae-ccc49797771a",
              "isHook": false,
              "skipped": false
            },
            {
              "title": "Cria ticket - IT & Technical Support > Feature Request > 🔴 Critical",
              "fullTitle": "Autenticar Cria ticket - IT & Technical Support > Feature Request > 🔴 Critical",
              "timedOut": null,
              "duration": 16553,
              "state": "passed",
              "speed": "slow",
              "pass": true,
              "fail": false,
              "pending": false,
              "context": null,
              "code": "// Entrar em novo ticket\ncy.contains('Criar Ticket').click();\ncy.get('input[id=\"title\"]').should('be.visible');\n// Preenche título do ticket com prefixo padrão\nconst ticketTitle = `TESTE DE AUTOMAÇÃO QA - ${category.nome} > ${subcategory} > ${priority.label}`;\ncy.get('input[id=\"title\"]').type(ticketTitle);\n// Selecionar categoria\ncy.contains('button', 'Select category').click();\ncy.get('[role=\"option\"]').contains(category.nome).click();\n// Selecionar subcategoria\ncy.contains('button', 'Select subcategory (optional)').click();\ncy.get('[role=\"option\"]').contains(subcategory).click();\n// Selecionar prioridade\ncy.contains('button', 'Select priority').click();\ncy.get('[role=\"dialog\"][data-state=\"open\"]', {\n  timeout: 15000\n}).should('exist').then($dialog => {\n  if ($dialog.css('pointer-events') === 'none') {\n    cy.wrap($dialog).invoke('css', 'pointer-events', 'auto');\n  }\n});\ncy.get('[role=\"option\"]').contains(priority.label).then($option => {\n  const style = window.getComputedStyle($option[0]);\n  if (style.pointerEvents === 'none') {\n    cy.wrap($option).invoke('css', 'pointer-events', 'auto');\n  }\n}).click({\n  force: true\n});\n// Verificar prioridade selecionada\ncy.get('button[role=\"combobox\"]').should('contain', priority.label);\n// Preencher descrição\nconst ticketDescription = `TESTE DE AUTOMAÇÃO QA - Ticket gerado automaticamente:\n\nCategoria: ${category.nome}\nSubcategoria: ${subcategory}\nPrioridade: ${priority.label} (${priority.value})\n\nData/hora: ${new Date().toLocaleString()}\nAmbiente: ${Cypress.browser.name} ${Cypress.browser.version}\n\nPassos para reprodução:\n1. Passo 1 do teste\n2. Passo 2 do teste\n\nResultado esperado:\n- O sistema deve comportar-se conforme especificação`;\ncy.get('textarea#description').should('exist').then($textarea => {\n  const style = window.getComputedStyle($textarea[0]);\n  if (style.pointerEvents === 'none') {\n    cy.wrap($textarea).invoke('css', 'pointer-events', 'auto');\n  }\n}).clear({\n  force: true\n}).type(ticketDescription, {\n  delay: 20,\n  force: true\n});\n// Criar ticket\ncy.contains('Create Ticket').click();\ncy.contains('Novo ticket criado:', {\n  timeout: 15000\n}).should('be.visible');\n// Voltar para a lista de tickets\ncy.get('body').then($body => {\n  if ($body.find('button:contains(\"Back to tickets\")').length) {\n    cy.contains('button', 'Back to tickets').click();\n  } else if ($body.find('a:contains(\"Tickets\")').length) {\n    cy.contains('a', 'Tickets').click();\n  }\n});",
              "err": {},
              "uuid": "53a9504a-e826-478d-88ef-3afee1d1f475",
              "parentUUID": "6f666820-31d3-46c5-b3ae-ccc49797771a",
              "isHook": false,
              "skipped": false
            },
            {
              "title": "Cria ticket - IT & Technical Support > Hardware - Laptop > 🟢 Low",
              "fullTitle": "Autenticar Cria ticket - IT & Technical Support > Hardware - Laptop > 🟢 Low",
              "timedOut": null,
              "duration": 16764,
              "state": "passed",
              "speed": "slow",
              "pass": true,
              "fail": false,
              "pending": false,
              "context": null,
              "code": "// Entrar em novo ticket\ncy.contains('Criar Ticket').click();\ncy.get('input[id=\"title\"]').should('be.visible');\n// Preenche título do ticket com prefixo padrão\nconst ticketTitle = `TESTE DE AUTOMAÇÃO QA - ${category.nome} > ${subcategory} > ${priority.label}`;\ncy.get('input[id=\"title\"]').type(ticketTitle);\n// Selecionar categoria\ncy.contains('button', 'Select category').click();\ncy.get('[role=\"option\"]').contains(category.nome).click();\n// Selecionar subcategoria\ncy.contains('button', 'Select subcategory (optional)').click();\ncy.get('[role=\"option\"]').contains(subcategory).click();\n// Selecionar prioridade\ncy.contains('button', 'Select priority').click();\ncy.get('[role=\"dialog\"][data-state=\"open\"]', {\n  timeout: 15000\n}).should('exist').then($dialog => {\n  if ($dialog.css('pointer-events') === 'none') {\n    cy.wrap($dialog).invoke('css', 'pointer-events', 'auto');\n  }\n});\ncy.get('[role=\"option\"]').contains(priority.label).then($option => {\n  const style = window.getComputedStyle($option[0]);\n  if (style.pointerEvents === 'none') {\n    cy.wrap($option).invoke('css', 'pointer-events', 'auto');\n  }\n}).click({\n  force: true\n});\n// Verificar prioridade selecionada\ncy.get('button[role=\"combobox\"]').should('contain', priority.label);\n// Preencher descrição\nconst ticketDescription = `TESTE DE AUTOMAÇÃO QA - Ticket gerado automaticamente:\n\nCategoria: ${category.nome}\nSubcategoria: ${subcategory}\nPrioridade: ${priority.label} (${priority.value})\n\nData/hora: ${new Date().toLocaleString()}\nAmbiente: ${Cypress.browser.name} ${Cypress.browser.version}\n\nPassos para reprodução:\n1. Passo 1 do teste\n2. Passo 2 do teste\n\nResultado esperado:\n- O sistema deve comportar-se conforme especificação`;\ncy.get('textarea#description').should('exist').then($textarea => {\n  const style = window.getComputedStyle($textarea[0]);\n  if (style.pointerEvents === 'none') {\n    cy.wrap($textarea).invoke('css', 'pointer-events', 'auto');\n  }\n}).clear({\n  force: true\n}).type(ticketDescription, {\n  delay: 20,\n  force: true\n});\n// Criar ticket\ncy.contains('Create Ticket').click();\ncy.contains('Novo ticket criado:', {\n  timeout: 15000\n}).should('be.visible');\n// Voltar para a lista de tickets\ncy.get('body').then($body => {\n  if ($body.find('button:contains(\"Back to tickets\")').length) {\n    cy.contains('button', 'Back to tickets').click();\n  } else if ($body.find('a:contains(\"Tickets\")').length) {\n    cy.contains('a', 'Tickets').click();\n  }\n});",
              "err": {},
              "uuid": "f8788e50-2c25-4f30-ac84-372cd9190dae",
              "parentUUID": "6f666820-31d3-46c5-b3ae-ccc49797771a",
              "isHook": false,
              "skipped": false
            },
            {
              "title": "Cria ticket - IT & Technical Support > Hardware - Laptop > 🟡 Medium",
              "fullTitle": "Autenticar Cria ticket - IT & Technical Support > Hardware - Laptop > 🟡 Medium",
              "timedOut": null,
              "duration": 17355,
              "state": "passed",
              "speed": "slow",
              "pass": true,
              "fail": false,
              "pending": false,
              "context": null,
              "code": "// Entrar em novo ticket\ncy.contains('Criar Ticket').click();\ncy.get('input[id=\"title\"]').should('be.visible');\n// Preenche título do ticket com prefixo padrão\nconst ticketTitle = `TESTE DE AUTOMAÇÃO QA - ${category.nome} > ${subcategory} > ${priority.label}`;\ncy.get('input[id=\"title\"]').type(ticketTitle);\n// Selecionar categoria\ncy.contains('button', 'Select category').click();\ncy.get('[role=\"option\"]').contains(category.nome).click();\n// Selecionar subcategoria\ncy.contains('button', 'Select subcategory (optional)').click();\ncy.get('[role=\"option\"]').contains(subcategory).click();\n// Selecionar prioridade\ncy.contains('button', 'Select priority').click();\ncy.get('[role=\"dialog\"][data-state=\"open\"]', {\n  timeout: 15000\n}).should('exist').then($dialog => {\n  if ($dialog.css('pointer-events') === 'none') {\n    cy.wrap($dialog).invoke('css', 'pointer-events', 'auto');\n  }\n});\ncy.get('[role=\"option\"]').contains(priority.label).then($option => {\n  const style = window.getComputedStyle($option[0]);\n  if (style.pointerEvents === 'none') {\n    cy.wrap($option).invoke('css', 'pointer-events', 'auto');\n  }\n}).click({\n  force: true\n});\n// Verificar prioridade selecionada\ncy.get('button[role=\"combobox\"]').should('contain', priority.label);\n// Preencher descrição\nconst ticketDescription = `TESTE DE AUTOMAÇÃO QA - Ticket gerado automaticamente:\n\nCategoria: ${category.nome}\nSubcategoria: ${subcategory}\nPrioridade: ${priority.label} (${priority.value})\n\nData/hora: ${new Date().toLocaleString()}\nAmbiente: ${Cypress.browser.name} ${Cypress.browser.version}\n\nPassos para reprodução:\n1. Passo 1 do teste\n2. Passo 2 do teste\n\nResultado esperado:\n- O sistema deve comportar-se conforme especificação`;\ncy.get('textarea#description').should('exist').then($textarea => {\n  const style = window.getComputedStyle($textarea[0]);\n  if (style.pointerEvents === 'none') {\n    cy.wrap($textarea).invoke('css', 'pointer-events', 'auto');\n  }\n}).clear({\n  force: true\n}).type(ticketDescription, {\n  delay: 20,\n  force: true\n});\n// Criar ticket\ncy.contains('Create Ticket').click();\ncy.contains('Novo ticket criado:', {\n  timeout: 15000\n}).should('be.visible');\n// Voltar para a lista de tickets\ncy.get('body').then($body => {\n  if ($body.find('button:contains(\"Back to tickets\")').length) {\n    cy.contains('button', 'Back to tickets').click();\n  } else if ($body.find('a:contains(\"Tickets\")').length) {\n    cy.contains('a', 'Tickets').click();\n  }\n});",
              "err": {},
              "uuid": "fef432bb-45c0-45c9-a04c-5710c7c6447c",
              "parentUUID": "6f666820-31d3-46c5-b3ae-ccc49797771a",
              "isHook": false,
              "skipped": false
            },
            {
              "title": "Cria ticket - IT & Technical Support > Hardware - Laptop > 🟠 High",
              "fullTitle": "Autenticar Cria ticket - IT & Technical Support > Hardware - Laptop > 🟠 High",
              "timedOut": null,
              "duration": 15901,
              "state": "passed",
              "speed": "slow",
              "pass": true,
              "fail": false,
              "pending": false,
              "context": null,
              "code": "// Entrar em novo ticket\ncy.contains('Criar Ticket').click();\ncy.get('input[id=\"title\"]').should('be.visible');\n// Preenche título do ticket com prefixo padrão\nconst ticketTitle = `TESTE DE AUTOMAÇÃO QA - ${category.nome} > ${subcategory} > ${priority.label}`;\ncy.get('input[id=\"title\"]').type(ticketTitle);\n// Selecionar categoria\ncy.contains('button', 'Select category').click();\ncy.get('[role=\"option\"]').contains(category.nome).click();\n// Selecionar subcategoria\ncy.contains('button', 'Select subcategory (optional)').click();\ncy.get('[role=\"option\"]').contains(subcategory).click();\n// Selecionar prioridade\ncy.contains('button', 'Select priority').click();\ncy.get('[role=\"dialog\"][data-state=\"open\"]', {\n  timeout: 15000\n}).should('exist').then($dialog => {\n  if ($dialog.css('pointer-events') === 'none') {\n    cy.wrap($dialog).invoke('css', 'pointer-events', 'auto');\n  }\n});\ncy.get('[role=\"option\"]').contains(priority.label).then($option => {\n  const style = window.getComputedStyle($option[0]);\n  if (style.pointerEvents === 'none') {\n    cy.wrap($option).invoke('css', 'pointer-events', 'auto');\n  }\n}).click({\n  force: true\n});\n// Verificar prioridade selecionada\ncy.get('button[role=\"combobox\"]').should('contain', priority.label);\n// Preencher descrição\nconst ticketDescription = `TESTE DE AUTOMAÇÃO QA - Ticket gerado automaticamente:\n\nCategoria: ${category.nome}\nSubcategoria: ${subcategory}\nPrioridade: ${priority.label} (${priority.value})\n\nData/hora: ${new Date().toLocaleString()}\nAmbiente: ${Cypress.browser.name} ${Cypress.browser.version}\n\nPassos para reprodução:\n1. Passo 1 do teste\n2. Passo 2 do teste\n\nResultado esperado:\n- O sistema deve comportar-se conforme especificação`;\ncy.get('textarea#description').should('exist').then($textarea => {\n  const style = window.getComputedStyle($textarea[0]);\n  if (style.pointerEvents === 'none') {\n    cy.wrap($textarea).invoke('css', 'pointer-events', 'auto');\n  }\n}).clear({\n  force: true\n}).type(ticketDescription, {\n  delay: 20,\n  force: true\n});\n// Criar ticket\ncy.contains('Create Ticket').click();\ncy.contains('Novo ticket criado:', {\n  timeout: 15000\n}).should('be.visible');\n// Voltar para a lista de tickets\ncy.get('body').then($body => {\n  if ($body.find('button:contains(\"Back to tickets\")').length) {\n    cy.contains('button', 'Back to tickets').click();\n  } else if ($body.find('a:contains(\"Tickets\")').length) {\n    cy.contains('a', 'Tickets').click();\n  }\n});",
              "err": {},
              "uuid": "36edcd63-662e-4bff-99f8-5e8b7d6f9a1a",
              "parentUUID": "6f666820-31d3-46c5-b3ae-ccc49797771a",
              "isHook": false,
              "skipped": false
            },
            {
              "title": "Cria ticket - IT & Technical Support > Hardware - Laptop > 🔴 Critical",
              "fullTitle": "Autenticar Cria ticket - IT & Technical Support > Hardware - Laptop > 🔴 Critical",
              "timedOut": null,
              "duration": 17415,
              "state": "passed",
              "speed": "slow",
              "pass": true,
              "fail": false,
              "pending": false,
              "context": null,
              "code": "// Entrar em novo ticket\ncy.contains('Criar Ticket').click();\ncy.get('input[id=\"title\"]').should('be.visible');\n// Preenche título do ticket com prefixo padrão\nconst ticketTitle = `TESTE DE AUTOMAÇÃO QA - ${category.nome} > ${subcategory} > ${priority.label}`;\ncy.get('input[id=\"title\"]').type(ticketTitle);\n// Selecionar categoria\ncy.contains('button', 'Select category').click();\ncy.get('[role=\"option\"]').contains(category.nome).click();\n// Selecionar subcategoria\ncy.contains('button', 'Select subcategory (optional)').click();\ncy.get('[role=\"option\"]').contains(subcategory).click();\n// Selecionar prioridade\ncy.contains('button', 'Select priority').click();\ncy.get('[role=\"dialog\"][data-state=\"open\"]', {\n  timeout: 15000\n}).should('exist').then($dialog => {\n  if ($dialog.css('pointer-events') === 'none') {\n    cy.wrap($dialog).invoke('css', 'pointer-events', 'auto');\n  }\n});\ncy.get('[role=\"option\"]').contains(priority.label).then($option => {\n  const style = window.getComputedStyle($option[0]);\n  if (style.pointerEvents === 'none') {\n    cy.wrap($option).invoke('css', 'pointer-events', 'auto');\n  }\n}).click({\n  force: true\n});\n// Verificar prioridade selecionada\ncy.get('button[role=\"combobox\"]').should('contain', priority.label);\n// Preencher descrição\nconst ticketDescription = `TESTE DE AUTOMAÇÃO QA - Ticket gerado automaticamente:\n\nCategoria: ${category.nome}\nSubcategoria: ${subcategory}\nPrioridade: ${priority.label} (${priority.value})\n\nData/hora: ${new Date().toLocaleString()}\nAmbiente: ${Cypress.browser.name} ${Cypress.browser.version}\n\nPassos para reprodução:\n1. Passo 1 do teste\n2. Passo 2 do teste\n\nResultado esperado:\n- O sistema deve comportar-se conforme especificação`;\ncy.get('textarea#description').should('exist').then($textarea => {\n  const style = window.getComputedStyle($textarea[0]);\n  if (style.pointerEvents === 'none') {\n    cy.wrap($textarea).invoke('css', 'pointer-events', 'auto');\n  }\n}).clear({\n  force: true\n}).type(ticketDescription, {\n  delay: 20,\n  force: true\n});\n// Criar ticket\ncy.contains('Create Ticket').click();\ncy.contains('Novo ticket criado:', {\n  timeout: 15000\n}).should('be.visible');\n// Voltar para a lista de tickets\ncy.get('body').then($body => {\n  if ($body.find('button:contains(\"Back to tickets\")').length) {\n    cy.contains('button', 'Back to tickets').click();\n  } else if ($body.find('a:contains(\"Tickets\")').length) {\n    cy.contains('a', 'Tickets').click();\n  }\n});",
              "err": {},
              "uuid": "c1ef3501-8ff6-42ce-b8b0-cae7af43db0a",
              "parentUUID": "6f666820-31d3-46c5-b3ae-ccc49797771a",
              "isHook": false,
              "skipped": false
            },
            {
              "title": "Cria ticket - IT & Technical Support > Account Issues > 🟢 Low",
              "fullTitle": "Autenticar Cria ticket - IT & Technical Support > Account Issues > 🟢 Low",
              "timedOut": null,
              "duration": 15981,
              "state": "passed",
              "speed": "slow",
              "pass": true,
              "fail": false,
              "pending": false,
              "context": null,
              "code": "// Entrar em novo ticket\ncy.contains('Criar Ticket').click();\ncy.get('input[id=\"title\"]').should('be.visible');\n// Preenche título do ticket com prefixo padrão\nconst ticketTitle = `TESTE DE AUTOMAÇÃO QA - ${category.nome} > ${subcategory} > ${priority.label}`;\ncy.get('input[id=\"title\"]').type(ticketTitle);\n// Selecionar categoria\ncy.contains('button', 'Select category').click();\ncy.get('[role=\"option\"]').contains(category.nome).click();\n// Selecionar subcategoria\ncy.contains('button', 'Select subcategory (optional)').click();\ncy.get('[role=\"option\"]').contains(subcategory).click();\n// Selecionar prioridade\ncy.contains('button', 'Select priority').click();\ncy.get('[role=\"dialog\"][data-state=\"open\"]', {\n  timeout: 15000\n}).should('exist').then($dialog => {\n  if ($dialog.css('pointer-events') === 'none') {\n    cy.wrap($dialog).invoke('css', 'pointer-events', 'auto');\n  }\n});\ncy.get('[role=\"option\"]').contains(priority.label).then($option => {\n  const style = window.getComputedStyle($option[0]);\n  if (style.pointerEvents === 'none') {\n    cy.wrap($option).invoke('css', 'pointer-events', 'auto');\n  }\n}).click({\n  force: true\n});\n// Verificar prioridade selecionada\ncy.get('button[role=\"combobox\"]').should('contain', priority.label);\n// Preencher descrição\nconst ticketDescription = `TESTE DE AUTOMAÇÃO QA - Ticket gerado automaticamente:\n\nCategoria: ${category.nome}\nSubcategoria: ${subcategory}\nPrioridade: ${priority.label} (${priority.value})\n\nData/hora: ${new Date().toLocaleString()}\nAmbiente: ${Cypress.browser.name} ${Cypress.browser.version}\n\nPassos para reprodução:\n1. Passo 1 do teste\n2. Passo 2 do teste\n\nResultado esperado:\n- O sistema deve comportar-se conforme especificação`;\ncy.get('textarea#description').should('exist').then($textarea => {\n  const style = window.getComputedStyle($textarea[0]);\n  if (style.pointerEvents === 'none') {\n    cy.wrap($textarea).invoke('css', 'pointer-events', 'auto');\n  }\n}).clear({\n  force: true\n}).type(ticketDescription, {\n  delay: 20,\n  force: true\n});\n// Criar ticket\ncy.contains('Create Ticket').click();\ncy.contains('Novo ticket criado:', {\n  timeout: 15000\n}).should('be.visible');\n// Voltar para a lista de tickets\ncy.get('body').then($body => {\n  if ($body.find('button:contains(\"Back to tickets\")').length) {\n    cy.contains('button', 'Back to tickets').click();\n  } else if ($body.find('a:contains(\"Tickets\")').length) {\n    cy.contains('a', 'Tickets').click();\n  }\n});",
              "err": {},
              "uuid": "970bcf22-4fe8-4f81-85b2-20a882f80ab1",
              "parentUUID": "6f666820-31d3-46c5-b3ae-ccc49797771a",
              "isHook": false,
              "skipped": false
            },
            {
              "title": "Cria ticket - IT & Technical Support > Account Issues > 🟡 Medium",
              "fullTitle": "Autenticar Cria ticket - IT & Technical Support > Account Issues > 🟡 Medium",
              "timedOut": null,
              "duration": 16719,
              "state": "passed",
              "speed": "slow",
              "pass": true,
              "fail": false,
              "pending": false,
              "context": null,
              "code": "// Entrar em novo ticket\ncy.contains('Criar Ticket').click();\ncy.get('input[id=\"title\"]').should('be.visible');\n// Preenche título do ticket com prefixo padrão\nconst ticketTitle = `TESTE DE AUTOMAÇÃO QA - ${category.nome} > ${subcategory} > ${priority.label}`;\ncy.get('input[id=\"title\"]').type(ticketTitle);\n// Selecionar categoria\ncy.contains('button', 'Select category').click();\ncy.get('[role=\"option\"]').contains(category.nome).click();\n// Selecionar subcategoria\ncy.contains('button', 'Select subcategory (optional)').click();\ncy.get('[role=\"option\"]').contains(subcategory).click();\n// Selecionar prioridade\ncy.contains('button', 'Select priority').click();\ncy.get('[role=\"dialog\"][data-state=\"open\"]', {\n  timeout: 15000\n}).should('exist').then($dialog => {\n  if ($dialog.css('pointer-events') === 'none') {\n    cy.wrap($dialog).invoke('css', 'pointer-events', 'auto');\n  }\n});\ncy.get('[role=\"option\"]').contains(priority.label).then($option => {\n  const style = window.getComputedStyle($option[0]);\n  if (style.pointerEvents === 'none') {\n    cy.wrap($option).invoke('css', 'pointer-events', 'auto');\n  }\n}).click({\n  force: true\n});\n// Verificar prioridade selecionada\ncy.get('button[role=\"combobox\"]').should('contain', priority.label);\n// Preencher descrição\nconst ticketDescription = `TESTE DE AUTOMAÇÃO QA - Ticket gerado automaticamente:\n\nCategoria: ${category.nome}\nSubcategoria: ${subcategory}\nPrioridade: ${priority.label} (${priority.value})\n\nData/hora: ${new Date().toLocaleString()}\nAmbiente: ${Cypress.browser.name} ${Cypress.browser.version}\n\nPassos para reprodução:\n1. Passo 1 do teste\n2. Passo 2 do teste\n\nResultado esperado:\n- O sistema deve comportar-se conforme especificação`;\ncy.get('textarea#description').should('exist').then($textarea => {\n  const style = window.getComputedStyle($textarea[0]);\n  if (style.pointerEvents === 'none') {\n    cy.wrap($textarea).invoke('css', 'pointer-events', 'auto');\n  }\n}).clear({\n  force: true\n}).type(ticketDescription, {\n  delay: 20,\n  force: true\n});\n// Criar ticket\ncy.contains('Create Ticket').click();\ncy.contains('Novo ticket criado:', {\n  timeout: 15000\n}).should('be.visible');\n// Voltar para a lista de tickets\ncy.get('body').then($body => {\n  if ($body.find('button:contains(\"Back to tickets\")').length) {\n    cy.contains('button', 'Back to tickets').click();\n  } else if ($body.find('a:contains(\"Tickets\")').length) {\n    cy.contains('a', 'Tickets').click();\n  }\n});",
              "err": {},
              "uuid": "e0782b53-8cb1-4f2d-9954-59295d6e6cef",
              "parentUUID": "6f666820-31d3-46c5-b3ae-ccc49797771a",
              "isHook": false,
              "skipped": false
            },
            {
              "title": "Cria ticket - IT & Technical Support > Account Issues > 🟠 High",
              "fullTitle": "Autenticar Cria ticket - IT & Technical Support > Account Issues > 🟠 High",
              "timedOut": null,
              "duration": 16570,
              "state": "passed",
              "speed": "slow",
              "pass": true,
              "fail": false,
              "pending": false,
              "context": null,
              "code": "// Entrar em novo ticket\ncy.contains('Criar Ticket').click();\ncy.get('input[id=\"title\"]').should('be.visible');\n// Preenche título do ticket com prefixo padrão\nconst ticketTitle = `TESTE DE AUTOMAÇÃO QA - ${category.nome} > ${subcategory} > ${priority.label}`;\ncy.get('input[id=\"title\"]').type(ticketTitle);\n// Selecionar categoria\ncy.contains('button', 'Select category').click();\ncy.get('[role=\"option\"]').contains(category.nome).click();\n// Selecionar subcategoria\ncy.contains('button', 'Select subcategory (optional)').click();\ncy.get('[role=\"option\"]').contains(subcategory).click();\n// Selecionar prioridade\ncy.contains('button', 'Select priority').click();\ncy.get('[role=\"dialog\"][data-state=\"open\"]', {\n  timeout: 15000\n}).should('exist').then($dialog => {\n  if ($dialog.css('pointer-events') === 'none') {\n    cy.wrap($dialog).invoke('css', 'pointer-events', 'auto');\n  }\n});\ncy.get('[role=\"option\"]').contains(priority.label).then($option => {\n  const style = window.getComputedStyle($option[0]);\n  if (style.pointerEvents === 'none') {\n    cy.wrap($option).invoke('css', 'pointer-events', 'auto');\n  }\n}).click({\n  force: true\n});\n// Verificar prioridade selecionada\ncy.get('button[role=\"combobox\"]').should('contain', priority.label);\n// Preencher descrição\nconst ticketDescription = `TESTE DE AUTOMAÇÃO QA - Ticket gerado automaticamente:\n\nCategoria: ${category.nome}\nSubcategoria: ${subcategory}\nPrioridade: ${priority.label} (${priority.value})\n\nData/hora: ${new Date().toLocaleString()}\nAmbiente: ${Cypress.browser.name} ${Cypress.browser.version}\n\nPassos para reprodução:\n1. Passo 1 do teste\n2. Passo 2 do teste\n\nResultado esperado:\n- O sistema deve comportar-se conforme especificação`;\ncy.get('textarea#description').should('exist').then($textarea => {\n  const style = window.getComputedStyle($textarea[0]);\n  if (style.pointerEvents === 'none') {\n    cy.wrap($textarea).invoke('css', 'pointer-events', 'auto');\n  }\n}).clear({\n  force: true\n}).type(ticketDescription, {\n  delay: 20,\n  force: true\n});\n// Criar ticket\ncy.contains('Create Ticket').click();\ncy.contains('Novo ticket criado:', {\n  timeout: 15000\n}).should('be.visible');\n// Voltar para a lista de tickets\ncy.get('body').then($body => {\n  if ($body.find('button:contains(\"Back to tickets\")').length) {\n    cy.contains('button', 'Back to tickets').click();\n  } else if ($body.find('a:contains(\"Tickets\")').length) {\n    cy.contains('a', 'Tickets').click();\n  }\n});",
              "err": {},
              "uuid": "757a22ab-d607-4f43-9dbf-324ce35970a2",
              "parentUUID": "6f666820-31d3-46c5-b3ae-ccc49797771a",
              "isHook": false,
              "skipped": false
            },
            {
              "title": "Cria ticket - IT & Technical Support > Account Issues > 🔴 Critical",
              "fullTitle": "Autenticar Cria ticket - IT & Technical Support > Account Issues > 🔴 Critical",
              "timedOut": null,
              "duration": 17246,
              "state": "passed",
              "speed": "slow",
              "pass": true,
              "fail": false,
              "pending": false,
              "context": null,
              "code": "// Entrar em novo ticket\ncy.contains('Criar Ticket').click();\ncy.get('input[id=\"title\"]').should('be.visible');\n// Preenche título do ticket com prefixo padrão\nconst ticketTitle = `TESTE DE AUTOMAÇÃO QA - ${category.nome} > ${subcategory} > ${priority.label}`;\ncy.get('input[id=\"title\"]').type(ticketTitle);\n// Selecionar categoria\ncy.contains('button', 'Select category').click();\ncy.get('[role=\"option\"]').contains(category.nome).click();\n// Selecionar subcategoria\ncy.contains('button', 'Select subcategory (optional)').click();\ncy.get('[role=\"option\"]').contains(subcategory).click();\n// Selecionar prioridade\ncy.contains('button', 'Select priority').click();\ncy.get('[role=\"dialog\"][data-state=\"open\"]', {\n  timeout: 15000\n}).should('exist').then($dialog => {\n  if ($dialog.css('pointer-events') === 'none') {\n    cy.wrap($dialog).invoke('css', 'pointer-events', 'auto');\n  }\n});\ncy.get('[role=\"option\"]').contains(priority.label).then($option => {\n  const style = window.getComputedStyle($option[0]);\n  if (style.pointerEvents === 'none') {\n    cy.wrap($option).invoke('css', 'pointer-events', 'auto');\n  }\n}).click({\n  force: true\n});\n// Verificar prioridade selecionada\ncy.get('button[role=\"combobox\"]').should('contain', priority.label);\n// Preencher descrição\nconst ticketDescription = `TESTE DE AUTOMAÇÃO QA - Ticket gerado automaticamente:\n\nCategoria: ${category.nome}\nSubcategoria: ${subcategory}\nPrioridade: ${priority.label} (${priority.value})\n\nData/hora: ${new Date().toLocaleString()}\nAmbiente: ${Cypress.browser.name} ${Cypress.browser.version}\n\nPassos para reprodução:\n1. Passo 1 do teste\n2. Passo 2 do teste\n\nResultado esperado:\n- O sistema deve comportar-se conforme especificação`;\ncy.get('textarea#description').should('exist').then($textarea => {\n  const style = window.getComputedStyle($textarea[0]);\n  if (style.pointerEvents === 'none') {\n    cy.wrap($textarea).invoke('css', 'pointer-events', 'auto');\n  }\n}).clear({\n  force: true\n}).type(ticketDescription, {\n  delay: 20,\n  force: true\n});\n// Criar ticket\ncy.contains('Create Ticket').click();\ncy.contains('Novo ticket criado:', {\n  timeout: 15000\n}).should('be.visible');\n// Voltar para a lista de tickets\ncy.get('body').then($body => {\n  if ($body.find('button:contains(\"Back to tickets\")').length) {\n    cy.contains('button', 'Back to tickets').click();\n  } else if ($body.find('a:contains(\"Tickets\")').length) {\n    cy.contains('a', 'Tickets').click();\n  }\n});",
              "err": {},
              "uuid": "752a9dfd-8267-4938-a1f3-29f96c61c019",
              "parentUUID": "6f666820-31d3-46c5-b3ae-ccc49797771a",
              "isHook": false,
              "skipped": false
            },
            {
              "title": "Cria ticket - IT & Technical Support > Hardware - Server > 🟢 Low",
              "fullTitle": "Autenticar Cria ticket - IT & Technical Support > Hardware - Server > 🟢 Low",
              "timedOut": null,
              "duration": 16958,
              "state": "passed",
              "speed": "slow",
              "pass": true,
              "fail": false,
              "pending": false,
              "context": null,
              "code": "// Entrar em novo ticket\ncy.contains('Criar Ticket').click();\ncy.get('input[id=\"title\"]').should('be.visible');\n// Preenche título do ticket com prefixo padrão\nconst ticketTitle = `TESTE DE AUTOMAÇÃO QA - ${category.nome} > ${subcategory} > ${priority.label}`;\ncy.get('input[id=\"title\"]').type(ticketTitle);\n// Selecionar categoria\ncy.contains('button', 'Select category').click();\ncy.get('[role=\"option\"]').contains(category.nome).click();\n// Selecionar subcategoria\ncy.contains('button', 'Select subcategory (optional)').click();\ncy.get('[role=\"option\"]').contains(subcategory).click();\n// Selecionar prioridade\ncy.contains('button', 'Select priority').click();\ncy.get('[role=\"dialog\"][data-state=\"open\"]', {\n  timeout: 15000\n}).should('exist').then($dialog => {\n  if ($dialog.css('pointer-events') === 'none') {\n    cy.wrap($dialog).invoke('css', 'pointer-events', 'auto');\n  }\n});\ncy.get('[role=\"option\"]').contains(priority.label).then($option => {\n  const style = window.getComputedStyle($option[0]);\n  if (style.pointerEvents === 'none') {\n    cy.wrap($option).invoke('css', 'pointer-events', 'auto');\n  }\n}).click({\n  force: true\n});\n// Verificar prioridade selecionada\ncy.get('button[role=\"combobox\"]').should('contain', priority.label);\n// Preencher descrição\nconst ticketDescription = `TESTE DE AUTOMAÇÃO QA - Ticket gerado automaticamente:\n\nCategoria: ${category.nome}\nSubcategoria: ${subcategory}\nPrioridade: ${priority.label} (${priority.value})\n\nData/hora: ${new Date().toLocaleString()}\nAmbiente: ${Cypress.browser.name} ${Cypress.browser.version}\n\nPassos para reprodução:\n1. Passo 1 do teste\n2. Passo 2 do teste\n\nResultado esperado:\n- O sistema deve comportar-se conforme especificação`;\ncy.get('textarea#description').should('exist').then($textarea => {\n  const style = window.getComputedStyle($textarea[0]);\n  if (style.pointerEvents === 'none') {\n    cy.wrap($textarea).invoke('css', 'pointer-events', 'auto');\n  }\n}).clear({\n  force: true\n}).type(ticketDescription, {\n  delay: 20,\n  force: true\n});\n// Criar ticket\ncy.contains('Create Ticket').click();\ncy.contains('Novo ticket criado:', {\n  timeout: 15000\n}).should('be.visible');\n// Voltar para a lista de tickets\ncy.get('body').then($body => {\n  if ($body.find('button:contains(\"Back to tickets\")').length) {\n    cy.contains('button', 'Back to tickets').click();\n  } else if ($body.find('a:contains(\"Tickets\")').length) {\n    cy.contains('a', 'Tickets').click();\n  }\n});",
              "err": {},
              "uuid": "c5cd7672-825e-4983-9c10-3073c9ee6a37",
              "parentUUID": "6f666820-31d3-46c5-b3ae-ccc49797771a",
              "isHook": false,
              "skipped": false
            },
            {
              "title": "Cria ticket - IT & Technical Support > Hardware - Server > 🟡 Medium",
              "fullTitle": "Autenticar Cria ticket - IT & Technical Support > Hardware - Server > 🟡 Medium",
              "timedOut": null,
              "duration": 17567,
              "state": "passed",
              "speed": "slow",
              "pass": true,
              "fail": false,
              "pending": false,
              "context": null,
              "code": "// Entrar em novo ticket\ncy.contains('Criar Ticket').click();\ncy.get('input[id=\"title\"]').should('be.visible');\n// Preenche título do ticket com prefixo padrão\nconst ticketTitle = `TESTE DE AUTOMAÇÃO QA - ${category.nome} > ${subcategory} > ${priority.label}`;\ncy.get('input[id=\"title\"]').type(ticketTitle);\n// Selecionar categoria\ncy.contains('button', 'Select category').click();\ncy.get('[role=\"option\"]').contains(category.nome).click();\n// Selecionar subcategoria\ncy.contains('button', 'Select subcategory (optional)').click();\ncy.get('[role=\"option\"]').contains(subcategory).click();\n// Selecionar prioridade\ncy.contains('button', 'Select priority').click();\ncy.get('[role=\"dialog\"][data-state=\"open\"]', {\n  timeout: 15000\n}).should('exist').then($dialog => {\n  if ($dialog.css('pointer-events') === 'none') {\n    cy.wrap($dialog).invoke('css', 'pointer-events', 'auto');\n  }\n});\ncy.get('[role=\"option\"]').contains(priority.label).then($option => {\n  const style = window.getComputedStyle($option[0]);\n  if (style.pointerEvents === 'none') {\n    cy.wrap($option).invoke('css', 'pointer-events', 'auto');\n  }\n}).click({\n  force: true\n});\n// Verificar prioridade selecionada\ncy.get('button[role=\"combobox\"]').should('contain', priority.label);\n// Preencher descrição\nconst ticketDescription = `TESTE DE AUTOMAÇÃO QA - Ticket gerado automaticamente:\n\nCategoria: ${category.nome}\nSubcategoria: ${subcategory}\nPrioridade: ${priority.label} (${priority.value})\n\nData/hora: ${new Date().toLocaleString()}\nAmbiente: ${Cypress.browser.name} ${Cypress.browser.version}\n\nPassos para reprodução:\n1. Passo 1 do teste\n2. Passo 2 do teste\n\nResultado esperado:\n- O sistema deve comportar-se conforme especificação`;\ncy.get('textarea#description').should('exist').then($textarea => {\n  const style = window.getComputedStyle($textarea[0]);\n  if (style.pointerEvents === 'none') {\n    cy.wrap($textarea).invoke('css', 'pointer-events', 'auto');\n  }\n}).clear({\n  force: true\n}).type(ticketDescription, {\n  delay: 20,\n  force: true\n});\n// Criar ticket\ncy.contains('Create Ticket').click();\ncy.contains('Novo ticket criado:', {\n  timeout: 15000\n}).should('be.visible');\n// Voltar para a lista de tickets\ncy.get('body').then($body => {\n  if ($body.find('button:contains(\"Back to tickets\")').length) {\n    cy.contains('button', 'Back to tickets').click();\n  } else if ($body.find('a:contains(\"Tickets\")').length) {\n    cy.contains('a', 'Tickets').click();\n  }\n});",
              "err": {},
              "uuid": "360fd540-2bf2-47fb-8ea1-5164e4502eac",
              "parentUUID": "6f666820-31d3-46c5-b3ae-ccc49797771a",
              "isHook": false,
              "skipped": false
            },
            {
              "title": "Cria ticket - IT & Technical Support > Hardware - Server > 🟠 High",
              "fullTitle": "Autenticar Cria ticket - IT & Technical Support > Hardware - Server > 🟠 High",
              "timedOut": null,
              "duration": 17354,
              "state": "passed",
              "speed": "slow",
              "pass": true,
              "fail": false,
              "pending": false,
              "context": null,
              "code": "// Entrar em novo ticket\ncy.contains('Criar Ticket').click();\ncy.get('input[id=\"title\"]').should('be.visible');\n// Preenche título do ticket com prefixo padrão\nconst ticketTitle = `TESTE DE AUTOMAÇÃO QA - ${category.nome} > ${subcategory} > ${priority.label}`;\ncy.get('input[id=\"title\"]').type(ticketTitle);\n// Selecionar categoria\ncy.contains('button', 'Select category').click();\ncy.get('[role=\"option\"]').contains(category.nome).click();\n// Selecionar subcategoria\ncy.contains('button', 'Select subcategory (optional)').click();\ncy.get('[role=\"option\"]').contains(subcategory).click();\n// Selecionar prioridade\ncy.contains('button', 'Select priority').click();\ncy.get('[role=\"dialog\"][data-state=\"open\"]', {\n  timeout: 15000\n}).should('exist').then($dialog => {\n  if ($dialog.css('pointer-events') === 'none') {\n    cy.wrap($dialog).invoke('css', 'pointer-events', 'auto');\n  }\n});\ncy.get('[role=\"option\"]').contains(priority.label).then($option => {\n  const style = window.getComputedStyle($option[0]);\n  if (style.pointerEvents === 'none') {\n    cy.wrap($option).invoke('css', 'pointer-events', 'auto');\n  }\n}).click({\n  force: true\n});\n// Verificar prioridade selecionada\ncy.get('button[role=\"combobox\"]').should('contain', priority.label);\n// Preencher descrição\nconst ticketDescription = `TESTE DE AUTOMAÇÃO QA - Ticket gerado automaticamente:\n\nCategoria: ${category.nome}\nSubcategoria: ${subcategory}\nPrioridade: ${priority.label} (${priority.value})\n\nData/hora: ${new Date().toLocaleString()}\nAmbiente: ${Cypress.browser.name} ${Cypress.browser.version}\n\nPassos para reprodução:\n1. Passo 1 do teste\n2. Passo 2 do teste\n\nResultado esperado:\n- O sistema deve comportar-se conforme especificação`;\ncy.get('textarea#description').should('exist').then($textarea => {\n  const style = window.getComputedStyle($textarea[0]);\n  if (style.pointerEvents === 'none') {\n    cy.wrap($textarea).invoke('css', 'pointer-events', 'auto');\n  }\n}).clear({\n  force: true\n}).type(ticketDescription, {\n  delay: 20,\n  force: true\n});\n// Criar ticket\ncy.contains('Create Ticket').click();\ncy.contains('Novo ticket criado:', {\n  timeout: 15000\n}).should('be.visible');\n// Voltar para a lista de tickets\ncy.get('body').then($body => {\n  if ($body.find('button:contains(\"Back to tickets\")').length) {\n    cy.contains('button', 'Back to tickets').click();\n  } else if ($body.find('a:contains(\"Tickets\")').length) {\n    cy.contains('a', 'Tickets').click();\n  }\n});",
              "err": {},
              "uuid": "aa8d5e50-6be5-49d0-8ee3-3c4bed053666",
              "parentUUID": "6f666820-31d3-46c5-b3ae-ccc49797771a",
              "isHook": false,
              "skipped": false
            },
            {
              "title": "Cria ticket - IT & Technical Support > Hardware - Server > 🔴 Critical",
              "fullTitle": "Autenticar Cria ticket - IT & Technical Support > Hardware - Server > 🔴 Critical",
              "timedOut": null,
              "duration": 16983,
              "state": "passed",
              "speed": "slow",
              "pass": true,
              "fail": false,
              "pending": false,
              "context": null,
              "code": "// Entrar em novo ticket\ncy.contains('Criar Ticket').click();\ncy.get('input[id=\"title\"]').should('be.visible');\n// Preenche título do ticket com prefixo padrão\nconst ticketTitle = `TESTE DE AUTOMAÇÃO QA - ${category.nome} > ${subcategory} > ${priority.label}`;\ncy.get('input[id=\"title\"]').type(ticketTitle);\n// Selecionar categoria\ncy.contains('button', 'Select category').click();\ncy.get('[role=\"option\"]').contains(category.nome).click();\n// Selecionar subcategoria\ncy.contains('button', 'Select subcategory (optional)').click();\ncy.get('[role=\"option\"]').contains(subcategory).click();\n// Selecionar prioridade\ncy.contains('button', 'Select priority').click();\ncy.get('[role=\"dialog\"][data-state=\"open\"]', {\n  timeout: 15000\n}).should('exist').then($dialog => {\n  if ($dialog.css('pointer-events') === 'none') {\n    cy.wrap($dialog).invoke('css', 'pointer-events', 'auto');\n  }\n});\ncy.get('[role=\"option\"]').contains(priority.label).then($option => {\n  const style = window.getComputedStyle($option[0]);\n  if (style.pointerEvents === 'none') {\n    cy.wrap($option).invoke('css', 'pointer-events', 'auto');\n  }\n}).click({\n  force: true\n});\n// Verificar prioridade selecionada\ncy.get('button[role=\"combobox\"]').should('contain', priority.label);\n// Preencher descrição\nconst ticketDescription = `TESTE DE AUTOMAÇÃO QA - Ticket gerado automaticamente:\n\nCategoria: ${category.nome}\nSubcategoria: ${subcategory}\nPrioridade: ${priority.label} (${priority.value})\n\nData/hora: ${new Date().toLocaleString()}\nAmbiente: ${Cypress.browser.name} ${Cypress.browser.version}\n\nPassos para reprodução:\n1. Passo 1 do teste\n2. Passo 2 do teste\n\nResultado esperado:\n- O sistema deve comportar-se conforme especificação`;\ncy.get('textarea#description').should('exist').then($textarea => {\n  const style = window.getComputedStyle($textarea[0]);\n  if (style.pointerEvents === 'none') {\n    cy.wrap($textarea).invoke('css', 'pointer-events', 'auto');\n  }\n}).clear({\n  force: true\n}).type(ticketDescription, {\n  delay: 20,\n  force: true\n});\n// Criar ticket\ncy.contains('Create Ticket').click();\ncy.contains('Novo ticket criado:', {\n  timeout: 15000\n}).should('be.visible');\n// Voltar para a lista de tickets\ncy.get('body').then($body => {\n  if ($body.find('button:contains(\"Back to tickets\")').length) {\n    cy.contains('button', 'Back to tickets').click();\n  } else if ($body.find('a:contains(\"Tickets\")').length) {\n    cy.contains('a', 'Tickets').click();\n  }\n});",
              "err": {},
              "uuid": "abc8044b-7b09-4d76-b980-bba8426ad01d",
              "parentUUID": "6f666820-31d3-46c5-b3ae-ccc49797771a",
              "isHook": false,
              "skipped": false
            },
            {
              "title": "Cria ticket - IT & Technical Support > Hardware - Printer/Scanner > 🟢 Low",
              "fullTitle": "Autenticar Cria ticket - IT & Technical Support > Hardware - Printer/Scanner > 🟢 Low",
              "timedOut": null,
              "duration": 17901,
              "state": "passed",
              "speed": "slow",
              "pass": true,
              "fail": false,
              "pending": false,
              "context": null,
[...]
              "fullTitle": "Autenticar Cria ticket - Users & Passwords > Forgot my password > 🔴 Critical",
              "timedOut": null,
              "duration": 32208,
              "state": "failed",
              "speed": null,
              "pass": false,
              "fail": true,
              "pending": false,
              "context": null,
              "code": "// Entrar em novo ticket\ncy.contains('Criar Ticket').click();\ncy.get('input[id=\"title\"]').should('be.visible');\n// Preenche título do ticket com prefixo padrão\nconst ticketTitle = `TESTE DE AUTOMAÇÃO QA - ${category.nome} > ${subcategory} > ${priority.label}`;\ncy.get('input[id=\"title\"]').type(ticketTitle);\n// Selecionar categoria\ncy.contains('button', 'Select category').click();\ncy.get('[role=\"option\"]').contains(category.nome).click();\n// Selecionar subcategoria\ncy.contains('button', 'Select subcategory (optional)').click();\ncy.get('[role=\"option\"]').contains(subcategory).click();\n// Selecionar prioridade\ncy.contains('button', 'Select priority').click();\ncy.get('[role=\"dialog\"][data-state=\"open\"]', {\n  timeout: 15000\n}).should('exist').then($dialog => {\n  if ($dialog.css('pointer-events') === 'none') {\n    cy.wrap($dialog).invoke('css', 'pointer-events', 'auto');\n  }\n});\ncy.get('[role=\"option\"]').contains(priority.label).then($option => {\n  const style = window.getComputedStyle($option[0]);\n  if (style.pointerEvents === 'none') {\n    cy.wrap($option).invoke('css', 'pointer-events', 'auto');\n  }\n}).click({\n  force: true\n});\n// Verificar prioridade selecionada\ncy.get('button[role=\"combobox\"]').should('contain', priority.label);\n// Preencher descrição\nconst ticketDescription = `TESTE DE AUTOMAÇÃO QA - Ticket gerado automaticamente:\n\nCategoria: ${category.nome}\nSubcategoria: ${subcategory}\nPrioridade: ${priority.label} (${priority.value})\n\nData/hora: ${new Date().toLocaleString()}\nAmbiente: ${Cypress.browser.name} ${Cypress.browser.version}\n\nPassos para reprodução:\n1. Passo 1 do teste\n2. Passo 2 do teste\n\nResultado esperado:\n- O sistema deve comportar-se conforme especificação`;\ncy.get('textarea#description').should('exist').then($textarea => {\n  const style = window.getComputedStyle($textarea[0]);\n  if (style.pointerEvents === 'none') {\n    cy.wrap($textarea).invoke('css', 'pointer-events', 'auto');\n  }\n}).clear({\n  force: true\n}).type(ticketDescription, {\n  delay: 20,\n  force: true\n});\n// Criar ticket\ncy.contains('Create Ticket').click();\ncy.contains('Novo ticket criado:', {\n  timeout: 15000\n}).should('be.visible');\n// Voltar para a lista de tickets\ncy.get('body').then($body => {\n  if ($body.find('button:contains(\"Back to tickets\")').length) {\n    cy.contains('button', 'Back to tickets').click();\n  } else if ($body.find('a:contains(\"Tickets\")').length) {\n    cy.contains('a', 'Tickets').click();\n  }\n});",
              "err": {
                "message": "AssertionError: Timed out retrying after 15000ms: Expected to find content: 'Novo ticket criado:' but never did.",
                "estack": "AssertionError: Timed out retrying after 15000ms: Expected to find content: 'Novo ticket criado:' but never did.\n    at Context.eval (webpack://prj_acsticket/./cypress/e2e/criar-ticket.cy.js:125:65)",
                "diff": null
              },
              "uuid": "a794fcaa-8d29-4907-9a09-dd9f5e817344",
              "parentUUID": "6f666820-31d3-46c5-b3ae-ccc49797771a",
              "isHook": false,
              "skipped": false
            },
            {
              "title": "Cria ticket - Users & Passwords > Multi factor authentication > 🟢 Low",
              "fullTitle": "Autenticar Cria ticket - Users & Passwords > Multi factor authentication > 🟢 Low",
              "timedOut": null,
              "duration": 18000,
              "state": "passed",
              "speed": "slow",
              "pass": true,
              "fail": false,
              "pending": false,
              "context": null,
              "code": "// Entrar em novo ticket\ncy.contains('Criar Ticket').click();\ncy.get('input[id=\"title\"]').should('be.visible');\n// Preenche título do ticket com prefixo padrão\nconst ticketTitle = `TESTE DE AUTOMAÇÃO QA - ${category.nome} > ${subcategory} > ${priority.label}`;\ncy.get('input[id=\"title\"]').type(ticketTitle);\n// Selecionar categoria\ncy.contains('button', 'Select category').click();\ncy.get('[role=\"option\"]').contains(category.nome).click();\n// Selecionar subcategoria\ncy.contains('button', 'Select subcategory (optional)').click();\ncy.get('[role=\"option\"]').contains(subcategory).click();\n// Selecionar prioridade\ncy.contains('button', 'Select priority').click();\ncy.get('[role=\"dialog\"][data-state=\"open\"]', {\n  timeout: 15000\n}).should('exist').then($dialog => {\n  if ($dialog.css('pointer-events') === 'none') {\n    cy.wrap($dialog).invoke('css', 'pointer-events', 'auto');\n  }\n});\ncy.get('[role=\"option\"]').contains(priority.label).then($option => {\n  const style = window.getComputedStyle($option[0]);\n  if (style.pointerEvents === 'none') {\n    cy.wrap($option).invoke('css', 'pointer-events', 'auto');\n  }\n}).click({\n  force: true\n});\n// Verificar prioridade selecionada\ncy.get('button[role=\"combobox\"]').should('contain', priority.label);\n// Preencher descrição\nconst ticketDescription = `TESTE DE AUTOMAÇÃO QA - Ticket gerado automaticamente:\n\nCategoria: ${category.nome}\nSubcategoria: ${subcategory}\nPrioridade: ${priority.label} (${priority.value})\n\nData/hora: ${new Date().toLocaleString()}\nAmbiente: ${Cypress.browser.name} ${Cypress.browser.version}\n\nPassos para reprodução:\n1. Passo 1 do teste\n2. Passo 2 do teste\n\nResultado esperado:\n- O sistema deve comportar-se conforme especificação`;\ncy.get('textarea#description').should('exist').then($textarea => {\n  const style = window.getComputedStyle($textarea[0]);\n  if (style.pointerEvents === 'none') {\n    cy.wrap($textarea).invoke('css', 'pointer-events', 'auto');\n  }\n}).clear({\n  force: true\n}).type(ticketDescription, {\n  delay: 20,\n  force: true\n});\n// Criar ticket\ncy.contains('Create Ticket').click();\ncy.contains('Novo ticket criado:', {\n  timeout: 15000\n}).should('be.visible');\n// Voltar para a lista de tickets\ncy.get('body').then($body => {\n  if ($body.find('button:contains(\"Back to tickets\")').length) {\n    cy.contains('button', 'Back to tickets').click();\n  } else if ($body.find('a:contains(\"Tickets\")').length) {\n    cy.contains('a', 'Tickets').click();\n  }\n});",
              "err": {},
              "uuid": "b803fc57-af76-4db4-b65c-102710e93e06",
              "parentUUID": "6f666820-31d3-46c5-b3ae-ccc49797771a",
              "isHook": false,
              "skipped": false
            },
            {
              "title": "Cria ticket - Users & Passwords > Multi factor authentication > 🟡 Medium",
              "fullTitle": "Autenticar Cria ticket - Users & Passwords > Multi factor authentication > 🟡 Medium",
              "timedOut": null,
              "duration": 18801,
              "state": "passed",
              "speed": "slow",
              "pass": true,
              "fail": false,
              "pending": false,
              "context": null,
              "code": "// Entrar em novo ticket\ncy.contains('Criar Ticket').click();\ncy.get('input[id=\"title\"]').should('be.visible');\n// Preenche título do ticket com prefixo padrão\nconst ticketTitle = `TESTE DE AUTOMAÇÃO QA - ${category.nome} > ${subcategory} > ${priority.label}`;\ncy.get('input[id=\"title\"]').type(ticketTitle);\n// Selecionar categoria\ncy.contains('button', 'Select category').click();\ncy.get('[role=\"option\"]').contains(category.nome).click();\n// Selecionar subcategoria\ncy.contains('button', 'Select subcategory (optional)').click();\ncy.get('[role=\"option\"]').contains(subcategory).click();\n// Selecionar prioridade\ncy.contains('button', 'Select priority').click();\ncy.get('[role=\"dialog\"][data-state=\"open\"]', {\n  timeout: 15000\n}).should('exist').then($dialog => {\n  if ($dialog.css('pointer-events') === 'none') {\n    cy.wrap($dialog).invoke('css', 'pointer-events', 'auto');\n  }\n});\ncy.get('[role=\"option\"]').contains(priority.label).then($option => {\n  const style = window.getComputedStyle($option[0]);\n  if (style.pointerEvents === 'none') {\n    cy.wrap($option).invoke('css', 'pointer-events', 'auto');\n  }\n}).click({\n  force: true\n});\n// Verificar prioridade selecionada\ncy.get('button[role=\"combobox\"]').should('contain', priority.label);\n// Preencher descrição\nconst ticketDescription = `TESTE DE AUTOMAÇÃO QA - Ticket gerado automaticamente:\n\nCategoria: ${category.nome}\nSubcategoria: ${subcategory}\nPrioridade: ${priority.label} (${priority.value})\n\nData/hora: ${new Date().toLocaleString()}\nAmbiente: ${Cypress.browser.name} ${Cypress.browser.version}\n\nPassos para reprodução:\n1. Passo 1 do teste\n2. Passo 2 do teste\n\nResultado esperado:\n- O sistema deve comportar-se conforme especificação`;\ncy.get('textarea#description').should('exist').then($textarea => {\n  const style = window.getComputedStyle($textarea[0]);\n  if (style.pointerEvents === 'none') {\n    cy.wrap($textarea).invoke('css', 'pointer-events', 'auto');\n  }\n}).clear({\n  force: true\n}).type(ticketDescription, {\n  delay: 20,\n  force: true\n});\n// Criar ticket\ncy.contains('Create Ticket').click();\ncy.contains('Novo ticket criado:', {\n  timeout: 15000\n}).should('be.visible');\n// Voltar para a lista de tickets\ncy.get('body').then($body => {\n  if ($body.find('button:contains(\"Back to tickets\")').length) {\n    cy.contains('button', 'Back to tickets').click();\n  } else if ($body.find('a:contains(\"Tickets\")').length) {\n    cy.contains('a', 'Tickets').click();\n  }\n});",
              "err": {},
              "uuid": "7be18466-62d6-49fd-b6a3-4cafc1f67d80",
              "parentUUID": "6f666820-31d3-46c5-b3ae-ccc49797771a",
              "isHook": false,
              "skipped": false
            },
            {
              "title": "Cria ticket - Users & Passwords > Multi factor authentication > 🟠 High",
              "fullTitle": "Autenticar Cria ticket - Users & Passwords > Multi factor authentication > 🟠 High",
              "timedOut": null,
              "duration": 19009,
              "state": "passed",
              "speed": "slow",
              "pass": true,
              "fail": false,
              "pending": false,
              "context": null,
              "code": "// Entrar em novo ticket\ncy.contains('Criar Ticket').click();\ncy.get('input[id=\"title\"]').should('be.visible');\n// Preenche título do ticket com prefixo padrão\nconst ticketTitle = `TESTE DE AUTOMAÇÃO QA - ${category.nome} > ${subcategory} > ${priority.label}`;\ncy.get('input[id=\"title\"]').type(ticketTitle);\n// Selecionar categoria\ncy.contains('button', 'Select category').click();\ncy.get('[role=\"option\"]').contains(category.nome).click();\n// Selecionar subcategoria\ncy.contains('button', 'Select subcategory (optional)').click();\ncy.get('[role=\"option\"]').contains(subcategory).click();\n// Selecionar prioridade\ncy.contains('button', 'Select priority').click();\ncy.get('[role=\"dialog\"][data-state=\"open\"]', {\n  timeout: 15000\n}).should('exist').then($dialog => {\n  if ($dialog.css('pointer-events') === 'none') {\n    cy.wrap($dialog).invoke('css', 'pointer-events', 'auto');\n  }\n});\ncy.get('[role=\"option\"]').contains(priority.label).then($option => {\n  const style = window.getComputedStyle($option[0]);\n  if (style.pointerEvents === 'none') {\n    cy.wrap($option).invoke('css', 'pointer-events', 'auto');\n  }\n}).click({\n  force: true\n});\n// Verificar prioridade selecionada\ncy.get('button[role=\"combobox\"]').should('contain', priority.label);\n// Preencher descrição\nconst ticketDescription = `TESTE DE AUTOMAÇÃO QA - Ticket gerado automaticamente:\n\nCategoria: ${category.nome}\nSubcategoria: ${subcategory}\nPrioridade: ${priority.label} (${priority.value})\n\nData/hora: ${new Date().toLocaleString()}\nAmbiente: ${Cypress.browser.name} ${Cypress.browser.version}\n\nPassos para reprodução:\n1. Passo 1 do teste\n2. Passo 2 do teste\n\nResultado esperado:\n- O sistema deve comportar-se conforme especificação`;\ncy.get('textarea#description').should('exist').then($textarea => {\n  const style = window.getComputedStyle($textarea[0]);\n  if (style.pointerEvents === 'none') {\n    cy.wrap($textarea).invoke('css', 'pointer-events', 'auto');\n  }\n}).clear({\n  force: true\n}).type(ticketDescription, {\n  delay: 20,\n  force: true\n});\n// Criar ticket\ncy.contains('Create Ticket').click();\ncy.contains('Novo ticket criado:', {\n  timeout: 15000\n}).should('be.visible');\n// Voltar para a lista de tickets\ncy.get('body').then($body => {\n  if ($body.find('button:contains(\"Back to tickets\")').length) {\n    cy.contains('button', 'Back to tickets').click();\n  } else if ($body.find('a:contains(\"Tickets\")').length) {\n    cy.contains('a', 'Tickets').click();\n  }\n});",
              "err": {},
              "uuid": "71b56f2d-d3c5-483b-b1f1-3d7daea8d5bc",
              "parentUUID": "6f666820-31d3-46c5-b3ae-ccc49797771a",
              "isHook": false,
              "skipped": false
            },
            {
              "title": "Cria ticket - Users & Passwords > Multi factor authentication > 🔴 Critical",
              "fullTitle": "Autenticar Cria ticket - Users & Passwords > Multi factor authentication > 🔴 Critical",
              "timedOut": null,
              "duration": 19745,
              "state": "passed",
              "speed": "slow",
              "pass": true,
              "fail": false,
              "pending": false,
              "context": null,
              "code": "// Entrar em novo ticket\ncy.contains('Criar Ticket').click();\ncy.get('input[id=\"title\"]').should('be.visible');\n// Preenche título do ticket com prefixo padrão\nconst ticketTitle = `TESTE DE AUTOMAÇÃO QA - ${category.nome} > ${subcategory} > ${priority.label}`;\ncy.get('input[id=\"title\"]').type(ticketTitle);\n// Selecionar categoria\ncy.contains('button', 'Select category').click();\ncy.get('[role=\"option\"]').contains(category.nome).click();\n// Selecionar subcategoria\ncy.contains('button', 'Select subcategory (optional)').click();\ncy.get('[role=\"option\"]').contains(subcategory).click();\n// Selecionar prioridade\ncy.contains('button', 'Select priority').click();\ncy.get('[role=\"dialog\"][data-state=\"open\"]', {\n  timeout: 15000\n}).should('exist').then($dialog => {\n  if ($dialog.css('pointer-events') === 'none') {\n    cy.wrap($dialog).invoke('css', 'pointer-events', 'auto');\n  }\n});\ncy.get('[role=\"option\"]').contains(priority.label).then($option => {\n  const style = window.getComputedStyle($option[0]);\n  if (style.pointerEvents === 'none') {\n    cy.wrap($option).invoke('css', 'pointer-events', 'auto');\n  }\n}).click({\n  force: true\n});\n// Verificar prioridade selecionada\ncy.get('button[role=\"combobox\"]').should('contain', priority.label);\n// Preencher descrição\nconst ticketDescription = `TESTE DE AUTOMAÇÃO QA - Ticket gerado automaticamente:\n\nCategoria: ${category.nome}\nSubcategoria: ${subcategory}\nPrioridade: ${priority.label} (${priority.value})\n\nData/hora: ${new Date().toLocaleString()}\nAmbiente: ${Cypress.browser.name} ${Cypress.browser.version}\n\nPassos para reprodução:\n1. Passo 1 do teste\n2. Passo 2 do teste\n\nResultado esperado:\n- O sistema deve comportar-se conforme especificação`;\ncy.get('textarea#description').should('exist').then($textarea => {\n  const style = window.getComputedStyle($textarea[0]);\n  if (style.pointerEvents === 'none') {\n    cy.wrap($textarea).invoke('css', 'pointer-events', 'auto');\n  }\n}).clear({\n  force: true\n}).type(ticketDescription, {\n  delay: 20,\n  force: true\n});\n// Criar ticket\ncy.contains('Create Ticket').click();\ncy.contains('Novo ticket criado:', {\n  timeout: 15000\n}).should('be.visible');\n// Voltar para a lista de tickets\ncy.get('body').then($body => {\n  if ($body.find('button:contains(\"Back to tickets\")').length) {\n    cy.contains('button', 'Back to tickets').click();\n  } else if ($body.find('a:contains(\"Tickets\")').length) {\n    cy.contains('a', 'Tickets').click();\n  }\n});",
              "err": {},
              "uuid": "5646e958-48d8-47e4-95f6-360a0bc093aa",
              "parentUUID": "6f666820-31d3-46c5-b3ae-ccc49797771a",
              "isHook": false,
              "skipped": false
            }
          ],
          "suites": [],
          "passes": [
            "85358895-9559-44a0-b5bd-0955f19a338f",
            "102f70b2-598a-45ba-a5db-c8fb556afe32",
            "9fb1db6c-0c20-4e57-be13-f67969915b6a",
            "e028022b-ab35-46a5-8b58-81a02630bde9",
            "1abad9b5-18be-4789-a564-efc63a945838",
            "0368d573-18ba-4a22-a315-c743c7c059f9",
            "f0448a75-c1af-415c-93a7-c4a7fce57d5b",
            "94027df0-33fe-4f00-85df-3c64c2fa4e8b",
            "1195cca4-cac9-44cc-9a22-2e2b8ca5e31c",
            "5aa85477-0272-4e0f-a970-cb081a874cc2",
            "d6a5bdbe-08d6-4a1a-90d9-8e372bbe095e",
            "53a9504a-e826-478d-88ef-3afee1d1f475",
            "f8788e50-2c25-4f30-ac84-372cd9190dae",
            "fef432bb-45c0-45c9-a04c-5710c7c6447c",
            "36edcd63-662e-4bff-99f8-5e8b7d6f9a1a",
            "c1ef3501-8ff6-42ce-b8b0-cae7af43db0a",
            "970bcf22-4fe8-4f81-85b2-20a882f80ab1",
            "e0782b53-8cb1-4f2d-9954-59295d6e6cef",
            "757a22ab-d607-4f43-9dbf-324ce35970a2",
            "752a9dfd-8267-4938-a1f3-29f96c61c019",
            "c5cd7672-825e-4983-9c10-3073c9ee6a37",
            "360fd540-2bf2-47fb-8ea1-5164e4502eac",
            "aa8d5e50-6be5-49d0-8ee3-3c4bed053666",
            "abc8044b-7b09-4d76-b980-bba8426ad01d",
            "11118b58-2e08-4dc2-b932-a382616ad48f",
            "e921963e-3571-4599-b303-8334c509dfd9",
            "86e23a25-855a-4dd2-8240-f66e72993ed0",
            "b06199fc-740c-486c-9758-7a8f5b6fd1f6",
            "31c04b2c-2d8f-4ab7-b3c4-75eb5b0faf30",
            "de76bb48-a813-4873-ba1e-28a0c7adf643",
            "ed2d7b3a-0559-4b37-9a6b-9d4cee6a00e8",
            "5f27628d-75dc-49d1-a029-3176c3592350",
            "0ef6ab9d-6215-49e9-989b-8e0396956ea1",
            "718e05aa-3a14-46b0-9852-6aeafe0f6233",
            "e70eb369-b219-47f9-af10-4fc8691058ff",
            "b803fc57-af76-4db4-b65c-102710e93e06",
            "7be18466-62d6-49fd-b6a3-4cafc1f67d80",
            "71b56f2d-d3c5-483b-b1f1-3d7daea8d5bc",
            "5646e958-48d8-47e4-95f6-360a0bc093aa"
          ],
          "failures": [
            "406490e4-0859-4c6f-8311-5bade866bfcb",
            "e7538f59-148c-4f34-8286-5eca29740f99",
            "6dd82cba-d94e-4355-babf-57a8d21c457d",
            "5d45b6a1-87f2-4d67-9924-be58cac27870",
            "a794fcaa-8d29-4907-9a09-dd9f5e817344"
          ],
          "pending": [],
          "skipped": [],
          "duration": 799152,
          "root": false,
          "rootEmpty": false,
          "_timeout": 2000
        }
      ],
      "passes": [],
      "failures": [],
      "pending": [],
      "skipped": [],
      "duration": 0,
      "root": true,
      "rootEmpty": true,
      "_timeout": 2000
    }
  ],
  "meta": {
    "mocha": {
      "version": "7.2.0"
    },
    "mochawesome": {
      "options": {
        "quiet": false,
        "reportFilename": "mochawesome",
        "saveHtml": false,
        "saveJson": true,
        "consoleReporter": "spec",
        "useInlineDiffs": false,
        "code": true
      },
      "version": "7.1.3"
    },
    "marge": {
      "options": {
        "reportDir": "cypress/reports",
        "overwrite": false,
        "html": false,
        "json": true
      },
      "version": "6.2.0"
    }
  }
}