{
  "stats": {
    "suites": 1,
    "tests": 1,
    "passes": 1,
    "pending": 0,
    "failures": 0,
    "start": "2025-06-20T14:13:07.536Z",
    "end": "2025-06-20T14:13:10.723Z",
    "duration": 3187,
    "testsRegistered": 1,
    "passPercent": 100,
    "pendingPercent": 0,
    "other": 0,
    "hasOther": false,
    "skipped": 0,
    "hasSkipped": false
  },
  "results": [
    {
      "uuid": "bb054427-eb98-490c-8556-0437fa8ad365",
      "title": "",
      "fullFile": "cypress/e2e/login.cy.js",
      "file": "cypress/e2e/login.cy.js",
      "beforeHooks": [],
      "afterHooks": [],
      "tests": [],
      "suites": [
        {
          "uuid": "a3f313fb-20c4-4643-8cdd-8be5c208ca85",
          "title": "Teste de Login no ACS Ticket",
          "fullFile": "",
          "file": "",
          "beforeHooks": [],
          "afterHooks": [],
          "tests": [
            {
              "title": "Deve fazer login com sucesso",
              "fullTitle": "Teste de Login no ACS Ticket Deve fazer login com sucesso",
              "timedOut": null,
              "duration": 3153,
              "state": "passed",
              "speed": "fast",
              "pass": true,
              "fail": false,
              "pending": false,
              "context": null,
              "code": "// Acessa a página de login\ncy.visit('/login'); // ou '/' se já cair direto na tela de login\ncy.wait(1000); // espera 1 segundo antes de continuar\n// Preenche o e-mail e a senha\ncy.get('input[type=\"email\"]').type('felipe.henrique@analytichem.com');\ncy.get('input[type=\"password\"]').type('iTsFKSSS.2025*');\n// Clica no botão de login\ncy.contains('button', 'Entrar').click();\n// Valida se foi redirecionado para o dashboard ou se há algum elemento pós-login\ncy.contains('Dashboard & Analytics').should('be.visible'); // validar se esta na tela o texto",
              "err": {},
              "uuid": "c2977eab-54e3-4f25-8571-85da5ffcc08a",
              "parentUUID": "a3f313fb-20c4-4643-8cdd-8be5c208ca85",
              "isHook": false,
              "skipped": false
            }
          ],
          "suites": [],
          "passes": [
            "c2977eab-54e3-4f25-8571-85da5ffcc08a"
          ],
          "failures": [],
          "pending": [],
          "skipped": [],
          "duration": 3153,
          "root": false,
          "rootEmpty": false,
          "_timeout": 2000
        }
      ],
      "passes": [],
      "failures": [],
      "pending": [],
      "skipped": [],
      "duration": 0,
      "root": true,
      "rootEmpty": true,
      "_timeout": 2000
    }
  ],
  "meta": {
    "mocha": {
      "version": "7.2.0"
    },
    "mochawesome": {
      "options": {
        "quiet": false,
        "reportFilename": "mochawesome",
        "saveHtml": false,
        "saveJson": true,
        "consoleReporter": "spec",
        "useInlineDiffs": false,
        "code": true
      },
      "version": "7.1.3"
    },
    "marge": {
      "options": {
        "reportDir": "cypress/reports",
        "overwrite": false,
        "html": false,
        "json": true
      },
      "version": "6.2.0"
    }
  }
}