{
  "stats": {
    "suites": 1,
    "tests": 3,
    "passes": 2,
    "pending": 0,
    "failures": 1,
    "start": "2025-06-26T19:02:51.896Z",
    "end": "2025-06-26T19:03:27.293Z",
    "duration": 35397,
    "testsRegistered": 3,
    "passPercent": 66.66666666666666,
    "pendingPercent": 0,
    "other": 0,
    "hasOther": false,
    "skipped": 0,
    "hasSkipped": false
  },
  "results": [
    {
      "uuid": "128fb68b-62a7-4889-ae34-dc37db1b9469",
      "title": "",
      "fullFile": "cypress/e2e/area-cliente.cy.js",
      "file": "cypress/e2e/area-cliente.cy.js",
      "beforeHooks": [],
      "afterHooks": [],
      "tests": [],
      "suites": [
        {
          "uuid": "1215c296-62e4-4d25-8e7b-67749d6e6d07",
          "title": "Menu do Usuário - Perfil e Logout",
          "fullFile": "",
          "file": "",
          "beforeHooks": [],
          "afterHooks": [],
          "tests": [
            {
              "title": "Deve acessar o My Profile",
              "fullTitle": "Menu do Usuário - Perfil e Logout Deve acessar o My Profile",
              "timedOut": null,
              "duration": 28516,
              "state": "failed",
              "speed": null,
              "pass": false,
              "fail": true,
              "pending": false,
              "context": null,
              "code": "// Abre o menu de usuário (clicando na imagem/avatar)\ncy.get('#radix-\\\\:rf\\\\:').click();\n// Clica em \"My Profile\"\ncy.contains('Profile').click();\n// Verifica se a URL ou algum conteúdo da página de perfil foi carregado\ncy.url().should('include', '/profile');\ncy.wait(6000); // espera 1 segundo antes de continuar\ncy.contains('Informações Pessoais').should('exist');",
              "err": {
                "message": "AssertionError: Timed out retrying after 20000ms: Expected to find content: 'Informações Pessoais' but never did.",
                "estack": "AssertionError: Timed out retrying after 20000ms: Expected to find content: 'Informações Pessoais' but never did.\n    at Context.eval (webpack://prj_acsticket/./cypress/e2e/area-cliente.cy.js:27:40)",
                "diff": null
              },
              "uuid": "b1b2e51c-ecf4-4b0b-bcec-7b95ab72e173",
              "parentUUID": "1215c296-62e4-4d25-8e7b-67749d6e6d07",
              "isHook": false,
              "skipped": false
            },
            {
              "title": "Deve acessar Settings",
              "fullTitle": "Menu do Usuário - Perfil e Logout Deve acessar Settings",
              "timedOut": null,
              "duration": 3309,
              "state": "passed",
              "speed": "fast",
              "pass": true,
              "fail": false,
              "pending": false,
              "context": null,
              "code": "cy.get('#radix-\\\\:rf\\\\:').click();\ncy.wait(1000); // espera 1 segundo antes de continuar\ncy.contains('Settings').click();\ncy.url().should('include', '/settings');",
              "err": {},
              "uuid": "a7f90974-ca90-4c4c-93b1-e455684434e7",
              "parentUUID": "1215c296-62e4-4d25-8e7b-67749d6e6d07",
              "isHook": false,
              "skipped": false
            },
            {
              "title": "Deve realizar Logout com sucesso",
              "fullTitle": "Menu do Usuário - Perfil e Logout Deve realizar Logout com sucesso",
              "timedOut": null,
              "duration": 3317,
              "state": "passed",
              "speed": "fast",
              "pass": true,
              "fail": false,
              "pending": false,
              "context": null,
              "code": "cy.get('#radix-\\\\:rf\\\\:').click();\ncy.wait(1000); // espera 1 segundo antes de continuar\ncy.contains('Log out').click();\n// cy.wait(6000) // espera 1 segundo antes de continuar\ncy.url().should('include', '/login');",
              "err": {},
              "uuid": "9d74af8d-4a3f-4aef-ae8b-59660b5ee128",
              "parentUUID": "1215c296-62e4-4d25-8e7b-67749d6e6d07",
              "isHook": false,
              "skipped": false
            }
          ],
          "suites": [],
          "passes": [
            "a7f90974-ca90-4c4c-93b1-e455684434e7",
            "9d74af8d-4a3f-4aef-ae8b-59660b5ee128"
          ],
          "failures": [
            "b1b2e51c-ecf4-4b0b-bcec-7b95ab72e173"
          ],
          "pending": [],
          "skipped": [],
          "duration": 35142,
          "root": false,
          "rootEmpty": false,
          "_timeout": 2000
        }
      ],
      "passes": [],
      "failures": [],
      "pending": [],
      "skipped": [],
      "duration": 0,
      "root": true,
      "rootEmpty": true,
      "_timeout": 2000
    }
  ],
  "meta": {
    "mocha": {
      "version": "7.2.0"
    },
    "mochawesome": {
      "options": {
        "quiet": false,
        "reportFilename": "mochawesome",
        "saveHtml": false,
        "saveJson": true,
        "consoleReporter": "spec",
        "useInlineDiffs": false,
        "code": true
      },
      "version": "7.1.3"
    },
    "marge": {
      "options": {
        "reportDir": "cypress/reports",
        "overwrite": false,
        "html": false,
        "json": true
      },
      "version": "6.2.0"
    }
  }
}