{
  "stats": {
    "suites": 1,
    "tests": 1,
    "passes": 0,
    "pending": 0,
    "failures": 1,
    "start": "2025-06-26T18:14:47.737Z",
    "end": "2025-06-26T18:14:55.307Z",
    "duration": 7570,
    "testsRegistered": 2,
    "passPercent": 0,
    "pendingPercent": 0,
    "other": 0,
    "hasOther": false,
    "skipped": 1,
    "hasSkipped": true
  },
  "results": [
    {
      "uuid": "86c37f3a-2090-4b8f-8894-fd93bff7e813",
      "title": "",
      "fullFile": "cypress/e2e/visualizar-ticket.cy.js",
      "file": "cypress/e2e/visualizar-ticket.cy.js",
      "beforeHooks": [],
      "afterHooks": [],
      "tests": [],
      "suites": [
        {
          "uuid": "8e55d6f2-bc21-4457-9e05-cb944b25e27a",
          "title": "Autenticar",
          "fullFile": "",
          "file": "",
          "beforeHooks": [],
          "afterHooks": [],
          "tests": [
            {
              "title": "Deve navegar para Tickets Abertos",
              "fullTitle": "Autenticar Deve navegar para Tickets Abertos",
              "timedOut": null,
              "duration": 7291,
              "state": "failed",
              "speed": null,
              "pass": false,
              "fail": true,
              "pending": false,
              "context": null,
              "code": "cy.contains('Tickets Não Atribuídos').click();\ncy.contains('Expand').should('be.visible');\ncy.contains('Aberto').should('be.visible');\ncy.contains('button', 'Ver detalhes').click();",
              "err": {
                "message": "AssertionError: Timed out retrying after 4000ms: Expected to find content: 'EN' within the selector: 'button' but never did.\n\nBecause this error occurred during a `before each` hook we are skipping the remaining tests in the current suite: `Autenticar`",
                "estack": "AssertionError: Timed out retrying after 4000ms: Expected to find content: 'EN' within the selector: 'button' but never did.\n\nBecause this error occurred during a `before each` hook we are skipping the remaining tests in the current suite: `Autenticar`\n    at Context.eval (webpack://prj_acsticket/./cypress/e2e/visualizar-ticket.cy.js:13:7)",
                "diff": null
              },
              "uuid": "561192c8-01ad-4dbc-a17e-cc8f383a3974",
              "parentUUID": "8e55d6f2-bc21-4457-9e05-cb944b25e27a",
              "isHook": false,
              "skipped": false
            },
            {
              "title": "Vsualizar detalhes do Ticket criado",
              "fullTitle": "Autenticar Vsualizar detalhes do Ticket criado",
              "timedOut": null,
              "duration": 0,
              "state": "skipped",
              "speed": null,
              "pass": false,
              "fail": false,
              "pending": false,
              "context": null,
              "code": "cy.contains('Transferir Ticket').should('be.visible');",
              "err": {},
              "uuid": "40468a04-5673-4cd0-a464-460cdc7cf7bc",
              "parentUUID": "8e55d6f2-bc21-4457-9e05-cb944b25e27a",
              "isHook": false,
              "skipped": true
            }
          ],
          "suites": [],
          "passes": [],
          "failures": [
            "561192c8-01ad-4dbc-a17e-cc8f383a3974"
          ],
          "pending": [],
          "skipped": [
            "40468a04-5673-4cd0-a464-460cdc7cf7bc"
          ],
          "duration": 7291,
          "root": false,
          "rootEmpty": false,
          "_timeout": 2000
        }
      ],
      "passes": [],
      "failures": [],
      "pending": [],
      "skipped": [],
      "duration": 0,
      "root": true,
      "rootEmpty": true,
      "_timeout": 2000
    }
  ],
  "meta": {
    "mocha": {
      "version": "7.2.0"
    },
    "mochawesome": {
      "options": {
        "quiet": false,
        "reportFilename": "mochawesome",
        "saveHtml": false,
        "saveJson": true,
        "consoleReporter": "spec",
        "useInlineDiffs": false,
        "code": true
      },
      "version": "7.1.3"
    },
    "marge": {
      "options": {
        "reportDir": "cypress/reports",
        "overwrite": false,
        "html": false,
        "json": true
      },
      "version": "6.2.0"
    }
  }
}