{
  "stats": {
    "suites": 1,
    "tests": 1,
    "passes": 0,
    "pending": 0,
    "failures": 1,
    "start": "2025-06-20T19:17:18.446Z",
    "end": "2025-06-20T19:17:25.195Z",
    "duration": 6749,
    "testsRegistered": 4,
    "passPercent": 0,
    "pendingPercent": 0,
    "other": 0,
    "hasOther": false,
    "skipped": 3,
    "hasSkipped": true
  },
  "results": [
    {
      "uuid": "afc3543b-14cb-4b67-bb9f-925c52c2f281",
      "title": "",
      "fullFile": "cypress/e2e/home-principal.cy.js",
      "file": "cypress/e2e/home-principal.cy.js",
      "beforeHooks": [],
      "afterHooks": [],
      "tests": [],
      "suites": [
        {
          "uuid": "2a1ec667-fa4a-40e1-9376-d0d1b5e28dbf",
          "title": "Visualizar os Dashboards após Login",
          "fullFile": "",
          "file": "",
          "beforeHooks": [],
          "afterHooks": [],
          "tests": [
            {
              "title": "Deve exibir as métricas principais",
              "fullTitle": "Visualizar os Dashboards após Login Deve exibir as métricas principais",
              "timedOut": null,
              "duration": 6710,
              "state": "failed",
              "speed": null,
              "pass": false,
              "fail": true,
              "pending": false,
              "context": null,
              "code": "cy.contains('Total de Chamados').should('exist');\ncy.contains('Agentes Ativos').should('exist');\ncy.contains('SLA Cumprido').should('exist');",
              "err": {
                "message": "AssertionError: Timed out retrying after 4000ms: Expected to find content: 'EN' within the selector: 'button' but never did.\n\nBecause this error occurred during a `before each` hook we are skipping the remaining tests in the current suite: `Visualizar os Dashboards ap...`",
                "estack": "AssertionError: Timed out retrying after 4000ms: Expected to find content: 'EN' within the selector: 'button' but never did.\n\nBecause this error occurred during a `before each` hook we are skipping the remaining tests in the current suite: `Visualizar os Dashboards ap...`\n    at Context.eval (webpack://prj_acsticket/./cypress/e2e/home-principal.cy.js:14:7)",
                "diff": null
              },
              "uuid": "47c73702-9626-4994-bec3-00849e02faf2",
              "parentUUID": "2a1ec667-fa4a-40e1-9376-d0d1b5e28dbf",
              "isHook": false,
              "skipped": false
            },
            {
              "title": "Deve navegar para Tickets Abertos",
              "fullTitle": "Visualizar os Dashboards após Login Deve navegar para Tickets Abertos",
              "timedOut": null,
              "duration": 0,
              "state": "skipped",
              "speed": null,
              "pass": false,
              "fail": false,
              "pending": false,
              "context": null,
              "code": "cy.contains('Tickets Abertos').click();\ncy.contains('Open Tickets').should('be.visible');",
              "err": {},
              "uuid": "1efa40ec-5911-4a3d-9cbb-5ec013aa8ccc",
              "parentUUID": "2a1ec667-fa4a-40e1-9376-d0d1b5e28dbf",
              "isHook": false,
              "skipped": true
            },
            {
              "title": "Deve clicar em + Criar Ticket",
              "fullTitle": "Visualizar os Dashboards após Login Deve clicar em + Criar Ticket",
              "timedOut": null,
              "duration": 0,
              "state": "skipped",
              "speed": null,
              "pass": false,
              "fail": false,
              "pending": false,
              "context": null,
              "code": "cy.wait(1000); // espera 1 segundo antes de continuar\ncy.contains('Criar Ticket').click();\ncy.wait(1000); // espera 1 segundo antes de continuar\ncy.get('input[id=\"title\"]').should('be.visible');",
              "err": {},
              "uuid": "2f485fcf-4a42-4bbe-9bb5-d3845ef7f4f1",
              "parentUUID": "2a1ec667-fa4a-40e1-9376-d0d1b5e28dbf",
              "isHook": false,
              "skipped": true
            },
            {
              "title": "Deve exibir nome do usuário logado",
              "fullTitle": "Visualizar os Dashboards após Login Deve exibir nome do usuário logado",
              "timedOut": null,
              "duration": 0,
              "state": "skipped",
              "speed": null,
              "pass": false,
              "fail": false,
              "pending": false,
              "context": null,
              "code": "cy.contains('Bem-vindo de volta').should('exist');",
              "err": {},
              "uuid": "176e6522-4101-4f8b-b571-31df65409c19",
              "parentUUID": "2a1ec667-fa4a-40e1-9376-d0d1b5e28dbf",
              "isHook": false,
              "skipped": true
            }
          ],
          "suites": [],
          "passes": [],
          "failures": [
            "47c73702-9626-4994-bec3-00849e02faf2"
          ],
          "pending": [],
          "skipped": [
            "1efa40ec-5911-4a3d-9cbb-5ec013aa8ccc",
            "2f485fcf-4a42-4bbe-9bb5-d3845ef7f4f1",
            "176e6522-4101-4f8b-b571-31df65409c19"
          ],
          "duration": 6710,
          "root": false,
          "rootEmpty": false,
          "_timeout": 2000
        }
      ],
      "passes": [],
      "failures": [],
      "pending": [],
      "skipped": [],
      "duration": 0,
      "root": true,
      "rootEmpty": true,
      "_timeout": 2000
    }
  ],
  "meta": {
    "mocha": {
      "version": "7.2.0"
    },
    "mochawesome": {
      "options": {
        "quiet": false,
        "reportFilename": "mochawesome",
        "saveHtml": false,
        "saveJson": true,
        "consoleReporter": "spec",
        "useInlineDiffs": false,
        "code": true
      },
      "version": "7.1.3"
    },
    "marge": {
      "options": {
        "reportDir": "cypress/reports",
        "overwrite": false,
        "html": false,
        "json": true
      },
      "version": "6.2.0"
    }
  }
}