{
  "stats": {
    "suites": 1,
    "tests": 3,
    "passes": 3,
    "pending": 0,
    "failures": 0,
    "start": "2025-06-20T14:07:28.612Z",
    "end": "2025-06-20T14:07:36.088Z",
    "duration": 7476,
    "testsRegistered": 3,
    "passPercent": 100,
    "pendingPercent": 0,
    "other": 0,
    "hasOther": false,
    "skipped": 0,
    "hasSkipped": false
  },
  "results": [
    {
      "uuid": "c9aa49bf-f546-4415-82c7-a9a5408674ce",
      "title": "",
      "fullFile": "cypress/e2e/cadastro-login.cy.js",
      "file": "cypress/e2e/cadastro-login.cy.js",
      "beforeHooks": [],
      "afterHooks": [],
      "tests": [],
      "suites": [
        {
          "uuid": "8430acc7-0c60-45ec-a859-e56c1dd67426",
          "title": "Tela de Cadastro - Criar nova conta",
          "fullFile": "",
          "file": "",
          "beforeHooks": [],
          "afterHooks": [],
          "tests": [
            {
              "title": "Deve mostrar erro se as senhas forem diferentes",
              "fullTitle": "Tela de Cadastro - Criar nova conta Deve mostrar erro se as senhas forem diferentes",
              "timedOut": null,
              "duration": 1772,
              "state": "passed",
              "speed": "fast",
              "pass": true,
              "fail": false,
              "pending": false,
              "context": null,
              "code": "cy.get('input[placeholder=\"Seu nome completo\"]').type('Conta Erro');\ncy.get('input[placeholder=\"seu@email.com\"]').type('erro@example.com');\ncy.get('input[placeholder=\"Digite sua senha\"]').type('Senha123');\ncy.get('input[placeholder=\"Confirme sua senha\"]').type('SenhaDiferente');\n// Marca o checkbox de concordância com termos\ncy.get('input[type=\"checkbox\"]').check({\n  force: true\n});\n// Clica no botão de criar conta\ncy.contains('button', 'Criar conta').click();\n// Validacao de mensagem de erro \ncy.contains('As senhas não coincidem').should('be.visible');",
              "err": {},
              "uuid": "449f493c-2991-44da-baba-a4912a55927d",
              "parentUUID": "8430acc7-0c60-45ec-a859-e56c1dd67426",
              "isHook": false,
              "skipped": false
            },
            {
              "title": "Deve preencher todos os campos obrigatórios e criar conta com sucesso",
              "fullTitle": "Tela de Cadastro - Criar nova conta Deve preencher todos os campos obrigatórios e criar conta com sucesso",
              "timedOut": null,
              "duration": 3401,
              "state": "passed",
              "speed": "fast",
              "pass": true,
              "fail": false,
              "pending": false,
              "context": null,
              "code": "const emailUnico = `qa_${Date.now()}@example.com`;\ncy.get('input[placeholder=\"Seu nome completo\"]').type('QA Automação');\ncy.get('input[placeholder=\"seu@email.com\"]').type(emailUnico);\ncy.get('input[placeholder=\"Digite sua senha\"]').type('SenhaSegura123!');\ncy.get('input[placeholder=\"Confirme sua senha\"]').type('SenhaSegura123!');\n// Marca o checkbox de concordância com termos\ncy.get('input[type=\"checkbox\"]').check({\n  force: true\n});\n// Clica no botão de criar conta\ncy.contains('button', 'Criar conta').click();\n// Espera a tela carregar após login\ncy.contains('Dashboard & Analytics').should('be.visible');",
              "err": {},
              "uuid": "20f4b614-ed7e-4594-be4f-a7d5ad882056",
              "parentUUID": "8430acc7-0c60-45ec-a859-e56c1dd67426",
              "isHook": false,
              "skipped": false
            },
            {
              "title": "Validar mensagem de conta ja existente",
              "fullTitle": "Tela de Cadastro - Criar nova conta Validar mensagem de conta ja existente",
              "timedOut": null,
              "duration": 2229,
              "state": "passed",
              "speed": "fast",
              "pass": true,
              "fail": false,
              "pending": false,
              "context": null,
              "code": "cy.get('input[placeholder=\"Seu nome completo\"]').type('QA Automação');\ncy.get('input[placeholder=\"seu@email.com\"]').type('QA@example.com');\ncy.get('input[placeholder=\"Digite sua senha\"]').type('SenhaSegura123!');\ncy.get('input[placeholder=\"Confirme sua senha\"]').type('SenhaSegura123!');\n// Marca o checkbox de concordância com termos\ncy.get('input[type=\"checkbox\"]').check({\n  force: true\n});\n// Clica no botão de criar conta\ncy.contains('button', 'Criar conta').click();\n//Valida mensagem de conta ja registrada\ncy.contains('User already registered').should('be.visible');",
              "err": {},
              "uuid": "d7cea0c9-d22e-47fd-8007-aa74a6944965",
              "parentUUID": "8430acc7-0c60-45ec-a859-e56c1dd67426",
              "isHook": false,
              "skipped": false
            }
          ],
          "suites": [],
          "passes": [
            "449f493c-2991-44da-baba-a4912a55927d",
            "20f4b614-ed7e-4594-be4f-a7d5ad882056",
            "d7cea0c9-d22e-47fd-8007-aa74a6944965"
          ],
          "failures": [],
          "pending": [],
          "skipped": [],
          "duration": 7402,
          "root": false,
          "rootEmpty": false,
          "_timeout": 2000
        }
      ],
      "passes": [],
      "failures": [],
      "pending": [],
      "skipped": [],
      "duration": 0,
      "root": true,
      "rootEmpty": true,
      "_timeout": 2000
    }
  ],
  "meta": {
    "mocha": {
      "version": "7.2.0"
    },
    "mochawesome": {
      "options": {
        "quiet": false,
        "reportFilename": "mochawesome",
        "saveHtml": false,
        "saveJson": true,
        "consoleReporter": "spec",
        "useInlineDiffs": false,
        "code": true
      },
      "version": "7.1.3"
    },
    "marge": {
      "options": {
        "reportDir": "cypress/reports",
        "overwrite": false,
        "html": false,
        "json": true
      },
      "version": "6.2.0"
    }
  }
}