{
  "stats": {
    "suites": 1,
    "tests": 1,
    "passes": 0,
    "pending": 0,
    "failures": 1,
    "start": "2025-06-20T19:15:28.805Z",
    "end": "2025-06-20T19:15:35.459Z",
    "duration": 6654,
    "testsRegistered": 4,
    "passPercent": 0,
    "pendingPercent": 0,
    "other": 0,
    "hasOther": false,
    "skipped": 3,
    "hasSkipped": true
  },
  "results": [
    {
      "uuid": "5690556f-5fd0-40c2-84f1-5c6d1d1cc310",
      "title": "",
      "fullFile": "cypress/e2e/home-principal.cy.js",
      "file": "cypress/e2e/home-principal.cy.js",
      "beforeHooks": [],
      "afterHooks": [],
      "tests": [],
      "suites": [
        {
          "uuid": "b1731e35-3e38-4890-ab9a-4feca82c96fc",
          "title": "Visualizar os Dashboards após Login",
          "fullFile": "",
          "file": "",
          "beforeHooks": [],
          "afterHooks": [],
          "tests": [
            {
              "title": "Deve exibir as métricas principais",
              "fullTitle": "Visualizar os Dashboards após Login Deve exibir as métricas principais",
              "timedOut": null,
              "duration": 6612,
              "state": "failed",
              "speed": null,
              "pass": false,
              "fail": true,
              "pending": false,
              "context": null,
              "code": "cy.contains('Total de Chamados').should('exist');\ncy.contains('Agentes Ativos').should('exist');\ncy.contains('SLA Cumprido').should('exist');",
              "err": {
                "message": "AssertionError: Timed out retrying after 4000ms: Expected to find content: 'EN' within the selector: 'button' but never did.\n\nBecause this error occurred during a `before each` hook we are skipping the remaining tests in the current suite: `Visualizar os Dashboards ap...`",
                "estack": "AssertionError: Timed out retrying after 4000ms: Expected to find content: 'EN' within the selector: 'button' but never did.\n\nBecause this error occurred during a `before each` hook we are skipping the remaining tests in the current suite: `Visualizar os Dashboards ap...`\n    at Context.eval (webpack://prj_acsticket/./cypress/e2e/home-principal.cy.js:14:7)",
                "diff": null
              },
              "uuid": "314f42a2-835e-485f-a8e5-2071016449ca",
              "parentUUID": "b1731e35-3e38-4890-ab9a-4feca82c96fc",
              "isHook": false,
              "skipped": false
            },
            {
              "title": "Deve navegar para Tickets Abertos",
              "fullTitle": "Visualizar os Dashboards após Login Deve navegar para Tickets Abertos",
              "timedOut": null,
              "duration": 0,
              "state": "skipped",
              "speed": null,
              "pass": false,
              "fail": false,
              "pending": false,
              "context": null,
              "code": "cy.contains('Tickets Abertos').click();\ncy.contains('Open Tickets').should('be.visible');",
              "err": {},
              "uuid": "31d300b8-654f-4217-9403-7a8144650285",
              "parentUUID": "b1731e35-3e38-4890-ab9a-4feca82c96fc",
              "isHook": false,
              "skipped": true
            },
            {
              "title": "Deve clicar em + Criar Ticket",
              "fullTitle": "Visualizar os Dashboards após Login Deve clicar em + Criar Ticket",
              "timedOut": null,
              "duration": 0,
              "state": "skipped",
              "speed": null,
              "pass": false,
              "fail": false,
              "pending": false,
              "context": null,
              "code": "cy.wait(1000); // espera 1 segundo antes de continuar\ncy.contains('Criar Ticket').click();\ncy.wait(1000); // espera 1 segundo antes de continuar\ncy.get('input[id=\"title\"]').should('be.visible');",
              "err": {},
              "uuid": "6518d10d-f3df-4d58-aee6-acf36c177636",
              "parentUUID": "b1731e35-3e38-4890-ab9a-4feca82c96fc",
              "isHook": false,
              "skipped": true
            },
            {
              "title": "Deve exibir nome do usuário logado",
              "fullTitle": "Visualizar os Dashboards após Login Deve exibir nome do usuário logado",
              "timedOut": null,
              "duration": 0,
              "state": "skipped",
              "speed": null,
              "pass": false,
              "fail": false,
              "pending": false,
              "context": null,
              "code": "cy.contains('Bem-vindo de volta').should('exist');",
              "err": {},
              "uuid": "60cd0b90-cf37-4bac-a9a7-7481dd952ab1",
              "parentUUID": "b1731e35-3e38-4890-ab9a-4feca82c96fc",
              "isHook": false,
              "skipped": true
            }
          ],
          "suites": [],
          "passes": [],
          "failures": [
            "314f42a2-835e-485f-a8e5-2071016449ca"
          ],
          "pending": [],
          "skipped": [
            "31d300b8-654f-4217-9403-7a8144650285",
            "6518d10d-f3df-4d58-aee6-acf36c177636",
            "60cd0b90-cf37-4bac-a9a7-7481dd952ab1"
          ],
          "duration": 6612,
          "root": false,
          "rootEmpty": false,
          "_timeout": 2000
        }
      ],
      "passes": [],
      "failures": [],
      "pending": [],
      "skipped": [],
      "duration": 0,
      "root": true,
      "rootEmpty": true,
      "_timeout": 2000
    }
  ],
  "meta": {
    "mocha": {
      "version": "7.2.0"
    },
    "mochawesome": {
      "options": {
        "quiet": false,
        "reportFilename": "mochawesome",
        "saveHtml": false,
        "saveJson": true,
        "consoleReporter": "spec",
        "useInlineDiffs": false,
        "code": true
      },
      "version": "7.1.3"
    },
    "marge": {
      "options": {
        "reportDir": "cypress/reports",
        "overwrite": false,
        "html": false,
        "json": true
      },
      "version": "6.2.0"
    }
  }
}