{
  "stats": {
    "suites": 1,
    "tests": 3,
    "passes": 2,
    "pending": 0,
    "failures": 1,
    "start": "2025-06-26T18:14:19.472Z",
    "end": "2025-06-26T18:14:32.267Z",
    "duration": 12795,
    "testsRegistered": 3,
    "passPercent": 66.66666666666666,
    "pendingPercent": 0,
    "other": 0,
    "hasOther": false,
    "skipped": 0,
    "hasSkipped": false
  },
  "results": [
    {
      "uuid": "b1aa08ad-b5b3-4355-a0e1-a8ff734d07a6",
      "title": "",
      "fullFile": "cypress/e2e/login.cy.js",
      "file": "cypress/e2e/login.cy.js",
      "beforeHooks": [],
      "afterHooks": [],
      "tests": [],
      "suites": [
        {
          "uuid": "3d4f9955-76ad-4089-b00c-16a072c5055e",
          "title": "Teste de Login no ACS Ticket",
          "fullFile": "",
          "file": "",
          "beforeHooks": [],
          "afterHooks": [],
          "tests": [
            {
              "title": "Deve fazer login com sucesso",
              "fullTitle": "Teste de Login no ACS Ticket Deve fazer login com sucesso",
              "timedOut": null,
              "duration": 7466,
              "state": "failed",
              "speed": null,
              "pass": false,
              "fail": true,
              "pending": false,
              "context": null,
              "code": "// Acessa a página de login\ncy.visit('/login'); // ou '/' se já cair direto na tela de login\ncy.wait(1000); // espera 1 segundo antes de continuar\n// Preenche o e-mail e a senha\ncy.get('input[type=\"email\"]').type('felipe.henrique@analytichem.com');\ncy.get('input[type=\"password\"]').type('iTsFKSSS.2025*');\n// Clica no botão de login\ncy.contains('button', 'Entrar').click();\n// Valida se foi redirecionado para o dashboard ou se há algum elemento pós-login\ncy.contains('Dashboard & Analytics').should('be.visible');",
              "err": {
                "message": "AssertionError: Timed out retrying after 4000ms: Expected to find content: 'Dashboard & Analytics' but never did.",
                "estack": "AssertionError: Timed out retrying after 4000ms: Expected to find content: 'Dashboard & Analytics' but never did.\n    at Context.eval (webpack://prj_acsticket/./cypress/e2e/login.cy.js:15:41)",
                "diff": null
              },
              "uuid": "76f067ba-c8b0-4324-bd1a-e289381e92b2",
              "parentUUID": "3d4f9955-76ad-4089-b00c-16a072c5055e",
              "isHook": false,
              "skipped": false
            },
            {
              "title": "Deve fazer login com senha errada e receber notificacao de erro",
              "fullTitle": "Teste de Login no ACS Ticket Deve fazer login com senha errada e receber notificacao de erro",
              "timedOut": null,
              "duration": 3108,
              "state": "passed",
              "speed": "fast",
              "pass": true,
              "fail": false,
              "pending": false,
              "context": null,
              "code": "// Acessa a página de login\ncy.visit('/login'); // ou '/' se já cair direto na tela de login\ncy.wait(1000); // espera 1 segundo antes de continuar\n// Preenche o e-mail e a senha\ncy.get('input[type=\"email\"]').type('felipe.henrique@analytichem.com');\ncy.get('input[type=\"password\"]').type('Diferente');\n// Clica no botão de login\ncy.contains('button', 'Entrar').click();\n// valida notificacao de erro\ncy.contains('Invalid login credentials').should('be.visible');",
              "err": {},
              "uuid": "bce1d5cc-1e03-42f3-8c84-a7881cc3431e",
              "parentUUID": "3d4f9955-76ad-4089-b00c-16a072c5055e",
              "isHook": false,
              "skipped": false
            },
            {
              "title": "Deve fazer login com email errada e receber notificacao de erro",
              "fullTitle": "Teste de Login no ACS Ticket Deve fazer login com email errada e receber notificacao de erro",
              "timedOut": null,
              "duration": 2151,
              "state": "passed",
              "speed": "fast",
              "pass": true,
              "fail": false,
              "pending": false,
              "context": null,
              "code": "// Acessa a página de login\ncy.visit('/login'); // ou '/' se já cair direto na tela de login\ncy.wait(1000); // espera 1 segundo antes de continuar\n// Preenche o e-mail e a senha\ncy.get('input[type=\"email\"]').type('felipe@analytichem.com');\ncy.get('input[type=\"password\"]').type('iTsFKSSS.2025*');\n// Clica no botão de login\ncy.contains('button', 'Entrar').click();\n// valida notificacao de erro\ncy.contains('Invalid login credentials').should('be.visible');",
              "err": {},
              "uuid": "5247891b-9124-40d9-8026-eaa682909e3e",
              "parentUUID": "3d4f9955-76ad-4089-b00c-16a072c5055e",
              "isHook": false,
              "skipped": false
            }
          ],
          "suites": [],
          "passes": [
            "bce1d5cc-1e03-42f3-8c84-a7881cc3431e",
            "5247891b-9124-40d9-8026-eaa682909e3e"
          ],
          "failures": [
            "76f067ba-c8b0-4324-bd1a-e289381e92b2"
          ],
          "pending": [],
          "skipped": [],
          "duration": 12725,
          "root": false,
          "rootEmpty": false,
          "_timeout": 2000
        }
      ],
      "passes": [],
      "failures": [],
      "pending": [],
      "skipped": [],
      "duration": 0,
      "root": true,
      "rootEmpty": true,
      "_timeout": 2000
    }
  ],
  "meta": {
    "mocha": {
      "version": "7.2.0"
    },
    "mochawesome": {
      "options": {
        "quiet": false,
        "reportFilename": "mochawesome",
        "saveHtml": false,
        "saveJson": true,
        "consoleReporter": "spec",
        "useInlineDiffs": false,
        "code": true
      },
      "version": "7.1.3"
    },
    "marge": {
      "options": {
        "reportDir": "cypress/reports",
        "overwrite": false,
        "html": false,
        "json": true
      },
      "version": "6.2.0"
    }
  }
}