{
  "stats": {
    "suites": 1,
    "tests": 4,
    "passes": 0,
    "pending": 0,
    "failures": 4,
    "start": "2025-06-26T19:57:15.563Z",
    "end": "2025-06-26T19:58:48.828Z",
    "duration": 93265,
    "testsRegistered": 4,
    "passPercent": 0,
    "pendingPercent": 0,
    "other": 0,
    "hasOther": false,
    "skipped": 0,
    "hasSkipped": false
  },
  "results": [
    {
      "uuid": "4efb78a1-2237-49e4-ae2f-8e46ff477f5f",
      "title": "",
      "fullFile": "cypress/e2e/integracoes.cy.js",
      "file": "cypress/e2e/integracoes.cy.js",
      "beforeHooks": [],
      "afterHooks": [],
      "tests": [],
      "suites": [
        {
          "uuid": "ccafe1aa-f49c-4798-ba04-5e633d0d3d4d",
          "title": "Visualizar os Dashboards após Login",
          "fullFile": "",
          "file": "",
          "beforeHooks": [],
          "afterHooks": [],
          "tests": [
            {
              "title": "Deve Acessar tela de Integrações",
              "fullTitle": "Visualizar os Dashboards após Login Deve Acessar tela de Integrações",
              "timedOut": null,
              "duration": 24419,
              "state": "failed",
              "speed": null,
              "pass": false,
              "fail": true,
              "pending": false,
              "context": null,
              "code": "cy.contains('Administração').click();\ncy.contains('Integrações').click();\ncy.visit('/integrations');\ncy.contains('Integrações').should('be.visible');",
              "err": {
                "message": "AssertionError: Timed out retrying after 20000ms: Expected to find content: 'Integrações' but never did.",
                "estack": "AssertionError: Timed out retrying after 20000ms: Expected to find content: 'Integrações' but never did.\n    at Context.eval (webpack://prj_acsticket/./cypress/e2e/integracoes.cy.js:22:31)",
                "diff": null
              },
              "uuid": "39a9ae87-41ee-42fe-af36-c44abb453a04",
              "parentUUID": "ccafe1aa-f49c-4798-ba04-5e633d0d3d4d",
              "isHook": false,
              "skipped": false
            },
            {
              "title": "Deve ativar uma das \"Integrações\"",
              "fullTitle": "Visualizar os Dashboards após Login Deve ativar uma das \"Integrações\"",
              "timedOut": null,
              "duration": 22758,
              "state": "failed",
              "speed": null,
              "pass": false,
              "fail": true,
              "pending": false,
              "context": null,
              "code": "cy.contains('Administração').click();\ncy.contains('Integrações').click();\ncy.visit('/integrations');\ncy.contains('Integrações').should('be.visible');\n//Ativacao multipla de integrações desativadas\ncy.get('button[type=\"button\"][role=\"switch\"][data-state=\"unchecked\"]').first().click();\ncy.get('button[type=\"button\"][role=\"switch\"]').first().should('have.attr', 'data-state', 'checked');\ncy.wait(1000); // espera 1 segundo antes de continuar",
              "err": {
                "message": "AssertionError: Timed out retrying after 20000ms: Expected to find content: 'Integrações' but never did.",
                "estack": "AssertionError: Timed out retrying after 20000ms: Expected to find content: 'Integrações' but never did.\n    at Context.eval (webpack://prj_acsticket/./cypress/e2e/integracoes.cy.js:29:31)",
                "diff": null
              },
              "uuid": "e954a43d-80c2-479d-b09c-d944b86f73c2",
              "parentUUID": "ccafe1aa-f49c-4798-ba04-5e633d0d3d4d",
              "isHook": false,
              "skipped": false
            },
            {
              "title": "Acessar opcao de configuração de uma integração",
              "fullTitle": "Visualizar os Dashboards após Login Acessar opcao de configuração de uma integração",
              "timedOut": null,
              "duration": 23222,
              "state": "failed",
              "speed": null,
              "pass": false,
              "fail": true,
              "pending": false,
              "context": null,
              "code": "cy.contains('Administração').click();\ncy.contains('Integrações').click();\ncy.visit('/integrations');\ncy.contains('Integrações').should('be.visible');\n//Acessar configuração de uma integração\ncy.get('.pt-0 > .space-y-4 > :nth-child(1) > .flex > .text-sm').click();\ncy.contains('Configurar').should('be.visible');\ncy.contains('button', 'Configurar').click();\ncy.wait(1000); // espera 1 segundo antes de continuar\ncy.contains('Webhook URL').should('be.visible');\ncy.contains('Canal').should('be.visible');\ncy.contains('Testar Integração').should('be.visible');",
              "err": {
                "message": "AssertionError: Timed out retrying after 20000ms: Expected to find content: 'Integrações' but never did.",
                "estack": "AssertionError: Timed out retrying after 20000ms: Expected to find content: 'Integrações' but never did.\n    at Context.eval (webpack://prj_acsticket/./cypress/e2e/integracoes.cy.js:41:31)",
                "diff": null
              },
              "uuid": "def6b24b-7c82-48cf-a71e-eb5dab1c502b",
              "parentUUID": "ccafe1aa-f49c-4798-ba04-5e633d0d3d4d",
              "isHook": false,
              "skipped": false
            },
            {
              "title": "Deve exibir a lista de integrações",
              "fullTitle": "Visualizar os Dashboards após Login Deve exibir a lista de integrações",
              "timedOut": null,
              "duration": 22738,
              "state": "failed",
              "speed": null,
              "pass": false,
              "fail": true,
              "pending": false,
              "context": null,
              "code": "cy.contains('Administração').click();\ncy.contains('Integrações').click();\ncy.visit('/integrations');\ncy.contains('Integrações').should('be.visible');\ncy.get('.pt-0 > .space-y-4 > :nth-child(1)').should('be.visible');",
              "err": {
                "message": "AssertionError: Timed out retrying after 20000ms: Expected to find content: 'Integrações' but never did.",
                "estack": "AssertionError: Timed out retrying after 20000ms: Expected to find content: 'Integrações' but never did.\n    at Context.eval (webpack://prj_acsticket/./cypress/e2e/integracoes.cy.js:56:31)",
                "diff": null
              },
              "uuid": "152eee2e-3462-4a4d-b435-ea43bae01c7e",
              "parentUUID": "ccafe1aa-f49c-4798-ba04-5e633d0d3d4d",
              "isHook": false,
              "skipped": false
            }
          ],
          "suites": [],
          "passes": [],
          "failures": [
            "39a9ae87-41ee-42fe-af36-c44abb453a04",
            "e954a43d-80c2-479d-b09c-d944b86f73c2",
            "def6b24b-7c82-48cf-a71e-eb5dab1c502b",
            "152eee2e-3462-4a4d-b435-ea43bae01c7e"
          ],
          "pending": [],
          "skipped": [],
          "duration": 93137,
          "root": false,
          "rootEmpty": false,
          "_timeout": 2000
        }
      ],
      "passes": [],
      "failures": [],
      "pending": [],
      "skipped": [],
      "duration": 0,
      "root": true,
      "rootEmpty": true,
      "_timeout": 2000
    }
  ],
  "meta": {
    "mocha": {
      "version": "7.2.0"
    },
    "mochawesome": {
      "options": {
        "quiet": false,
        "reportFilename": "mochawesome",
        "saveHtml": false,
        "saveJson": true,
        "consoleReporter": "spec",
        "useInlineDiffs": false,
        "code": true
      },
      "version": "7.1.3"
    },
    "marge": {
      "options": {
        "reportDir": "cypress/reports",
        "overwrite": false,
        "html": false,
        "json": true
      },
      "version": "6.2.0"
    }
  }
}