{
  "stats": {
    "suites": 1,
    "tests": 1,
    "passes": 0,
    "pending": 0,
    "failures": 1,
    "start": "2025-06-26T18:01:41.103Z",
    "end": "2025-06-26T18:01:48.207Z",
    "duration": 7104,
    "testsRegistered": 3,
    "passPercent": 0,
    "pendingPercent": 0,
    "other": 0,
    "hasOther": false,
    "skipped": 2,
    "hasSkipped": true
  },
  "results": [
    {
      "uuid": "41e3a8df-f591-4633-a16d-b61aec1d26a4",
      "title": "",
      "fullFile": "cypress/e2e/home-principal.cy.js",
      "file": "cypress/e2e/home-principal.cy.js",
      "beforeHooks": [],
      "afterHooks": [],
      "tests": [],
      "suites": [
        {
          "uuid": "e67c99f9-fdd3-4911-bf9a-87e2769c520c",
          "title": "Visualizar os Dashboards após Login",
          "fullFile": "",
          "file": "",
          "beforeHooks": [],
          "afterHooks": [],
          "tests": [
            {
              "title": "Deve exibir as métricas principais",
              "fullTitle": "Visualizar os Dashboards após Login Deve exibir as métricas principais",
              "timedOut": null,
              "duration": 6934,
              "state": "failed",
              "speed": null,
              "pass": false,
              "fail": true,
              "pending": false,
              "context": null,
              "code": "cy.contains('Total de Chamados').should('exist');\ncy.contains('Agentes Ativos').should('exist');\ncy.contains('SLA Cumprido').should('exist');",
              "err": {
                "message": "AssertionError: Timed out retrying after 4000ms: Expected to find content: 'EN' within the selector: 'button' but never did.\n\nBecause this error occurred during a `before each` hook we are skipping the remaining tests in the current suite: `Visualizar os Dashboards ap...`",
                "estack": "AssertionError: Timed out retrying after 4000ms: Expected to find content: 'EN' within the selector: 'button' but never did.\n\nBecause this error occurred during a `before each` hook we are skipping the remaining tests in the current suite: `Visualizar os Dashboards ap...`\n    at Context.eval (webpack://prj_acsticket/./cypress/e2e/home-principal.cy.js:13:7)",
                "diff": null
              },
              "uuid": "4cef9e6c-0c20-4e93-a85b-875ad0ba14d0",
              "parentUUID": "e67c99f9-fdd3-4911-bf9a-87e2769c520c",
              "isHook": false,
              "skipped": false
            },
            {
              "title": "Deve navegar para Tickets Abertos",
              "fullTitle": "Visualizar os Dashboards após Login Deve navegar para Tickets Abertos",
              "timedOut": null,
              "duration": 0,
              "state": "skipped",
              "speed": null,
              "pass": false,
              "fail": false,
              "pending": false,
              "context": null,
              "code": "cy.contains('Meus Tickets').click();\ncy.contains('Tickets Abertos').click();\ncy.contains('Open Tickets').should('be.visible');",
              "err": {},
              "uuid": "66ed7d08-ad79-45de-8fc7-88dbdbf44700",
              "parentUUID": "e67c99f9-fdd3-4911-bf9a-87e2769c520c",
              "isHook": false,
              "skipped": true
            },
            {
              "title": "Deve clicar em + Criar Ticket",
              "fullTitle": "Visualizar os Dashboards após Login Deve clicar em + Criar Ticket",
              "timedOut": null,
              "duration": 0,
              "state": "skipped",
              "speed": null,
              "pass": false,
              "fail": false,
              "pending": false,
              "context": null,
              "code": "cy.wait(1000); // espera 1 segundo antes de continuar\ncy.contains('Criar Ticket').click();\ncy.wait(1000); // espera 1 segundo antes de continuar\ncy.get('input[id=\"title\"]').should('be.visible');",
              "err": {},
              "uuid": "fccac778-78ca-463a-affa-be33ad7228d0",
              "parentUUID": "e67c99f9-fdd3-4911-bf9a-87e2769c520c",
              "isHook": false,
              "skipped": true
            }
          ],
          "suites": [],
          "passes": [],
          "failures": [
            "4cef9e6c-0c20-4e93-a85b-875ad0ba14d0"
          ],
          "pending": [],
          "skipped": [
            "66ed7d08-ad79-45de-8fc7-88dbdbf44700",
            "fccac778-78ca-463a-affa-be33ad7228d0"
          ],
          "duration": 6934,
          "root": false,
          "rootEmpty": false,
          "_timeout": 2000
        }
      ],
      "passes": [],
      "failures": [],
      "pending": [],
      "skipped": [],
      "duration": 0,
      "root": true,
      "rootEmpty": true,
      "_timeout": 2000
    }
  ],
  "meta": {
    "mocha": {
      "version": "7.2.0"
    },
    "mochawesome": {
      "options": {
        "quiet": false,
        "reportFilename": "mochawesome",
        "saveHtml": false,
        "saveJson": true,
        "consoleReporter": "spec",
        "useInlineDiffs": false,
        "code": true
      },
      "version": "7.1.3"
    },
    "marge": {
      "options": {
        "reportDir": "cypress/reports",
        "overwrite": false,
        "html": false,
        "json": true
      },
      "version": "6.2.0"
    }
  }
}