{
  "stats": {
    "suites": 1,
    "tests": 3,
    "passes": 2,
    "pending": 0,
    "failures": 1,
    "start": "2025-06-26T19:05:38.696Z",
    "end": "2025-06-26T19:06:15.038Z",
    "duration": 36342,
    "testsRegistered": 3,
    "passPercent": 66.66666666666666,
    "pendingPercent": 0,
    "other": 0,
    "hasOther": false,
    "skipped": 0,
    "hasSkipped": false
  },
  "results": [
    {
      "uuid": "a637ba6d-b7d5-44e1-a1c4-5200c0354434",
      "title": "",
      "fullFile": "cypress/e2e/area-cliente.cy.js",
      "file": "cypress/e2e/area-cliente.cy.js",
      "beforeHooks": [],
      "afterHooks": [],
      "tests": [],
      "suites": [
        {
          "uuid": "acadde8e-04d0-4753-938c-59b5e33eeb0c",
          "title": "Menu do Usuário - Perfil e Logout",
          "fullFile": "",
          "file": "",
          "beforeHooks": [],
          "afterHooks": [],
          "tests": [
            {
              "title": "Deve acessar o My Profile",
              "fullTitle": "Menu do Usuário - Perfil e Logout Deve acessar o My Profile",
              "timedOut": null,
              "duration": 28783,
              "state": "failed",
              "speed": null,
              "pass": false,
              "fail": true,
              "pending": false,
              "context": null,
              "code": "// Abre o menu de usuário (clicando na imagem/avatar)\ncy.get('#radix-\\\\:rf\\\\:').click();\n// Clica em \"My Profile\"\ncy.contains('Profile').click();\n// Verifica se a URL ou algum conteúdo da página de perfil foi carregado\ncy.url().should('include', '/profile');\ncy.wait(6000); // espera 1 segundo antes de continuar\ncy.contains('Informações Pessoais').should('exist');",
              "err": {
                "message": "AssertionError: Timed out retrying after 20000ms: Expected to find content: 'Informações Pessoais' but never did.",
                "estack": "AssertionError: Timed out retrying after 20000ms: Expected to find content: 'Informações Pessoais' but never did.\n    at Context.eval (webpack://prj_acsticket/./cypress/e2e/area-cliente.cy.js:27:40)",
                "diff": null
              },
              "uuid": "b54f7133-2f89-45b2-acd3-3f8b75b2c9af",
              "parentUUID": "acadde8e-04d0-4753-938c-59b5e33eeb0c",
              "isHook": false,
              "skipped": false
            },
            {
              "title": "Deve acessar Settings",
              "fullTitle": "Menu do Usuário - Perfil e Logout Deve acessar Settings",
              "timedOut": null,
              "duration": 3310,
              "state": "passed",
              "speed": "fast",
              "pass": true,
              "fail": false,
              "pending": false,
              "context": null,
              "code": "cy.get('#radix-\\\\:rf\\\\:').click();\ncy.wait(1000); // espera 1 segundo antes de continuar\ncy.contains('Settings').click();\ncy.url().should('include', '/settings');",
              "err": {},
              "uuid": "885abf95-5429-48e5-884e-ba3bdd3967a1",
              "parentUUID": "acadde8e-04d0-4753-938c-59b5e33eeb0c",
              "isHook": false,
              "skipped": false
            },
            {
              "title": "Deve realizar Logout com sucesso",
              "fullTitle": "Menu do Usuário - Perfil e Logout Deve realizar Logout com sucesso",
              "timedOut": null,
              "duration": 3978,
              "state": "passed",
              "speed": "fast",
              "pass": true,
              "fail": false,
              "pending": false,
              "context": null,
              "code": "cy.get('#radix-\\\\:rf\\\\:').click();\ncy.wait(1000); // espera 1 segundo antes de continuar\ncy.contains('Log out').click();\n// cy.wait(6000) // espera 1 segundo antes de continuar\ncy.url().should('include', '/login');",
              "err": {},
              "uuid": "bc2d064a-7204-4ac7-9f0b-1bafae68e822",
              "parentUUID": "acadde8e-04d0-4753-938c-59b5e33eeb0c",
              "isHook": false,
              "skipped": false
            }
          ],
          "suites": [],
          "passes": [
            "885abf95-5429-48e5-884e-ba3bdd3967a1",
            "bc2d064a-7204-4ac7-9f0b-1bafae68e822"
          ],
          "failures": [
            "b54f7133-2f89-45b2-acd3-3f8b75b2c9af"
          ],
          "pending": [],
          "skipped": [],
          "duration": 36071,
          "root": false,
          "rootEmpty": false,
          "_timeout": 2000
        }
      ],
      "passes": [],
      "failures": [],
      "pending": [],
      "skipped": [],
      "duration": 0,
      "root": true,
      "rootEmpty": true,
      "_timeout": 2000
    }
  ],
  "meta": {
    "mocha": {
      "version": "7.2.0"
    },
    "mochawesome": {
      "options": {
        "quiet": false,
        "reportFilename": "mochawesome",
        "saveHtml": false,
        "saveJson": true,
        "consoleReporter": "spec",
        "useInlineDiffs": false,
        "code": true
      },
      "version": "7.1.3"
    },
    "marge": {
      "options": {
        "reportDir": "cypress/reports",
        "overwrite": false,
        "html": false,
        "json": true
      },
      "version": "6.2.0"
    }
  }
}