{
  "stats": {
    "suites": 1,
    "tests": 6,
    "passes": 6,
    "pending": 0,
    "failures": 0,
    "start": "2025-06-26T19:06:17.247Z",
    "end": "2025-06-26T19:06:41.656Z",
    "duration": 24409,
    "testsRegistered": 6,
    "passPercent": 100,
    "pendingPercent": 0,
    "other": 0,
    "hasOther": false,
    "skipped": 0,
    "hasSkipped": false
  },
  "results": [
    {
      "uuid": "389376e6-64e0-46fc-9da1-2332565e5908",
      "title": "",
      "fullFile": "cypress/e2e/base-conhecimento.cy.js",
      "file": "cypress/e2e/base-conhecimento.cy.js",
      "beforeHooks": [],
      "afterHooks": [],
      "tests": [],
      "suites": [
        {
          "uuid": "5231c2d8-6841-4a20-8a9c-b5cf7e3f4b5e",
          "title": "Visualizar os Dashboards após Login",
          "fullFile": "",
          "file": "",
          "beforeHooks": [],
          "afterHooks": [],
          "tests": [
            {
              "title": "Deve Acessar tela de Base de Conhecimento",
              "fullTitle": "Visualizar os Dashboards após Login Deve Acessar tela de Base de Conhecimento",
              "timedOut": null,
              "duration": 3038,
              "state": "passed",
              "speed": "fast",
              "pass": true,
              "fail": false,
              "pending": false,
              "context": null,
              "code": "cy.contains('Base de Conhecimento').click();\ncy.visit('/Knowledge');\ncy.contains('Knowledge Base').should('be.visible');",
              "err": {},
              "uuid": "899dd136-8998-485c-93ac-f02bbe771d0a",
              "parentUUID": "5231c2d8-6841-4a20-8a9c-b5cf7e3f4b5e",
              "isHook": false,
              "skipped": false
            },
            {
              "title": "Pesquise algo que não existe na Base de Conhecimento",
              "fullTitle": "Visualizar os Dashboards após Login Pesquise algo que não existe na Base de Conhecimento",
              "timedOut": null,
              "duration": 4231,
              "state": "passed",
              "speed": "fast",
              "pass": true,
              "fail": false,
              "pending": false,
              "context": null,
              "code": "cy.contains('Base de Conhecimento').click();\ncy.visit('/Knowledge');\ncy.contains('Knowledge Base').should('be.visible');\ncy.get('input[placeholder=\"Search articles...\"]').type('Conteúdo que não existe');\ncy.contains('No Articles Found').should('be.visible');",
              "err": {},
              "uuid": "a01790fc-3a13-497e-8dc0-52affe3f74a2",
              "parentUUID": "5231c2d8-6841-4a20-8a9c-b5cf7e3f4b5e",
              "isHook": false,
              "skipped": false
            },
            {
              "title": "Pesquise algo que existe na Base de Conhecimento e tenha mais de um arquivo",
              "fullTitle": "Visualizar os Dashboards após Login Pesquise algo que existe na Base de Conhecimento e tenha mais de um arquivo",
              "timedOut": null,
              "duration": 3695,
              "state": "passed",
              "speed": "fast",
              "pass": true,
              "fail": false,
              "pending": false,
              "context": null,
              "code": "cy.contains('Base de Conhecimento').click();\ncy.visit('/Knowledge');\ncy.contains('Knowledge Base').should('be.visible');\ncy.get('input[placeholder=\"Search articles...\"]').type('Pass');\ncy.contains('Search Results (2)').should('be.visible');",
              "err": {},
              "uuid": "5fc5d842-80b6-4215-a08d-1025aff683f1",
              "parentUUID": "5231c2d8-6841-4a20-8a9c-b5cf7e3f4b5e",
              "isHook": false,
              "skipped": false
            },
            {
              "title": "Pesquise algo que existe na Base de Conhecimento e tenha apenas um arquivo",
              "fullTitle": "Visualizar os Dashboards após Login Pesquise algo que existe na Base de Conhecimento e tenha apenas um arquivo",
              "timedOut": null,
              "duration": 3303,
              "state": "passed",
              "speed": "fast",
              "pass": true,
              "fail": false,
              "pending": false,
              "context": null,
              "code": "cy.contains('Base de Conhecimento').click();\ncy.visit('/Knowledge');\ncy.contains('Knowledge Base').should('be.visible');\ncy.get('input[placeholder=\"Search articles...\"]').type('all');\ncy.contains('Search Results (1)').should('be.visible');",
              "err": {},
              "uuid": "a852baa5-3092-4a10-9771-94c0b7ad2f01",
              "parentUUID": "5231c2d8-6841-4a20-8a9c-b5cf7e3f4b5e",
              "isHook": false,
              "skipped": false
            },
            {
              "title": "Uso a opcao de compartilhar um artigo",
              "fullTitle": "Visualizar os Dashboards após Login Uso a opcao de compartilhar um artigo",
              "timedOut": null,
              "duration": 5006,
              "state": "passed",
              "speed": "medium",
              "pass": true,
              "fail": false,
              "pending": false,
              "context": null,
              "code": "cy.contains('Base de Conhecimento').click();\ncy.visit('/Knowledge');\ncy.contains('Knowledge Base').should('be.visible');\ncy.get(':nth-child(1) > .p-6 > .space-y-4 > .items-start > .lucide-external-link').click();\ncy.contains('button', 'Share').click();\ncy.wait(1000); // espera 1 segundo antes de continuar",
              "err": {},
              "uuid": "b17a523d-3ee2-4025-a79a-9ffedf04441e",
              "parentUUID": "5231c2d8-6841-4a20-8a9c-b5cf7e3f4b5e",
              "isHook": false,
              "skipped": false
            },
            {
              "title": "Uso a opcao de compartilhar um artigo",
              "fullTitle": "Visualizar os Dashboards após Login Uso a opcao de compartilhar um artigo",
              "timedOut": null,
              "duration": 4985,
              "state": "passed",
              "speed": "fast",
              "pass": true,
              "fail": false,
              "pending": false,
              "context": null,
              "code": "cy.contains('Base de Conhecimento').click();\ncy.visit('/Knowledge');\ncy.contains('Knowledge Base').should('be.visible');\ncy.get(':nth-child(1) > .p-6 > .space-y-4 > .items-start > .lucide-external-link').click();\ncy.contains('button', 'Print').click();\ncy.wait(1000); // espera 1 segundo antes de continuar",
              "err": {},
              "uuid": "01f70864-5f6a-4053-8895-816de3b8d227",
              "parentUUID": "5231c2d8-6841-4a20-8a9c-b5cf7e3f4b5e",
              "isHook": false,
              "skipped": false
            }
          ],
          "suites": [],
          "passes": [
            "899dd136-8998-485c-93ac-f02bbe771d0a",
            "a01790fc-3a13-497e-8dc0-52affe3f74a2",
            "5fc5d842-80b6-4215-a08d-1025aff683f1",
            "a852baa5-3092-4a10-9771-94c0b7ad2f01",
            "b17a523d-3ee2-4025-a79a-9ffedf04441e",
            "01f70864-5f6a-4053-8895-816de3b8d227"
          ],
          "failures": [],
          "pending": [],
          "skipped": [],
          "duration": 24258,
          "root": false,
          "rootEmpty": false,
          "_timeout": 2000
        }
      ],
      "passes": [],
      "failures": [],
      "pending": [],
      "skipped": [],
      "duration": 0,
      "root": true,
      "rootEmpty": true,
      "_timeout": 2000
    }
  ],
  "meta": {
    "mocha": {
      "version": "7.2.0"
    },
    "mochawesome": {
      "options": {
        "quiet": false,
        "reportFilename": "mochawesome",
        "saveHtml": false,
        "saveJson": true,
        "consoleReporter": "spec",
        "useInlineDiffs": false,
        "code": true
      },
      "version": "7.1.3"
    },
    "marge": {
      "options": {
        "reportDir": "cypress/reports",
        "overwrite": false,
        "html": false,
        "json": true
      },
      "version": "6.2.0"
    }
  }
}