{
  "stats": {
    "suites": 1,
    "tests": 1,
    "passes": 1,
    "pending": 0,
    "failures": 0,
    "start": "2025-06-26T18:28:25.914Z",
    "end": "2025-06-26T18:28:31.534Z",
    "duration": 5620,
    "testsRegistered": 1,
    "passPercent": 100,
    "pendingPercent": 0,
    "other": 0,
    "hasOther": false,
    "skipped": 0,
    "hasSkipped": false
  },
  "results": [
    {
      "uuid": "f8a244ae-0965-4290-836c-0dc935a7f480",
      "title": "",
      "fullFile": "cypress/e2e/modo-telas.cy.js",
      "file": "cypress/e2e/modo-telas.cy.js",
      "beforeHooks": [],
      "afterHooks": [],
      "tests": [],
      "suites": [
        {
          "uuid": "53d9aa4e-9356-4bbd-a395-661cd56e78af",
          "title": "Menu do Usuário - Perfil e Logout",
          "fullFile": "",
          "file": "",
          "beforeHooks": [],
          "afterHooks": [],
          "tests": [
            {
              "title": "Deve acessar o My Profile",
              "fullTitle": "Menu do Usuário - Perfil e Logout Deve acessar o My Profile",
              "timedOut": null,
              "duration": 5382,
              "state": "passed",
              "speed": "medium",
              "pass": true,
              "fail": false,
              "pending": false,
              "context": null,
              "code": "cy.contains('button', 'Switch to light theme').should('exist');\ncy.wait(1000); // espera 1 segundo antes de continuar\ncy.contains('button', 'Switch to light theme').click();",
              "err": {},
              "uuid": "971d0011-7634-4d89-8599-c8e6546a9f55",
              "parentUUID": "53d9aa4e-9356-4bbd-a395-661cd56e78af",
              "isHook": false,
              "skipped": false
            }
          ],
          "suites": [],
          "passes": [
            "971d0011-7634-4d89-8599-c8e6546a9f55"
          ],
          "failures": [],
          "pending": [],
          "skipped": [],
          "duration": 5382,
          "root": false,
          "rootEmpty": false,
          "_timeout": 2000
        }
      ],
      "passes": [],
      "failures": [],
      "pending": [],
      "skipped": [],
      "duration": 0,
      "root": true,
      "rootEmpty": true,
      "_timeout": 2000
    }
  ],
  "meta": {
    "mocha": {
      "version": "7.2.0"
    },
    "mochawesome": {
      "options": {
        "quiet": false,
        "reportFilename": "mochawesome",
        "saveHtml": false,
        "saveJson": true,
        "consoleReporter": "spec",
        "useInlineDiffs": false,
        "code": true
      },
      "version": "7.1.3"
    },
    "marge": {
      "options": {
        "reportDir": "cypress/reports",
        "overwrite": false,
        "html": false,
        "json": true
      },
      "version": "6.2.0"
    }
  }
}