{
  "stats": {
    "suites": 1,
    "tests": 1,
    "passes": 0,
    "pending": 0,
    "failures": 1,
    "start": "2025-06-26T18:14:04.956Z",
    "end": "2025-06-26T18:14:10.678Z",
    "duration": 5722,
    "testsRegistered": 3,
    "passPercent": 0,
    "pendingPercent": 0,
    "other": 0,
    "hasOther": false,
    "skipped": 2,
    "hasSkipped": true
  },
  "results": [
    {
      "uuid": "679ee39c-3820-48d9-9b6c-63d009b4db17",
      "title": "",
      "fullFile": "cypress/e2e/home-principal.cy.js",
      "file": "cypress/e2e/home-principal.cy.js",
      "beforeHooks": [],
      "afterHooks": [],
      "tests": [],
      "suites": [
        {
          "uuid": "cbfe3431-d365-4a38-a552-b08b2c38f492",
          "title": "Visualizar os Dashboards após Login",
          "fullFile": "",
          "file": "",
          "beforeHooks": [],
          "afterHooks": [],
          "tests": [
            {
              "title": "Deve exibir as métricas principais",
              "fullTitle": "Visualizar os Dashboards após Login Deve exibir as métricas principais",
              "timedOut": null,
              "duration": 5698,
              "state": "failed",
              "speed": null,
              "pass": false,
              "fail": true,
              "pending": false,
              "context": null,
              "code": "cy.contains('Total de Chamados').should('exist');\ncy.contains('Agentes Ativos').should('exist');\ncy.contains('SLA Cumprido').should('exist');",
              "err": {
                "message": "AssertionError: Timed out retrying after 4000ms: Expected to find content: 'Dashboard & Analytics' but never did.\n\nBecause this error occurred during a `before each` hook we are skipping the remaining tests in the current suite: `Visualizar os Dashboards ap...`",
                "estack": "AssertionError: Timed out retrying after 4000ms: Expected to find content: 'Dashboard & Analytics' but never did.\n\nBecause this error occurred during a `before each` hook we are skipping the remaining tests in the current suite: `Visualizar os Dashboards ap...`\n    at Context.eval (webpack://prj_acsticket/./cypress/e2e/home-principal.cy.js:11:41)",
                "diff": null
              },
              "uuid": "a7b9eacd-6ece-4f3c-a058-052157ea02ea",
              "parentUUID": "cbfe3431-d365-4a38-a552-b08b2c38f492",
              "isHook": false,
              "skipped": false
            },
            {
              "title": "Deve navegar para Tickets Abertos",
              "fullTitle": "Visualizar os Dashboards após Login Deve navegar para Tickets Abertos",
              "timedOut": null,
              "duration": 0,
              "state": "skipped",
              "speed": null,
              "pass": false,
              "fail": false,
              "pending": false,
              "context": null,
              "code": "cy.contains('Meus Tickets').click();\ncy.contains('Tickets Abertos').click();\ncy.contains('Open Tickets').should('be.visible');",
              "err": {},
              "uuid": "976f6163-646e-4b70-933d-bfad17bb76ab",
              "parentUUID": "cbfe3431-d365-4a38-a552-b08b2c38f492",
              "isHook": false,
              "skipped": true
            },
            {
              "title": "Deve clicar em + Criar Ticket",
              "fullTitle": "Visualizar os Dashboards após Login Deve clicar em + Criar Ticket",
              "timedOut": null,
              "duration": 0,
              "state": "skipped",
              "speed": null,
              "pass": false,
              "fail": false,
              "pending": false,
              "context": null,
              "code": "cy.wait(1000); // espera 1 segundo antes de continuar\ncy.contains('Criar Ticket').click();\ncy.wait(1000); // espera 1 segundo antes de continuar\ncy.get('input[id=\"title\"]').should('be.visible');",
              "err": {},
              "uuid": "6b466155-8ed5-4ce2-a624-d973d7a034d4",
              "parentUUID": "cbfe3431-d365-4a38-a552-b08b2c38f492",
              "isHook": false,
              "skipped": true
            }
          ],
          "suites": [],
          "passes": [],
          "failures": [
            "a7b9eacd-6ece-4f3c-a058-052157ea02ea"
          ],
          "pending": [],
          "skipped": [
            "976f6163-646e-4b70-933d-bfad17bb76ab",
            "6b466155-8ed5-4ce2-a624-d973d7a034d4"
          ],
          "duration": 5698,
          "root": false,
          "rootEmpty": false,
          "_timeout": 2000
        }
      ],
      "passes": [],
      "failures": [],
      "pending": [],
      "skipped": [],
      "duration": 0,
      "root": true,
      "rootEmpty": true,
      "_timeout": 2000
    }
  ],
  "meta": {
    "mocha": {
      "version": "7.2.0"
    },
    "mochawesome": {
      "options": {
        "quiet": false,
        "reportFilename": "mochawesome",
        "saveHtml": false,
        "saveJson": true,
        "consoleReporter": "spec",
        "useInlineDiffs": false,
        "code": true
      },
      "version": "7.1.3"
    },
    "marge": {
      "options": {
        "reportDir": "cypress/reports",
        "overwrite": false,
        "html": false,
        "json": true
      },
      "version": "6.2.0"
    }
  }
}