{
  "stats": {
    "suites": 1,
    "tests": 3,
    "passes": 3,
    "pending": 0,
    "failures": 0,
    "start": "2025-06-26T18:17:45.026Z",
    "end": "2025-06-26T18:17:54.029Z",
    "duration": 9003,
    "testsRegistered": 3,
    "passPercent": 100,
    "pendingPercent": 0,
    "other": 0,
    "hasOther": false,
    "skipped": 0,
    "hasSkipped": false
  },
  "results": [
    {
      "uuid": "e083d2b2-405e-476f-8431-b1630dbc73e4",
      "title": "",
      "fullFile": "cypress/e2e/login.cy.js",
      "file": "cypress/e2e/login.cy.js",
      "beforeHooks": [],
      "afterHooks": [],
      "tests": [],
      "suites": [
        {
          "uuid": "aafe89fb-bd3e-4945-a0c3-dac5cfe3d6fc",
          "title": "Teste de Login no ACS Ticket",
          "fullFile": "",
          "file": "",
          "beforeHooks": [],
          "afterHooks": [],
          "tests": [
            {
              "title": "Deve fazer login com sucesso",
              "fullTitle": "Teste de Login no ACS Ticket Deve fazer login com sucesso",
              "timedOut": null,
              "duration": 4264,
              "state": "passed",
              "speed": "fast",
              "pass": true,
              "fail": false,
              "pending": false,
              "context": null,
              "code": "// Acessa a página de login\ncy.visit('/login'); // ou '/' se já cair direto na tela de login\ncy.wait(1000); // espera 1 segundo antes de continuar\n// Preenche o e-mail e a senha\ncy.get('input[type=\"email\"]').type('felipe.henrique@analytichem.com');\ncy.get('input[type=\"password\"]').type('iTsFKSSS.2025*');\n// Clica no botão de login\ncy.contains('button', 'Entrar').click();\n// Valida se foi redirecionado para o dashboard ou se há algum elemento pós-login\ncy.contains('Dashboard & Analytics').should('be.visible');",
              "err": {},
              "uuid": "e78ffc5f-f775-42bd-9c97-43e6f2908b34",
              "parentUUID": "aafe89fb-bd3e-4945-a0c3-dac5cfe3d6fc",
              "isHook": false,
              "skipped": false
            },
            {
              "title": "Deve fazer login com senha errada e receber notificacao de erro",
              "fullTitle": "Teste de Login no ACS Ticket Deve fazer login com senha errada e receber notificacao de erro",
              "timedOut": null,
              "duration": 2407,
              "state": "passed",
              "speed": "fast",
              "pass": true,
              "fail": false,
              "pending": false,
              "context": null,
              "code": "// Acessa a página de login\ncy.visit('/login'); // ou '/' se já cair direto na tela de login\ncy.wait(1000); // espera 1 segundo antes de continuar\n// Preenche o e-mail e a senha\ncy.get('input[type=\"email\"]').type('felipe.henrique@analytichem.com');\ncy.get('input[type=\"password\"]').type('Diferente');\n// Clica no botão de login\ncy.contains('button', 'Entrar').click();\n// valida notificacao de erro\ncy.contains('Invalid login credentials').should('be.visible');",
              "err": {},
              "uuid": "a053699d-ac60-4d93-a620-8178d40b87be",
              "parentUUID": "aafe89fb-bd3e-4945-a0c3-dac5cfe3d6fc",
              "isHook": false,
              "skipped": false
            },
            {
              "title": "Deve fazer login com email errada e receber notificacao de erro",
              "fullTitle": "Teste de Login no ACS Ticket Deve fazer login com email errada e receber notificacao de erro",
              "timedOut": null,
              "duration": 2153,
              "state": "passed",
              "speed": "fast",
              "pass": true,
              "fail": false,
              "pending": false,
              "context": null,
              "code": "// Acessa a página de login\ncy.visit('/login'); // ou '/' se já cair direto na tela de login\ncy.wait(1000); // espera 1 segundo antes de continuar\n// Preenche o e-mail e a senha\ncy.get('input[type=\"email\"]').type('felipe@analytichem.com');\ncy.get('input[type=\"password\"]').type('iTsFKSSS.2025*');\n// Clica no botão de login\ncy.contains('button', 'Entrar').click();\n// valida notificacao de erro\ncy.contains('Invalid login credentials').should('be.visible');",
              "err": {},
              "uuid": "8415d354-543d-4568-9e47-ede80d7c9668",
              "parentUUID": "aafe89fb-bd3e-4945-a0c3-dac5cfe3d6fc",
              "isHook": false,
              "skipped": false
            }
          ],
          "suites": [],
          "passes": [
            "e78ffc5f-f775-42bd-9c97-43e6f2908b34",
            "a053699d-ac60-4d93-a620-8178d40b87be",
            "8415d354-543d-4568-9e47-ede80d7c9668"
          ],
          "failures": [],
          "pending": [],
          "skipped": [],
          "duration": 8824,
          "root": false,
          "rootEmpty": false,
          "_timeout": 2000
        }
      ],
      "passes": [],
      "failures": [],
      "pending": [],
      "skipped": [],
      "duration": 0,
      "root": true,
      "rootEmpty": true,
      "_timeout": 2000
    }
  ],
  "meta": {
    "mocha": {
      "version": "7.2.0"
    },
    "mochawesome": {
      "options": {
        "quiet": false,
        "reportFilename": "mochawesome",
        "saveHtml": false,
        "saveJson": true,
        "consoleReporter": "spec",
        "useInlineDiffs": false,
        "code": true
      },
      "version": "7.1.3"
    },
    "marge": {
      "options": {
        "reportDir": "cypress/reports",
        "overwrite": false,
        "html": false,
        "json": true
      },
      "version": "6.2.0"
    }
  }
}