{
  "stats": {
    "suites": 1,
    "tests": 3,
    "passes": 3,
    "pending": 0,
    "failures": 0,
    "start": "2025-06-26T19:57:01.057Z",
    "end": "2025-06-26T19:57:13.580Z",
    "duration": 12523,
    "testsRegistered": 3,
    "passPercent": 100,
    "pendingPercent": 0,
    "other": 0,
    "hasOther": false,
    "skipped": 0,
    "hasSkipped": false
  },
  "results": [
    {
      "uuid": "516a6d1a-49df-44bd-aa69-420db5f3dd9c",
      "title": "",
      "fullFile": "cypress/e2e/home-principal.cy.js",
      "file": "cypress/e2e/home-principal.cy.js",
      "beforeHooks": [],
      "afterHooks": [],
      "tests": [],
      "suites": [
        {
          "uuid": "e7f1652a-7784-42bb-8082-efa0faa2f1fd",
          "title": "Visualizar os Dashboards após Login",
          "fullFile": "",
          "file": "",
          "beforeHooks": [],
          "afterHooks": [],
          "tests": [
            {
              "title": "Deve exibir as métricas principais",
              "fullTitle": "Visualizar os Dashboards após Login Deve exibir as métricas principais",
              "timedOut": null,
              "duration": 5387,
              "state": "passed",
              "speed": "medium",
              "pass": true,
              "fail": false,
              "pending": false,
              "context": null,
              "code": "cy.contains('Total de Chamados').should('exist');\ncy.contains('Agentes Ativos').should('exist');\ncy.contains('SLA Cumprido').should('exist');",
              "err": {},
              "uuid": "a4870cfc-ea1f-429d-afe0-a7e1c685ce17",
              "parentUUID": "e7f1652a-7784-42bb-8082-efa0faa2f1fd",
              "isHook": false,
              "skipped": false
            },
            {
              "title": "Deve navegar para Tickets Abertos",
              "fullTitle": "Visualizar os Dashboards após Login Deve navegar para Tickets Abertos",
              "timedOut": null,
              "duration": 1966,
              "state": "passed",
              "speed": "fast",
              "pass": true,
              "fail": false,
              "pending": false,
              "context": null,
              "code": "cy.contains('Meus Tickets').click();\ncy.contains('Tickets Abertos').click();\ncy.contains('Open Tickets').should('be.visible');",
              "err": {},
              "uuid": "ee877f46-0d48-4c88-8dd4-dacd5339da23",
              "parentUUID": "e7f1652a-7784-42bb-8082-efa0faa2f1fd",
              "isHook": false,
              "skipped": false
            },
            {
              "title": "Deve clicar em + Criar Ticket",
              "fullTitle": "Visualizar os Dashboards após Login Deve clicar em + Criar Ticket",
              "timedOut": null,
              "duration": 4901,
              "state": "passed",
              "speed": "fast",
              "pass": true,
              "fail": false,
              "pending": false,
              "context": null,
              "code": "cy.wait(1000); // espera 1 segundo antes de continuar\ncy.contains('Criar Ticket').click();\ncy.wait(1000); // espera 1 segundo antes de continuar\ncy.get('input[id=\"title\"]').should('be.visible');",
              "err": {},
              "uuid": "e39f42b7-dc99-41ae-9c2c-339ba1a1c698",
              "parentUUID": "e7f1652a-7784-42bb-8082-efa0faa2f1fd",
              "isHook": false,
              "skipped": false
            }
          ],
          "suites": [],
          "passes": [
            "a4870cfc-ea1f-429d-afe0-a7e1c685ce17",
            "ee877f46-0d48-4c88-8dd4-dacd5339da23",
            "e39f42b7-dc99-41ae-9c2c-339ba1a1c698"
          ],
          "failures": [],
          "pending": [],
          "skipped": [],
          "duration": 12254,
          "root": false,
          "rootEmpty": false,
          "_timeout": 2000
        }
      ],
      "passes": [],
      "failures": [],
      "pending": [],
      "skipped": [],
      "duration": 0,
      "root": true,
      "rootEmpty": true,
      "_timeout": 2000
    }
  ],
  "meta": {
    "mocha": {
      "version": "7.2.0"
    },
    "mochawesome": {
      "options": {
        "quiet": false,
        "reportFilename": "mochawesome",
        "saveHtml": false,
        "saveJson": true,
        "consoleReporter": "spec",
        "useInlineDiffs": false,
        "code": true
      },
      "version": "7.1.3"
    },
    "marge": {
      "options": {
        "reportDir": "cypress/reports",
        "overwrite": false,
        "html": false,
        "json": true
      },
      "version": "6.2.0"
    }
  }
}