{
  "stats": {
    "suites": 1,
    "tests": 1,
    "passes": 0,
    "pending": 0,
    "failures": 1,
    "start": "2025-06-26T18:54:44.769Z",
    "end": "2025-06-26T18:55:07.471Z",
    "duration": 22702,
    "testsRegistered": 6,
    "passPercent": 0,
    "pendingPercent": 0,
    "other": 0,
    "hasOther": false,
    "skipped": 5,
    "hasSkipped": true
  },
  "results": [
    {
      "uuid": "25e843aa-4dd5-4ab0-acde-c2805940cc7b",
      "title": "",
      "fullFile": "cypress/e2e/base-conhecimento.cy.js",
      "file": "cypress/e2e/base-conhecimento.cy.js",
      "beforeHooks": [],
      "afterHooks": [],
      "tests": [],
      "suites": [
        {
          "uuid": "e941e070-eacd-4610-97ec-b56d2e262724",
          "title": "Visualizar os Dashboards após Login",
          "fullFile": "",
          "file": "",
          "beforeHooks": [],
          "afterHooks": [],
          "tests": [
            {
              "title": "Deve Acessar tela de Base de Conhecimento",
              "fullTitle": "Visualizar os Dashboards após Login Deve Acessar tela de Base de Conhecimento",
              "timedOut": null,
              "duration": 22556,
              "state": "failed",
              "speed": null,
              "pass": false,
              "fail": true,
              "pending": false,
              "context": null,
              "code": "cy.contains('Base de Conhecimento').click();\ncy.visit('/Knowledge');\ncy.contains('Knowledge Base').should('be.visible');",
              "err": {
                "message": "AssertionError: Timed out retrying after 20000ms: Expected to find content: 'EN' within the selector: 'button' but never did.\n\nBecause this error occurred during a `before each` hook we are skipping the remaining tests in the current suite: `Visualizar os Dashboards ap...`",
                "estack": "AssertionError: Timed out retrying after 20000ms: Expected to find content: 'EN' within the selector: 'button' but never did.\n\nBecause this error occurred during a `before each` hook we are skipping the remaining tests in the current suite: `Visualizar os Dashboards ap...`\n    at Context.eval (webpack://prj_acsticket/./cypress/e2e/base-conhecimento.cy.js:13:7)",
                "diff": null
              },
              "uuid": "a924cb5d-8f81-4add-86e4-58991bdf9a4d",
              "parentUUID": "e941e070-eacd-4610-97ec-b56d2e262724",
              "isHook": false,
              "skipped": false
            },
            {
              "title": "Pesquise algo que não existe na Base de Conhecimento",
              "fullTitle": "Visualizar os Dashboards após Login Pesquise algo que não existe na Base de Conhecimento",
              "timedOut": null,
              "duration": 0,
              "state": "skipped",
              "speed": null,
              "pass": false,
              "fail": false,
              "pending": false,
              "context": null,
              "code": "cy.contains('Base de Conhecimento').click();\ncy.visit('/Knowledge');\ncy.contains('Knowledge Base').should('be.visible');\ncy.get('input[placeholder=\"Search articles...\"]').type('Conteúdo que não existe');\ncy.contains('No Articles Found').should('be.visible');",
              "err": {},
              "uuid": "34218f07-f1a3-4437-bb0f-3bb2ff268dc6",
              "parentUUID": "e941e070-eacd-4610-97ec-b56d2e262724",
              "isHook": false,
              "skipped": true
            },
            {
              "title": "Pesquise algo que existe na Base de Conhecimento e tenha mais de um arquivo",
              "fullTitle": "Visualizar os Dashboards após Login Pesquise algo que existe na Base de Conhecimento e tenha mais de um arquivo",
              "timedOut": null,
              "duration": 0,
              "state": "skipped",
              "speed": null,
              "pass": false,
              "fail": false,
              "pending": false,
              "context": null,
              "code": "cy.contains('Base de Conhecimento').click();\ncy.visit('/Knowledge');\ncy.contains('Knowledge Base').should('be.visible');\ncy.get('input[placeholder=\"Search articles...\"]').type('Pass');\ncy.contains('Search Results (2)').should('be.visible');",
              "err": {},
              "uuid": "908e385e-2b6e-4a47-a1f5-fc070dfed207",
              "parentUUID": "e941e070-eacd-4610-97ec-b56d2e262724",
              "isHook": false,
              "skipped": true
            },
            {
              "title": "Pesquise algo que existe na Base de Conhecimento e tenha apenas um arquivo",
              "fullTitle": "Visualizar os Dashboards após Login Pesquise algo que existe na Base de Conhecimento e tenha apenas um arquivo",
              "timedOut": null,
              "duration": 0,
              "state": "skipped",
              "speed": null,
              "pass": false,
              "fail": false,
              "pending": false,
              "context": null,
              "code": "cy.contains('Base de Conhecimento').click();\ncy.visit('/Knowledge');\ncy.contains('Knowledge Base').should('be.visible');\ncy.get('input[placeholder=\"Search articles...\"]').type('all');\ncy.contains('Search Results (1)').should('be.visible');",
              "err": {},
              "uuid": "681a565f-9342-4594-ae40-9cd65efa4855",
              "parentUUID": "e941e070-eacd-4610-97ec-b56d2e262724",
              "isHook": false,
              "skipped": true
            },
            {
              "title": "Uso a opcao de compartilhar um artigo",
              "fullTitle": "Visualizar os Dashboards após Login Uso a opcao de compartilhar um artigo",
              "timedOut": null,
              "duration": 0,
              "state": "skipped",
              "speed": null,
              "pass": false,
              "fail": false,
              "pending": false,
              "context": null,
              "code": "cy.contains('Base de Conhecimento').click();\ncy.visit('/Knowledge');\ncy.contains('Knowledge Base').should('be.visible');\ncy.get(':nth-child(1) > .p-6 > .space-y-4 > .items-start > .lucide-external-link').click();\ncy.contains('button', 'Share').click();\ncy.wait(1000); // espera 1 segundo antes de continuar",
              "err": {},
              "uuid": "ac071fe2-545b-4898-87a6-611f76676042",
              "parentUUID": "e941e070-eacd-4610-97ec-b56d2e262724",
              "isHook": false,
              "skipped": true
            },
            {
              "title": "Uso a opcao de compartilhar um artigo",
              "fullTitle": "Visualizar os Dashboards após Login Uso a opcao de compartilhar um artigo",
              "timedOut": null,
              "duration": 0,
              "state": "skipped",
              "speed": null,
              "pass": false,
              "fail": false,
              "pending": false,
              "context": null,
              "code": "cy.contains('Base de Conhecimento').click();\ncy.visit('/Knowledge');\ncy.contains('Knowledge Base').should('be.visible');\ncy.get(':nth-child(1) > .p-6 > .space-y-4 > .items-start > .lucide-external-link').click();\ncy.contains('button', 'Print').click();\ncy.wait(1000); // espera 1 segundo antes de continuar",
              "err": {},
              "uuid": "3cfb4a73-08c2-4e01-82cd-0badeb3aae81",
              "parentUUID": "e941e070-eacd-4610-97ec-b56d2e262724",
              "isHook": false,
              "skipped": true
            }
          ],
          "suites": [],
          "passes": [],
          "failures": [
            "a924cb5d-8f81-4add-86e4-58991bdf9a4d"
          ],
          "pending": [],
          "skipped": [
            "34218f07-f1a3-4437-bb0f-3bb2ff268dc6",
            "908e385e-2b6e-4a47-a1f5-fc070dfed207",
            "681a565f-9342-4594-ae40-9cd65efa4855",
            "ac071fe2-545b-4898-87a6-611f76676042",
            "3cfb4a73-08c2-4e01-82cd-0badeb3aae81"
          ],
          "duration": 22556,
          "root": false,
          "rootEmpty": false,
          "_timeout": 2000
        }
      ],
      "passes": [],
      "failures": [],
      "pending": [],
      "skipped": [],
      "duration": 0,
      "root": true,
      "rootEmpty": true,
      "_timeout": 2000
    }
  ],
  "meta": {
    "mocha": {
      "version": "7.2.0"
    },
    "mochawesome": {
      "options": {
        "quiet": false,
        "reportFilename": "mochawesome",
        "saveHtml": false,
        "saveJson": true,
        "consoleReporter": "spec",
        "useInlineDiffs": false,
        "code": true
      },
      "version": "7.1.3"
    },
    "marge": {
      "options": {
        "reportDir": "cypress/reports",
        "overwrite": false,
        "html": false,
        "json": true
      },
      "version": "6.2.0"
    }
  }
}