{
  "stats": {
    "suites": 1,
    "tests": 4,
    "passes": 1,
    "pending": 0,
    "failures": 3,
    "start": "2025-06-20T14:12:43.358Z",
    "end": "2025-06-20T14:13:06.372Z",
    "duration": 23014,
    "testsRegistered": 4,
    "passPercent": 25,
    "pendingPercent": 0,
    "other": 0,
    "hasOther": false,
    "skipped": 0,
    "hasSkipped": false
  },
  "results": [
    {
      "uuid": "78f71f4f-4c64-42ea-a4c7-4a6ddb024d14",
      "title": "",
      "fullFile": "cypress/e2e/home-principal.cy.js",
      "file": "cypress/e2e/home-principal.cy.js",
      "beforeHooks": [],
      "afterHooks": [],
      "tests": [],
      "suites": [
        {
          "uuid": "cdec6f51-2c66-485e-8c8d-bdd432aef23c",
          "title": "Visualizar os Dashboards após Login",
          "fullFile": "",
          "file": "",
          "beforeHooks": [],
          "afterHooks": [],
          "tests": [
            {
              "title": "Deve exibir as métricas principais",
              "fullTitle": "Visualizar os Dashboards após Login Deve exibir as métricas principais",
              "timedOut": null,
              "duration": 3134,
              "state": "passed",
              "speed": "fast",
              "pass": true,
              "fail": false,
              "pending": false,
              "context": null,
              "code": "cy.contains('Total de Chamados').should('exist');\ncy.contains('Agentes Ativos').should('exist');\ncy.contains('SLA Cumprido').should('exist');",
              "err": {},
              "uuid": "13b8a0a5-ff75-4c80-817e-8e159e062131",
              "parentUUID": "cdec6f51-2c66-485e-8c8d-bdd432aef23c",
              "isHook": false,
              "skipped": false
            },
            {
              "title": "Deve navegar para Tickets Abertos",
              "fullTitle": "Visualizar os Dashboards após Login Deve navegar para Tickets Abertos",
              "timedOut": null,
              "duration": 6259,
              "state": "failed",
              "speed": null,
              "pass": false,
              "fail": true,
              "pending": false,
              "context": null,
              "code": "cy.contains('My Tickets').click();\ncy.contains('Open').click();\ncy.contains('Open Tickets').should('be.visible');",
              "err": {
                "message": "AssertionError: Timed out retrying after 4000ms: Expected to find content: 'My Tickets' but never did.",
                "estack": "AssertionError: Timed out retrying after 4000ms: Expected to find content: 'My Tickets' but never did.\n    at Context.eval (webpack://prj_acsticket/./cypress/e2e/home-principal.cy.js:22:7)",
                "diff": null
              },
              "uuid": "8237e8da-a0dd-40d3-8c24-01eb40957741",
              "parentUUID": "cdec6f51-2c66-485e-8c8d-bdd432aef23c",
              "isHook": false,
              "skipped": false
            },
            {
              "title": "Deve clicar em + New Ticket",
              "fullTitle": "Visualizar os Dashboards após Login Deve clicar em + New Ticket",
              "timedOut": null,
              "duration": 7273,
              "state": "failed",
              "speed": null,
              "pass": false,
              "fail": true,
              "pending": false,
              "context": null,
              "code": "cy.wait(1000); // espera 1 segundo antes de continuar\ncy.contains('New Ticket').click();\ncy.wait(1000); // espera 1 segundo antes de continuar\ncy.get('input[id=\"title\"]').should('be.visible');",
              "err": {
                "message": "AssertionError: Timed out retrying after 4000ms: Expected to find content: 'New Ticket' but never did.",
                "estack": "AssertionError: Timed out retrying after 4000ms: Expected to find content: 'New Ticket' but never did.\n    at Context.eval (webpack://prj_acsticket/./cypress/e2e/home-principal.cy.js:29:7)",
                "diff": null
              },
              "uuid": "98171a0c-2346-4b95-a7cd-cf5b2ee50dbe",
              "parentUUID": "cdec6f51-2c66-485e-8c8d-bdd432aef23c",
              "isHook": false,
              "skipped": false
            },
            {
              "title": "Deve exibir nome do usuário logado",
              "fullTitle": "Visualizar os Dashboards após Login Deve exibir nome do usuário logado",
              "timedOut": null,
              "duration": 6236,
              "state": "failed",
              "speed": null,
              "pass": false,
              "fail": true,
              "pending": false,
              "context": null,
              "code": "cy.contains('Felipe dos Santos Henrique').should('exist');\ncy.contains('Administrator').should('exist');",
              "err": {
                "message": "AssertionError: Timed out retrying after 4000ms: Expected to find content: 'Administrator' but never did.",
                "estack": "AssertionError: Timed out retrying after 4000ms: Expected to find content: 'Administrator' but never did.\n    at Context.eval (webpack://prj_acsticket/./cypress/e2e/home-principal.cy.js:36:33)",
                "diff": null
              },
              "uuid": "79a8f9bf-6469-43a3-b505-e096e39958e9",
              "parentUUID": "cdec6f51-2c66-485e-8c8d-bdd432aef23c",
              "isHook": false,
              "skipped": false
            }
          ],
          "suites": [],
          "passes": [
            "13b8a0a5-ff75-4c80-817e-8e159e062131"
          ],
          "failures": [
            "8237e8da-a0dd-40d3-8c24-01eb40957741",
            "98171a0c-2346-4b95-a7cd-cf5b2ee50dbe",
            "79a8f9bf-6469-43a3-b505-e096e39958e9"
          ],
          "pending": [],
          "skipped": [],
          "duration": 22902,
          "root": false,
          "rootEmpty": false,
          "_timeout": 2000
        }
      ],
      "passes": [],
      "failures": [],
      "pending": [],
      "skipped": [],
      "duration": 0,
      "root": true,
      "rootEmpty": true,
      "_timeout": 2000
    }
  ],
  "meta": {
    "mocha": {
      "version": "7.2.0"
    },
    "mochawesome": {
      "options": {
        "quiet": false,
        "reportFilename": "mochawesome",
        "saveHtml": false,
        "saveJson": true,
        "consoleReporter": "spec",
        "useInlineDiffs": false,
        "code": true
      },
      "version": "7.1.3"
    },
    "marge": {
      "options": {
        "reportDir": "cypress/reports",
        "overwrite": false,
        "html": false,
        "json": true
      },
      "version": "6.2.0"
    }
  }
}