{
  "stats": {
    "suites": 1,
    "tests": 3,
    "passes": 0,
    "pending": 0,
    "failures": 3,
    "start": "2025-06-20T14:07:04.658Z",
    "end": "2025-06-20T14:07:27.319Z",
    "duration": 22661,
    "testsRegistered": 3,
    "passPercent": 0,
    "pendingPercent": 0,
    "other": 0,
    "hasOther": false,
    "skipped": 0,
    "hasSkipped": false
  },
  "results": [
    {
      "uuid": "cab4c000-f242-4cbb-8d91-1f102af56888",
      "title": "",
      "fullFile": "cypress/e2e/area-cliente.cy.js",
      "file": "cypress/e2e/area-cliente.cy.js",
      "beforeHooks": [],
      "afterHooks": [],
      "tests": [],
      "suites": [
        {
          "uuid": "92a7af9a-1621-4919-b871-4c12380de67d",
          "title": "Menu do Usuário - Perfil e Logout",
          "fullFile": "",
          "file": "",
          "beforeHooks": [],
          "afterHooks": [],
          "tests": [
            {
              "title": "Deve acessar o My Profile",
              "fullTitle": "Menu do Usuário - Perfil e Logout Deve acessar o My Profile",
              "timedOut": null,
              "duration": 8810,
              "state": "failed",
              "speed": null,
              "pass": false,
              "fail": true,
              "pending": false,
              "context": null,
              "code": "// Abre o menu de usuário (clicando na imagem/avatar)\ncy.get('img[alt*=\"Felipe\"]').click();\n// Clica em \"My Profile\"\ncy.contains('My Profile').click();\n// Verifica se a URL ou algum conteúdo da página de perfil foi carregado\ncy.url().should('include', '/profile');\ncy.wait(6000); // espera 1 segundo antes de continuar\ncy.contains('Personal Information').should('exist');",
              "err": {
                "message": "AssertionError: Timed out retrying after 4000ms: Expected to find content: 'My Profile' but never did.",
                "estack": "AssertionError: Timed out retrying after 4000ms: Expected to find content: 'My Profile' but never did.\n    at Context.eval (webpack://prj_acsticket/./cypress/e2e/area-cliente.cy.js:20:7)",
                "diff": null
              },
              "uuid": "178aa45b-729a-4f35-b865-b51d3a4d2976",
              "parentUUID": "92a7af9a-1621-4919-b871-4c12380de67d",
              "isHook": false,
              "skipped": false
            },
            {
              "title": "Deve acessar Settings",
              "fullTitle": "Menu do Usuário - Perfil e Logout Deve acessar Settings",
              "timedOut": null,
              "duration": 6816,
              "state": "failed",
              "speed": null,
              "pass": false,
              "fail": true,
              "pending": false,
              "context": null,
              "code": "cy.get('img[alt*=\"Felipe\"]').click();\ncy.contains('Settings').click();\ncy.url().should('include', '/settings');\ncy.wait(1000); // espera 1 segundo antes de continuar\ncy.contains('Settings').should('exist');",
              "err": {
                "message": "AssertionError: Timed out retrying after 4000ms: Expected to find content: 'Settings' but never did.",
                "estack": "AssertionError: Timed out retrying after 4000ms: Expected to find content: 'Settings' but never did.\n    at Context.eval (webpack://prj_acsticket/./cypress/e2e/area-cliente.cy.js:29:7)",
                "diff": null
              },
              "uuid": "7c69a0c8-cc0a-4c54-a14b-cef57daef339",
              "parentUUID": "92a7af9a-1621-4919-b871-4c12380de67d",
              "isHook": false,
              "skipped": false
            },
            {
              "title": "Deve realizar Logout com sucesso",
              "fullTitle": "Menu do Usuário - Perfil e Logout Deve realizar Logout com sucesso",
              "timedOut": null,
              "duration": 6935,
              "state": "failed",
              "speed": null,
              "pass": false,
              "fail": true,
              "pending": false,
              "context": null,
              "code": "cy.get('img[alt*=\"Felipe\"]').click();\ncy.wait(1000); // espera 1 segundo antes de continuar\ncy.contains('Logout').click();\n// cy.wait(6000) // espera 1 segundo antes de continuar\ncy.url().should('include', '/login');\n// cy.contains('Entrar').should('exist') // ou qualquer outro elemento da tela de login",
              "err": {
                "message": "AssertionError: Timed out retrying after 4000ms: Expected to find content: 'Logout' but never did.",
                "estack": "AssertionError: Timed out retrying after 4000ms: Expected to find content: 'Logout' but never did.\n    at Context.eval (webpack://prj_acsticket/./cypress/e2e/area-cliente.cy.js:39:7)",
                "diff": null
              },
              "uuid": "a88b90da-9c99-4989-88e6-2a202e1a1f64",
              "parentUUID": "92a7af9a-1621-4919-b871-4c12380de67d",
              "isHook": false,
              "skipped": false
            }
          ],
          "suites": [],
          "passes": [],
          "failures": [
            "178aa45b-729a-4f35-b865-b51d3a4d2976",
            "7c69a0c8-cc0a-4c54-a14b-cef57daef339",
            "a88b90da-9c99-4989-88e6-2a202e1a1f64"
          ],
          "pending": [],
          "skipped": [],
          "duration": 22561,
          "root": false,
          "rootEmpty": false,
          "_timeout": 2000
        }
      ],
      "passes": [],
      "failures": [],
      "pending": [],
      "skipped": [],
      "duration": 0,
      "root": true,
      "rootEmpty": true,
      "_timeout": 2000
    }
  ],
  "meta": {
    "mocha": {
      "version": "7.2.0"
    },
    "mochawesome": {
      "options": {
        "quiet": false,
        "reportFilename": "mochawesome",
        "saveHtml": false,
        "saveJson": true,
        "consoleReporter": "spec",
        "useInlineDiffs": false,
        "code": true
      },
      "version": "7.1.3"
    },
    "marge": {
      "options": {
        "reportDir": "cypress/reports",
        "overwrite": false,
        "html": false,
        "json": true
      },
      "version": "6.2.0"
    }
  }
}