{
  "stats": {
    "suites": 1,
    "tests": 4,
    "passes": 2,
    "pending": 0,
    "failures": 2,
    "start": "2025-06-18T22:05:15.201Z",
    "end": "2025-06-18T22:05:35.783Z",
    "duration": 20582,
    "testsRegistered": 4,
    "passPercent": 50,
    "pendingPercent": 0,
    "other": 0,
    "hasOther": false,
    "skipped": 0,
    "hasSkipped": false
  },
  "results": [
    {
      "uuid": "27190837-9068-46b2-824b-2ca98cdbe2e3",
      "title": "",
      "fullFile": "cypress/e2e/home-principal.cy.js",
      "file": "cypress/e2e/home-principal.cy.js",
      "beforeHooks": [],
      "afterHooks": [],
      "tests": [],
      "suites": [
        {
          "uuid": "55aff040-057b-43f7-992b-cb9959087755",
          "title": "Visualizar os Dashboards após Login",
          "fullFile": "",
          "file": "",
          "beforeHooks": [],
          "afterHooks": [],
          "tests": [
            {
              "title": "Deve exibir as métricas principais",
              "fullTitle": "Visualizar os Dashboards após Login Deve exibir as métricas principais",
              "timedOut": null,
              "duration": 3922,
              "state": "passed",
              "speed": "fast",
              "pass": true,
              "fail": false,
              "pending": false,
              "context": null,
              "code": "cy.contains('Total de Chamados').should('exist');\ncy.contains('Agentes Ativos').should('exist');\ncy.contains('SLA Cumprido').should('exist');",
              "err": {},
              "uuid": "b8963cbe-56dc-4ba7-888a-fb1f3f7499fa",
              "parentUUID": "55aff040-057b-43f7-992b-cb9959087755",
              "isHook": false,
              "skipped": false
            },
            {
              "title": "Deve navegar para Tickets Abertos",
              "fullTitle": "Visualizar os Dashboards após Login Deve navegar para Tickets Abertos",
              "timedOut": null,
              "duration": 6465,
              "state": "failed",
              "speed": null,
              "pass": false,
              "fail": true,
              "pending": false,
              "context": null,
              "code": "cy.contains('My Tickets').click();\ncy.contains('Open').click();\ncy.contains('Open Tickets').should('be.visible');",
              "err": {
                "message": "AssertionError: Timed out retrying after 4000ms: Expected to find content: 'My Tickets' but never did.",
                "estack": "AssertionError: Timed out retrying after 4000ms: Expected to find content: 'My Tickets' but never did.\n    at Context.eval (webpack://prj_acsticket/./cypress/e2e/home-principal.cy.js:22:7)",
                "diff": null
              },
              "uuid": "81b5ab45-4e95-4e59-a024-9376a3cead00",
              "parentUUID": "55aff040-057b-43f7-992b-cb9959087755",
              "isHook": false,
              "skipped": false
            },
            {
              "title": "Deve clicar em + New Ticket",
              "fullTitle": "Visualizar os Dashboards após Login Deve clicar em + New Ticket",
              "timedOut": null,
              "duration": 7630,
              "state": "failed",
              "speed": null,
              "pass": false,
              "fail": true,
              "pending": false,
              "context": null,
              "code": "cy.wait(1000); // espera 1 segundo antes de continuar\ncy.contains('New Ticket').click();\ncy.wait(1000); // espera 1 segundo antes de continuar\ncy.get('input[id=\"title\"]').should('be.visible');",
              "err": {
                "message": "AssertionError: Timed out retrying after 4000ms: Expected to find content: 'New Ticket' but never did.",
                "estack": "AssertionError: Timed out retrying after 4000ms: Expected to find content: 'New Ticket' but never did.\n    at Context.eval (webpack://prj_acsticket/./cypress/e2e/home-principal.cy.js:29:7)",
                "diff": null
              },
              "uuid": "fb47bd31-505a-4766-86fd-cc53a5df1276",
              "parentUUID": "55aff040-057b-43f7-992b-cb9959087755",
              "isHook": false,
              "skipped": false
            },
            {
              "title": "Deve exibir nome do usuário logado",
              "fullTitle": "Visualizar os Dashboards após Login Deve exibir nome do usuário logado",
              "timedOut": null,
              "duration": 2432,
              "state": "passed",
              "speed": "fast",
              "pass": true,
              "fail": false,
              "pending": false,
              "context": null,
              "code": "cy.contains('Felipe dos Santos Henrique').should('exist');\ncy.contains('Administrator').should('exist');",
              "err": {},
              "uuid": "ee64909e-1f12-4359-a5db-e6f263d0598c",
              "parentUUID": "55aff040-057b-43f7-992b-cb9959087755",
              "isHook": false,
              "skipped": false
            }
          ],
          "suites": [],
          "passes": [
            "b8963cbe-56dc-4ba7-888a-fb1f3f7499fa",
            "ee64909e-1f12-4359-a5db-e6f263d0598c"
          ],
          "failures": [
            "81b5ab45-4e95-4e59-a024-9376a3cead00",
            "fb47bd31-505a-4766-86fd-cc53a5df1276"
          ],
          "pending": [],
          "skipped": [],
          "duration": 20449,
          "root": false,
          "rootEmpty": false,
          "_timeout": 2000
        }
      ],
      "passes": [],
      "failures": [],
      "pending": [],
      "skipped": [],
      "duration": 0,
      "root": true,
      "rootEmpty": true,
      "_timeout": 2000
    }
  ],
  "meta": {
    "mocha": {
      "version": "7.2.0"
    },
    "mochawesome": {
      "options": {
        "quiet": false,
        "reportFilename": "mochawesome",
        "saveHtml": false,
        "saveJson": true,
        "consoleReporter": "spec",
        "useInlineDiffs": false,
        "code": true
      },
      "version": "7.1.3"
    },
    "marge": {
      "options": {
        "reportDir": "cypress/reports",
        "overwrite": false,
        "html": false,
        "json": true
      },
      "version": "6.2.0"
    }
  }
}