{
  "stats": {
    "suites": 1,
    "tests": 3,
    "passes": 3,
    "pending": 0,
    "failures": 0,
    "start": "2025-06-26T18:01:58.136Z",
    "end": "2025-06-26T18:02:06.888Z",
    "duration": 8752,
    "testsRegistered": 3,
    "passPercent": 100,
    "pendingPercent": 0,
    "other": 0,
    "hasOther": false,
    "skipped": 0,
    "hasSkipped": false
  },
  "results": [
    {
      "uuid": "de4c0d2c-1393-4710-bf1e-4c62cc148c48",
      "title": "",
      "fullFile": "cypress/e2e/login.cy.js",
      "file": "cypress/e2e/login.cy.js",
      "beforeHooks": [],
      "afterHooks": [],
      "tests": [],
      "suites": [
        {
          "uuid": "c9c186aa-8ccb-4485-a936-989a9b2e3a90",
          "title": "Teste de Login no ACS Ticket",
          "fullFile": "",
          "file": "",
          "beforeHooks": [],
          "afterHooks": [],
          "tests": [
            {
              "title": "Deve fazer login com sucesso",
              "fullTitle": "Teste de Login no ACS Ticket Deve fazer login com sucesso",
              "timedOut": null,
              "duration": 4112,
              "state": "passed",
              "speed": "fast",
              "pass": true,
              "fail": false,
              "pending": false,
              "context": null,
              "code": "// Acessa a página de login\ncy.visit('/login'); // ou '/' se já cair direto na tela de login\ncy.wait(1000); // espera 1 segundo antes de continuar\n// Preenche o e-mail e a senha\ncy.get('input[type=\"email\"]').type('felipe.henrique@analytichem.com');\ncy.get('input[type=\"password\"]').type('iTsFKSSS.2025*');\n// Clica no botão de login\ncy.contains('button', 'Entrar').click();\n// Valida se foi redirecionado para o dashboard ou se há algum elemento pós-login\ncy.contains('Dashboard & Analytics').should('be.visible');",
              "err": {},
              "uuid": "4cc60036-e028-42ab-9959-d06987654655",
              "parentUUID": "c9c186aa-8ccb-4485-a936-989a9b2e3a90",
              "isHook": false,
              "skipped": false
            },
            {
              "title": "Deve fazer login com senha errada e receber notificacao de erro",
              "fullTitle": "Teste de Login no ACS Ticket Deve fazer login com senha errada e receber notificacao de erro",
              "timedOut": null,
              "duration": 2329,
              "state": "passed",
              "speed": "fast",
              "pass": true,
              "fail": false,
              "pending": false,
              "context": null,
              "code": "// Acessa a página de login\ncy.visit('/login'); // ou '/' se já cair direto na tela de login\ncy.wait(1000); // espera 1 segundo antes de continuar\n// Preenche o e-mail e a senha\ncy.get('input[type=\"email\"]').type('felipe.henrique@analytichem.com');\ncy.get('input[type=\"password\"]').type('Diferente');\n// Clica no botão de login\ncy.contains('button', 'Entrar').click();\n// valida notificacao de erro\ncy.contains('Invalid login credentials').should('be.visible');",
              "err": {},
              "uuid": "c548be36-7eb4-45f5-b89b-a4f80bd2c70b",
              "parentUUID": "c9c186aa-8ccb-4485-a936-989a9b2e3a90",
              "isHook": false,
              "skipped": false
            },
            {
              "title": "Deve fazer login com email errada e receber notificacao de erro",
              "fullTitle": "Teste de Login no ACS Ticket Deve fazer login com email errada e receber notificacao de erro",
              "timedOut": null,
              "duration": 2094,
              "state": "passed",
              "speed": "fast",
              "pass": true,
              "fail": false,
              "pending": false,
              "context": null,
              "code": "// Acessa a página de login\ncy.visit('/login'); // ou '/' se já cair direto na tela de login\ncy.wait(1000); // espera 1 segundo antes de continuar\n// Preenche o e-mail e a senha\ncy.get('input[type=\"email\"]').type('felipe@analytichem.com');\ncy.get('input[type=\"password\"]').type('iTsFKSSS.2025*');\n// Clica no botão de login\ncy.contains('button', 'Entrar').click();\n// valida notificacao de erro\ncy.contains('Invalid login credentials').should('be.visible');",
              "err": {},
              "uuid": "1fbe39a7-7fcd-47c9-9278-830dc6c293ea",
              "parentUUID": "c9c186aa-8ccb-4485-a936-989a9b2e3a90",
              "isHook": false,
              "skipped": false
            }
          ],
          "suites": [],
          "passes": [
            "4cc60036-e028-42ab-9959-d06987654655",
            "c548be36-7eb4-45f5-b89b-a4f80bd2c70b",
            "1fbe39a7-7fcd-47c9-9278-830dc6c293ea"
          ],
          "failures": [],
          "pending": [],
          "skipped": [],
          "duration": 8535,
          "root": false,
          "rootEmpty": false,
          "_timeout": 2000
        }
      ],
      "passes": [],
      "failures": [],
      "pending": [],
      "skipped": [],
      "duration": 0,
      "root": true,
      "rootEmpty": true,
      "_timeout": 2000
    }
  ],
  "meta": {
    "mocha": {
      "version": "7.2.0"
    },
    "mochawesome": {
      "options": {
        "quiet": false,
        "reportFilename": "mochawesome",
        "saveHtml": false,
        "saveJson": true,
        "consoleReporter": "spec",
        "useInlineDiffs": false,
        "code": true
      },
      "version": "7.1.3"
    },
    "marge": {
      "options": {
        "reportDir": "cypress/reports",
        "overwrite": false,
        "html": false,
        "json": true
      },
      "version": "6.2.0"
    }
  }
}