{
  "stats": {
    "suites": 1,
    "tests": 3,
    "passes": 3,
    "pending": 0,
    "failures": 0,
    "start": "2025-06-26T18:17:01.147Z",
    "end": "2025-06-26T18:17:10.120Z",
    "duration": 8973,
    "testsRegistered": 3,
    "passPercent": 100,
    "pendingPercent": 0,
    "other": 0,
    "hasOther": false,
    "skipped": 0,
    "hasSkipped": false
  },
  "results": [
    {
      "uuid": "05f9b2d1-2e6f-42dd-a167-b1d937742105",
      "title": "",
      "fullFile": "cypress/e2e/cadastro-login.cy.js",
      "file": "cypress/e2e/cadastro-login.cy.js",
      "beforeHooks": [],
      "afterHooks": [],
      "tests": [],
      "suites": [
        {
          "uuid": "ba260c18-5c0d-4446-9152-c3fd1428d214",
          "title": "Tela de Cadastro - Criar nova conta",
          "fullFile": "",
          "file": "",
          "beforeHooks": [],
          "afterHooks": [],
          "tests": [
            {
              "title": "Deve mostrar erro se as senhas forem diferentes",
              "fullTitle": "Tela de Cadastro - Criar nova conta Deve mostrar erro se as senhas forem diferentes",
              "timedOut": null,
              "duration": 2038,
              "state": "passed",
              "speed": "fast",
              "pass": true,
              "fail": false,
              "pending": false,
              "context": null,
              "code": "cy.get('input[placeholder=\"Seu nome completo\"]').type('Conta Erro');\ncy.get('input[placeholder=\"seu@email.com\"]').type('erro@example.com');\ncy.get('input[placeholder=\"Digite sua senha\"]').type('Senha123');\ncy.get('input[placeholder=\"Confirme sua senha\"]').type('SenhaDiferente');\n// Marca o checkbox de concordância com termos\ncy.get('input[type=\"checkbox\"]').check({\n  force: true\n});\n// Clica no botão de criar conta\ncy.contains('button', 'Criar conta').click();\n// Validacao de mensagem de erro \ncy.contains('As senhas não coincidem').should('be.visible');",
              "err": {},
              "uuid": "f82ae7b4-4cd1-4bed-a54d-4f644f736c89",
              "parentUUID": "ba260c18-5c0d-4446-9152-c3fd1428d214",
              "isHook": false,
              "skipped": false
            },
            {
              "title": "Deve preencher todos os campos obrigatórios e criar conta com sucesso",
              "fullTitle": "Tela de Cadastro - Criar nova conta Deve preencher todos os campos obrigatórios e criar conta com sucesso",
              "timedOut": null,
              "duration": 4724,
              "state": "passed",
              "speed": "fast",
              "pass": true,
              "fail": false,
              "pending": false,
              "context": null,
              "code": "const emailUnico = `qa_${Date.now()}@example.com`;\ncy.get('input[placeholder=\"Seu nome completo\"]').type('QA Automação');\ncy.get('input[placeholder=\"seu@email.com\"]').type(emailUnico);\ncy.get('input[placeholder=\"Digite sua senha\"]').type('SenhaSegura123!');\ncy.get('input[placeholder=\"Confirme sua senha\"]').type('SenhaSegura123!');\n// Marca o checkbox de concordância com termos\ncy.get('input[type=\"checkbox\"]').check({\n  force: true\n});\n// Clica no botão de criar conta\ncy.contains('button', 'Criar conta').click();\n// Espera a tela carregar após login\ncy.contains('Dashboard & Analytics').should('be.visible');",
              "err": {},
              "uuid": "c0af908f-1eca-4849-980a-add09bffc122",
              "parentUUID": "ba260c18-5c0d-4446-9152-c3fd1428d214",
              "isHook": false,
              "skipped": false
            },
            {
              "title": "Validar mensagem de conta ja existente",
              "fullTitle": "Tela de Cadastro - Criar nova conta Validar mensagem de conta ja existente",
              "timedOut": null,
              "duration": 1984,
              "state": "passed",
              "speed": "fast",
              "pass": true,
              "fail": false,
              "pending": false,
              "context": null,
              "code": "cy.get('input[placeholder=\"Seu nome completo\"]').type('QA Automação');\ncy.get('input[placeholder=\"seu@email.com\"]').type('QA@example.com');\ncy.get('input[placeholder=\"Digite sua senha\"]').type('SenhaSegura123!');\ncy.get('input[placeholder=\"Confirme sua senha\"]').type('SenhaSegura123!');\n// Marca o checkbox de concordância com termos\ncy.get('input[type=\"checkbox\"]').check({\n  force: true\n});\n// Clica no botão de criar conta\ncy.contains('button', 'Criar conta').click();\n//Valida mensagem de conta ja registrada\ncy.contains('User already registered').should('be.visible');",
              "err": {},
              "uuid": "251755b9-18da-423b-a60f-a1d8a2c79910",
              "parentUUID": "ba260c18-5c0d-4446-9152-c3fd1428d214",
              "isHook": false,
              "skipped": false
            }
          ],
          "suites": [],
          "passes": [
            "f82ae7b4-4cd1-4bed-a54d-4f644f736c89",
            "c0af908f-1eca-4849-980a-add09bffc122",
            "251755b9-18da-423b-a60f-a1d8a2c79910"
          ],
          "failures": [],
          "pending": [],
          "skipped": [],
          "duration": 8746,
          "root": false,
          "rootEmpty": false,
          "_timeout": 2000
        }
      ],
      "passes": [],
      "failures": [],
      "pending": [],
      "skipped": [],
      "duration": 0,
      "root": true,
      "rootEmpty": true,
      "_timeout": 2000
    }
  ],
  "meta": {
    "mocha": {
      "version": "7.2.0"
    },
    "mochawesome": {
      "options": {
        "quiet": false,
        "reportFilename": "mochawesome",
        "saveHtml": false,
        "saveJson": true,
        "consoleReporter": "spec",
        "useInlineDiffs": false,
        "code": true
      },
      "version": "7.1.3"
    },
    "marge": {
      "options": {
        "reportDir": "cypress/reports",
        "overwrite": false,
        "html": false,
        "json": true
      },
      "version": "6.2.0"
    }
  }
}