{
  "stats": {
    "suites": 1,
    "tests": 2,
    "passes": 0,
    "pending": 0,
    "failures": 2,
    "start": "2025-06-26T19:04:29.407Z",
    "end": "2025-06-26T19:05:14.393Z",
    "duration": 44986,
    "testsRegistered": 2,
    "passPercent": 0,
    "pendingPercent": 0,
    "other": 0,
    "hasOther": false,
    "skipped": 0,
    "hasSkipped": false
  },
  "results": [
    {
      "uuid": "b063cc12-b25b-490e-9199-9804b43daf78",
      "title": "",
      "fullFile": "cypress/e2e/gerenciamento-tarefas.cy.js",
      "file": "cypress/e2e/gerenciamento-tarefas.cy.js",
      "beforeHooks": [],
      "afterHooks": [],
      "tests": [],
      "suites": [
        {
          "uuid": "c971233b-a866-45cf-8e0f-0b538de8e4b5",
          "title": "Visualizar os Dashboards após Login",
          "fullFile": "",
          "file": "",
          "beforeHooks": [],
          "afterHooks": [],
          "tests": [
            {
              "title": "Deve Acessar tela de Gerenciamento de Tarefas",
              "fullTitle": "Visualizar os Dashboards após Login Deve Acessar tela de Gerenciamento de Tarefas",
              "timedOut": null,
              "duration": 22457,
              "state": "failed",
              "speed": null,
              "pass": false,
              "fail": true,
              "pending": false,
              "context": null,
              "code": "cy.contains('Reabertura').click();\ncy.visit('/todo');\ncy.contains('Gerenciamento de Tarefas').should('be.visible');",
              "err": {
                "message": "AssertionError: Timed out retrying after 20000ms: Expected to find content: 'Gerenciamento de Tarefas' but never did.",
                "estack": "AssertionError: Timed out retrying after 20000ms: Expected to find content: 'Gerenciamento de Tarefas' but never did.\n    at Context.eval (webpack://prj_acsticket/./cypress/e2e/gerenciamento-tarefas.cy.js:20:44)",
                "diff": null
              },
              "uuid": "cd45203a-bd66-42e0-ad23-2722c461706a",
              "parentUUID": "c971233b-a866-45cf-8e0f-0b538de8e4b5",
              "isHook": false,
              "skipped": false
            },
            {
              "title": "Deve criar uma nova tarefa",
              "fullTitle": "Visualizar os Dashboards após Login Deve criar uma nova tarefa",
              "timedOut": null,
              "duration": 22474,
              "state": "failed",
              "speed": null,
              "pass": false,
              "fail": true,
              "pending": false,
              "context": null,
              "code": "cy.contains('Reabertura').click();\ncy.visit('/todo');\n//Acesso a criacao de nova tarefa\ncy.contains('Gerenciamento de Tarefas').should('be.visible');\ncy.get('button').contains('Nova Tarefa').click();\n//Preenchimento de campos de nova tarefa \ncy.get('input[placeholder=\"Digite um título descritivo para a tarefa...\"]').type('Tarefa criada por automacao QA');\ncy.get('textarea[placeholder=\"Descreva detalhes, objetivos ou instruções específicas para esta tarefa...\"]').type('Descrição de teste automatizado para criação de tarefa dentro do sistema ACS Ticket.');\n// Define prioridade\n// cy.get('button[aria-haspopup=\"listbox\"]').first().click();\n//  cy.contains('Média').click(); // ou Média, Baixa, etc.\n// Seleciona o campo de data e define uma data válida\ncy.get('input[type=\"date\"]#dueDate').type('2025-06-27');\n// Horas estimadas\ncy.get('input[placeholder=\"Ex: 2.5\"]').type('1.5');\ncy.scrollTo('top');\n// 1. Clica no botão do combobox\ncy.contains('button', 'Nenhum ticket').click();\n// 2. Aguarda o dropdown abrir (pode ajustar esse tempo se necessário)\ncy.wait(500); // ou usar `.should('be.visible')` para esperar elemento real\n// 3. Seleciona a opção desejada pelo texto\ncy.contains('TESTE DE AUTOMAÇÃO QA - IT & Technical Support > Feature Request > 🟢 Low').click();\n// Atribui tarefa a um usuário\ncy.contains('button', 'Nenhum usuário atribuído').click();\n// 2. Aguarda o dropdown abrir\ncy.wait(300); // ou use should('be.visible') no menu se preferir\n// 3. Seleciona a opção pelo texto\ncy.contains('qa@example.com').click();\n// Adiciona tag\ncy.get('input[placeholder=\"Digite uma tag e pressione Enter...\"]').type('QA Automatizado{enter}');\ncy.get('button:has(svg.lucide-plus)').click();\ncy.contains('span', 'QA Automatizado').should('exist');\n// Ativa lembrete por e-mail\ncy.get('button[type=\"button\"][role=\"switch\"][data-state=\"unchecked\"]').first().click();\ncy.get('button[type=\"button\"][role=\"switch\"]').first().should('have.attr', 'data-state', 'checked');\n// Clica no botão para criar tarefa\ncy.contains('button', 'Criar Tarefa').click();\n// Validação com sucesso\ncy.contains('Tarefa criada com sucesso').should('be.visible');",
              "err": {
                "message": "AssertionError: Timed out retrying after 20000ms: Expected to find content: 'Gerenciamento de Tarefas' but never did.",
                "estack": "AssertionError: Timed out retrying after 20000ms: Expected to find content: 'Gerenciamento de Tarefas' but never did.\n    at Context.eval (webpack://prj_acsticket/./cypress/e2e/gerenciamento-tarefas.cy.js:28:44)",
                "diff": null
              },
              "uuid": "044ba8ad-9442-4e4f-9c71-c2210a2a3b9a",
              "parentUUID": "c971233b-a866-45cf-8e0f-0b538de8e4b5",
              "isHook": false,
              "skipped": false
            }
          ],
          "suites": [],
          "passes": [],
          "failures": [
            "cd45203a-bd66-42e0-ad23-2722c461706a",
            "044ba8ad-9442-4e4f-9c71-c2210a2a3b9a"
          ],
          "pending": [],
          "skipped": [],
          "duration": 44931,
          "root": false,
          "rootEmpty": false,
          "_timeout": 2000
        }
      ],
      "passes": [],
      "failures": [],
      "pending": [],
      "skipped": [],
      "duration": 0,
      "root": true,
      "rootEmpty": true,
      "_timeout": 2000
    }
  ],
  "meta": {
    "mocha": {
      "version": "7.2.0"
    },
    "mochawesome": {
      "options": {
        "quiet": false,
        "reportFilename": "mochawesome",
        "saveHtml": false,
        "saveJson": true,
        "consoleReporter": "spec",
        "useInlineDiffs": false,
        "code": true
      },
      "version": "7.1.3"
    },
    "marge": {
      "options": {
        "reportDir": "cypress/reports",
        "overwrite": false,
        "html": false,
        "json": true
      },
      "version": "6.2.0"
    }
  }
}