{
  "stats": {
    "suites": 1,
    "tests": 4,
    "passes": 0,
    "pending": 0,
    "failures": 4,
    "start": "2025-06-26T19:25:25.121Z",
    "end": "2025-06-26T19:26:57.425Z",
    "duration": 92304,
    "testsRegistered": 4,
    "passPercent": 0,
    "pendingPercent": 0,
    "other": 0,
    "hasOther": false,
    "skipped": 0,
    "hasSkipped": false
  },
  "results": [
    {
      "uuid": "029ec8b7-17e9-4bd4-ba59-b6dc63fc59ca",
      "title": "",
      "fullFile": "cypress/e2e/integracoes.cy.js",
      "file": "cypress/e2e/integracoes.cy.js",
      "beforeHooks": [],
      "afterHooks": [],
      "tests": [],
      "suites": [
        {
          "uuid": "944e436d-479c-4e0b-8337-a27f02af94fa",
          "title": "Visualizar os Dashboards após Login",
          "fullFile": "",
          "file": "",
          "beforeHooks": [],
          "afterHooks": [],
          "tests": [
            {
              "title": "Deve Acessar tela de Integrações",
              "fullTitle": "Visualizar os Dashboards após Login Deve Acessar tela de Integrações",
              "timedOut": null,
              "duration": 23284,
              "state": "failed",
              "speed": null,
              "pass": false,
              "fail": true,
              "pending": false,
              "context": null,
              "code": "cy.contains('Administração').click();\ncy.contains('Integrações').click();\ncy.visit('/integrations');\ncy.contains('Integrações').should('be.visible');",
              "err": {
                "message": "AssertionError: Timed out retrying after 20000ms: Expected to find content: 'Integrações' but never did.",
                "estack": "AssertionError: Timed out retrying after 20000ms: Expected to find content: 'Integrações' but never did.\n    at Context.eval (webpack://prj_acsticket/./cypress/e2e/integracoes.cy.js:22:31)",
                "diff": null
              },
              "uuid": "ef94410a-0d36-431c-91e1-9df160ceaf28",
              "parentUUID": "944e436d-479c-4e0b-8337-a27f02af94fa",
              "isHook": false,
              "skipped": false
            },
            {
              "title": "Deve ativar uma das \"Integrações\"",
              "fullTitle": "Visualizar os Dashboards após Login Deve ativar uma das \"Integrações\"",
              "timedOut": null,
              "duration": 22750,
              "state": "failed",
              "speed": null,
              "pass": false,
              "fail": true,
              "pending": false,
              "context": null,
              "code": "cy.contains('Administração').click();\ncy.contains('Integrações').click();\ncy.visit('/integrations');\ncy.contains('Integrações').should('be.visible');\n//Ativacao multipla de integrações desativadas\ncy.get('button[type=\"button\"][role=\"switch\"][data-state=\"unchecked\"]').first().click();\ncy.get('button[type=\"button\"][role=\"switch\"]').first().should('have.attr', 'data-state', 'checked');\ncy.wait(1000); // espera 1 segundo antes de continuar",
              "err": {
                "message": "AssertionError: Timed out retrying after 20000ms: Expected to find content: 'Integrações' but never did.",
                "estack": "AssertionError: Timed out retrying after 20000ms: Expected to find content: 'Integrações' but never did.\n    at Context.eval (webpack://prj_acsticket/./cypress/e2e/integracoes.cy.js:29:31)",
                "diff": null
              },
              "uuid": "3cb3f555-40bc-44aa-a5eb-fca37f38a4ed",
              "parentUUID": "944e436d-479c-4e0b-8337-a27f02af94fa",
              "isHook": false,
              "skipped": false
            },
            {
              "title": "Acessar opcao de configuração de uma integração",
              "fullTitle": "Visualizar os Dashboards após Login Acessar opcao de configuração de uma integração",
              "timedOut": null,
              "duration": 22724,
              "state": "failed",
              "speed": null,
              "pass": false,
              "fail": true,
              "pending": false,
              "context": null,
              "code": "cy.contains('Administração').click();\ncy.contains('Integrações').click();\ncy.visit('/integrations');\ncy.contains('Integrações').should('be.visible');\n//Acessar configuração de uma integração\ncy.get('.pt-0 > .space-y-4 > :nth-child(1) > .flex > .text-sm').click();\ncy.contains('Configurar').should('be.visible');\ncy.contains('button', 'Configurar').click();\ncy.wait(1000); // espera 1 segundo antes de continuar\ncy.contains('Webhook URL').should('be.visible');\ncy.contains('Canal').should('be.visible');\ncy.contains('Testar Integração').should('be.visible');",
              "err": {
                "message": "AssertionError: Timed out retrying after 20000ms: Expected to find content: 'Integrações' but never did.",
                "estack": "AssertionError: Timed out retrying after 20000ms: Expected to find content: 'Integrações' but never did.\n    at Context.eval (webpack://prj_acsticket/./cypress/e2e/integracoes.cy.js:41:31)",
                "diff": null
              },
              "uuid": "e1e5f0dd-9855-466c-a06d-20b96ff98bdf",
              "parentUUID": "944e436d-479c-4e0b-8337-a27f02af94fa",
              "isHook": false,
              "skipped": false
            },
            {
              "title": "Deve exibir a lista de integrações",
              "fullTitle": "Visualizar os Dashboards após Login Deve exibir a lista de integrações",
              "timedOut": null,
              "duration": 23406,
              "state": "failed",
              "speed": null,
              "pass": false,
              "fail": true,
              "pending": false,
              "context": null,
              "code": "cy.contains('Administração').click();\ncy.contains('Integrações').click();\ncy.visit('/integrations');\ncy.contains('Integrações').should('be.visible');\ncy.get('.pt-0 > .space-y-4 > :nth-child(1)').should('be.visible');",
              "err": {
                "message": "AssertionError: Timed out retrying after 20000ms: Expected to find content: 'Integrações' but never did.",
                "estack": "AssertionError: Timed out retrying after 20000ms: Expected to find content: 'Integrações' but never did.\n    at Context.eval (webpack://prj_acsticket/./cypress/e2e/integracoes.cy.js:56:31)",
                "diff": null
              },
              "uuid": "ddae77a9-ee72-4b07-87ab-f79dcebb7ee8",
              "parentUUID": "944e436d-479c-4e0b-8337-a27f02af94fa",
              "isHook": false,
              "skipped": false
            }
          ],
          "suites": [],
          "passes": [],
          "failures": [
            "ef94410a-0d36-431c-91e1-9df160ceaf28",
            "3cb3f555-40bc-44aa-a5eb-fca37f38a4ed",
            "e1e5f0dd-9855-466c-a06d-20b96ff98bdf",
            "ddae77a9-ee72-4b07-87ab-f79dcebb7ee8"
          ],
          "pending": [],
          "skipped": [],
          "duration": 92164,
          "root": false,
          "rootEmpty": false,
          "_timeout": 2000
        }
      ],
      "passes": [],
      "failures": [],
      "pending": [],
      "skipped": [],
      "duration": 0,
      "root": true,
      "rootEmpty": true,
      "_timeout": 2000
    }
  ],
  "meta": {
    "mocha": {
      "version": "7.2.0"
    },
    "mochawesome": {
      "options": {
        "quiet": false,
        "reportFilename": "mochawesome",
        "saveHtml": false,
        "saveJson": true,
        "consoleReporter": "spec",
        "useInlineDiffs": false,
        "code": true
      },
      "version": "7.1.3"
    },
    "marge": {
      "options": {
        "reportDir": "cypress/reports",
        "overwrite": false,
        "html": false,
        "json": true
      },
      "version": "6.2.0"
    }
  }
}