{
  "stats": {
    "suites": 1,
    "tests": 3,
    "passes": 3,
    "pending": 0,
    "failures": 0,
    "start": "2025-06-18T22:00:15.911Z",
    "end": "2025-06-18T22:00:34.960Z",
    "duration": 19049,
    "testsRegistered": 3,
    "passPercent": 100,
    "pendingPercent": 0,
    "other": 0,
    "hasOther": false,
    "skipped": 0,
    "hasSkipped": false
  },
  "results": [
    {
      "uuid": "b11bff8f-f547-473f-b497-98c60d2789d9",
      "title": "",
      "fullFile": "cypress/e2e/area-cliente.cy.js",
      "file": "cypress/e2e/area-cliente.cy.js",
      "beforeHooks": [],
      "afterHooks": [],
      "tests": [],
      "suites": [
        {
          "uuid": "6294a1c0-9141-421e-b772-d61fb3f5508a",
          "title": "Menu do Usuário - Perfil e Logout",
          "fullFile": "",
          "file": "",
          "beforeHooks": [],
          "afterHooks": [],
          "tests": [
            {
              "title": "Deve acessar o My Profile",
              "fullTitle": "Menu do Usuário - Perfil e Logout Deve acessar o My Profile",
              "timedOut": null,
              "duration": 11712,
              "state": "passed",
              "speed": "slow",
              "pass": true,
              "fail": false,
              "pending": false,
              "context": null,
              "code": "// Abre o menu de usuário (clicando na imagem/avatar)\ncy.get('img[alt*=\"Felipe\"]').click();\n// Clica em \"My Profile\"\ncy.contains('My Profile').click();\n// Verifica se a URL ou algum conteúdo da página de perfil foi carregado\ncy.url().should('include', '/profile');\ncy.wait(6000); // espera 1 segundo antes de continuar\ncy.contains('Personal Information').should('exist');",
              "err": {},
              "uuid": "563d30bd-fb61-44da-a747-1b8b95805b4f",
              "parentUUID": "6294a1c0-9141-421e-b772-d61fb3f5508a",
              "isHook": false,
              "skipped": false
            },
            {
              "title": "Deve acessar Settings",
              "fullTitle": "Menu do Usuário - Perfil e Logout Deve acessar Settings",
              "timedOut": null,
              "duration": 3046,
              "state": "passed",
              "speed": "fast",
              "pass": true,
              "fail": false,
              "pending": false,
              "context": null,
              "code": "cy.get('img[alt*=\"Felipe\"]').click();\ncy.contains('Settings').click();\ncy.url().should('include', '/settings');\ncy.wait(1000); // espera 1 segundo antes de continuar\ncy.contains('Settings').should('exist');",
              "err": {},
              "uuid": "eff95dc7-a556-447f-97d1-1955c760cc06",
              "parentUUID": "6294a1c0-9141-421e-b772-d61fb3f5508a",
              "isHook": false,
              "skipped": false
            },
            {
              "title": "Deve realizar Logout com sucesso",
              "fullTitle": "Menu do Usuário - Perfil e Logout Deve realizar Logout com sucesso",
              "timedOut": null,
              "duration": 4197,
              "state": "passed",
              "speed": "fast",
              "pass": true,
              "fail": false,
              "pending": false,
              "context": null,
              "code": "cy.get('img[alt*=\"Felipe\"]').click();\ncy.wait(1000); // espera 1 segundo antes de continuar\ncy.contains('Logout').click();\n// cy.wait(6000) // espera 1 segundo antes de continuar\ncy.url().should('include', '/login');\n// cy.contains('Entrar').should('exist') // ou qualquer outro elemento da tela de login",
              "err": {},
              "uuid": "c24bbfec-afe6-4ef9-b2a6-d150380d82e4",
              "parentUUID": "6294a1c0-9141-421e-b772-d61fb3f5508a",
              "isHook": false,
              "skipped": false
            }
          ],
          "suites": [],
          "passes": [
            "563d30bd-fb61-44da-a747-1b8b95805b4f",
            "eff95dc7-a556-447f-97d1-1955c760cc06",
            "c24bbfec-afe6-4ef9-b2a6-d150380d82e4"
          ],
          "failures": [],
          "pending": [],
          "skipped": [],
          "duration": 18955,
          "root": false,
          "rootEmpty": false,
          "_timeout": 2000
        }
      ],
      "passes": [],
      "failures": [],
      "pending": [],
      "skipped": [],
      "duration": 0,
      "root": true,
      "rootEmpty": true,
      "_timeout": 2000
    }
  ],
  "meta": {
    "mocha": {
      "version": "7.2.0"
    },
    "mochawesome": {
      "options": {
        "quiet": false,
        "reportFilename": "mochawesome",
        "saveHtml": false,
        "saveJson": true,
        "consoleReporter": "spec",
        "useInlineDiffs": false,
        "code": true
      },
      "version": "7.1.3"
    },
    "marge": {
      "options": {
        "reportDir": "cypress/reports",
        "overwrite": false,
        "html": false,
        "json": true
      },
      "version": "6.2.0"
    }
  }
}