{
  "stats": {
    "suites": 1,
    "tests": 1,
    "passes": 0,
    "pending": 0,
    "failures": 1,
    "start": "2025-06-26T18:56:32.213Z",
    "end": "2025-06-26T18:56:55.201Z",
    "duration": 22988,
    "testsRegistered": 4,
    "passPercent": 0,
    "pendingPercent": 0,
    "other": 0,
    "hasOther": false,
    "skipped": 3,
    "hasSkipped": true
  },
  "results": [
    {
      "uuid": "15757b5a-4159-4877-a7b8-3826e7ab0fc6",
      "title": "",
      "fullFile": "cypress/e2e/integracoes.cy.js",
      "file": "cypress/e2e/integracoes.cy.js",
      "beforeHooks": [],
      "afterHooks": [],
      "tests": [],
      "suites": [
        {
          "uuid": "8343603f-630a-4f84-95f5-37d063fcb9e7",
          "title": "Visualizar os Dashboards após Login",
          "fullFile": "",
          "file": "",
          "beforeHooks": [],
          "afterHooks": [],
          "tests": [
            {
              "title": "Deve Acessar tela de Integrações",
              "fullTitle": "Visualizar os Dashboards após Login Deve Acessar tela de Integrações",
              "timedOut": null,
              "duration": 22798,
              "state": "failed",
              "speed": null,
              "pass": false,
              "fail": true,
              "pending": false,
              "context": null,
              "code": "cy.contains('Administração').click();\ncy.contains('Integrações').click();\ncy.visit('/integrations');\ncy.contains('Integrações').should('be.visible');",
              "err": {
                "message": "AssertionError: Timed out retrying after 20000ms: Expected to find content: 'EN' within the selector: 'button' but never did.\n\nBecause this error occurred during a `before each` hook we are skipping the remaining tests in the current suite: `Visualizar os Dashboards ap...`",
                "estack": "AssertionError: Timed out retrying after 20000ms: Expected to find content: 'EN' within the selector: 'button' but never did.\n\nBecause this error occurred during a `before each` hook we are skipping the remaining tests in the current suite: `Visualizar os Dashboards ap...`\n    at Context.eval (webpack://prj_acsticket/./cypress/e2e/integracoes.cy.js:14:7)",
                "diff": null
              },
              "uuid": "6d4a0a3d-eda4-455b-a1e7-fd2232df768e",
              "parentUUID": "8343603f-630a-4f84-95f5-37d063fcb9e7",
              "isHook": false,
              "skipped": false
            },
            {
              "title": "Deve ativar uma das \"Integrações\"",
              "fullTitle": "Visualizar os Dashboards após Login Deve ativar uma das \"Integrações\"",
              "timedOut": null,
              "duration": 0,
              "state": "skipped",
              "speed": null,
              "pass": false,
              "fail": false,
              "pending": false,
              "context": null,
              "code": "cy.contains('Administração').click();\ncy.contains('Integrações').click();\ncy.visit('/integrations');\ncy.contains('Integrações').should('be.visible');\n//Ativacao multipla de integrações desativadas\ncy.get('button[type=\"button\"][role=\"switch\"][data-state=\"unchecked\"]').first().click();\ncy.get('button[type=\"button\"][role=\"switch\"]').first().should('have.attr', 'data-state', 'checked');\ncy.wait(1000); // espera 1 segundo antes de continuar",
              "err": {},
              "uuid": "3f64b386-b7fe-4987-a54a-8ce84c06add1",
              "parentUUID": "8343603f-630a-4f84-95f5-37d063fcb9e7",
              "isHook": false,
              "skipped": true
            },
            {
              "title": "Acessar opcao de configuração de uma integração",
              "fullTitle": "Visualizar os Dashboards após Login Acessar opcao de configuração de uma integração",
              "timedOut": null,
              "duration": 0,
              "state": "skipped",
              "speed": null,
              "pass": false,
              "fail": false,
              "pending": false,
              "context": null,
              "code": "cy.contains('Administração').click();\ncy.contains('Integrações').click();\ncy.visit('/integrations');\ncy.contains('Integrações').should('be.visible');\n//Acessar configuração de uma integração\ncy.get('.pt-0 > .space-y-4 > :nth-child(1) > .flex > .text-sm').click();\ncy.contains('Configurar').should('be.visible');\ncy.contains('button', 'Configurar').click();\ncy.wait(1000); // espera 1 segundo antes de continuar\ncy.contains('Webhook URL').should('be.visible');\ncy.contains('Canal').should('be.visible');\ncy.contains('Testar Integração').should('be.visible');",
              "err": {},
              "uuid": "4f054d40-8ed7-470b-90a7-013a12df9bf3",
              "parentUUID": "8343603f-630a-4f84-95f5-37d063fcb9e7",
              "isHook": false,
              "skipped": true
            },
            {
              "title": "Deve exibir a lista de integrações",
              "fullTitle": "Visualizar os Dashboards após Login Deve exibir a lista de integrações",
              "timedOut": null,
              "duration": 0,
              "state": "skipped",
              "speed": null,
              "pass": false,
              "fail": false,
              "pending": false,
              "context": null,
              "code": "cy.contains('Administração').click();\ncy.contains('Integrações').click();\ncy.visit('/integrations');\ncy.contains('Integrações').should('be.visible');\ncy.get('.pt-0 > .space-y-4 > :nth-child(1)').should('be.visible');",
              "err": {},
              "uuid": "b61429c6-5777-49a2-b46f-3e7146e93f29",
              "parentUUID": "8343603f-630a-4f84-95f5-37d063fcb9e7",
              "isHook": false,
              "skipped": true
            }
          ],
          "suites": [],
          "passes": [],
          "failures": [
            "6d4a0a3d-eda4-455b-a1e7-fd2232df768e"
          ],
          "pending": [],
          "skipped": [
            "3f64b386-b7fe-4987-a54a-8ce84c06add1",
            "4f054d40-8ed7-470b-90a7-013a12df9bf3",
            "b61429c6-5777-49a2-b46f-3e7146e93f29"
          ],
          "duration": 22798,
          "root": false,
          "rootEmpty": false,
          "_timeout": 2000
        }
      ],
      "passes": [],
      "failures": [],
      "pending": [],
      "skipped": [],
      "duration": 0,
      "root": true,
      "rootEmpty": true,
      "_timeout": 2000
    }
  ],
  "meta": {
    "mocha": {
      "version": "7.2.0"
    },
    "mochawesome": {
      "options": {
        "quiet": false,
        "reportFilename": "mochawesome",
        "saveHtml": false,
        "saveJson": true,
        "consoleReporter": "spec",
        "useInlineDiffs": false,
        "code": true
      },
      "version": "7.1.3"
    },
    "marge": {
      "options": {
        "reportDir": "cypress/reports",
        "overwrite": false,
        "html": false,
        "json": true
      },
      "version": "6.2.0"
    }
  }
}