{
  "stats": {
    "suites": 1,
    "tests": 1,
    "passes": 1,
    "pending": 0,
    "failures": 0,
    "start": "2025-06-18T22:05:41.280Z",
    "end": "2025-06-18T22:05:48.021Z",
    "duration": 6741,
    "testsRegistered": 1,
    "passPercent": 100,
    "pendingPercent": 0,
    "other": 0,
    "hasOther": false,
    "skipped": 0,
    "hasSkipped": false
  },
  "results": [
    {
      "uuid": "e63279a8-4891-4201-911f-e786db6b3039",
      "title": "",
      "fullFile": "cypress/e2e/modo-telas.cy.js",
      "file": "cypress/e2e/modo-telas.cy.js",
      "beforeHooks": [],
      "afterHooks": [],
      "tests": [],
      "suites": [
        {
          "uuid": "4dd96847-3566-40ee-b3fc-6c899938d2cb",
          "title": "Menu do Usuário - Perfil e Logout",
          "fullFile": "",
          "file": "",
          "beforeHooks": [],
          "afterHooks": [],
          "tests": [
            {
              "title": "Deve acessar o My Profile",
              "fullTitle": "Menu do Usuário - Perfil e Logout Deve acessar o My Profile",
              "timedOut": null,
              "duration": 6709,
              "state": "passed",
              "speed": "medium",
              "pass": true,
              "fail": false,
              "pending": false,
              "context": null,
              "code": "cy.contains('Toggle theme').should('exist');\ncy.wait(1000); // espera 1 segundo antes de continuar\ncy.contains('Toggle theme').click();\ncy.wait(3000); // espera 1 segundo antes de continuar",
              "err": {},
              "uuid": "98994d87-efa7-4fcd-9cef-888bcfa6e69e",
              "parentUUID": "4dd96847-3566-40ee-b3fc-6c899938d2cb",
              "isHook": false,
              "skipped": false
            }
          ],
          "suites": [],
          "passes": [
            "98994d87-efa7-4fcd-9cef-888bcfa6e69e"
          ],
          "failures": [],
          "pending": [],
          "skipped": [],
          "duration": 6709,
          "root": false,
          "rootEmpty": false,
          "_timeout": 2000
        }
      ],
      "passes": [],
      "failures": [],
      "pending": [],
      "skipped": [],
      "duration": 0,
      "root": true,
      "rootEmpty": true,
      "_timeout": 2000
    }
  ],
  "meta": {
    "mocha": {
      "version": "7.2.0"
    },
    "mochawesome": {
      "options": {
        "quiet": false,
        "reportFilename": "mochawesome",
        "saveHtml": false,
        "saveJson": true,
        "consoleReporter": "spec",
        "useInlineDiffs": false,
        "code": true
      },
      "version": "7.1.3"
    },
    "marge": {
      "options": {
        "reportDir": "cypress/reports",
        "overwrite": false,
        "html": false,
        "json": true
      },
      "version": "6.2.0"
    }
  }
}