{
  "stats": {
    "suites": 1,
    "tests": 1,
    "passes": 0,
    "pending": 0,
    "failures": 1,
    "start": "2025-06-26T18:13:17.943Z",
    "end": "2025-06-26T18:13:24.078Z",
    "duration": 6135,
    "testsRegistered": 3,
    "passPercent": 0,
    "pendingPercent": 0,
    "other": 0,
    "hasOther": false,
    "skipped": 2,
    "hasSkipped": true
  },
  "results": [
    {
      "uuid": "d67a632e-3d6b-411c-b12d-5e9ef1f95c0f",
      "title": "",
      "fullFile": "cypress/e2e/area-cliente.cy.js",
      "file": "cypress/e2e/area-cliente.cy.js",
      "beforeHooks": [],
      "afterHooks": [],
      "tests": [],
      "suites": [
        {
          "uuid": "2de09db4-cff7-449f-b981-19f515dbcf99",
          "title": "Menu do Usuário - Perfil e Logout",
          "fullFile": "",
          "file": "",
          "beforeHooks": [],
          "afterHooks": [],
          "tests": [
            {
              "title": "Deve acessar o My Profile",
              "fullTitle": "Menu do Usuário - Perfil e Logout Deve acessar o My Profile",
              "timedOut": null,
              "duration": 5939,
              "state": "failed",
              "speed": null,
              "pass": false,
              "fail": true,
              "pending": false,
              "context": null,
              "code": "// Abre o menu de usuário (clicando na imagem/avatar)\ncy.get('#radix-\\\\:rf\\\\:').click();\n// Clica em \"My Profile\"\ncy.contains('Profile').click();\n// Verifica se a URL ou algum conteúdo da página de perfil foi carregado\ncy.url().should('include', '/profile');\ncy.wait(6000); // espera 1 segundo antes de continuar\ncy.contains('Informações Pessoais').should('exist');",
              "err": {
                "message": "AssertionError: Timed out retrying after 4000ms: Expected to find content: 'Dashboard & Analytics' but never did.\n\nBecause this error occurred during a `before each` hook we are skipping the remaining tests in the current suite: `Menu do Usuário - Perfil e ...`",
                "estack": "AssertionError: Timed out retrying after 4000ms: Expected to find content: 'Dashboard & Analytics' but never did.\n\nBecause this error occurred during a `before each` hook we are skipping the remaining tests in the current suite: `Menu do Usuário - Perfil e ...`\n    at Context.eval (webpack://prj_acsticket/./cypress/e2e/area-cliente.cy.js:11:41)",
                "diff": null
              },
              "uuid": "2fb274ea-3a8b-4f3e-a85a-301602e5a593",
              "parentUUID": "2de09db4-cff7-449f-b981-19f515dbcf99",
              "isHook": false,
              "skipped": false
            },
            {
              "title": "Deve acessar Settings",
              "fullTitle": "Menu do Usuário - Perfil e Logout Deve acessar Settings",
              "timedOut": null,
              "duration": 0,
              "state": "skipped",
              "speed": null,
              "pass": false,
              "fail": false,
              "pending": false,
              "context": null,
              "code": "cy.get('#radix-\\\\:rf\\\\:').click();\ncy.wait(1000); // espera 1 segundo antes de continuar\ncy.contains('Settings').click();\ncy.url().should('include', '/settings');",
              "err": {},
              "uuid": "58b0b2e0-2215-41ef-8c7a-14c9642ccdfb",
              "parentUUID": "2de09db4-cff7-449f-b981-19f515dbcf99",
              "isHook": false,
              "skipped": true
            },
            {
              "title": "Deve realizar Logout com sucesso",
              "fullTitle": "Menu do Usuário - Perfil e Logout Deve realizar Logout com sucesso",
              "timedOut": null,
              "duration": 0,
              "state": "skipped",
              "speed": null,
              "pass": false,
              "fail": false,
              "pending": false,
              "context": null,
              "code": "cy.get('#radix-\\\\:rf\\\\:').click();\ncy.wait(1000); // espera 1 segundo antes de continuar\ncy.contains('Log out').click();\n// cy.wait(6000) // espera 1 segundo antes de continuar\ncy.url().should('include', '/login');",
              "err": {},
              "uuid": "8d9a6a98-827f-46d4-bac9-dabfd21c089d",
              "parentUUID": "2de09db4-cff7-449f-b981-19f515dbcf99",
              "isHook": false,
              "skipped": true
            }
          ],
          "suites": [],
          "passes": [],
          "failures": [
            "2fb274ea-3a8b-4f3e-a85a-301602e5a593"
          ],
          "pending": [],
          "skipped": [
            "58b0b2e0-2215-41ef-8c7a-14c9642ccdfb",
            "8d9a6a98-827f-46d4-bac9-dabfd21c089d"
          ],
          "duration": 5939,
          "root": false,
          "rootEmpty": false,
          "_timeout": 2000
        }
      ],
      "passes": [],
      "failures": [],
      "pending": [],
      "skipped": [],
      "duration": 0,
      "root": true,
      "rootEmpty": true,
      "_timeout": 2000
    }
  ],
  "meta": {
    "mocha": {
      "version": "7.2.0"
    },
    "mochawesome": {
      "options": {
        "quiet": false,
        "reportFilename": "mochawesome",
        "saveHtml": false,
        "saveJson": true,
        "consoleReporter": "spec",
        "useInlineDiffs": false,
        "code": true
      },
      "version": "7.1.3"
    },
    "marge": {
      "options": {
        "reportDir": "cypress/reports",
        "overwrite": false,
        "html": false,
        "json": true
      },
      "version": "6.2.0"
    }
  }
}