{
  "stats": {
    "suites": 1,
    "tests": 3,
    "passes": 3,
    "pending": 0,
    "failures": 0,
    "start": "2025-06-26T18:55:09.570Z",
    "end": "2025-06-26T18:55:16.301Z",
    "duration": 6731,
    "testsRegistered": 3,
    "passPercent": 100,
    "pendingPercent": 0,
    "other": 0,
    "hasOther": false,
    "skipped": 0,
    "hasSkipped": false
  },
  "results": [
    {
      "uuid": "d28134ad-f9b9-4816-84e7-b94a223af7b5",
      "title": "",
      "fullFile": "cypress/e2e/cadastro-login.cy.js",
      "file": "cypress/e2e/cadastro-login.cy.js",
      "beforeHooks": [],
      "afterHooks": [],
      "tests": [],
      "suites": [
        {
          "uuid": "3e0be146-3c8c-4dad-853f-dd9a0486684f",
          "title": "Tela de Cadastro - Criar nova conta",
          "fullFile": "",
          "file": "",
          "beforeHooks": [],
          "afterHooks": [],
          "tests": [
            {
              "title": "Deve mostrar erro se as senhas forem diferentes",
              "fullTitle": "Tela de Cadastro - Criar nova conta Deve mostrar erro se as senhas forem diferentes",
              "timedOut": null,
              "duration": 1863,
              "state": "passed",
              "speed": "fast",
              "pass": true,
              "fail": false,
              "pending": false,
              "context": null,
              "code": "cy.get('input[placeholder=\"Seu nome completo\"]').type('Conta Erro');\ncy.get('input[placeholder=\"seu@email.com\"]').type('erro@example.com');\ncy.get('input[placeholder=\"Digite sua senha\"]').type('Senha123');\ncy.get('input[placeholder=\"Confirme sua senha\"]').type('SenhaDiferente');\n// Marca o checkbox de concordância com termos\ncy.get('input[type=\"checkbox\"]').check({\n  force: true\n});\n// Clica no botão de criar conta\ncy.contains('button', 'Criar conta').click();\n// Validacao de mensagem de erro \ncy.contains('As senhas não coincidem').should('be.visible');",
              "err": {},
              "uuid": "4bd6c6c8-7193-4b8b-b2d5-751b9c30293b",
              "parentUUID": "3e0be146-3c8c-4dad-853f-dd9a0486684f",
              "isHook": false,
              "skipped": false
            },
            {
              "title": "Deve preencher todos os campos obrigatórios e criar conta com sucesso",
              "fullTitle": "Tela de Cadastro - Criar nova conta Deve preencher todos os campos obrigatórios e criar conta com sucesso",
              "timedOut": null,
              "duration": 2867,
              "state": "passed",
              "speed": "fast",
              "pass": true,
              "fail": false,
              "pending": false,
              "context": null,
              "code": "const emailUnico = `qa_${Date.now()}@example.com`;\ncy.get('input[placeholder=\"Seu nome completo\"]').type('QA Automação');\ncy.get('input[placeholder=\"seu@email.com\"]').type(emailUnico);\ncy.get('input[placeholder=\"Digite sua senha\"]').type('SenhaSegura123!');\ncy.get('input[placeholder=\"Confirme sua senha\"]').type('SenhaSegura123!');\n// Marca o checkbox de concordância com termos\ncy.get('input[type=\"checkbox\"]').check({\n  force: true\n});\n// Clica no botão de criar conta\ncy.contains('button', 'Criar conta').click();\n// Espera a tela carregar após login\ncy.contains('Dashboard & Analytics').should('be.visible');",
              "err": {},
              "uuid": "d025ab6f-c0d4-4995-8300-2823dc8afe97",
              "parentUUID": "3e0be146-3c8c-4dad-853f-dd9a0486684f",
              "isHook": false,
              "skipped": false
            },
            {
              "title": "Validar mensagem de conta ja existente",
              "fullTitle": "Tela de Cadastro - Criar nova conta Validar mensagem de conta ja existente",
              "timedOut": null,
              "duration": 1850,
              "state": "passed",
              "speed": "fast",
              "pass": true,
              "fail": false,
              "pending": false,
              "context": null,
              "code": "cy.get('input[placeholder=\"Seu nome completo\"]').type('QA Automação');\ncy.get('input[placeholder=\"seu@email.com\"]').type('QA@example.com');\ncy.get('input[placeholder=\"Digite sua senha\"]').type('SenhaSegura123!');\ncy.get('input[placeholder=\"Confirme sua senha\"]').type('SenhaSegura123!');\n// Marca o checkbox de concordância com termos\ncy.get('input[type=\"checkbox\"]').check({\n  force: true\n});\n// Clica no botão de criar conta\ncy.contains('button', 'Criar conta').click();\n//Valida mensagem de conta ja registrada\ncy.contains('User already registered').should('be.visible');",
              "err": {},
              "uuid": "94aabf7e-1592-4133-875c-5c3f709e22fc",
              "parentUUID": "3e0be146-3c8c-4dad-853f-dd9a0486684f",
              "isHook": false,
              "skipped": false
            }
          ],
          "suites": [],
          "passes": [
            "4bd6c6c8-7193-4b8b-b2d5-751b9c30293b",
            "d025ab6f-c0d4-4995-8300-2823dc8afe97",
            "94aabf7e-1592-4133-875c-5c3f709e22fc"
          ],
          "failures": [],
          "pending": [],
          "skipped": [],
          "duration": 6580,
          "root": false,
          "rootEmpty": false,
          "_timeout": 2000
        }
      ],
      "passes": [],
      "failures": [],
      "pending": [],
      "skipped": [],
      "duration": 0,
      "root": true,
      "rootEmpty": true,
      "_timeout": 2000
    }
  ],
  "meta": {
    "mocha": {
      "version": "7.2.0"
    },
    "mochawesome": {
      "options": {
        "quiet": false,
        "reportFilename": "mochawesome",
        "saveHtml": false,
        "saveJson": true,
        "consoleReporter": "spec",
        "useInlineDiffs": false,
        "code": true
      },
      "version": "7.1.3"
    },
    "marge": {
      "options": {
        "reportDir": "cypress/reports",
        "overwrite": false,
        "html": false,
        "json": true
      },
      "version": "6.2.0"
    }
  }
}