{
  "stats": {
    "suites": 1,
    "tests": 3,
    "passes": 3,
    "pending": 0,
    "failures": 0,
    "start": "2025-06-20T19:15:12.821Z",
    "end": "2025-06-20T19:15:20.009Z",
    "duration": 7188,
    "testsRegistered": 3,
    "passPercent": 100,
    "pendingPercent": 0,
    "other": 0,
    "hasOther": false,
    "skipped": 0,
    "hasSkipped": false
  },
  "results": [
    {
      "uuid": "11990182-0c99-4273-9cc2-8bfdc58ae1f1",
      "title": "",
      "fullFile": "cypress/e2e/cadastro-login.cy.js",
      "file": "cypress/e2e/cadastro-login.cy.js",
      "beforeHooks": [],
      "afterHooks": [],
      "tests": [],
      "suites": [
        {
          "uuid": "c31f93e5-fb74-426c-a708-fa14f72435f7",
          "title": "Tela de Cadastro - Criar nova conta",
          "fullFile": "",
          "file": "",
          "beforeHooks": [],
          "afterHooks": [],
          "tests": [
            {
              "title": "Deve mostrar erro se as senhas forem diferentes",
              "fullTitle": "Tela de Cadastro - Criar nova conta Deve mostrar erro se as senhas forem diferentes",
              "timedOut": null,
              "duration": 1961,
              "state": "passed",
              "speed": "fast",
              "pass": true,
              "fail": false,
              "pending": false,
              "context": null,
              "code": "cy.get('input[placeholder=\"Seu nome completo\"]').type('Conta Erro');\ncy.get('input[placeholder=\"seu@email.com\"]').type('erro@example.com');\ncy.get('input[placeholder=\"Digite sua senha\"]').type('Senha123');\ncy.get('input[placeholder=\"Confirme sua senha\"]').type('SenhaDiferente');\n// Marca o checkbox de concordância com termos\ncy.get('input[type=\"checkbox\"]').check({\n  force: true\n});\n// Clica no botão de criar conta\ncy.contains('button', 'Criar conta').click();\n// Validacao de mensagem de erro \ncy.contains('As senhas não coincidem').should('be.visible');",
              "err": {},
              "uuid": "cfc29384-fe15-409a-8d45-7c036c51b35f",
              "parentUUID": "c31f93e5-fb74-426c-a708-fa14f72435f7",
              "isHook": false,
              "skipped": false
            },
            {
              "title": "Deve preencher todos os campos obrigatórios e criar conta com sucesso",
              "fullTitle": "Tela de Cadastro - Criar nova conta Deve preencher todos os campos obrigatórios e criar conta com sucesso",
              "timedOut": null,
              "duration": 3364,
              "state": "passed",
              "speed": "fast",
              "pass": true,
              "fail": false,
              "pending": false,
              "context": null,
              "code": "const emailUnico = `qa_${Date.now()}@example.com`;\ncy.get('input[placeholder=\"Seu nome completo\"]').type('QA Automação');\ncy.get('input[placeholder=\"seu@email.com\"]').type(emailUnico);\ncy.get('input[placeholder=\"Digite sua senha\"]').type('SenhaSegura123!');\ncy.get('input[placeholder=\"Confirme sua senha\"]').type('SenhaSegura123!');\n// Marca o checkbox de concordância com termos\ncy.get('input[type=\"checkbox\"]').check({\n  force: true\n});\n// Clica no botão de criar conta\ncy.contains('button', 'Criar conta').click();\n// Espera a tela carregar após login\ncy.contains('Dashboard & Analytics').should('be.visible');",
              "err": {},
              "uuid": "10c8d836-3caa-4595-8f53-968cbb15774f",
              "parentUUID": "c31f93e5-fb74-426c-a708-fa14f72435f7",
              "isHook": false,
              "skipped": false
            },
            {
              "title": "Validar mensagem de conta ja existente",
              "fullTitle": "Tela de Cadastro - Criar nova conta Validar mensagem de conta ja existente",
              "timedOut": null,
              "duration": 1791,
              "state": "passed",
              "speed": "fast",
              "pass": true,
              "fail": false,
              "pending": false,
              "context": null,
              "code": "cy.get('input[placeholder=\"Seu nome completo\"]').type('QA Automação');\ncy.get('input[placeholder=\"seu@email.com\"]').type('QA@example.com');\ncy.get('input[placeholder=\"Digite sua senha\"]').type('SenhaSegura123!');\ncy.get('input[placeholder=\"Confirme sua senha\"]').type('SenhaSegura123!');\n// Marca o checkbox de concordância com termos\ncy.get('input[type=\"checkbox\"]').check({\n  force: true\n});\n// Clica no botão de criar conta\ncy.contains('button', 'Criar conta').click();\n//Valida mensagem de conta ja registrada\ncy.contains('User already registered').should('be.visible');",
              "err": {},
              "uuid": "5b11e64a-4ac2-4ad1-93bb-9999c06af6fb",
              "parentUUID": "c31f93e5-fb74-426c-a708-fa14f72435f7",
              "isHook": false,
              "skipped": false
            }
          ],
          "suites": [],
          "passes": [
            "cfc29384-fe15-409a-8d45-7c036c51b35f",
            "10c8d836-3caa-4595-8f53-968cbb15774f",
            "5b11e64a-4ac2-4ad1-93bb-9999c06af6fb"
          ],
          "failures": [],
          "pending": [],
          "skipped": [],
          "duration": 7116,
          "root": false,
          "rootEmpty": false,
          "_timeout": 2000
        }
      ],
      "passes": [],
      "failures": [],
      "pending": [],
      "skipped": [],
      "duration": 0,
      "root": true,
      "rootEmpty": true,
      "_timeout": 2000
    }
  ],
  "meta": {
    "mocha": {
      "version": "7.2.0"
    },
    "mochawesome": {
      "options": {
        "quiet": false,
        "reportFilename": "mochawesome",
        "saveHtml": false,
        "saveJson": true,
        "consoleReporter": "spec",
        "useInlineDiffs": false,
        "code": true
      },
      "version": "7.1.3"
    },
    "marge": {
      "options": {
        "reportDir": "cypress/reports",
        "overwrite": false,
        "html": false,
        "json": true
      },
      "version": "6.2.0"
    }
  }
}