{
  "stats": {
    "suites": 1,
    "tests": 1,
    "passes": 0,
    "pending": 0,
    "failures": 1,
    "start": "2025-06-26T18:21:52.340Z",
    "end": "2025-06-26T18:21:59.420Z",
    "duration": 7080,
    "testsRegistered": 2,
    "passPercent": 0,
    "pendingPercent": 0,
    "other": 0,
    "hasOther": false,
    "skipped": 1,
    "hasSkipped": true
  },
  "results": [
    {
      "uuid": "a6a4b20f-d2d2-427e-a802-c5e10bd0a111",
      "title": "",
      "fullFile": "cypress/e2e/gerenciamento-tarefas.cy.js",
      "file": "cypress/e2e/gerenciamento-tarefas.cy.js",
      "beforeHooks": [],
      "afterHooks": [],
      "tests": [],
      "suites": [
        {
          "uuid": "46a181c1-dc67-4156-a113-21794e88d423",
          "title": "Visualizar os Dashboards após Login",
          "fullFile": "",
          "file": "",
          "beforeHooks": [],
          "afterHooks": [],
          "tests": [
            {
              "title": "Deve Acessar tela de Gerenciamento de Tarefas",
              "fullTitle": "Visualizar os Dashboards após Login Deve Acessar tela de Gerenciamento de Tarefas",
              "timedOut": null,
              "duration": 6846,
              "state": "failed",
              "speed": null,
              "pass": false,
              "fail": true,
              "pending": false,
              "context": null,
              "code": "cy.contains('Reabertura').click();\ncy.visit('/todo');\ncy.contains('Gerenciamento de Tarefas').should('be.visible');",
              "err": {
                "message": "AssertionError: Timed out retrying after 4000ms: Expected to find content: 'EN' within the selector: 'button' but never did.\n\nBecause this error occurred during a `before each` hook we are skipping the remaining tests in the current suite: `Visualizar os Dashboards ap...`",
                "estack": "AssertionError: Timed out retrying after 4000ms: Expected to find content: 'EN' within the selector: 'button' but never did.\n\nBecause this error occurred during a `before each` hook we are skipping the remaining tests in the current suite: `Visualizar os Dashboards ap...`\n    at Context.eval (webpack://prj_acsticket/./cypress/e2e/gerenciamento-tarefas.cy.js:13:7)",
                "diff": null
              },
              "uuid": "80d667d7-30a9-41f0-b4da-d0de04262982",
              "parentUUID": "46a181c1-dc67-4156-a113-21794e88d423",
              "isHook": false,
              "skipped": false
            },
            {
              "title": "Deve criar uma nova tarefa",
              "fullTitle": "Visualizar os Dashboards após Login Deve criar uma nova tarefa",
              "timedOut": null,
              "duration": 0,
              "state": "skipped",
              "speed": null,
              "pass": false,
              "fail": false,
              "pending": false,
              "context": null,
              "code": "cy.contains('Reabertura').click();\ncy.visit('/todo');\n//Acesso a criacao de nova tarefa\ncy.contains('Gerenciamento de Tarefas').should('be.visible');\ncy.get('button').contains('Nova Tarefa').click();\n//Preenchimento de campos de nova tarefa \ncy.get('input[placeholder=\"Digite um título descritivo para a tarefa...\"]').type('Tarefa criada por automacao QA');\ncy.get('textarea[placeholder=\"Descreva detalhes, objetivos ou instruções específicas para esta tarefa...\"]').type('Descrição de teste automatizado para criação de tarefa dentro do sistema ACS Ticket.');\n// Define prioridade\n// cy.get('button[aria-haspopup=\"listbox\"]').first().click();\n//  cy.contains('Média').click(); // ou Média, Baixa, etc.\n// Seleciona o campo de data e define uma data válida\ncy.get('input[type=\"date\"]#dueDate').type('2025-06-27');\n// Horas estimadas\ncy.get('input[placeholder=\"Ex: 2.5\"]').type('1.5');\ncy.scrollTo('top');\n// 1. Clica no botão do combobox\ncy.contains('button', 'Nenhum ticket').click();\n// 2. Aguarda o dropdown abrir (pode ajustar esse tempo se necessário)\ncy.wait(500); // ou usar `.should('be.visible')` para esperar elemento real\n// 3. Seleciona a opção desejada pelo texto\ncy.contains('TESTE DE AUTOMAÇÃO QA - IT & Technical Support > Feature Request > 🟢 Low').click();\n// Atribui tarefa a um usuário\ncy.contains('button', 'Nenhum usuário atribuído').click();\n// 2. Aguarda o dropdown abrir\ncy.wait(300); // ou use should('be.visible') no menu se preferir\n// 3. Seleciona a opção pelo texto\ncy.contains('qa@example.com').click();\n// Adiciona tag\ncy.get('input[placeholder=\"Digite uma tag e pressione Enter...\"]').type('QA Automatizado{enter}');\ncy.get('button:has(svg.lucide-plus)').click();\ncy.contains('span', 'QA Automatizado').should('exist');\n// Ativa lembrete por e-mail\ncy.get('button[type=\"button\"][role=\"switch\"][data-state=\"unchecked\"]').first().click();\ncy.get('button[type=\"button\"][role=\"switch\"]').first().should('have.attr', 'data-state', 'checked');\n// Clica no botão para criar tarefa\ncy.contains('button', 'Criar Tarefa').click();\n// Validação com sucesso\ncy.contains('Tarefa criada com sucesso').should('be.visible');",
              "err": {},
              "uuid": "9dcde06b-3b0e-4651-b6c5-7e9177ea3e60",
              "parentUUID": "46a181c1-dc67-4156-a113-21794e88d423",
              "isHook": false,
              "skipped": true
            }
          ],
          "suites": [],
          "passes": [],
          "failures": [
            "80d667d7-30a9-41f0-b4da-d0de04262982"
          ],
          "pending": [],
          "skipped": [
            "9dcde06b-3b0e-4651-b6c5-7e9177ea3e60"
          ],
          "duration": 6846,
          "root": false,
          "rootEmpty": false,
          "_timeout": 2000
        }
      ],
      "passes": [],
      "failures": [],
      "pending": [],
      "skipped": [],
      "duration": 0,
      "root": true,
      "rootEmpty": true,
      "_timeout": 2000
    }
  ],
  "meta": {
    "mocha": {
      "version": "7.2.0"
    },
    "mochawesome": {
      "options": {
        "quiet": false,
        "reportFilename": "mochawesome",
        "saveHtml": false,
        "saveJson": true,
        "consoleReporter": "spec",
        "useInlineDiffs": false,
        "code": true
      },
      "version": "7.1.3"
    },
    "marge": {
      "options": {
        "reportDir": "cypress/reports",
        "overwrite": false,
        "html": false,
        "json": true
      },
      "version": "6.2.0"
    }
  }
}