{
  "stats": {
    "suites": 1,
    "tests": 1,
    "passes": 0,
    "pending": 0,
    "failures": 1,
    "start": "2025-06-26T19:04:04.695Z",
    "end": "2025-06-26T19:04:27.355Z",
    "duration": 22660,
    "testsRegistered": 44,
    "passPercent": 0,
    "pendingPercent": 0,
    "other": 0,
    "hasOther": false,
    "skipped": 43,
    "hasSkipped": true
  },
  "results": [
    {
      "uuid": "22142bd1-775f-41c8-b9f8-684b0cc2cdaa",
      "title": "",
      "fullFile": "cypress/e2e/criar-ticket.cy.js",
      "file": "cypress/e2e/criar-ticket.cy.js",
      "beforeHooks": [],
      "afterHooks": [],
      "tests": [],
      "suites": [
        {
          "uuid": "1be34ea7-711f-43b0-bb1b-bad02cef2fba",
          "title": "Autenticar",
          "fullFile": "",
          "file": "",
          "beforeHooks": [],
          "afterHooks": [],
          "tests": [
            {
              "title": "Cria ticket - IT & Technical Support > Bug Report > 🟢 Low",
              "fullTitle": "Autenticar Cria ticket - IT & Technical Support > Bug Report > 🟢 Low",
              "timedOut": null,
              "duration": 22500,
              "state": "failed",
              "speed": null,
              "pass": false,
              "fail": true,
              "pending": false,
              "context": null,
              "code": "// Entrar em novo ticket\ncy.contains('Criar Ticket').click();\ncy.get('input[id=\"title\"]').should('be.visible');\n// Preenche título do ticket com prefixo padrão\nconst ticketTitle = `TESTE DE AUTOMAÇÃO QA - ${category.nome} > ${subcategory} > ${priority.label}`;\ncy.get('input[id=\"title\"]').type(ticketTitle);\n// Selecionar categoria\ncy.contains('button', 'Select category').click();\ncy.get('[role=\"option\"]').contains(category.nome).click();\n// Selecionar subcategoria\ncy.contains('button', 'Select subcategory (optional)').click();\ncy.get('[role=\"option\"]').contains(subcategory).click();\n// Selecionar prioridade\ncy.contains('button', 'Select priority').click();\ncy.get('[role=\"dialog\"][data-state=\"open\"]', {\n  timeout: 15000\n}).should('exist').then($dialog => {\n  if ($dialog.css('pointer-events') === 'none') {\n    cy.wrap($dialog).invoke('css', 'pointer-events', 'auto');\n  }\n});\ncy.get('[role=\"option\"]').contains(priority.label).then($option => {\n  const style = window.getComputedStyle($option[0]);\n  if (style.pointerEvents === 'none') {\n    cy.wrap($option).invoke('css', 'pointer-events', 'auto');\n  }\n}).click({\n  force: true\n});\n// Verificar prioridade selecionada\ncy.get('button[role=\"combobox\"]').should('contain', priority.label);\n// Preencher descrição\nconst ticketDescription = `TESTE DE AUTOMAÇÃO QA - Ticket gerado automaticamente:\n\nCategoria: ${category.nome}\nSubcategoria: ${subcategory}\nPrioridade: ${priority.label} (${priority.value})\n\nData/hora: ${new Date().toLocaleString()}\nAmbiente: ${Cypress.browser.name} ${Cypress.browser.version}\n\nPassos para reprodução:\n1. Passo 1 do teste\n2. Passo 2 do teste\n\nResultado esperado:\n- O sistema deve comportar-se conforme especificação`;\ncy.get('textarea#description').should('exist').then($textarea => {\n  const style = window.getComputedStyle($textarea[0]);\n  if (style.pointerEvents === 'none') {\n    cy.wrap($textarea).invoke('css', 'pointer-events', 'auto');\n  }\n}).clear({\n  force: true\n}).type(ticketDescription, {\n  delay: 20,\n  force: true\n});\n// Criar ticket\ncy.contains('Create Ticket').click();\ncy.contains('Novo ticket criado:', {\n  timeout: 15000\n}).should('be.visible');\n// Voltar para a lista de tickets\ncy.get('body').then($body => {\n  if ($body.find('button:contains(\"Back to tickets\")').length) {\n    cy.contains('button', 'Back to tickets').click();\n  } else if ($body.find('a:contains(\"Tickets\")').length) {\n    cy.contains('a', 'Tickets').click();\n  }\n});",
              "err": {
                "message": "AssertionError: Timed out retrying after 20000ms: Expected to find content: 'EN' within the selector: 'button' but never did.\n\nBecause this error occurred during a `before each` hook we are skipping the remaining tests in the current suite: `Autenticar`",
                "estack": "AssertionError: Timed out retrying after 20000ms: Expected to find content: 'EN' within the selector: 'button' but never did.\n\nBecause this error occurred during a `before each` hook we are skipping the remaining tests in the current suite: `Autenticar`\n    at Context.eval (webpack://prj_acsticket/./cypress/e2e/criar-ticket.cy.js:13:7)",
                "diff": null
              },
              "uuid": "360ccbf7-3d40-4807-a1ba-b077d0bd4b90",
              "parentUUID": "1be34ea7-711f-43b0-bb1b-bad02cef2fba",
              "isHook": false,
              "skipped": false
            },
            {
              "title": "Cria ticket - IT & Technical Support > Bug Report > 🟡 Medium",
              "fullTitle": "Autenticar Cria ticket - IT & Technical Support > Bug Report > 🟡 Medium",
              "timedOut": null,
              "duration": 0,
              "state": "skipped",
              "speed": null,
              "pass": false,
              "fail": false,
              "pending": false,
              "context": null,
              "code": "// Entrar em novo ticket\ncy.contains('Criar Ticket').click();\ncy.get('input[id=\"title\"]').should('be.visible');\n// Preenche título do ticket com prefixo padrão\nconst ticketTitle = `TESTE DE AUTOMAÇÃO QA - ${category.nome} > ${subcategory} > ${priority.label}`;\ncy.get('input[id=\"title\"]').type(ticketTitle);\n// Selecionar categoria\ncy.contains('button', 'Select category').click();\ncy.get('[role=\"option\"]').contains(category.nome).click();\n// Selecionar subcategoria\ncy.contains('button', 'Select subcategory (optional)').click();\ncy.get('[role=\"option\"]').contains(subcategory).click();\n// Selecionar prioridade\ncy.contains('button', 'Select priority').click();\ncy.get('[role=\"dialog\"][data-state=\"open\"]', {\n  timeout: 15000\n}).should('exist').then($dialog => {\n  if ($dialog.css('pointer-events') === 'none') {\n    cy.wrap($dialog).invoke('css', 'pointer-events', 'auto');\n  }\n});\ncy.get('[role=\"option\"]').contains(priority.label).then($option => {\n  const style = window.getComputedStyle($option[0]);\n  if (style.pointerEvents === 'none') {\n    cy.wrap($option).invoke('css', 'pointer-events', 'auto');\n  }\n}).click({\n  force: true\n});\n// Verificar prioridade selecionada\ncy.get('button[role=\"combobox\"]').should('contain', priority.label);\n// Preencher descrição\nconst ticketDescription = `TESTE DE AUTOMAÇÃO QA - Ticket gerado automaticamente:\n\nCategoria: ${category.nome}\nSubcategoria: ${subcategory}\nPrioridade: ${priority.label} (${priority.value})\n\nData/hora: ${new Date().toLocaleString()}\nAmbiente: ${Cypress.browser.name} ${Cypress.browser.version}\n\nPassos para reprodução:\n1. Passo 1 do teste\n2. Passo 2 do teste\n\nResultado esperado:\n- O sistema deve comportar-se conforme especificação`;\ncy.get('textarea#description').should('exist').then($textarea => {\n  const style = window.getComputedStyle($textarea[0]);\n  if (style.pointerEvents === 'none') {\n    cy.wrap($textarea).invoke('css', 'pointer-events', 'auto');\n  }\n}).clear({\n  force: true\n}).type(ticketDescription, {\n  delay: 20,\n  force: true\n});\n// Criar ticket\ncy.contains('Create Ticket').click();\ncy.contains('Novo ticket criado:', {\n  timeout: 15000\n}).should('be.visible');\n// Voltar para a lista de tickets\ncy.get('body').then($body => {\n  if ($body.find('button:contains(\"Back to tickets\")').length) {\n    cy.contains('button', 'Back to tickets').click();\n  } else if ($body.find('a:contains(\"Tickets\")').length) {\n    cy.contains('a', 'Tickets').click();\n  }\n});",
              "err": {},
              "uuid": "52b4c1ed-538f-420e-9600-78e59fe4c400",
              "parentUUID": "1be34ea7-711f-43b0-bb1b-bad02cef2fba",
              "isHook": false,
              "skipped": true
            },
            {
              "title": "Cria ticket - IT & Technical Support > Bug Report > 🟠 High",
              "fullTitle": "Autenticar Cria ticket - IT & Technical Support > Bug Report > 🟠 High",
              "timedOut": null,
              "duration": 0,
              "state": "skipped",
              "speed": null,
              "pass": false,
              "fail": false,
              "pending": false,
              "context": null,
              "code": "// Entrar em novo ticket\ncy.contains('Criar Ticket').click();\ncy.get('input[id=\"title\"]').should('be.visible');\n// Preenche título do ticket com prefixo padrão\nconst ticketTitle = `TESTE DE AUTOMAÇÃO QA - ${category.nome} > ${subcategory} > ${priority.label}`;\ncy.get('input[id=\"title\"]').type(ticketTitle);\n// Selecionar categoria\ncy.contains('button', 'Select category').click();\ncy.get('[role=\"option\"]').contains(category.nome).click();\n// Selecionar subcategoria\ncy.contains('button', 'Select subcategory (optional)').click();\ncy.get('[role=\"option\"]').contains(subcategory).click();\n// Selecionar prioridade\ncy.contains('button', 'Select priority').click();\ncy.get('[role=\"dialog\"][data-state=\"open\"]', {\n  timeout: 15000\n}).should('exist').then($dialog => {\n  if ($dialog.css('pointer-events') === 'none') {\n    cy.wrap($dialog).invoke('css', 'pointer-events', 'auto');\n  }\n});\ncy.get('[role=\"option\"]').contains(priority.label).then($option => {\n  const style = window.getComputedStyle($option[0]);\n  if (style.pointerEvents === 'none') {\n    cy.wrap($option).invoke('css', 'pointer-events', 'auto');\n  }\n}).click({\n  force: true\n});\n// Verificar prioridade selecionada\ncy.get('button[role=\"combobox\"]').should('contain', priority.label);\n// Preencher descrição\nconst ticketDescription = `TESTE DE AUTOMAÇÃO QA - Ticket gerado automaticamente:\n\nCategoria: ${category.nome}\nSubcategoria: ${subcategory}\nPrioridade: ${priority.label} (${priority.value})\n\nData/hora: ${new Date().toLocaleString()}\nAmbiente: ${Cypress.browser.name} ${Cypress.browser.version}\n\nPassos para reprodução:\n1. Passo 1 do teste\n2. Passo 2 do teste\n\nResultado esperado:\n- O sistema deve comportar-se conforme especificação`;\ncy.get('textarea#description').should('exist').then($textarea => {\n  const style = window.getComputedStyle($textarea[0]);\n  if (style.pointerEvents === 'none') {\n    cy.wrap($textarea).invoke('css', 'pointer-events', 'auto');\n  }\n}).clear({\n  force: true\n}).type(ticketDescription, {\n  delay: 20,\n  force: true\n});\n// Criar ticket\ncy.contains('Create Ticket').click();\ncy.contains('Novo ticket criado:', {\n  timeout: 15000\n}).should('be.visible');\n// Voltar para a lista de tickets\ncy.get('body').then($body => {\n  if ($body.find('button:contains(\"Back to tickets\")').length) {\n    cy.contains('button', 'Back to tickets').click();\n  } else if ($body.find('a:contains(\"Tickets\")').length) {\n    cy.contains('a', 'Tickets').click();\n  }\n});",
              "err": {},
              "uuid": "eabca494-981c-4f6f-9466-126064b16ab7",
              "parentUUID": "1be34ea7-711f-43b0-bb1b-bad02cef2fba",
              "isHook": false,
              "skipped": true
            },
            {
              "title": "Cria ticket - IT & Technical Support > Bug Report > 🔴 Critical",
              "fullTitle": "Autenticar Cria ticket - IT & Technical Support > Bug Report > 🔴 Critical",
              "timedOut": null,
              "duration": 0,
              "state": "skipped",
              "speed": null,
              "pass": false,
              "fail": false,
              "pending": false,
              "context": null,
              "code": "// Entrar em novo ticket\ncy.contains('Criar Ticket').click();\ncy.get('input[id=\"title\"]').should('be.visible');\n// Preenche título do ticket com prefixo padrão\nconst ticketTitle = `TESTE DE AUTOMAÇÃO QA - ${category.nome} > ${subcategory} > ${priority.label}`;\ncy.get('input[id=\"title\"]').type(ticketTitle);\n// Selecionar categoria\ncy.contains('button', 'Select category').click();\ncy.get('[role=\"option\"]').contains(category.nome).click();\n// Selecionar subcategoria\ncy.contains('button', 'Select subcategory (optional)').click();\ncy.get('[role=\"option\"]').contains(subcategory).click();\n// Selecionar prioridade\ncy.contains('button', 'Select priority').click();\ncy.get('[role=\"dialog\"][data-state=\"open\"]', {\n  timeout: 15000\n}).should('exist').then($dialog => {\n  if ($dialog.css('pointer-events') === 'none') {\n    cy.wrap($dialog).invoke('css', 'pointer-events', 'auto');\n  }\n});\ncy.get('[role=\"option\"]').contains(priority.label).then($option => {\n  const style = window.getComputedStyle($option[0]);\n  if (style.pointerEvents === 'none') {\n    cy.wrap($option).invoke('css', 'pointer-events', 'auto');\n  }\n}).click({\n  force: true\n});\n// Verificar prioridade selecionada\ncy.get('button[role=\"combobox\"]').should('contain', priority.label);\n// Preencher descrição\nconst ticketDescription = `TESTE DE AUTOMAÇÃO QA - Ticket gerado automaticamente:\n\nCategoria: ${category.nome}\nSubcategoria: ${subcategory}\nPrioridade: ${priority.label} (${priority.value})\n\nData/hora: ${new Date().toLocaleString()}\nAmbiente: ${Cypress.browser.name} ${Cypress.browser.version}\n\nPassos para reprodução:\n1. Passo 1 do teste\n2. Passo 2 do teste\n\nResultado esperado:\n- O sistema deve comportar-se conforme especificação`;\ncy.get('textarea#description').should('exist').then($textarea => {\n  const style = window.getComputedStyle($textarea[0]);\n  if (style.pointerEvents === 'none') {\n    cy.wrap($textarea).invoke('css', 'pointer-events', 'auto');\n  }\n}).clear({\n  force: true\n}).type(ticketDescription, {\n  delay: 20,\n  force: true\n});\n// Criar ticket\ncy.contains('Create Ticket').click();\ncy.contains('Novo ticket criado:', {\n  timeout: 15000\n}).should('be.visible');\n// Voltar para a lista de tickets\ncy.get('body').then($body => {\n  if ($body.find('button:contains(\"Back to tickets\")').length) {\n    cy.contains('button', 'Back to tickets').click();\n  } else if ($body.find('a:contains(\"Tickets\")').length) {\n    cy.contains('a', 'Tickets').click();\n  }\n});",
              "err": {},
              "uuid": "b19ffddd-cbe9-437f-95fb-a8b935e948f5",
              "parentUUID": "1be34ea7-711f-43b0-bb1b-bad02cef2fba",
              "isHook": false,
              "skipped": true
            },
            {
              "title": "Cria ticket - IT & Technical Support > Hardware - Desktop/Workstation > 🟢 Low",
              "fullTitle": "Autenticar Cria ticket - IT & Technical Support > Hardware - Desktop/Workstation > 🟢 Low",
              "timedOut": null,
              "duration": 0,
              "state": "skipped",
              "speed": null,
              "pass": false,
              "fail": false,
              "pending": false,
              "context": null,
              "code": "// Entrar em novo ticket\ncy.contains('Criar Ticket').click();\ncy.get('input[id=\"title\"]').should('be.visible');\n// Preenche título do ticket com prefixo padrão\nconst ticketTitle = `TESTE DE AUTOMAÇÃO QA - ${category.nome} > ${subcategory} > ${priority.label}`;\ncy.get('input[id=\"title\"]').type(ticketTitle);\n// Selecionar categoria\ncy.contains('button', 'Select category').click();\ncy.get('[role=\"option\"]').contains(category.nome).click();\n// Selecionar subcategoria\ncy.contains('button', 'Select subcategory (optional)').click();\ncy.get('[role=\"option\"]').contains(subcategory).click();\n// Selecionar prioridade\ncy.contains('button', 'Select priority').click();\ncy.get('[role=\"dialog\"][data-state=\"open\"]', {\n  timeout: 15000\n}).should('exist').then($dialog => {\n  if ($dialog.css('pointer-events') === 'none') {\n    cy.wrap($dialog).invoke('css', 'pointer-events', 'auto');\n  }\n});\ncy.get('[role=\"option\"]').contains(priority.label).then($option => {\n  const style = window.getComputedStyle($option[0]);\n  if (style.pointerEvents === 'none') {\n    cy.wrap($option).invoke('css', 'pointer-events', 'auto');\n  }\n}).click({\n  force: true\n});\n// Verificar prioridade selecionada\ncy.get('button[role=\"combobox\"]').should('contain', priority.label);\n// Preencher descrição\nconst ticketDescription = `TESTE DE AUTOMAÇÃO QA - Ticket gerado automaticamente:\n\nCategoria: ${category.nome}\nSubcategoria: ${subcategory}\nPrioridade: ${priority.label} (${priority.value})\n\nData/hora: ${new Date().toLocaleString()}\nAmbiente: ${Cypress.browser.name} ${Cypress.browser.version}\n\nPassos para reprodução:\n1. Passo 1 do teste\n2. Passo 2 do teste\n\nResultado esperado:\n- O sistema deve comportar-se conforme especificação`;\ncy.get('textarea#description').should('exist').then($textarea => {\n  const style = window.getComputedStyle($textarea[0]);\n  if (style.pointerEvents === 'none') {\n    cy.wrap($textarea).invoke('css', 'pointer-events', 'auto');\n  }\n}).clear({\n  force: true\n}).type(ticketDescription, {\n  delay: 20,\n  force: true\n});\n// Criar ticket\ncy.contains('Create Ticket').click();\ncy.contains('Novo ticket criado:', {\n  timeout: 15000\n}).should('be.visible');\n// Voltar para a lista de tickets\ncy.get('body').then($body => {\n  if ($body.find('button:contains(\"Back to tickets\")').length) {\n    cy.contains('button', 'Back to tickets').click();\n  } else if ($body.find('a:contains(\"Tickets\")').length) {\n    cy.contains('a', 'Tickets').click();\n  }\n});",
              "err": {},
              "uuid": "925771fa-a669-4516-b673-060e87653f3d",
              "parentUUID": "1be34ea7-711f-43b0-bb1b-bad02cef2fba",
              "isHook": false,
              "skipped": true
            },
            {
              "title": "Cria ticket - IT & Technical Support > Hardware - Desktop/Workstation > 🟡 Medium",
              "fullTitle": "Autenticar Cria ticket - IT & Technical Support > Hardware - Desktop/Workstation > 🟡 Medium",
              "timedOut": null,
              "duration": 0,
              "state": "skipped",
              "speed": null,
              "pass": false,
              "fail": false,
              "pending": false,
              "context": null,
              "code": "// Entrar em novo ticket\ncy.contains('Criar Ticket').click();\ncy.get('input[id=\"title\"]').should('be.visible');\n// Preenche título do ticket com prefixo padrão\nconst ticketTitle = `TESTE DE AUTOMAÇÃO QA - ${category.nome} > ${subcategory} > ${priority.label}`;\ncy.get('input[id=\"title\"]').type(ticketTitle);\n// Selecionar categoria\ncy.contains('button', 'Select category').click();\ncy.get('[role=\"option\"]').contains(category.nome).click();\n// Selecionar subcategoria\ncy.contains('button', 'Select subcategory (optional)').click();\ncy.get('[role=\"option\"]').contains(subcategory).click();\n// Selecionar prioridade\ncy.contains('button', 'Select priority').click();\ncy.get('[role=\"dialog\"][data-state=\"open\"]', {\n  timeout: 15000\n}).should('exist').then($dialog => {\n  if ($dialog.css('pointer-events') === 'none') {\n    cy.wrap($dialog).invoke('css', 'pointer-events', 'auto');\n  }\n});\ncy.get('[role=\"option\"]').contains(priority.label).then($option => {\n  const style = window.getComputedStyle($option[0]);\n  if (style.pointerEvents === 'none') {\n    cy.wrap($option).invoke('css', 'pointer-events', 'auto');\n  }\n}).click({\n  force: true\n});\n// Verificar prioridade selecionada\ncy.get('button[role=\"combobox\"]').should('contain', priority.label);\n// Preencher descrição\nconst ticketDescription = `TESTE DE AUTOMAÇÃO QA - Ticket gerado automaticamente:\n\nCategoria: ${category.nome}\nSubcategoria: ${subcategory}\nPrioridade: ${priority.label} (${priority.value})\n\nData/hora: ${new Date().toLocaleString()}\nAmbiente: ${Cypress.browser.name} ${Cypress.browser.version}\n\nPassos para reprodução:\n1. Passo 1 do teste\n2. Passo 2 do teste\n\nResultado esperado:\n- O sistema deve comportar-se conforme especificação`;\ncy.get('textarea#description').should('exist').then($textarea => {\n  const style = window.getComputedStyle($textarea[0]);\n  if (style.pointerEvents === 'none') {\n    cy.wrap($textarea).invoke('css', 'pointer-events', 'auto');\n  }\n}).clear({\n  force: true\n}).type(ticketDescription, {\n  delay: 20,\n  force: true\n});\n// Criar ticket\ncy.contains('Create Ticket').click();\ncy.contains('Novo ticket criado:', {\n  timeout: 15000\n}).should('be.visible');\n// Voltar para a lista de tickets\ncy.get('body').then($body => {\n  if ($body.find('button:contains(\"Back to tickets\")').length) {\n    cy.contains('button', 'Back to tickets').click();\n  } else if ($body.find('a:contains(\"Tickets\")').length) {\n    cy.contains('a', 'Tickets').click();\n  }\n});",
              "err": {},
              "uuid": "f10c8336-d68c-47bf-9e98-5d2ee42a075b",
              "parentUUID": "1be34ea7-711f-43b0-bb1b-bad02cef2fba",
              "isHook": false,
              "skipped": true
            },
            {
              "title": "Cria ticket - IT & Technical Support > Hardware - Desktop/Workstation > 🟠 High",
              "fullTitle": "Autenticar Cria ticket - IT & Technical Support > Hardware - Desktop/Workstation > 🟠 High",
              "timedOut": null,
              "duration": 0,
              "state": "skipped",
              "speed": null,
              "pass": false,
              "fail": false,
              "pending": false,
              "context": null,
              "code": "// Entrar em novo ticket\ncy.contains('Criar Ticket').click();\ncy.get('input[id=\"title\"]').should('be.visible');\n// Preenche título do ticket com prefixo padrão\nconst ticketTitle = `TESTE DE AUTOMAÇÃO QA - ${category.nome} > ${subcategory} > ${priority.label}`;\ncy.get('input[id=\"title\"]').type(ticketTitle);\n// Selecionar categoria\ncy.contains('button', 'Select category').click();\ncy.get('[role=\"option\"]').contains(category.nome).click();\n// Selecionar subcategoria\ncy.contains('button', 'Select subcategory (optional)').click();\ncy.get('[role=\"option\"]').contains(subcategory).click();\n// Selecionar prioridade\ncy.contains('button', 'Select priority').click();\ncy.get('[role=\"dialog\"][data-state=\"open\"]', {\n  timeout: 15000\n}).should('exist').then($dialog => {\n  if ($dialog.css('pointer-events') === 'none') {\n    cy.wrap($dialog).invoke('css', 'pointer-events', 'auto');\n  }\n});\ncy.get('[role=\"option\"]').contains(priority.label).then($option => {\n  const style = window.getComputedStyle($option[0]);\n  if (style.pointerEvents === 'none') {\n    cy.wrap($option).invoke('css', 'pointer-events', 'auto');\n  }\n}).click({\n  force: true\n});\n// Verificar prioridade selecionada\ncy.get('button[role=\"combobox\"]').should('contain', priority.label);\n// Preencher descrição\nconst ticketDescription = `TESTE DE AUTOMAÇÃO QA - Ticket gerado automaticamente:\n\nCategoria: ${category.nome}\nSubcategoria: ${subcategory}\nPrioridade: ${priority.label} (${priority.value})\n\nData/hora: ${new Date().toLocaleString()}\nAmbiente: ${Cypress.browser.name} ${Cypress.browser.version}\n\nPassos para reprodução:\n1. Passo 1 do teste\n2. Passo 2 do teste\n\nResultado esperado:\n- O sistema deve comportar-se conforme especificação`;\ncy.get('textarea#description').should('exist').then($textarea => {\n  const style = window.getComputedStyle($textarea[0]);\n  if (style.pointerEvents === 'none') {\n    cy.wrap($textarea).invoke('css', 'pointer-events', 'auto');\n  }\n}).clear({\n  force: true\n}).type(ticketDescription, {\n  delay: 20,\n  force: true\n});\n// Criar ticket\ncy.contains('Create Ticket').click();\ncy.contains('Novo ticket criado:', {\n  timeout: 15000\n}).should('be.visible');\n// Voltar para a lista de tickets\ncy.get('body').then($body => {\n  if ($body.find('button:contains(\"Back to tickets\")').length) {\n    cy.contains('button', 'Back to tickets').click();\n  } else if ($body.find('a:contains(\"Tickets\")').length) {\n    cy.contains('a', 'Tickets').click();\n  }\n});",
              "err": {},
              "uuid": "6c324187-b606-4d07-8fa8-f6c0beb4d9ec",
              "parentUUID": "1be34ea7-711f-43b0-bb1b-bad02cef2fba",
              "isHook": false,
              "skipped": true
            },
            {
              "title": "Cria ticket - IT & Technical Support > Hardware - Desktop/Workstation > 🔴 Critical",
              "fullTitle": "Autenticar Cria ticket - IT & Technical Support > Hardware - Desktop/Workstation > 🔴 Critical",
              "timedOut": null,
              "duration": 0,
              "state": "skipped",
              "speed": null,
              "pass": false,
              "fail": false,
              "pending": false,
              "context": null,
              "code": "// Entrar em novo ticket\ncy.contains('Criar Ticket').click();\ncy.get('input[id=\"title\"]').should('be.visible');\n// Preenche título do ticket com prefixo padrão\nconst ticketTitle = `TESTE DE AUTOMAÇÃO QA - ${category.nome} > ${subcategory} > ${priority.label}`;\ncy.get('input[id=\"title\"]').type(ticketTitle);\n// Selecionar categoria\ncy.contains('button', 'Select category').click();\ncy.get('[role=\"option\"]').contains(category.nome).click();\n// Selecionar subcategoria\ncy.contains('button', 'Select subcategory (optional)').click();\ncy.get('[role=\"option\"]').contains(subcategory).click();\n// Selecionar prioridade\ncy.contains('button', 'Select priority').click();\ncy.get('[role=\"dialog\"][data-state=\"open\"]', {\n  timeout: 15000\n}).should('exist').then($dialog => {\n  if ($dialog.css('pointer-events') === 'none') {\n    cy.wrap($dialog).invoke('css', 'pointer-events', 'auto');\n  }\n});\ncy.get('[role=\"option\"]').contains(priority.label).then($option => {\n  const style = window.getComputedStyle($option[0]);\n  if (style.pointerEvents === 'none') {\n    cy.wrap($option).invoke('css', 'pointer-events', 'auto');\n  }\n}).click({\n  force: true\n});\n// Verificar prioridade selecionada\ncy.get('button[role=\"combobox\"]').should('contain', priority.label);\n// Preencher descrição\nconst ticketDescription = `TESTE DE AUTOMAÇÃO QA - Ticket gerado automaticamente:\n\nCategoria: ${category.nome}\nSubcategoria: ${subcategory}\nPrioridade: ${priority.label} (${priority.value})\n\nData/hora: ${new Date().toLocaleString()}\nAmbiente: ${Cypress.browser.name} ${Cypress.browser.version}\n\nPassos para reprodução:\n1. Passo 1 do teste\n2. Passo 2 do teste\n\nResultado esperado:\n- O sistema deve comportar-se conforme especificação`;\ncy.get('textarea#description').should('exist').then($textarea => {\n  const style = window.getComputedStyle($textarea[0]);\n  if (style.pointerEvents === 'none') {\n    cy.wrap($textarea).invoke('css', 'pointer-events', 'auto');\n  }\n}).clear({\n  force: true\n}).type(ticketDescription, {\n  delay: 20,\n  force: true\n});\n// Criar ticket\ncy.contains('Create Ticket').click();\ncy.contains('Novo ticket criado:', {\n  timeout: 15000\n}).should('be.visible');\n// Voltar para a lista de tickets\ncy.get('body').then($body => {\n  if ($body.find('button:contains(\"Back to tickets\")').length) {\n    cy.contains('button', 'Back to tickets').click();\n  } else if ($body.find('a:contains(\"Tickets\")').length) {\n    cy.contains('a', 'Tickets').click();\n  }\n});",
              "err": {},
              "uuid": "19e26493-e380-47d0-bc22-21a0cdbbfb06",
              "parentUUID": "1be34ea7-711f-43b0-bb1b-bad02cef2fba",
              "isHook": false,
              "skipped": true
            },
            {
              "title": "Cria ticket - IT & Technical Support > Feature Request > 🟢 Low",
              "fullTitle": "Autenticar Cria ticket - IT & Technical Support > Feature Request > 🟢 Low",
              "timedOut": null,
              "duration": 0,
              "state": "skipped",
              "speed": null,
              "pass": false,
              "fail": false,
              "pending": false,
              "context": null,
              "code": "// Entrar em novo ticket\ncy.contains('Criar Ticket').click();\ncy.get('input[id=\"title\"]').should('be.visible');\n// Preenche título do ticket com prefixo padrão\nconst ticketTitle = `TESTE DE AUTOMAÇÃO QA - ${category.nome} > ${subcategory} > ${priority.label}`;\ncy.get('input[id=\"title\"]').type(ticketTitle);\n// Selecionar categoria\ncy.contains('button', 'Select category').click();\ncy.get('[role=\"option\"]').contains(category.nome).click();\n// Selecionar subcategoria\ncy.contains('button', 'Select subcategory (optional)').click();\ncy.get('[role=\"option\"]').contains(subcategory).click();\n// Selecionar prioridade\ncy.contains('button', 'Select priority').click();\ncy.get('[role=\"dialog\"][data-state=\"open\"]', {\n  timeout: 15000\n}).should('exist').then($dialog => {\n  if ($dialog.css('pointer-events') === 'none') {\n    cy.wrap($dialog).invoke('css', 'pointer-events', 'auto');\n  }\n});\ncy.get('[role=\"option\"]').contains(priority.label).then($option => {\n  const style = window.getComputedStyle($option[0]);\n  if (style.pointerEvents === 'none') {\n    cy.wrap($option).invoke('css', 'pointer-events', 'auto');\n  }\n}).click({\n  force: true\n});\n// Verificar prioridade selecionada\ncy.get('button[role=\"combobox\"]').should('contain', priority.label);\n// Preencher descrição\nconst ticketDescription = `TESTE DE AUTOMAÇÃO QA - Ticket gerado automaticamente:\n\nCategoria: ${category.nome}\nSubcategoria: ${subcategory}\nPrioridade: ${priority.label} (${priority.value})\n\nData/hora: ${new Date().toLocaleString()}\nAmbiente: ${Cypress.browser.name} ${Cypress.browser.version}\n\nPassos para reprodução:\n1. Passo 1 do teste\n2. Passo 2 do teste\n\nResultado esperado:\n- O sistema deve comportar-se conforme especificação`;\ncy.get('textarea#description').should('exist').then($textarea => {\n  const style = window.getComputedStyle($textarea[0]);\n  if (style.pointerEvents === 'none') {\n    cy.wrap($textarea).invoke('css', 'pointer-events', 'auto');\n  }\n}).clear({\n  force: true\n}).type(ticketDescription, {\n  delay: 20,\n  force: true\n});\n// Criar ticket\ncy.contains('Create Ticket').click();\ncy.contains('Novo ticket criado:', {\n  timeout: 15000\n}).should('be.visible');\n// Voltar para a lista de tickets\ncy.get('body').then($body => {\n  if ($body.find('button:contains(\"Back to tickets\")').length) {\n    cy.contains('button', 'Back to tickets').click();\n  } else if ($body.find('a:contains(\"Tickets\")').length) {\n    cy.contains('a', 'Tickets').click();\n  }\n});",
              "err": {},
              "uuid": "0309e4c9-8f60-4291-bfe2-ae393ec1db25",
              "parentUUID": "1be34ea7-711f-43b0-bb1b-bad02cef2fba",
              "isHook": false,
              "skipped": true
            },
            {
              "title": "Cria ticket - IT & Technical Support > Feature Request > 🟡 Medium",
              "fullTitle": "Autenticar Cria ticket - IT & Technical Support > Feature Request > 🟡 Medium",
              "timedOut": null,
              "duration": 0,
              "state": "skipped",
              "speed": null,
              "pass": false,
              "fail": false,
              "pending": false,
              "context": null,
              "code": "// Entrar em novo ticket\ncy.contains('Criar Ticket').click();\ncy.get('input[id=\"title\"]').should('be.visible');\n// Preenche título do ticket com prefixo padrão\nconst ticketTitle = `TESTE DE AUTOMAÇÃO QA - ${category.nome} > ${subcategory} > ${priority.label}`;\ncy.get('input[id=\"title\"]').type(ticketTitle);\n// Selecionar categoria\ncy.contains('button', 'Select category').click();\ncy.get('[role=\"option\"]').contains(category.nome).click();\n// Selecionar subcategoria\ncy.contains('button', 'Select subcategory (optional)').click();\ncy.get('[role=\"option\"]').contains(subcategory).click();\n// Selecionar prioridade\ncy.contains('button', 'Select priority').click();\ncy.get('[role=\"dialog\"][data-state=\"open\"]', {\n  timeout: 15000\n}).should('exist').then($dialog => {\n  if ($dialog.css('pointer-events') === 'none') {\n    cy.wrap($dialog).invoke('css', 'pointer-events', 'auto');\n  }\n});\ncy.get('[role=\"option\"]').contains(priority.label).then($option => {\n  const style = window.getComputedStyle($option[0]);\n  if (style.pointerEvents === 'none') {\n    cy.wrap($option).invoke('css', 'pointer-events', 'auto');\n  }\n}).click({\n  force: true\n});\n// Verificar prioridade selecionada\ncy.get('button[role=\"combobox\"]').should('contain', priority.label);\n// Preencher descrição\nconst ticketDescription = `TESTE DE AUTOMAÇÃO QA - Ticket gerado automaticamente:\n\nCategoria: ${category.nome}\nSubcategoria: ${subcategory}\nPrioridade: ${priority.label} (${priority.value})\n\nData/hora: ${new Date().toLocaleString()}\nAmbiente: ${Cypress.browser.name} ${Cypress.browser.version}\n\nPassos para reprodução:\n1. Passo 1 do teste\n2. Passo 2 do teste\n\nResultado esperado:\n- O sistema deve comportar-se conforme especificação`;\ncy.get('textarea#description').should('exist').then($textarea => {\n  const style = window.getComputedStyle($textarea[0]);\n  if (style.pointerEvents === 'none') {\n    cy.wrap($textarea).invoke('css', 'pointer-events', 'auto');\n  }\n}).clear({\n  force: true\n}).type(ticketDescription, {\n  delay: 20,\n  force: true\n});\n// Criar ticket\ncy.contains('Create Ticket').click();\ncy.contains('Novo ticket criado:', {\n  timeout: 15000\n}).should('be.visible');\n// Voltar para a lista de tickets\ncy.get('body').then($body => {\n  if ($body.find('button:contains(\"Back to tickets\")').length) {\n    cy.contains('button', 'Back to tickets').click();\n  } else if ($body.find('a:contains(\"Tickets\")').length) {\n    cy.contains('a', 'Tickets').click();\n  }\n});",
              "err": {},
              "uuid": "4fa11bc6-df05-4ba0-bf53-9661483521ad",
              "parentUUID": "1be34ea7-711f-43b0-bb1b-bad02cef2fba",
              "isHook": false,
              "skipped": true
            },
            {
              "title": "Cria ticket - IT & Technical Support > Feature Request > 🟠 High",
              "fullTitle": "Autenticar Cria ticket - IT & Technical Support > Feature Request > 🟠 High",
              "timedOut": null,
              "duration": 0,
              "state": "skipped",
              "speed": null,
              "pass": false,
              "fail": false,
              "pending": false,
              "context": null,
              "code": "// Entrar em novo ticket\ncy.contains('Criar Ticket').click();\ncy.get('input[id=\"title\"]').should('be.visible');\n// Preenche título do ticket com prefixo padrão\nconst ticketTitle = `TESTE DE AUTOMAÇÃO QA - ${category.nome} > ${subcategory} > ${priority.label}`;\ncy.get('input[id=\"title\"]').type(ticketTitle);\n// Selecionar categoria\ncy.contains('button', 'Select category').click();\ncy.get('[role=\"option\"]').contains(category.nome).click();\n// Selecionar subcategoria\ncy.contains('button', 'Select subcategory (optional)').click();\ncy.get('[role=\"option\"]').contains(subcategory).click();\n// Selecionar prioridade\ncy.contains('button', 'Select priority').click();\ncy.get('[role=\"dialog\"][data-state=\"open\"]', {\n  timeout: 15000\n}).should('exist').then($dialog => {\n  if ($dialog.css('pointer-events') === 'none') {\n    cy.wrap($dialog).invoke('css', 'pointer-events', 'auto');\n  }\n});\ncy.get('[role=\"option\"]').contains(priority.label).then($option => {\n  const style = window.getComputedStyle($option[0]);\n  if (style.pointerEvents === 'none') {\n    cy.wrap($option).invoke('css', 'pointer-events', 'auto');\n  }\n}).click({\n  force: true\n});\n// Verificar prioridade selecionada\ncy.get('button[role=\"combobox\"]').should('contain', priority.label);\n// Preencher descrição\nconst ticketDescription = `TESTE DE AUTOMAÇÃO QA - Ticket gerado automaticamente:\n\nCategoria: ${category.nome}\nSubcategoria: ${subcategory}\nPrioridade: ${priority.label} (${priority.value})\n\nData/hora: ${new Date().toLocaleString()}\nAmbiente: ${Cypress.browser.name} ${Cypress.browser.version}\n\nPassos para reprodução:\n1. Passo 1 do teste\n2. Passo 2 do teste\n\nResultado esperado:\n- O sistema deve comportar-se conforme especificação`;\ncy.get('textarea#description').should('exist').then($textarea => {\n  const style = window.getComputedStyle($textarea[0]);\n  if (style.pointerEvents === 'none') {\n    cy.wrap($textarea).invoke('css', 'pointer-events', 'auto');\n  }\n}).clear({\n  force: true\n}).type(ticketDescription, {\n  delay: 20,\n  force: true\n});\n// Criar ticket\ncy.contains('Create Ticket').click();\ncy.contains('Novo ticket criado:', {\n  timeout: 15000\n}).should('be.visible');\n// Voltar para a lista de tickets\ncy.get('body').then($body => {\n  if ($body.find('button:contains(\"Back to tickets\")').length) {\n    cy.contains('button', 'Back to tickets').click();\n  } else if ($body.find('a:contains(\"Tickets\")').length) {\n    cy.contains('a', 'Tickets').click();\n  }\n});",
              "err": {},
              "uuid": "4c97c6e4-54bc-4db2-bbb2-73b1eaf3a189",
              "parentUUID": "1be34ea7-711f-43b0-bb1b-bad02cef2fba",
              "isHook": false,
              "skipped": true
            },
            {
              "title": "Cria ticket - IT & Technical Support > Feature Request > 🔴 Critical",
              "fullTitle": "Autenticar Cria ticket - IT & Technical Support > Feature Request > 🔴 Critical",
              "timedOut": null,
              "duration": 0,
              "state": "skipped",
              "speed": null,
              "pass": false,
              "fail": false,
              "pending": false,
              "context": null,
              "code": "// Entrar em novo ticket\ncy.contains('Criar Ticket').click();\ncy.get('input[id=\"title\"]').should('be.visible');\n// Preenche título do ticket com prefixo padrão\nconst ticketTitle = `TESTE DE AUTOMAÇÃO QA - ${category.nome} > ${subcategory} > ${priority.label}`;\ncy.get('input[id=\"title\"]').type(ticketTitle);\n// Selecionar categoria\ncy.contains('button', 'Select category').click();\ncy.get('[role=\"option\"]').contains(category.nome).click();\n// Selecionar subcategoria\ncy.contains('button', 'Select subcategory (optional)').click();\ncy.get('[role=\"option\"]').contains(subcategory).click();\n// Selecionar prioridade\ncy.contains('button', 'Select priority').click();\ncy.get('[role=\"dialog\"][data-state=\"open\"]', {\n  timeout: 15000\n}).should('exist').then($dialog => {\n  if ($dialog.css('pointer-events') === 'none') {\n    cy.wrap($dialog).invoke('css', 'pointer-events', 'auto');\n  }\n});\ncy.get('[role=\"option\"]').contains(priority.label).then($option => {\n  const style = window.getComputedStyle($option[0]);\n  if (style.pointerEvents === 'none') {\n    cy.wrap($option).invoke('css', 'pointer-events', 'auto');\n  }\n}).click({\n  force: true\n});\n// Verificar prioridade selecionada\ncy.get('button[role=\"combobox\"]').should('contain', priority.label);\n// Preencher descrição\nconst ticketDescription = `TESTE DE AUTOMAÇÃO QA - Ticket gerado automaticamente:\n\nCategoria: ${category.nome}\nSubcategoria: ${subcategory}\nPrioridade: ${priority.label} (${priority.value})\n\nData/hora: ${new Date().toLocaleString()}\nAmbiente: ${Cypress.browser.name} ${Cypress.browser.version}\n\nPassos para reprodução:\n1. Passo 1 do teste\n2. Passo 2 do teste\n\nResultado esperado:\n- O sistema deve comportar-se conforme especificação`;\ncy.get('textarea#description').should('exist').then($textarea => {\n  const style = window.getComputedStyle($textarea[0]);\n  if (style.pointerEvents === 'none') {\n    cy.wrap($textarea).invoke('css', 'pointer-events', 'auto');\n  }\n}).clear({\n  force: true\n}).type(ticketDescription, {\n  delay: 20,\n  force: true\n});\n// Criar ticket\ncy.contains('Create Ticket').click();\ncy.contains('Novo ticket criado:', {\n  timeout: 15000\n}).should('be.visible');\n// Voltar para a lista de tickets\ncy.get('body').then($body => {\n  if ($body.find('button:contains(\"Back to tickets\")').length) {\n    cy.contains('button', 'Back to tickets').click();\n  } else if ($body.find('a:contains(\"Tickets\")').length) {\n    cy.contains('a', 'Tickets').click();\n  }\n});",
              "err": {},
              "uuid": "37e6b852-b449-4e4b-9ac2-f89db0935ad3",
              "parentUUID": "1be34ea7-711f-43b0-bb1b-bad02cef2fba",
              "isHook": false,
              "skipped": true
            },
            {
              "title": "Cria ticket - IT & Technical Support > Hardware - Laptop > 🟢 Low",
              "fullTitle": "Autenticar Cria ticket - IT & Technical Support > Hardware - Laptop > 🟢 Low",
              "timedOut": null,
              "duration": 0,
              "state": "skipped",
              "speed": null,
              "pass": false,
              "fail": false,
              "pending": false,
              "context": null,
              "code": "// Entrar em novo ticket\ncy.contains('Criar Ticket').click();\ncy.get('input[id=\"title\"]').should('be.visible');\n// Preenche título do ticket com prefixo padrão\nconst ticketTitle = `TESTE DE AUTOMAÇÃO QA - ${category.nome} > ${subcategory} > ${priority.label}`;\ncy.get('input[id=\"title\"]').type(ticketTitle);\n// Selecionar categoria\ncy.contains('button', 'Select category').click();\ncy.get('[role=\"option\"]').contains(category.nome).click();\n// Selecionar subcategoria\ncy.contains('button', 'Select subcategory (optional)').click();\ncy.get('[role=\"option\"]').contains(subcategory).click();\n// Selecionar prioridade\ncy.contains('button', 'Select priority').click();\ncy.get('[role=\"dialog\"][data-state=\"open\"]', {\n  timeout: 15000\n}).should('exist').then($dialog => {\n  if ($dialog.css('pointer-events') === 'none') {\n    cy.wrap($dialog).invoke('css', 'pointer-events', 'auto');\n  }\n});\ncy.get('[role=\"option\"]').contains(priority.label).then($option => {\n  const style = window.getComputedStyle($option[0]);\n  if (style.pointerEvents === 'none') {\n    cy.wrap($option).invoke('css', 'pointer-events', 'auto');\n  }\n}).click({\n  force: true\n});\n// Verificar prioridade selecionada\ncy.get('button[role=\"combobox\"]').should('contain', priority.label);\n// Preencher descrição\nconst ticketDescription = `TESTE DE AUTOMAÇÃO QA - Ticket gerado automaticamente:\n\nCategoria: ${category.nome}\nSubcategoria: ${subcategory}\nPrioridade: ${priority.label} (${priority.value})\n\nData/hora: ${new Date().toLocaleString()}\nAmbiente: ${Cypress.browser.name} ${Cypress.browser.version}\n\nPassos para reprodução:\n1. Passo 1 do teste\n2. Passo 2 do teste\n\nResultado esperado:\n- O sistema deve comportar-se conforme especificação`;\ncy.get('textarea#description').should('exist').then($textarea => {\n  const style = window.getComputedStyle($textarea[0]);\n  if (style.pointerEvents === 'none') {\n    cy.wrap($textarea).invoke('css', 'pointer-events', 'auto');\n  }\n}).clear({\n  force: true\n}).type(ticketDescription, {\n  delay: 20,\n  force: true\n});\n// Criar ticket\ncy.contains('Create Ticket').click();\ncy.contains('Novo ticket criado:', {\n  timeout: 15000\n}).should('be.visible');\n// Voltar para a lista de tickets\ncy.get('body').then($body => {\n  if ($body.find('button:contains(\"Back to tickets\")').length) {\n    cy.contains('button', 'Back to tickets').click();\n  } else if ($body.find('a:contains(\"Tickets\")').length) {\n    cy.contains('a', 'Tickets').click();\n  }\n});",
              "err": {},
              "uuid": "790b5ff7-a4a4-4f51-bb64-c3079ff028e3",
              "parentUUID": "1be34ea7-711f-43b0-bb1b-bad02cef2fba",
              "isHook": false,
              "skipped": true
            },
            {
              "title": "Cria ticket - IT & Technical Support > Hardware - Laptop > 🟡 Medium",
              "fullTitle": "Autenticar Cria ticket - IT & Technical Support > Hardware - Laptop > 🟡 Medium",
              "timedOut": null,
              "duration": 0,
              "state": "skipped",
              "speed": null,
              "pass": false,
              "fail": false,
              "pending": false,
              "context": null,
              "code": "// Entrar em novo ticket\ncy.contains('Criar Ticket').click();\ncy.get('input[id=\"title\"]').should('be.visible');\n// Preenche título do ticket com prefixo padrão\nconst ticketTitle = `TESTE DE AUTOMAÇÃO QA - ${category.nome} > ${subcategory} > ${priority.label}`;\ncy.get('input[id=\"title\"]').type(ticketTitle);\n// Selecionar categoria\ncy.contains('button', 'Select category').click();\ncy.get('[role=\"option\"]').contains(category.nome).click();\n// Selecionar subcategoria\ncy.contains('button', 'Select subcategory (optional)').click();\ncy.get('[role=\"option\"]').contains(subcategory).click();\n// Selecionar prioridade\ncy.contains('button', 'Select priority').click();\ncy.get('[role=\"dialog\"][data-state=\"open\"]', {\n  timeout: 15000\n}).should('exist').then($dialog => {\n  if ($dialog.css('pointer-events') === 'none') {\n    cy.wrap($dialog).invoke('css', 'pointer-events', 'auto');\n  }\n});\ncy.get('[role=\"option\"]').contains(priority.label).then($option => {\n  const style = window.getComputedStyle($option[0]);\n  if (style.pointerEvents === 'none') {\n    cy.wrap($option).invoke('css', 'pointer-events', 'auto');\n  }\n}).click({\n  force: true\n});\n// Verificar prioridade selecionada\ncy.get('button[role=\"combobox\"]').should('contain', priority.label);\n// Preencher descrição\nconst ticketDescription = `TESTE DE AUTOMAÇÃO QA - Ticket gerado automaticamente:\n\nCategoria: ${category.nome}\nSubcategoria: ${subcategory}\nPrioridade: ${priority.label} (${priority.value})\n\nData/hora: ${new Date().toLocaleString()}\nAmbiente: ${Cypress.browser.name} ${Cypress.browser.version}\n\nPassos para reprodução:\n1. Passo 1 do teste\n2. Passo 2 do teste\n\nResultado esperado:\n- O sistema deve comportar-se conforme especificação`;\ncy.get('textarea#description').should('exist').then($textarea => {\n  const style = window.getComputedStyle($textarea[0]);\n  if (style.pointerEvents === 'none') {\n    cy.wrap($textarea).invoke('css', 'pointer-events', 'auto');\n  }\n}).clear({\n  force: true\n}).type(ticketDescription, {\n  delay: 20,\n  force: true\n});\n// Criar ticket\ncy.contains('Create Ticket').click();\ncy.contains('Novo ticket criado:', {\n  timeout: 15000\n}).should('be.visible');\n// Voltar para a lista de tickets\ncy.get('body').then($body => {\n  if ($body.find('button:contains(\"Back to tickets\")').length) {\n    cy.contains('button', 'Back to tickets').click();\n  } else if ($body.find('a:contains(\"Tickets\")').length) {\n    cy.contains('a', 'Tickets').click();\n  }\n});",
              "err": {},
              "uuid": "8fb7e106-f048-41a6-a95b-b19f8a89324f",
              "parentUUID": "1be34ea7-711f-43b0-bb1b-bad02cef2fba",
              "isHook": false,
              "skipped": true
            },
            {
              "title": "Cria ticket - IT & Technical Support > Hardware - Laptop > 🟠 High",
              "fullTitle": "Autenticar Cria ticket - IT & Technical Support > Hardware - Laptop > 🟠 High",
              "timedOut": null,
              "duration": 0,
              "state": "skipped",
              "speed": null,
              "pass": false,
              "fail": false,
              "pending": false,
              "context": null,
              "code": "// Entrar em novo ticket\ncy.contains('Criar Ticket').click();\ncy.get('input[id=\"title\"]').should('be.visible');\n// Preenche título do ticket com prefixo padrão\nconst ticketTitle = `TESTE DE AUTOMAÇÃO QA - ${category.nome} > ${subcategory} > ${priority.label}`;\ncy.get('input[id=\"title\"]').type(ticketTitle);\n// Selecionar categoria\ncy.contains('button', 'Select category').click();\ncy.get('[role=\"option\"]').contains(category.nome).click();\n// Selecionar subcategoria\ncy.contains('button', 'Select subcategory (optional)').click();\ncy.get('[role=\"option\"]').contains(subcategory).click();\n// Selecionar prioridade\ncy.contains('button', 'Select priority').click();\ncy.get('[role=\"dialog\"][data-state=\"open\"]', {\n  timeout: 15000\n}).should('exist').then($dialog => {\n  if ($dialog.css('pointer-events') === 'none') {\n    cy.wrap($dialog).invoke('css', 'pointer-events', 'auto');\n  }\n});\ncy.get('[role=\"option\"]').contains(priority.label).then($option => {\n  const style = window.getComputedStyle($option[0]);\n  if (style.pointerEvents === 'none') {\n    cy.wrap($option).invoke('css', 'pointer-events', 'auto');\n  }\n}).click({\n  force: true\n});\n// Verificar prioridade selecionada\ncy.get('button[role=\"combobox\"]').should('contain', priority.label);\n// Preencher descrição\nconst ticketDescription = `TESTE DE AUTOMAÇÃO QA - Ticket gerado automaticamente:\n\nCategoria: ${category.nome}\nSubcategoria: ${subcategory}\nPrioridade: ${priority.label} (${priority.value})\n\nData/hora: ${new Date().toLocaleString()}\nAmbiente: ${Cypress.browser.name} ${Cypress.browser.version}\n\nPassos para reprodução:\n1. Passo 1 do teste\n2. Passo 2 do teste\n\nResultado esperado:\n- O sistema deve comportar-se conforme especificação`;\ncy.get('textarea#description').should('exist').then($textarea => {\n  const style = window.getComputedStyle($textarea[0]);\n  if (style.pointerEvents === 'none') {\n    cy.wrap($textarea).invoke('css', 'pointer-events', 'auto');\n  }\n}).clear({\n  force: true\n}).type(ticketDescription, {\n  delay: 20,\n  force: true\n});\n// Criar ticket\ncy.contains('Create Ticket').click();\ncy.contains('Novo ticket criado:', {\n  timeout: 15000\n}).should('be.visible');\n// Voltar para a lista de tickets\ncy.get('body').then($body => {\n  if ($body.find('button:contains(\"Back to tickets\")').length) {\n    cy.contains('button', 'Back to tickets').click();\n  } else if ($body.find('a:contains(\"Tickets\")').length) {\n    cy.contains('a', 'Tickets').click();\n  }\n});",
              "err": {},
              "uuid": "dd48b1af-b892-454e-9041-fd5c3bfbd3e1",
              "parentUUID": "1be34ea7-711f-43b0-bb1b-bad02cef2fba",
              "isHook": false,
              "skipped": true
            },
            {
              "title": "Cria ticket - IT & Technical Support > Hardware - Laptop > 🔴 Critical",
              "fullTitle": "Autenticar Cria ticket - IT & Technical Support > Hardware - Laptop > 🔴 Critical",
              "timedOut": null,
              "duration": 0,
              "state": "skipped",
              "speed": null,
              "pass": false,
              "fail": false,
              "pending": false,
              "context": null,
              "code": "// Entrar em novo ticket\ncy.contains('Criar Ticket').click();\ncy.get('input[id=\"title\"]').should('be.visible');\n// Preenche título do ticket com prefixo padrão\nconst ticketTitle = `TESTE DE AUTOMAÇÃO QA - ${category.nome} > ${subcategory} > ${priority.label}`;\ncy.get('input[id=\"title\"]').type(ticketTitle);\n// Selecionar categoria\ncy.contains('button', 'Select category').click();\ncy.get('[role=\"option\"]').contains(category.nome).click();\n// Selecionar subcategoria\ncy.contains('button', 'Select subcategory (optional)').click();\ncy.get('[role=\"option\"]').contains(subcategory).click();\n// Selecionar prioridade\ncy.contains('button', 'Select priority').click();\ncy.get('[role=\"dialog\"][data-state=\"open\"]', {\n  timeout: 15000\n}).should('exist').then($dialog => {\n  if ($dialog.css('pointer-events') === 'none') {\n    cy.wrap($dialog).invoke('css', 'pointer-events', 'auto');\n  }\n});\ncy.get('[role=\"option\"]').contains(priority.label).then($option => {\n  const style = window.getComputedStyle($option[0]);\n  if (style.pointerEvents === 'none') {\n    cy.wrap($option).invoke('css', 'pointer-events', 'auto');\n  }\n}).click({\n  force: true\n});\n// Verificar prioridade selecionada\ncy.get('button[role=\"combobox\"]').should('contain', priority.label);\n// Preencher descrição\nconst ticketDescription = `TESTE DE AUTOMAÇÃO QA - Ticket gerado automaticamente:\n\nCategoria: ${category.nome}\nSubcategoria: ${subcategory}\nPrioridade: ${priority.label} (${priority.value})\n\nData/hora: ${new Date().toLocaleString()}\nAmbiente: ${Cypress.browser.name} ${Cypress.browser.version}\n\nPassos para reprodução:\n1. Passo 1 do teste\n2. Passo 2 do teste\n\nResultado esperado:\n- O sistema deve comportar-se conforme especificação`;\ncy.get('textarea#description').should('exist').then($textarea => {\n  const style = window.getComputedStyle($textarea[0]);\n  if (style.pointerEvents === 'none') {\n    cy.wrap($textarea).invoke('css', 'pointer-events', 'auto');\n  }\n}).clear({\n  force: true\n}).type(ticketDescription, {\n  delay: 20,\n  force: true\n});\n// Criar ticket\ncy.contains('Create Ticket').click();\ncy.contains('Novo ticket criado:', {\n  timeout: 15000\n}).should('be.visible');\n// Voltar para a lista de tickets\ncy.get('body').then($body => {\n  if ($body.find('button:contains(\"Back to tickets\")').length) {\n    cy.contains('button', 'Back to tickets').click();\n  } else if ($body.find('a:contains(\"Tickets\")').length) {\n    cy.contains('a', 'Tickets').click();\n  }\n});",
              "err": {},
              "uuid": "50cad91e-fb94-4083-b37f-8e47effc9be1",
              "parentUUID": "1be34ea7-711f-43b0-bb1b-bad02cef2fba",
              "isHook": false,
              "skipped": true
            },
            {
              "title": "Cria ticket - IT & Technical Support > Account Issues > 🟢 Low",
              "fullTitle": "Autenticar Cria ticket - IT & Technical Support > Account Issues > 🟢 Low",
              "timedOut": null,
              "duration": 0,
              "state": "skipped",
              "speed": null,
              "pass": false,
              "fail": false,
              "pending": false,
              "context": null,
              "code": "// Entrar em novo ticket\ncy.contains('Criar Ticket').click();\ncy.get('input[id=\"title\"]').should('be.visible');\n// Preenche título do ticket com prefixo padrão\nconst ticketTitle = `TESTE DE AUTOMAÇÃO QA - ${category.nome} > ${subcategory} > ${priority.label}`;\ncy.get('input[id=\"title\"]').type(ticketTitle);\n// Selecionar categoria\ncy.contains('button', 'Select category').click();\ncy.get('[role=\"option\"]').contains(category.nome).click();\n// Selecionar subcategoria\ncy.contains('button', 'Select subcategory (optional)').click();\ncy.get('[role=\"option\"]').contains(subcategory).click();\n// Selecionar prioridade\ncy.contains('button', 'Select priority').click();\ncy.get('[role=\"dialog\"][data-state=\"open\"]', {\n  timeout: 15000\n}).should('exist').then($dialog => {\n  if ($dialog.css('pointer-events') === 'none') {\n    cy.wrap($dialog).invoke('css', 'pointer-events', 'auto');\n  }\n});\ncy.get('[role=\"option\"]').contains(priority.label).then($option => {\n  const style = window.getComputedStyle($option[0]);\n  if (style.pointerEvents === 'none') {\n    cy.wrap($option).invoke('css', 'pointer-events', 'auto');\n  }\n}).click({\n  force: true\n});\n// Verificar prioridade selecionada\ncy.get('button[role=\"combobox\"]').should('contain', priority.label);\n// Preencher descrição\nconst ticketDescription = `TESTE DE AUTOMAÇÃO QA - Ticket gerado automaticamente:\n\nCategoria: ${category.nome}\nSubcategoria: ${subcategory}\nPrioridade: ${priority.label} (${priority.value})\n\nData/hora: ${new Date().toLocaleString()}\nAmbiente: ${Cypress.browser.name} ${Cypress.browser.version}\n\nPassos para reprodução:\n1. Passo 1 do teste\n2. Passo 2 do teste\n\nResultado esperado:\n- O sistema deve comportar-se conforme especificação`;\ncy.get('textarea#description').should('exist').then($textarea => {\n  const style = window.getComputedStyle($textarea[0]);\n  if (style.pointerEvents === 'none') {\n    cy.wrap($textarea).invoke('css', 'pointer-events', 'auto');\n  }\n}).clear({\n  force: true\n}).type(ticketDescription, {\n  delay: 20,\n  force: true\n});\n// Criar ticket\ncy.contains('Create Ticket').click();\ncy.contains('Novo ticket criado:', {\n  timeout: 15000\n}).should('be.visible');\n// Voltar para a lista de tickets\ncy.get('body').then($body => {\n  if ($body.find('button:contains(\"Back to tickets\")').length) {\n    cy.contains('button', 'Back to tickets').click();\n  } else if ($body.find('a:contains(\"Tickets\")').length) {\n    cy.contains('a', 'Tickets').click();\n  }\n});",
              "err": {},
              "uuid": "eb73aa6b-0af4-426a-95ad-682228965add",
              "parentUUID": "1be34ea7-711f-43b0-bb1b-bad02cef2fba",
              "isHook": false,
              "skipped": true
            },
            {
              "title": "Cria ticket - IT & Technical Support > Account Issues > 🟡 Medium",
              "fullTitle": "Autenticar Cria ticket - IT & Technical Support > Account Issues > 🟡 Medium",
              "timedOut": null,
              "duration": 0,
              "state": "skipped",
              "speed": null,
              "pass": false,
              "fail": false,
              "pending": false,
              "context": null,
              "code": "// Entrar em novo ticket\ncy.contains('Criar Ticket').click();\ncy.get('input[id=\"title\"]').should('be.visible');\n// Preenche título do ticket com prefixo padrão\nconst ticketTitle = `TESTE DE AUTOMAÇÃO QA - ${category.nome} > ${subcategory} > ${priority.label}`;\ncy.get('input[id=\"title\"]').type(ticketTitle);\n// Selecionar categoria\ncy.contains('button', 'Select category').click();\ncy.get('[role=\"option\"]').contains(category.nome).click();\n// Selecionar subcategoria\ncy.contains('button', 'Select subcategory (optional)').click();\ncy.get('[role=\"option\"]').contains(subcategory).click();\n// Selecionar prioridade\ncy.contains('button', 'Select priority').click();\ncy.get('[role=\"dialog\"][data-state=\"open\"]', {\n  timeout: 15000\n}).should('exist').then($dialog => {\n  if ($dialog.css('pointer-events') === 'none') {\n    cy.wrap($dialog).invoke('css', 'pointer-events', 'auto');\n  }\n});\ncy.get('[role=\"option\"]').contains(priority.label).then($option => {\n  const style = window.getComputedStyle($option[0]);\n  if (style.pointerEvents === 'none') {\n    cy.wrap($option).invoke('css', 'pointer-events', 'auto');\n  }\n}).click({\n  force: true\n});\n// Verificar prioridade selecionada\ncy.get('button[role=\"combobox\"]').should('contain', priority.label);\n// Preencher descrição\nconst ticketDescription = `TESTE DE AUTOMAÇÃO QA - Ticket gerado automaticamente:\n\nCategoria: ${category.nome}\nSubcategoria: ${subcategory}\nPrioridade: ${priority.label} (${priority.value})\n\nData/hora: ${new Date().toLocaleString()}\nAmbiente: ${Cypress.browser.name} ${Cypress.browser.version}\n\nPassos para reprodução:\n1. Passo 1 do teste\n2. Passo 2 do teste\n\nResultado esperado:\n- O sistema deve comportar-se conforme especificação`;\ncy.get('textarea#description').should('exist').then($textarea => {\n  const style = window.getComputedStyle($textarea[0]);\n  if (style.pointerEvents === 'none') {\n    cy.wrap($textarea).invoke('css', 'pointer-events', 'auto');\n  }\n}).clear({\n  force: true\n}).type(ticketDescription, {\n  delay: 20,\n  force: true\n});\n// Criar ticket\ncy.contains('Create Ticket').click();\ncy.contains('Novo ticket criado:', {\n  timeout: 15000\n}).should('be.visible');\n// Voltar para a lista de tickets\ncy.get('body').then($body => {\n  if ($body.find('button:contains(\"Back to tickets\")').length) {\n    cy.contains('button', 'Back to tickets').click();\n  } else if ($body.find('a:contains(\"Tickets\")').length) {\n    cy.contains('a', 'Tickets').click();\n  }\n});",
              "err": {},
              "uuid": "52129469-5672-4344-b517-1443ed05285a",
              "parentUUID": "1be34ea7-711f-43b0-bb1b-bad02cef2fba",
              "isHook": false,
              "skipped": true
            },
            {
              "title": "Cria ticket - IT & Technical Support > Account Issues > 🟠 High",
              "fullTitle": "Autenticar Cria ticket - IT & Technical Support > Account Issues > 🟠 High",
              "timedOut": null,
              "duration": 0,
              "state": "skipped",
              "speed": null,
              "pass": false,
              "fail": false,
              "pending": false,
              "context": null,
              "code": "// Entrar em novo ticket\ncy.contains('Criar Ticket').click();\ncy.get('input[id=\"title\"]').should('be.visible');\n// Preenche título do ticket com prefixo padrão\nconst ticketTitle = `TESTE DE AUTOMAÇÃO QA - ${category.nome} > ${subcategory} > ${priority.label}`;\ncy.get('input[id=\"title\"]').type(ticketTitle);\n// Selecionar categoria\ncy.contains('button', 'Select category').click();\ncy.get('[role=\"option\"]').contains(category.nome).click();\n// Selecionar subcategoria\ncy.contains('button', 'Select subcategory (optional)').click();\ncy.get('[role=\"option\"]').contains(subcategory).click();\n// Selecionar prioridade\ncy.contains('button', 'Select priority').click();\ncy.get('[role=\"dialog\"][data-state=\"open\"]', {\n  timeout: 15000\n}).should('exist').then($dialog => {\n  if ($dialog.css('pointer-events') === 'none') {\n    cy.wrap($dialog).invoke('css', 'pointer-events', 'auto');\n  }\n});\ncy.get('[role=\"option\"]').contains(priority.label).then($option => {\n  const style = window.getComputedStyle($option[0]);\n  if (style.pointerEvents === 'none') {\n    cy.wrap($option).invoke('css', 'pointer-events', 'auto');\n  }\n}).click({\n  force: true\n});\n// Verificar prioridade selecionada\ncy.get('button[role=\"combobox\"]').should('contain', priority.label);\n// Preencher descrição\nconst ticketDescription = `TESTE DE AUTOMAÇÃO QA - Ticket gerado automaticamente:\n\nCategoria: ${category.nome}\nSubcategoria: ${subcategory}\nPrioridade: ${priority.label} (${priority.value})\n\nData/hora: ${new Date().toLocaleString()}\nAmbiente: ${Cypress.browser.name} ${Cypress.browser.version}\n\nPassos para reprodução:\n1. Passo 1 do teste\n2. Passo 2 do teste\n\nResultado esperado:\n- O sistema deve comportar-se conforme especificação`;\ncy.get('textarea#description').should('exist').then($textarea => {\n  const style = window.getComputedStyle($textarea[0]);\n  if (style.pointerEvents === 'none') {\n    cy.wrap($textarea).invoke('css', 'pointer-events', 'auto');\n  }\n}).clear({\n  force: true\n}).type(ticketDescription, {\n  delay: 20,\n  force: true\n});\n// Criar ticket\ncy.contains('Create Ticket').click();\ncy.contains('Novo ticket criado:', {\n  timeout: 15000\n}).should('be.visible');\n// Voltar para a lista de tickets\ncy.get('body').then($body => {\n  if ($body.find('button:contains(\"Back to tickets\")').length) {\n    cy.contains('button', 'Back to tickets').click();\n  } else if ($body.find('a:contains(\"Tickets\")').length) {\n    cy.contains('a', 'Tickets').click();\n  }\n});",
              "err": {},
              "uuid": "b3e61812-4bd0-4fb5-bb9f-e2ff1c9116fd",
              "parentUUID": "1be34ea7-711f-43b0-bb1b-bad02cef2fba",
              "isHook": false,
              "skipped": true
            },
            {
              "title": "Cria ticket - IT & Technical Support > Account Issues > 🔴 Critical",
              "fullTitle": "Autenticar Cria ticket - IT & Technical Support > Account Issues > 🔴 Critical",
              "timedOut": null,
              "duration": 0,
              "state": "skipped",
              "speed": null,
              "pass": false,
              "fail": false,
              "pending": false,
              "context": null,
              "code": "// Entrar em novo ticket\ncy.contains('Criar Ticket').click();\ncy.get('input[id=\"title\"]').should('be.visible');\n// Preenche título do ticket com prefixo padrão\nconst ticketTitle = `TESTE DE AUTOMAÇÃO QA - ${category.nome} > ${subcategory} > ${priority.label}`;\ncy.get('input[id=\"title\"]').type(ticketTitle);\n// Selecionar categoria\ncy.contains('button', 'Select category').click();\ncy.get('[role=\"option\"]').contains(category.nome).click();\n// Selecionar subcategoria\ncy.contains('button', 'Select subcategory (optional)').click();\ncy.get('[role=\"option\"]').contains(subcategory).click();\n// Selecionar prioridade\ncy.contains('button', 'Select priority').click();\ncy.get('[role=\"dialog\"][data-state=\"open\"]', {\n  timeout: 15000\n}).should('exist').then($dialog => {\n  if ($dialog.css('pointer-events') === 'none') {\n    cy.wrap($dialog).invoke('css', 'pointer-events', 'auto');\n  }\n});\ncy.get('[role=\"option\"]').contains(priority.label).then($option => {\n  const style = window.getComputedStyle($option[0]);\n  if (style.pointerEvents === 'none') {\n    cy.wrap($option).invoke('css', 'pointer-events', 'auto');\n  }\n}).click({\n  force: true\n});\n// Verificar prioridade selecionada\ncy.get('button[role=\"combobox\"]').should('contain', priority.label);\n// Preencher descrição\nconst ticketDescription = `TESTE DE AUTOMAÇÃO QA - Ticket gerado automaticamente:\n\nCategoria: ${category.nome}\nSubcategoria: ${subcategory}\nPrioridade: ${priority.label} (${priority.value})\n\nData/hora: ${new Date().toLocaleString()}\nAmbiente: ${Cypress.browser.name} ${Cypress.browser.version}\n\nPassos para reprodução:\n1. Passo 1 do teste\n2. Passo 2 do teste\n\nResultado esperado:\n- O sistema deve comportar-se conforme especificação`;\ncy.get('textarea#description').should('exist').then($textarea => {\n  const style = window.getComputedStyle($textarea[0]);\n  if (style.pointerEvents === 'none') {\n    cy.wrap($textarea).invoke('css', 'pointer-events', 'auto');\n  }\n}).clear({\n  force: true\n}).type(ticketDescription, {\n  delay: 20,\n  force: true\n});\n// Criar ticket\ncy.contains('Create Ticket').click();\ncy.contains('Novo ticket criado:', {\n  timeout: 15000\n}).should('be.visible');\n// Voltar para a lista de tickets\ncy.get('body').then($body => {\n  if ($body.find('button:contains(\"Back to tickets\")').length) {\n    cy.contains('button', 'Back to tickets').click();\n  } else if ($body.find('a:contains(\"Tickets\")').length) {\n    cy.contains('a', 'Tickets').click();\n  }\n});",
              "err": {},
              "uuid": "d3223e1e-0ec9-4d30-a84c-590a61d85698",
              "parentUUID": "1be34ea7-711f-43b0-bb1b-bad02cef2fba",
              "isHook": false,
              "skipped": true
            },
            {
              "title": "Cria ticket - IT & Technical Support > Hardware - Server > 🟢 Low",
              "fullTitle": "Autenticar Cria ticket - IT & Technical Support > Hardware - Server > 🟢 Low",
              "timedOut": null,
              "duration": 0,
              "state": "skipped",
              "speed": null,
              "pass": false,
              "fail": false,
              "pending": false,
              "context": null,
              "code": "// Entrar em novo ticket\ncy.contains('Criar Ticket').click();\ncy.get('input[id=\"title\"]').should('be.visible');\n// Preenche título do ticket com prefixo padrão\nconst ticketTitle = `TESTE DE AUTOMAÇÃO QA - ${category.nome} > ${subcategory} > ${priority.label}`;\ncy.get('input[id=\"title\"]').type(ticketTitle);\n// Selecionar categoria\ncy.contains('button', 'Select category').click();\ncy.get('[role=\"option\"]').contains(category.nome).click();\n// Selecionar subcategoria\ncy.contains('button', 'Select subcategory (optional)').click();\ncy.get('[role=\"option\"]').contains(subcategory).click();\n// Selecionar prioridade\ncy.contains('button', 'Select priority').click();\ncy.get('[role=\"dialog\"][data-state=\"open\"]', {\n  timeout: 15000\n}).should('exist').then($dialog => {\n  if ($dialog.css('pointer-events') === 'none') {\n    cy.wrap($dialog).invoke('css', 'pointer-events', 'auto');\n  }\n});\ncy.get('[role=\"option\"]').contains(priority.label).then($option => {\n  const style = window.getComputedStyle($option[0]);\n  if (style.pointerEvents === 'none') {\n    cy.wrap($option).invoke('css', 'pointer-events', 'auto');\n  }\n}).click({\n  force: true\n});\n// Verificar prioridade selecionada\ncy.get('button[role=\"combobox\"]').should('contain', priority.label);\n// Preencher descrição\nconst ticketDescription = `TESTE DE AUTOMAÇÃO QA - Ticket gerado automaticamente:\n\nCategoria: ${category.nome}\nSubcategoria: ${subcategory}\nPrioridade: ${priority.label} (${priority.value})\n\nData/hora: ${new Date().toLocaleString()}\nAmbiente: ${Cypress.browser.name} ${Cypress.browser.version}\n\nPassos para reprodução:\n1. Passo 1 do teste\n2. Passo 2 do teste\n\nResultado esperado:\n- O sistema deve comportar-se conforme especificação`;\ncy.get('textarea#description').should('exist').then($textarea => {\n  const style = window.getComputedStyle($textarea[0]);\n  if (style.pointerEvents === 'none') {\n    cy.wrap($textarea).invoke('css', 'pointer-events', 'auto');\n  }\n}).clear({\n  force: true\n}).type(ticketDescription, {\n  delay: 20,\n  force: true\n});\n// Criar ticket\ncy.contains('Create Ticket').click();\ncy.contains('Novo ticket criado:', {\n  timeout: 15000\n}).should('be.visible');\n// Voltar para a lista de tickets\ncy.get('body').then($body => {\n  if ($body.find('button:contains(\"Back to tickets\")').length) {\n    cy.contains('button', 'Back to tickets').click();\n  } else if ($body.find('a:contains(\"Tickets\")').length) {\n    cy.contains('a', 'Tickets').click();\n  }\n});",
              "err": {},
              "uuid": "0fb1f21e-4e77-488a-8fa6-2ada42a21282",
              "parentUUID": "1be34ea7-711f-43b0-bb1b-bad02cef2fba",
              "isHook": false,
              "skipped": true
            },
            {
              "title": "Cria ticket - IT & Technical Support > Hardware - Server > 🟡 Medium",
              "fullTitle": "Autenticar Cria ticket - IT & Technical Support > Hardware - Server > 🟡 Medium",
              "timedOut": null,
              "duration": 0,
              "state": "skipped",
              "speed": null,
              "pass": false,
              "fail": false,
              "pending": false,
              "context": null,
              "code": "// Entrar em novo ticket\ncy.contains('Criar Ticket').click();\ncy.get('input[id=\"title\"]').should('be.visible');\n// Preenche título do ticket com prefixo padrão\nconst ticketTitle = `TESTE DE AUTOMAÇÃO QA - ${category.nome} > ${subcategory} > ${priority.label}`;\ncy.get('input[id=\"title\"]').type(ticketTitle);\n// Selecionar categoria\ncy.contains('button', 'Select category').click();\ncy.get('[role=\"option\"]').contains(category.nome).click();\n// Selecionar subcategoria\ncy.contains('button', 'Select subcategory (optional)').click();\ncy.get('[role=\"option\"]').contains(subcategory).click();\n// Selecionar prioridade\ncy.contains('button', 'Select priority').click();\ncy.get('[role=\"dialog\"][data-state=\"open\"]', {\n  timeout: 15000\n}).should('exist').then($dialog => {\n  if ($dialog.css('pointer-events') === 'none') {\n    cy.wrap($dialog).invoke('css', 'pointer-events', 'auto');\n  }\n});\ncy.get('[role=\"option\"]').contains(priority.label).then($option => {\n  const style = window.getComputedStyle($option[0]);\n  if (style.pointerEvents === 'none') {\n    cy.wrap($option).invoke('css', 'pointer-events', 'auto');\n  }\n}).click({\n  force: true\n});\n// Verificar prioridade selecionada\ncy.get('button[role=\"combobox\"]').should('contain', priority.label);\n// Preencher descrição\nconst ticketDescription = `TESTE DE AUTOMAÇÃO QA - Ticket gerado automaticamente:\n\nCategoria: ${category.nome}\nSubcategoria: ${subcategory}\nPrioridade: ${priority.label} (${priority.value})\n\nData/hora: ${new Date().toLocaleString()}\nAmbiente: ${Cypress.browser.name} ${Cypress.browser.version}\n\nPassos para reprodução:\n1. Passo 1 do teste\n2. Passo 2 do teste\n\nResultado esperado:\n- O sistema deve comportar-se conforme especificação`;\ncy.get('textarea#description').should('exist').then($textarea => {\n  const style = window.getComputedStyle($textarea[0]);\n  if (style.pointerEvents === 'none') {\n    cy.wrap($textarea).invoke('css', 'pointer-events', 'auto');\n  }\n}).clear({\n  force: true\n}).type(ticketDescription, {\n  delay: 20,\n  force: true\n});\n// Criar ticket\ncy.contains('Create Ticket').click();\ncy.contains('Novo ticket criado:', {\n  timeout: 15000\n}).should('be.visible');\n// Voltar para a lista de tickets\ncy.get('body').then($body => {\n  if ($body.find('button:contains(\"Back to tickets\")').length) {\n    cy.contains('button', 'Back to tickets').click();\n  } else if ($body.find('a:contains(\"Tickets\")').length) {\n    cy.contains('a', 'Tickets').click();\n  }\n});",
              "err": {},
              "uuid": "e9cf36e4-408d-4905-a51b-95c19a2c53a1",
              "parentUUID": "1be34ea7-711f-43b0-bb1b-bad02cef2fba",
              "isHook": false,
              "skipped": true
            },
            {
              "title": "Cria ticket - IT & Technical Support > Hardware - Server > 🟠 High",
              "fullTitle": "Autenticar Cria ticket - IT & Technical Support > Hardware - Server > 🟠 High",
              "timedOut": null,
              "duration": 0,
              "state": "skipped",
              "speed": null,
              "pass": false,
              "fail": false,
              "pending": false,
              "context": null,
              "code": "// Entrar em novo ticket\ncy.contains('Criar Ticket').click();\ncy.get('input[id=\"title\"]').should('be.visible');\n// Preenche título do ticket com prefixo padrão\nconst ticketTitle = `TESTE DE AUTOMAÇÃO QA - ${category.nome} > ${subcategory} > ${priority.label}`;\ncy.get('input[id=\"title\"]').type(ticketTitle);\n// Selecionar categoria\ncy.contains('button', 'Select category').click();\ncy.get('[role=\"option\"]').contains(category.nome).click();\n// Selecionar subcategoria\ncy.contains('button', 'Select subcategory (optional)').click();\ncy.get('[role=\"option\"]').contains(subcategory).click();\n// Selecionar prioridade\ncy.contains('button', 'Select priority').click();\ncy.get('[role=\"dialog\"][data-state=\"open\"]', {\n  timeout: 15000\n}).should('exist').then($dialog => {\n  if ($dialog.css('pointer-events') === 'none') {\n    cy.wrap($dialog).invoke('css', 'pointer-events', 'auto');\n  }\n});\ncy.get('[role=\"option\"]').contains(priority.label).then($option => {\n  const style = window.getComputedStyle($option[0]);\n  if (style.pointerEvents === 'none') {\n    cy.wrap($option).invoke('css', 'pointer-events', 'auto');\n  }\n}).click({\n  force: true\n});\n// Verificar prioridade selecionada\ncy.get('button[role=\"combobox\"]').should('contain', priority.label);\n// Preencher descrição\nconst ticketDescription = `TESTE DE AUTOMAÇÃO QA - Ticket gerado automaticamente:\n\nCategoria: ${category.nome}\nSubcategoria: ${subcategory}\nPrioridade: ${priority.label} (${priority.value})\n\nData/hora: ${new Date().toLocaleString()}\nAmbiente: ${Cypress.browser.name} ${Cypress.browser.version}\n\nPassos para reprodução:\n1. Passo 1 do teste\n2. Passo 2 do teste\n\nResultado esperado:\n- O sistema deve comportar-se conforme especificação`;\ncy.get('textarea#description').should('exist').then($textarea => {\n  const style = window.getComputedStyle($textarea[0]);\n  if (style.pointerEvents === 'none') {\n    cy.wrap($textarea).invoke('css', 'pointer-events', 'auto');\n  }\n}).clear({\n  force: true\n}).type(ticketDescription, {\n  delay: 20,\n  force: true\n});\n// Criar ticket\ncy.contains('Create Ticket').click();\ncy.contains('Novo ticket criado:', {\n  timeout: 15000\n}).should('be.visible');\n// Voltar para a lista de tickets\ncy.get('body').then($body => {\n  if ($body.find('button:contains(\"Back to tickets\")').length) {\n    cy.contains('button', 'Back to tickets').click();\n  } else if ($body.find('a:contains(\"Tickets\")').length) {\n    cy.contains('a', 'Tickets').click();\n  }\n});",
              "err": {},
              "uuid": "5ae65672-f794-43e9-9aa8-d226dbf8c67a",
              "parentUUID": "1be34ea7-711f-43b0-bb1b-bad02cef2fba",
              "isHook": false,
              "skipped": true
            },
            {
              "title": "Cria ticket - IT & Technical Support > Hardware - Server > 🔴 Critical",
              "fullTitle": "Autenticar Cria ticket - IT & Technical Support > Hardware - Server > 🔴 Critical",
              "timedOut": null,
              "duration": 0,
              "state": "skipped",
              "speed": null,
              "pass": false,
              "fail": false,
              "pending": false,
              "context": null,
              "code": "// Entrar em novo ticket\ncy.contains('Criar Ticket').click();\ncy.get('input[id=\"title\"]').should('be.visible');\n// Preenche título do ticket com prefixo padrão\nconst ticketTitle = `TESTE DE AUTOMAÇÃO QA - ${category.nome} > ${subcategory} > ${priority.label}`;\ncy.get('input[id=\"title\"]').type(ticketTitle);\n// Selecionar categoria\ncy.contains('button', 'Select category').click();\ncy.get('[role=\"option\"]').contains(category.nome).click();\n// Selecionar subcategoria\ncy.contains('button', 'Select subcategory (optional)').click();\ncy.get('[role=\"option\"]').contains(subcategory).click();\n// Selecionar prioridade\ncy.contains('button', 'Select priority').click();\ncy.get('[role=\"dialog\"][data-state=\"open\"]', {\n  timeout: 15000\n}).should('exist').then($dialog => {\n  if ($dialog.css('pointer-events') === 'none') {\n    cy.wrap($dialog).invoke('css', 'pointer-events', 'auto');\n  }\n});\ncy.get('[role=\"option\"]').contains(priority.label).then($option => {\n  const style = window.getComputedStyle($option[0]);\n  if (style.pointerEvents === 'none') {\n    cy.wrap($option).invoke('css', 'pointer-events', 'auto');\n  }\n}).click({\n  force: true\n});\n// Verificar prioridade selecionada\ncy.get('button[role=\"combobox\"]').should('contain', priority.label);\n// Preencher descrição\nconst ticketDescription = `TESTE DE AUTOMAÇÃO QA - Ticket gerado automaticamente:\n\nCategoria: ${category.nome}\nSubcategoria: ${subcategory}\nPrioridade: ${priority.label} (${priority.value})\n\nData/hora: ${new Date().toLocaleString()}\nAmbiente: ${Cypress.browser.name} ${Cypress.browser.version}\n\nPassos para reprodução:\n1. Passo 1 do teste\n2. Passo 2 do teste\n\nResultado esperado:\n- O sistema deve comportar-se conforme especificação`;\ncy.get('textarea#description').should('exist').then($textarea => {\n  const style = window.getComputedStyle($textarea[0]);\n  if (style.pointerEvents === 'none') {\n    cy.wrap($textarea).invoke('css', 'pointer-events', 'auto');\n  }\n}).clear({\n  force: true\n}).type(ticketDescription, {\n  delay: 20,\n  force: true\n});\n// Criar ticket\ncy.contains('Create Ticket').click();\ncy.contains('Novo ticket criado:', {\n  timeout: 15000\n}).should('be.visible');\n// Voltar para a lista de tickets\ncy.get('body').then($body => {\n  if ($body.find('button:contains(\"Back to tickets\")').length) {\n    cy.contains('button', 'Back to tickets').click();\n  } else if ($body.find('a:contains(\"Tickets\")').length) {\n    cy.contains('a', 'Tickets').click();\n  }\n});",
              "err": {},
              "uuid": "748b95b7-0c47-4e90-bc58-d88fd41a454b",
              "parentUUID": "1be34ea7-711f-43b0-bb1b-bad02cef2fba",
              "isHook": false,
              "skipped": true
            },
            {
              "title": "Cria ticket - IT & Technical Support > Hardware - Printer/Scanner > 🟢 Low",
              "fullTitle": "Autenticar Cria ticket - IT & Technical Support > Hardware - Printer/Scanner > 🟢 Low",
              "timedOut": null,
              "duration": 0,
              "state": "skipped",
              "speed": null,
[...]
              "err": {},
              "uuid": "d2df15b8-69e2-4b78-9492-f78075704522",
              "parentUUID": "1be34ea7-711f-43b0-bb1b-bad02cef2fba",
              "isHook": false,
              "skipped": true
            },
            {
              "title": "Cria ticket - Users & Passwords > Forgot my password > 🔴 Critical",
              "fullTitle": "Autenticar Cria ticket - Users & Passwords > Forgot my password > 🔴 Critical",
              "timedOut": null,
              "duration": 0,
              "state": "skipped",
              "speed": null,
              "pass": false,
              "fail": false,
              "pending": false,
              "context": null,
              "code": "// Entrar em novo ticket\ncy.contains('Criar Ticket').click();\ncy.get('input[id=\"title\"]').should('be.visible');\n// Preenche título do ticket com prefixo padrão\nconst ticketTitle = `TESTE DE AUTOMAÇÃO QA - ${category.nome} > ${subcategory} > ${priority.label}`;\ncy.get('input[id=\"title\"]').type(ticketTitle);\n// Selecionar categoria\ncy.contains('button', 'Select category').click();\ncy.get('[role=\"option\"]').contains(category.nome).click();\n// Selecionar subcategoria\ncy.contains('button', 'Select subcategory (optional)').click();\ncy.get('[role=\"option\"]').contains(subcategory).click();\n// Selecionar prioridade\ncy.contains('button', 'Select priority').click();\ncy.get('[role=\"dialog\"][data-state=\"open\"]', {\n  timeout: 15000\n}).should('exist').then($dialog => {\n  if ($dialog.css('pointer-events') === 'none') {\n    cy.wrap($dialog).invoke('css', 'pointer-events', 'auto');\n  }\n});\ncy.get('[role=\"option\"]').contains(priority.label).then($option => {\n  const style = window.getComputedStyle($option[0]);\n  if (style.pointerEvents === 'none') {\n    cy.wrap($option).invoke('css', 'pointer-events', 'auto');\n  }\n}).click({\n  force: true\n});\n// Verificar prioridade selecionada\ncy.get('button[role=\"combobox\"]').should('contain', priority.label);\n// Preencher descrição\nconst ticketDescription = `TESTE DE AUTOMAÇÃO QA - Ticket gerado automaticamente:\n\nCategoria: ${category.nome}\nSubcategoria: ${subcategory}\nPrioridade: ${priority.label} (${priority.value})\n\nData/hora: ${new Date().toLocaleString()}\nAmbiente: ${Cypress.browser.name} ${Cypress.browser.version}\n\nPassos para reprodução:\n1. Passo 1 do teste\n2. Passo 2 do teste\n\nResultado esperado:\n- O sistema deve comportar-se conforme especificação`;\ncy.get('textarea#description').should('exist').then($textarea => {\n  const style = window.getComputedStyle($textarea[0]);\n  if (style.pointerEvents === 'none') {\n    cy.wrap($textarea).invoke('css', 'pointer-events', 'auto');\n  }\n}).clear({\n  force: true\n}).type(ticketDescription, {\n  delay: 20,\n  force: true\n});\n// Criar ticket\ncy.contains('Create Ticket').click();\ncy.contains('Novo ticket criado:', {\n  timeout: 15000\n}).should('be.visible');\n// Voltar para a lista de tickets\ncy.get('body').then($body => {\n  if ($body.find('button:contains(\"Back to tickets\")').length) {\n    cy.contains('button', 'Back to tickets').click();\n  } else if ($body.find('a:contains(\"Tickets\")').length) {\n    cy.contains('a', 'Tickets').click();\n  }\n});",
              "err": {},
              "uuid": "564fcec2-33ff-456f-b87c-0787967bc789",
              "parentUUID": "1be34ea7-711f-43b0-bb1b-bad02cef2fba",
              "isHook": false,
              "skipped": true
            },
            {
              "title": "Cria ticket - Users & Passwords > Multi factor authentication > 🟢 Low",
              "fullTitle": "Autenticar Cria ticket - Users & Passwords > Multi factor authentication > 🟢 Low",
              "timedOut": null,
              "duration": 0,
              "state": "skipped",
              "speed": null,
              "pass": false,
              "fail": false,
              "pending": false,
              "context": null,
              "code": "// Entrar em novo ticket\ncy.contains('Criar Ticket').click();\ncy.get('input[id=\"title\"]').should('be.visible');\n// Preenche título do ticket com prefixo padrão\nconst ticketTitle = `TESTE DE AUTOMAÇÃO QA - ${category.nome} > ${subcategory} > ${priority.label}`;\ncy.get('input[id=\"title\"]').type(ticketTitle);\n// Selecionar categoria\ncy.contains('button', 'Select category').click();\ncy.get('[role=\"option\"]').contains(category.nome).click();\n// Selecionar subcategoria\ncy.contains('button', 'Select subcategory (optional)').click();\ncy.get('[role=\"option\"]').contains(subcategory).click();\n// Selecionar prioridade\ncy.contains('button', 'Select priority').click();\ncy.get('[role=\"dialog\"][data-state=\"open\"]', {\n  timeout: 15000\n}).should('exist').then($dialog => {\n  if ($dialog.css('pointer-events') === 'none') {\n    cy.wrap($dialog).invoke('css', 'pointer-events', 'auto');\n  }\n});\ncy.get('[role=\"option\"]').contains(priority.label).then($option => {\n  const style = window.getComputedStyle($option[0]);\n  if (style.pointerEvents === 'none') {\n    cy.wrap($option).invoke('css', 'pointer-events', 'auto');\n  }\n}).click({\n  force: true\n});\n// Verificar prioridade selecionada\ncy.get('button[role=\"combobox\"]').should('contain', priority.label);\n// Preencher descrição\nconst ticketDescription = `TESTE DE AUTOMAÇÃO QA - Ticket gerado automaticamente:\n\nCategoria: ${category.nome}\nSubcategoria: ${subcategory}\nPrioridade: ${priority.label} (${priority.value})\n\nData/hora: ${new Date().toLocaleString()}\nAmbiente: ${Cypress.browser.name} ${Cypress.browser.version}\n\nPassos para reprodução:\n1. Passo 1 do teste\n2. Passo 2 do teste\n\nResultado esperado:\n- O sistema deve comportar-se conforme especificação`;\ncy.get('textarea#description').should('exist').then($textarea => {\n  const style = window.getComputedStyle($textarea[0]);\n  if (style.pointerEvents === 'none') {\n    cy.wrap($textarea).invoke('css', 'pointer-events', 'auto');\n  }\n}).clear({\n  force: true\n}).type(ticketDescription, {\n  delay: 20,\n  force: true\n});\n// Criar ticket\ncy.contains('Create Ticket').click();\ncy.contains('Novo ticket criado:', {\n  timeout: 15000\n}).should('be.visible');\n// Voltar para a lista de tickets\ncy.get('body').then($body => {\n  if ($body.find('button:contains(\"Back to tickets\")').length) {\n    cy.contains('button', 'Back to tickets').click();\n  } else if ($body.find('a:contains(\"Tickets\")').length) {\n    cy.contains('a', 'Tickets').click();\n  }\n});",
              "err": {},
              "uuid": "be66c1c0-8912-4852-8816-942f4cf55985",
              "parentUUID": "1be34ea7-711f-43b0-bb1b-bad02cef2fba",
              "isHook": false,
              "skipped": true
            },
            {
              "title": "Cria ticket - Users & Passwords > Multi factor authentication > 🟡 Medium",
              "fullTitle": "Autenticar Cria ticket - Users & Passwords > Multi factor authentication > 🟡 Medium",
              "timedOut": null,
              "duration": 0,
              "state": "skipped",
              "speed": null,
              "pass": false,
              "fail": false,
              "pending": false,
              "context": null,
              "code": "// Entrar em novo ticket\ncy.contains('Criar Ticket').click();\ncy.get('input[id=\"title\"]').should('be.visible');\n// Preenche título do ticket com prefixo padrão\nconst ticketTitle = `TESTE DE AUTOMAÇÃO QA - ${category.nome} > ${subcategory} > ${priority.label}`;\ncy.get('input[id=\"title\"]').type(ticketTitle);\n// Selecionar categoria\ncy.contains('button', 'Select category').click();\ncy.get('[role=\"option\"]').contains(category.nome).click();\n// Selecionar subcategoria\ncy.contains('button', 'Select subcategory (optional)').click();\ncy.get('[role=\"option\"]').contains(subcategory).click();\n// Selecionar prioridade\ncy.contains('button', 'Select priority').click();\ncy.get('[role=\"dialog\"][data-state=\"open\"]', {\n  timeout: 15000\n}).should('exist').then($dialog => {\n  if ($dialog.css('pointer-events') === 'none') {\n    cy.wrap($dialog).invoke('css', 'pointer-events', 'auto');\n  }\n});\ncy.get('[role=\"option\"]').contains(priority.label).then($option => {\n  const style = window.getComputedStyle($option[0]);\n  if (style.pointerEvents === 'none') {\n    cy.wrap($option).invoke('css', 'pointer-events', 'auto');\n  }\n}).click({\n  force: true\n});\n// Verificar prioridade selecionada\ncy.get('button[role=\"combobox\"]').should('contain', priority.label);\n// Preencher descrição\nconst ticketDescription = `TESTE DE AUTOMAÇÃO QA - Ticket gerado automaticamente:\n\nCategoria: ${category.nome}\nSubcategoria: ${subcategory}\nPrioridade: ${priority.label} (${priority.value})\n\nData/hora: ${new Date().toLocaleString()}\nAmbiente: ${Cypress.browser.name} ${Cypress.browser.version}\n\nPassos para reprodução:\n1. Passo 1 do teste\n2. Passo 2 do teste\n\nResultado esperado:\n- O sistema deve comportar-se conforme especificação`;\ncy.get('textarea#description').should('exist').then($textarea => {\n  const style = window.getComputedStyle($textarea[0]);\n  if (style.pointerEvents === 'none') {\n    cy.wrap($textarea).invoke('css', 'pointer-events', 'auto');\n  }\n}).clear({\n  force: true\n}).type(ticketDescription, {\n  delay: 20,\n  force: true\n});\n// Criar ticket\ncy.contains('Create Ticket').click();\ncy.contains('Novo ticket criado:', {\n  timeout: 15000\n}).should('be.visible');\n// Voltar para a lista de tickets\ncy.get('body').then($body => {\n  if ($body.find('button:contains(\"Back to tickets\")').length) {\n    cy.contains('button', 'Back to tickets').click();\n  } else if ($body.find('a:contains(\"Tickets\")').length) {\n    cy.contains('a', 'Tickets').click();\n  }\n});",
              "err": {},
              "uuid": "5040be47-7b73-4bcd-a8ab-5c0e0397810c",
              "parentUUID": "1be34ea7-711f-43b0-bb1b-bad02cef2fba",
              "isHook": false,
              "skipped": true
            },
            {
              "title": "Cria ticket - Users & Passwords > Multi factor authentication > 🟠 High",
              "fullTitle": "Autenticar Cria ticket - Users & Passwords > Multi factor authentication > 🟠 High",
              "timedOut": null,
              "duration": 0,
              "state": "skipped",
              "speed": null,
              "pass": false,
              "fail": false,
              "pending": false,
              "context": null,
              "code": "// Entrar em novo ticket\ncy.contains('Criar Ticket').click();\ncy.get('input[id=\"title\"]').should('be.visible');\n// Preenche título do ticket com prefixo padrão\nconst ticketTitle = `TESTE DE AUTOMAÇÃO QA - ${category.nome} > ${subcategory} > ${priority.label}`;\ncy.get('input[id=\"title\"]').type(ticketTitle);\n// Selecionar categoria\ncy.contains('button', 'Select category').click();\ncy.get('[role=\"option\"]').contains(category.nome).click();\n// Selecionar subcategoria\ncy.contains('button', 'Select subcategory (optional)').click();\ncy.get('[role=\"option\"]').contains(subcategory).click();\n// Selecionar prioridade\ncy.contains('button', 'Select priority').click();\ncy.get('[role=\"dialog\"][data-state=\"open\"]', {\n  timeout: 15000\n}).should('exist').then($dialog => {\n  if ($dialog.css('pointer-events') === 'none') {\n    cy.wrap($dialog).invoke('css', 'pointer-events', 'auto');\n  }\n});\ncy.get('[role=\"option\"]').contains(priority.label).then($option => {\n  const style = window.getComputedStyle($option[0]);\n  if (style.pointerEvents === 'none') {\n    cy.wrap($option).invoke('css', 'pointer-events', 'auto');\n  }\n}).click({\n  force: true\n});\n// Verificar prioridade selecionada\ncy.get('button[role=\"combobox\"]').should('contain', priority.label);\n// Preencher descrição\nconst ticketDescription = `TESTE DE AUTOMAÇÃO QA - Ticket gerado automaticamente:\n\nCategoria: ${category.nome}\nSubcategoria: ${subcategory}\nPrioridade: ${priority.label} (${priority.value})\n\nData/hora: ${new Date().toLocaleString()}\nAmbiente: ${Cypress.browser.name} ${Cypress.browser.version}\n\nPassos para reprodução:\n1. Passo 1 do teste\n2. Passo 2 do teste\n\nResultado esperado:\n- O sistema deve comportar-se conforme especificação`;\ncy.get('textarea#description').should('exist').then($textarea => {\n  const style = window.getComputedStyle($textarea[0]);\n  if (style.pointerEvents === 'none') {\n    cy.wrap($textarea).invoke('css', 'pointer-events', 'auto');\n  }\n}).clear({\n  force: true\n}).type(ticketDescription, {\n  delay: 20,\n  force: true\n});\n// Criar ticket\ncy.contains('Create Ticket').click();\ncy.contains('Novo ticket criado:', {\n  timeout: 15000\n}).should('be.visible');\n// Voltar para a lista de tickets\ncy.get('body').then($body => {\n  if ($body.find('button:contains(\"Back to tickets\")').length) {\n    cy.contains('button', 'Back to tickets').click();\n  } else if ($body.find('a:contains(\"Tickets\")').length) {\n    cy.contains('a', 'Tickets').click();\n  }\n});",
              "err": {},
              "uuid": "8deee826-b548-46b5-996f-b0b558547b76",
              "parentUUID": "1be34ea7-711f-43b0-bb1b-bad02cef2fba",
              "isHook": false,
              "skipped": true
            },
            {
              "title": "Cria ticket - Users & Passwords > Multi factor authentication > 🔴 Critical",
              "fullTitle": "Autenticar Cria ticket - Users & Passwords > Multi factor authentication > 🔴 Critical",
              "timedOut": null,
              "duration": 0,
              "state": "skipped",
              "speed": null,
              "pass": false,
              "fail": false,
              "pending": false,
              "context": null,
              "code": "// Entrar em novo ticket\ncy.contains('Criar Ticket').click();\ncy.get('input[id=\"title\"]').should('be.visible');\n// Preenche título do ticket com prefixo padrão\nconst ticketTitle = `TESTE DE AUTOMAÇÃO QA - ${category.nome} > ${subcategory} > ${priority.label}`;\ncy.get('input[id=\"title\"]').type(ticketTitle);\n// Selecionar categoria\ncy.contains('button', 'Select category').click();\ncy.get('[role=\"option\"]').contains(category.nome).click();\n// Selecionar subcategoria\ncy.contains('button', 'Select subcategory (optional)').click();\ncy.get('[role=\"option\"]').contains(subcategory).click();\n// Selecionar prioridade\ncy.contains('button', 'Select priority').click();\ncy.get('[role=\"dialog\"][data-state=\"open\"]', {\n  timeout: 15000\n}).should('exist').then($dialog => {\n  if ($dialog.css('pointer-events') === 'none') {\n    cy.wrap($dialog).invoke('css', 'pointer-events', 'auto');\n  }\n});\ncy.get('[role=\"option\"]').contains(priority.label).then($option => {\n  const style = window.getComputedStyle($option[0]);\n  if (style.pointerEvents === 'none') {\n    cy.wrap($option).invoke('css', 'pointer-events', 'auto');\n  }\n}).click({\n  force: true\n});\n// Verificar prioridade selecionada\ncy.get('button[role=\"combobox\"]').should('contain', priority.label);\n// Preencher descrição\nconst ticketDescription = `TESTE DE AUTOMAÇÃO QA - Ticket gerado automaticamente:\n\nCategoria: ${category.nome}\nSubcategoria: ${subcategory}\nPrioridade: ${priority.label} (${priority.value})\n\nData/hora: ${new Date().toLocaleString()}\nAmbiente: ${Cypress.browser.name} ${Cypress.browser.version}\n\nPassos para reprodução:\n1. Passo 1 do teste\n2. Passo 2 do teste\n\nResultado esperado:\n- O sistema deve comportar-se conforme especificação`;\ncy.get('textarea#description').should('exist').then($textarea => {\n  const style = window.getComputedStyle($textarea[0]);\n  if (style.pointerEvents === 'none') {\n    cy.wrap($textarea).invoke('css', 'pointer-events', 'auto');\n  }\n}).clear({\n  force: true\n}).type(ticketDescription, {\n  delay: 20,\n  force: true\n});\n// Criar ticket\ncy.contains('Create Ticket').click();\ncy.contains('Novo ticket criado:', {\n  timeout: 15000\n}).should('be.visible');\n// Voltar para a lista de tickets\ncy.get('body').then($body => {\n  if ($body.find('button:contains(\"Back to tickets\")').length) {\n    cy.contains('button', 'Back to tickets').click();\n  } else if ($body.find('a:contains(\"Tickets\")').length) {\n    cy.contains('a', 'Tickets').click();\n  }\n});",
              "err": {},
              "uuid": "4eea1340-aca1-47ad-a006-af9413c90e22",
              "parentUUID": "1be34ea7-711f-43b0-bb1b-bad02cef2fba",
              "isHook": false,
              "skipped": true
            }
          ],
          "suites": [],
          "passes": [],
          "failures": [
            "360ccbf7-3d40-4807-a1ba-b077d0bd4b90"
          ],
          "pending": [],
          "skipped": [
            "52b4c1ed-538f-420e-9600-78e59fe4c400",
            "eabca494-981c-4f6f-9466-126064b16ab7",
            "b19ffddd-cbe9-437f-95fb-a8b935e948f5",
            "925771fa-a669-4516-b673-060e87653f3d",
            "f10c8336-d68c-47bf-9e98-5d2ee42a075b",
            "6c324187-b606-4d07-8fa8-f6c0beb4d9ec",
            "19e26493-e380-47d0-bc22-21a0cdbbfb06",
            "0309e4c9-8f60-4291-bfe2-ae393ec1db25",
            "4fa11bc6-df05-4ba0-bf53-9661483521ad",
            "4c97c6e4-54bc-4db2-bbb2-73b1eaf3a189",
            "37e6b852-b449-4e4b-9ac2-f89db0935ad3",
            "790b5ff7-a4a4-4f51-bb64-c3079ff028e3",
            "8fb7e106-f048-41a6-a95b-b19f8a89324f",
            "dd48b1af-b892-454e-9041-fd5c3bfbd3e1",
            "50cad91e-fb94-4083-b37f-8e47effc9be1",
            "eb73aa6b-0af4-426a-95ad-682228965add",
            "52129469-5672-4344-b517-1443ed05285a",
            "b3e61812-4bd0-4fb5-bb9f-e2ff1c9116fd",
            "d3223e1e-0ec9-4d30-a84c-590a61d85698",
            "0fb1f21e-4e77-488a-8fa6-2ada42a21282",
            "e9cf36e4-408d-4905-a51b-95c19a2c53a1",
            "5ae65672-f794-43e9-9aa8-d226dbf8c67a",
            "748b95b7-0c47-4e90-bc58-d88fd41a454b",
            "e3db8c06-d32d-48c5-9dac-da54d29fdd22",
            "00b8d2d5-9c41-4251-bd9f-8a22dcae75ae",
            "1bf4a6d1-67f5-45e4-9c68-9cf99d1ded04",
            "a9d75a6c-cbf2-4a55-b72f-b049bebcb111",
            "37657e82-880c-4ce7-ada0-bc38eecaaa8f",
            "5e9729b7-597e-4ba6-ae0b-1f51ca4d6297",
            "d50e2e7e-17bd-4e43-888b-25f788a28723",
            "d4d4128c-9df9-438f-a8f3-e18f8dab005a",
            "e2bb2415-ff18-4a1e-ae16-4782d221f912",
            "541b3d45-0331-403c-b211-1a4e9aa31da4",
            "cfab8f77-73c9-4bf9-b827-704d1ab7efc3",
            "8f529a3b-c8af-44c1-ae32-63ad12bf6e84",
            "d11ae3fa-e17a-446d-ad9e-fefcdb24058e",
            "7ae495e2-3bf4-4850-baa3-143b45b18a16",
            "d2df15b8-69e2-4b78-9492-f78075704522",
            "564fcec2-33ff-456f-b87c-0787967bc789",
            "be66c1c0-8912-4852-8816-942f4cf55985",
            "5040be47-7b73-4bcd-a8ab-5c0e0397810c",
            "8deee826-b548-46b5-996f-b0b558547b76",
            "4eea1340-aca1-47ad-a006-af9413c90e22"
          ],
          "duration": 22500,
          "root": false,
          "rootEmpty": false,
          "_timeout": 2000
        }
      ],
      "passes": [],
      "failures": [],
      "pending": [],
      "skipped": [],
      "duration": 0,
      "root": true,
      "rootEmpty": true,
      "_timeout": 2000
    }
  ],
  "meta": {
    "mocha": {
      "version": "7.2.0"
    },
    "mochawesome": {
      "options": {
        "quiet": false,
        "reportFilename": "mochawesome",
        "saveHtml": false,
        "saveJson": true,
        "consoleReporter": "spec",
        "useInlineDiffs": false,
        "code": true
      },
      "version": "7.1.3"
    },
    "marge": {
      "options": {
        "reportDir": "cypress/reports",
        "overwrite": false,
        "html": false,
        "json": true
      },
      "version": "6.2.0"
    }
  }
}