{
  "stats": {
    "suites": 1,
    "tests": 1,
    "passes": 0,
    "pending": 0,
    "failures": 1,
    "start": "2025-06-26T18:26:02.195Z",
    "end": "2025-06-26T18:26:08.804Z",
    "duration": 6609,
    "testsRegistered": 3,
    "passPercent": 0,
    "pendingPercent": 0,
    "other": 0,
    "hasOther": false,
    "skipped": 2,
    "hasSkipped": true
  },
  "results": [
    {
      "uuid": "a2fd3f06-382f-4cbb-9808-6bdca28ea1ac",
      "title": "",
      "fullFile": "cypress/e2e/area-cliente.cy.js",
      "file": "cypress/e2e/area-cliente.cy.js",
      "beforeHooks": [],
      "afterHooks": [],
      "tests": [],
      "suites": [
        {
          "uuid": "1c7c868e-8851-48ec-8155-40cb9e9d7010",
          "title": "Menu do Usuário - Perfil e Logout",
          "fullFile": "",
          "file": "",
          "beforeHooks": [],
          "afterHooks": [],
          "tests": [
            {
              "title": "Deve acessar o My Profile",
              "fullTitle": "Menu do Usuário - Perfil e Logout Deve acessar o My Profile",
              "timedOut": null,
              "duration": 6418,
              "state": "failed",
              "speed": null,
              "pass": false,
              "fail": true,
              "pending": false,
              "context": null,
              "code": "// Abre o menu de usuário (clicando na imagem/avatar)\ncy.get('#radix-\\\\:rf\\\\:').click();\n// Clica em \"My Profile\"\ncy.contains('Profile').click();\n// Verifica se a URL ou algum conteúdo da página de perfil foi carregado\ncy.url().should('include', '/profile');\ncy.wait(6000); // espera 1 segundo antes de continuar\ncy.contains('Informações Pessoais').should('exist');",
              "err": {
                "message": "AssertionError: Timed out retrying after 4000ms: Expected to find content: 'Dashboard & Analytics' but never did.\n\nBecause this error occurred during a `before each` hook we are skipping the remaining tests in the current suite: `Menu do Usuário - Perfil e ...`",
                "estack": "AssertionError: Timed out retrying after 4000ms: Expected to find content: 'Dashboard & Analytics' but never did.\n\nBecause this error occurred during a `before each` hook we are skipping the remaining tests in the current suite: `Menu do Usuário - Perfil e ...`\n    at Context.eval (webpack://prj_acsticket/./cypress/e2e/area-cliente.cy.js:12:41)",
                "diff": null
              },
              "uuid": "62199aa7-968c-4d0c-8665-6d4dc2b96d71",
              "parentUUID": "1c7c868e-8851-48ec-8155-40cb9e9d7010",
              "isHook": false,
              "skipped": false
            },
            {
              "title": "Deve acessar Settings",
              "fullTitle": "Menu do Usuário - Perfil e Logout Deve acessar Settings",
              "timedOut": null,
              "duration": 0,
              "state": "skipped",
              "speed": null,
              "pass": false,
              "fail": false,
              "pending": false,
              "context": null,
              "code": "cy.get('#radix-\\\\:rf\\\\:').click();\ncy.wait(1000); // espera 1 segundo antes de continuar\ncy.contains('Settings').click();\ncy.url().should('include', '/settings');",
              "err": {},
              "uuid": "aed67cde-b033-4c91-a490-af2e0413a17e",
              "parentUUID": "1c7c868e-8851-48ec-8155-40cb9e9d7010",
              "isHook": false,
              "skipped": true
            },
            {
              "title": "Deve realizar Logout com sucesso",
              "fullTitle": "Menu do Usuário - Perfil e Logout Deve realizar Logout com sucesso",
              "timedOut": null,
              "duration": 0,
              "state": "skipped",
              "speed": null,
              "pass": false,
              "fail": false,
              "pending": false,
              "context": null,
              "code": "cy.get('#radix-\\\\:rf\\\\:').click();\ncy.wait(1000); // espera 1 segundo antes de continuar\ncy.contains('Log out').click();\n// cy.wait(6000) // espera 1 segundo antes de continuar\ncy.url().should('include', '/login');",
              "err": {},
              "uuid": "a1de5a22-ede1-4e25-9d8b-0fd9ad98e3db",
              "parentUUID": "1c7c868e-8851-48ec-8155-40cb9e9d7010",
              "isHook": false,
              "skipped": true
            }
          ],
          "suites": [],
          "passes": [],
          "failures": [
            "62199aa7-968c-4d0c-8665-6d4dc2b96d71"
          ],
          "pending": [],
          "skipped": [
            "aed67cde-b033-4c91-a490-af2e0413a17e",
            "a1de5a22-ede1-4e25-9d8b-0fd9ad98e3db"
          ],
          "duration": 6418,
          "root": false,
          "rootEmpty": false,
          "_timeout": 2000
        }
      ],
      "passes": [],
      "failures": [],
      "pending": [],
      "skipped": [],
      "duration": 0,
      "root": true,
      "rootEmpty": true,
      "_timeout": 2000
    }
  ],
  "meta": {
    "mocha": {
      "version": "7.2.0"
    },
    "mochawesome": {
      "options": {
        "quiet": false,
        "reportFilename": "mochawesome",
        "saveHtml": false,
        "saveJson": true,
        "consoleReporter": "spec",
        "useInlineDiffs": false,
        "code": true
      },
      "version": "7.1.3"
    },
    "marge": {
      "options": {
        "reportDir": "cypress/reports",
        "overwrite": false,
        "html": false,
        "json": true
      },
      "version": "6.2.0"
    }
  }
}